<?xml version="1.0" encoding="UTF-8" ?>
<testsuite tests="1" failures="1" name="cucumbertest.TestRunner_web" time="936.349" errors="0" skipped="0">
  <properties>
    <property name="idea.version" value="2023.1.2"/>
    <property name="java.runtime.name" value="Java(TM) SE Runtime Environment"/>
    <property name="sun.boot.library.path" value="C:\Program Files\Java\jdk-1.8\jre\bin"/>
    <property name="java.vm.version" value="25.371-b11"/>
    <property name="java.vm.vendor" value="Oracle Corporation"/>
    <property name="maven.multiModuleProjectDirectory" value="C:\Users\suraj.joggessur\Desktop\Projects\TAMIS\Automation\Eastern"/>
    <property name="java.vendor.url" value="http://java.oracle.com/"/>
    <property name="path.separator" value=";"/>
    <property name="guice.disable.misplaced.annotation.check" value="true"/>
    <property name="java.vm.name" value="Java HotSpot(TM) 64-Bit Server VM"/>
    <property name="file.encoding.pkg" value="sun.io"/>
    <property name="user.script" value=""/>
    <property name="user.country" value="GB"/>
    <property name="sun.java.launcher" value="SUN_STANDARD"/>
    <property name="sun.os.patch.level" value=""/>
    <property name="java.vm.specification.name" value="Java Virtual Machine Specification"/>
    <property name="user.dir" value="C:\Users\suraj.joggessur\Desktop\Projects\TAMIS\Automation\Eastern"/>
    <property name="java.runtime.version" value="1.8.0_371-b11"/>
    <property name="java.awt.graphicsenv" value="sun.awt.Win32GraphicsEnvironment"/>
    <property name="java.endorsed.dirs" value="C:\Program Files\Java\jdk-1.8\jre\lib\endorsed"/>
    <property name="os.arch" value="amd64"/>
    <property name="java.io.tmpdir" value="C:\Users\SURAJ~1.JOG\AppData\Local\Temp\"/>
    <property name="line.separator" value="
"/>
    <property name="java.vm.specification.vendor" value="Oracle Corporation"/>
    <property name="user.variant" value=""/>
    <property name="os.name" value="Windows 11"/>
    <property name="maven.ext.class.path" value="C:\Program Files\JetBrains\IntelliJ IDEA Community Edition 2023.1.2\plugins\maven\lib\maven-event-listener.jar"/>
    <property name="classworlds.conf" value="C:\Program Files\JetBrains\IntelliJ IDEA Community Edition 2023.1.2\plugins\maven\lib\maven3\bin\m2.conf"/>
    <property name="sun.jnu.encoding" value="Cp1252"/>
    <property name="java.library.path" value="C:\Program Files\Java\jdk-1.8\bin;C:\Windows\Sun\Java\bin;C:\Windows\system32;C:\Windows;C:\Program Files\Common Files\Oracle\Java\javapath;C:\Program Files (x86)\Common Files\Oracle\Java\java8path;C:\Program Files (x86)\Common Files\Oracle\Java\javapath;C:\Program Files\JetBrains\IntelliJ IDEA Community Edition 2023.1.2\bin;C:\Windows\system32;C:\Windows;C:\Windows\System32\Wbem;C:\Windows\System32\WindowsPowerShell\v1.0\;C:\Windows\System32\OpenSSH\;C:\Program Files\PowerShell\7\;C:\Program Files\apache-maven-3.8.5\bin;C:\Program Files\Java\jdk-17\bin;C:\Program Files\Java\jre-1.8\bin;C:\Users\suraj.joggessur\Desktop\JMeter\apache-jmeter-5.6.2\bin;C:\Program Files\Jenkins;C:\Program Files\dotnet\;C:\Program Files\Git\cmd;C:\Users\suraj.joggessur\AppData\Local\Microsoft\WindowsApps;C:\Program Files\JetBrains\IntelliJ IDEA Community Edition 2023.1.2\bin;;C:\Users\suraj.joggessur\AppData\Local\Programs\Microsoft VS Code\bin;."/>
    <property name="jansi.passthrough" value="true"/>
    <property name="maven.conf" value="C:\Program Files\JetBrains\IntelliJ IDEA Community Edition 2023.1.2\plugins\maven\lib\maven3/conf"/>
    <property name="java.specification.name" value="Java Platform API Specification"/>
    <property name="java.class.version" value="52.0"/>
    <property name="sun.management.compiler" value="HotSpot 64-Bit Tiered Compilers"/>
    <property name="os.version" value="10.0"/>
    <property name="user.home" value="C:\Users\suraj.joggessur"/>
    <property name="tags" value="&quot;--tags @Overtime_Amount_Scenarios&quot;"/>
    <property name="user.timezone" value="Indian/Mauritius"/>
    <property name="java.awt.printerjob" value="sun.awt.windows.WPrinterJob"/>
    <property name="java.specification.version" value="1.8"/>
    <property name="file.encoding" value="UTF-8"/>
    <property name="user.name" value="suraj.joggessur"/>
    <property name="java.class.path" value="C:\Program Files\JetBrains\IntelliJ IDEA Community Edition 2023.1.2\plugins\maven\lib\maven3\boot\plexus-classworlds-2.6.0.jar;C:\Program Files\JetBrains\IntelliJ IDEA Community Edition 2023.1.2\plugins\maven\lib\maven3\boot\plexus-classworlds.license;C:\Program Files\JetBrains\IntelliJ IDEA Community Edition 2023.1.2\lib\idea_rt.jar"/>
    <property name="java.vm.specification.version" value="1.8"/>
    <property name="sun.arch.data.model" value="64"/>
    <property name="java.home" value="C:\Program Files\Java\jdk-1.8\jre"/>
    <property name="sun.java.command" value="org.codehaus.classworlds.Launcher -Didea.version=2023.1.2 clean test -D tags=&quot;--tags @Overtime_Amount_Scenarios&quot;"/>
    <property name="java.specification.vendor" value="Oracle Corporation"/>
    <property name="user.language" value="en"/>
    <property name="awt.toolkit" value="sun.awt.windows.WToolkit"/>
    <property name="java.vm.info" value="mixed mode"/>
    <property name="java.version" value="1.8.0_371"/>
    <property name="java.ext.dirs" value="C:\Program Files\Java\jdk-1.8\jre\lib\ext;C:\Windows\Sun\Java\lib\ext"/>
    <property name="sun.boot.class.path" value="C:\Program Files\Java\jdk-1.8\jre\lib\resources.jar;C:\Program Files\Java\jdk-1.8\jre\lib\rt.jar;C:\Program Files\Java\jdk-1.8\jre\lib\jsse.jar;C:\Program Files\Java\jdk-1.8\jre\lib\jce.jar;C:\Program Files\Java\jdk-1.8\jre\lib\charsets.jar;C:\Program Files\Java\jdk-1.8\jre\lib\jfr.jar;C:\Program Files\Java\jdk-1.8\jre\classes"/>
    <property name="java.vendor" value="Oracle Corporation"/>
    <property name="java.specification.maintenance.version" value="4"/>
    <property name="maven.home" value="C:\Program Files\JetBrains\IntelliJ IDEA Community Edition 2023.1.2\plugins\maven\lib\maven3"/>
    <property name="file.separator" value="\"/>
    <property name="java.vendor.url.bug" value="http://bugreport.sun.com/bugreport/"/>
    <property name="sun.cpu.endian" value="little"/>
    <property name="sun.io.unicode.encoding" value="UnicodeLittle"/>
    <property name="sun.desktop" value="windows"/>
    <property name="sun.cpu.isalist" value="amd64"/>
  </properties>
  <testcase classname="cucumbertest.TestRunner_web" name="runCukes" time="936.349">
    <failure message="java.lang.AssertionError: 7.25 expected [7.00] but found [Hours Work 2 is NOT good]" type="cucumber.runtime.CucumberException">cucumber.runtime.CucumberException: java.lang.AssertionError: 7.25 expected [7.00] but found [Hours Work 2 is NOT good]
	at cucumber.api.testng.TestNGCucumberRunner.runCukes(TestNGCucumberRunner.java:57)
	at cucumbertest.TestRunner_web.runCukes(TestRunner_web.java:26)
Caused by: java.lang.AssertionError: 7.25 expected [7.00] but found [Hours Work 2 is NOT good]
	at org.testng.Assert.fail(Assert.java:94)
	at org.testng.Assert.failNotEquals(Assert.java:513)
	at org.testng.Assert.assertEqualsImpl(Assert.java:135)
	at org.testng.Assert.assertEquals(Assert.java:116)
	at org.testng.Assert.assertEquals(Assert.java:190)
	at stepdefinition.Steps.iVerifyHoursWorkInManageOT(Steps.java:634)
	at âœ½.And I Verify Hours Work in Manage OT &quot;16.75&quot; &quot;7.00&quot;(features/Login.feature:95)
</failure>
    <system-out>Configuring TestNG with: org.apache.maven.surefire.testng.conf.TestNG652Configurator@2cfb4a64
#Overtime
@Main_feature @Overtime
Feature: Overtime_Calculations

  #      |1    |Chrome  |AAA       |Admin@123|02-Jun-2025|75       |9.75         |null       |Adm     |02-Jun-2025 |0.75    |null    |null    |null    |null    |null    |null     |null     |null    |null    |162.84   |null    |null    |null    |null    |null    |null        |null        |162.84     |null      |null            |null            |
  #      |2    |Chrome  |AAA       |Admin@123|06-Jun-2025|039      |11.75        |null       |Aux     |06-Jun-2025 |2.75    |null    |null    |null    |null    |null    |null     |null     |null    |null    |447.40   |null    |null    |null    |null    |null    |null        |null        |447.40     |null      |null            |null            |
  #      |3    |Chrome  |AAA       |Admin@123|07-JUN-2025|75       |5.75         |null       |Adm     |07-JUN-2025 |0.75    |null    |null    |null    |null    |null    |null     |null     |null    |null    |162.84   |null    |null    |null    |null    |null    |null        |null        |162.84     |null      |null            |null            |
  #      |5.1  |Chrome  |AAA       |Admin@123|30-Apr-2025|75       |16.75        |2.00       |Adm     |01-May-2025 |7.75    |null    |null    |2.00    |null    |null    |null     |null     |null    |null    |1,682.64 |null    |null    |578.97  |null    |null    |null        |null        |1,682.64   |578.97    |null            |null            |
  #      |5.2  |Chrome  |AAA       |Admin@123|30-Apr-2025|039      |16.75        |2.00       |Aux     |01-May-2025 |7.75    |null    |null    |2.00    |null    |null    |null     |null     |null    |null    |1,260.87 |null    |null    |433.85  |null    |null    |null        |null        |1,260.87   |433.85    |null            |null            |
  #      |6.1  |Chrome  |AAA       |Admin@123|29-Mar-2025|75       |16.75        |2.00       |Adm     |30-Mar-2025 |11.75   |null    |null    |2.00    |null    |null    |null     |null     |null    |null    |2,551.11 |null    |null    |578.97  |null    |null    |null        |null        |2,551.11   |578.97    |null            |null            |
  #      |6.2  |Chrome  |AAA       |Admin@123|29-Mar-2025|039      |16.75        |2.00       |Aux     |30-Mar-2025 |11.75   |null    |null    |2.00    |null    |null    |null     |null     |null    |null    |1,911.63 |null    |null    |433.85  |null    |null    |null        |null        |1,911.63   |433.85    |null            |null            |
  #      |7    |Chrome  |AAA       |Admin@123|08-Jun-2025|75       |4.00         |null       |Adm     |08-Jun-2025 |null    |null    |4.00    |null    |null    |null    |null     |null     |null    |null    |null     |null    |1,157.95|null    |null    |null    |null        |null        |1,157.95   |null      |null            |null            |
  #      |8    |Chrome  |AAA       |Admin@123|29-Jan-2025|75       |8.00         |null       |Adm     |29-Jan-2025 |null    |null    |null    |null    |null    |null    |null     |null     |7.00    |null    |null     |null    |null    |null    |null    |null    |2,315.90    |null        |2,315.90   |null      |null            |null            |
  #      |9    |Chrome  |AAA       |Admin@123|29-Jan-2025|021      |9.08         |null       |Reg     |29-Jan-2025 |null    |null    |null    |null    |0.08    |null    |null     |null     |8.08    |null    |null     |null    |null    |null    |57.44   |null    |3,675.90    |null        |3,733.33   |null      |null            |null            |
  #      |10.1 |Chrome  |AAA       |Admin@123|08-Jun-2025|012      |8.00         |null       |Adm     |08-Jun-2025 |null    |null    |7.00    |null    |null    |null    |null     |null     |null    |null    |null     |null    |3,535.90|null    |null    |null    |null        |null        |3,535.90   |null      |null            |null            |
  #      |10.2 |Chrome  |AAA       |Admin@123|01-May-2025|012      |8.00         |null       |Adm     |01-May-2025 |null    |null    |7.00    |null    |null    |null    |null     |null     |null    |null    |null     |null    |3,535.90|null    |null    |null    |null        |null        |3,535.90   |null      |null            |null            |
  #      |11.1 |Chrome  |AAA       |Admin@123|08-Jun-2025|036      |9.00         |null       |Aux     |08-Jun-2025 |null    |null    |null    |null    |null    |null    |8.00     |null     |null    |null    |null     |null    |null    |null    |null    |null    |3,569.23   |null        |3,569.23   |null      |null            |null            |
  #      |11.2 |Chrome  |AAA       |Admin@123|01-May-2025|036      |9.00         |null       |Aux     |01-May-2025 |null    |null    |null    |null    |null    |null    |null     |null     |8.00    |null    |null     |null    |null    |null    |null    |null    |3,569.23   |null        |3,569.23   |null      |null            |null            |
  #      |12.1 |Chrome  |AAA       |Admin@123|08-Jun-2025|73       |12.00        |null       |Reg     |08-Jun-2025 |null    |null    |3.00    |null    |null    |null    |11.00    |null     |null    |null    |null     |null    |1,181.54|null    |null    |null    |3,150.77   |null        |4,332.31   |null      |null            |null            |
  #      |12.2 |Chrome  |AAA       |Admin@123|01-May-2025|73       |12.00        |null       |Reg     |01-May-2025 |null    |null    |3.00    |null    |null    |null    |null     |null     |11.00   |null    |null     |null    |1,181.54|null    |null    |null    |3,150.77   |null        |4,332.31   |null      |null            |null            |
  #Scenario2 - Overtime_Scenarios
  @Overtime_Amount_Scenarios
  Scenario Outline: Overtime Calculations based on scenarios                                                                                                                                                                                                                                                                                                     &amp;#27;[90m# features/Login.feature:72&amp;#27;[0m
    &amp;#27;[36mGiven &amp;#27;[0m&amp;#27;[36mI am on Eastern Test Env - Front &quot;&lt;Browser&gt;&quot;&amp;#27;[0m
    &amp;#27;[36mAnd &amp;#27;[0m&amp;#27;[36mI Verify Login Page&amp;#27;[0m
    &amp;#27;[36mAnd &amp;#27;[0m&amp;#27;[36mI Sign In as HR &quot;&lt;User_Name&gt;&quot; &quot;&lt;Password&gt;&quot;&amp;#27;[0m
    &amp;#27;[36mAnd &amp;#27;[0m&amp;#27;[36mI Verify Successful Login&amp;#27;[0m
    &amp;#27;[36mAnd &amp;#27;[0m&amp;#27;[36mI Click on Human Resource&amp;#27;[0m
    &amp;#27;[36mAnd &amp;#27;[0m&amp;#27;[36mI Click on Attendance&amp;#27;[0m
    &amp;#27;[36mAnd &amp;#27;[0m&amp;#27;[36mI Click on Retrieve Attendance&amp;#27;[0m
    &amp;#27;[36mAnd &amp;#27;[0m&amp;#27;[36mI Input Attendance Date &quot;&lt;Date1&gt;&quot;&amp;#27;[0m
    &amp;#27;[36mAnd &amp;#27;[0m&amp;#27;[36mI Select Employee Code &quot;&lt;Emp_Code&gt;&quot;&amp;#27;[0m
    &amp;#27;[36mAnd &amp;#27;[0m&amp;#27;[36mI Click on Query Button&amp;#27;[0m
    &amp;#27;[36mAnd &amp;#27;[0m&amp;#27;[36mI Verify Hours Worked for Day one &quot;&lt;Hrs_wrk_one&gt;&quot;&amp;#27;[0m
    &amp;#27;[36mAnd &amp;#27;[0m&amp;#27;[36mI Click on Process Button&amp;#27;[0m
    &amp;#27;[36mAnd &amp;#27;[0m&amp;#27;[36mI Verify Success Message for Process Attendance&amp;#27;[0m
    &amp;#27;[36mAnd &amp;#27;[0m&amp;#27;[36mI Click on Attendance&amp;#27;[0m
    &amp;#27;[36mAnd &amp;#27;[0m&amp;#27;[36mI Click on Manage Overtime Hours&amp;#27;[0m
    &amp;#27;[36mAnd &amp;#27;[0m&amp;#27;[36mI Verify Manage Overtime Hours Page&amp;#27;[0m
    &amp;#27;[36mAnd &amp;#27;[0m&amp;#27;[36mI Select Company Name&amp;#27;[0m
    &amp;#27;[36mAnd &amp;#27;[0m&amp;#27;[36mI Select Location &quot;&lt;Location&gt;&quot;&amp;#27;[0m
    &amp;#27;[36mAnd &amp;#27;[0m&amp;#27;[36mI Select Employee Code &quot;&lt;Emp_Code&gt;&quot;&amp;#27;[0m
    &amp;#27;[36mAnd &amp;#27;[0m&amp;#27;[36mI Input Date From and Date To &quot;&lt;Date1&gt;&quot; &quot;&lt;Date2&gt;&quot;&amp;#27;[0m
    &amp;#27;[36mAnd &amp;#27;[0m&amp;#27;[36mI Click on Query Overtime Hours&amp;#27;[0m
    &amp;#27;[36mAnd &amp;#27;[0m&amp;#27;[36mI Verify Hours Work in Manage OT &quot;&lt;Hrs_wrk_one&gt;&quot; &quot;&lt;Hrs_wrk_two&gt;&quot;&amp;#27;[0m
    &amp;#27;[36mAnd &amp;#27;[0m&amp;#27;[36mI Verify Overtime Hours Rate One Point Five &quot;&lt;OT15Day1&gt;&quot; &quot;&lt;OT15Day2&gt;&quot;&amp;#27;[0m
    &amp;#27;[36mAnd &amp;#27;[0m&amp;#27;[36mI Verify Overtime Hours Rate Two Point Zero &quot;&lt;OT20Day1&gt;&quot; &quot;&lt;OT20Day2&gt;&quot;&amp;#27;[0m
    &amp;#27;[36mAnd &amp;#27;[0m&amp;#27;[36mI Verify Overtime Hours Rate Three Point Zero &quot;&lt;OT30Day1&gt;&quot; &quot;&lt;OT30Day2&gt;&quot;&amp;#27;[0m
    &amp;#27;[36mAnd &amp;#27;[0m&amp;#27;[36mI Verify Overtime Hours Rate Sunday &quot;&lt;OTSUNDay1&gt;&quot; &quot;&lt;OTSUNDay2&gt;&quot;&amp;#27;[0m
    &amp;#27;[36mAnd &amp;#27;[0m&amp;#27;[36mI Verify Overtime Hours Rate Public Holiday &quot;&lt;OTPHDay1&gt;&quot; &quot;&lt;OTPHDay2&gt;&quot;&amp;#27;[0m
    &amp;#27;[36mAnd &amp;#27;[0m&amp;#27;[36mI Click on Save Button&amp;#27;[0m
    &amp;#27;[36mAnd &amp;#27;[0m&amp;#27;[36mI Verify Success Message for OT Saved&amp;#27;[0m
    &amp;#27;[36mAnd &amp;#27;[0m&amp;#27;[36mI Click on Attendance&amp;#27;[0m
    &amp;#27;[36mAnd &amp;#27;[0m&amp;#27;[36mI Click on Manage Overtime Hours and Meals&amp;#27;[0m
    &amp;#27;[36mAnd &amp;#27;[0m&amp;#27;[36mI Verify Manage Overtime Hours and Meals Page&amp;#27;[0m
    &amp;#27;[36mAnd &amp;#27;[0m&amp;#27;[36mI Input Date From and Date To in Manage Overtime and Meals &quot;&lt;Date1&gt;&quot; &quot;&lt;Date2&gt;&quot;&amp;#27;[0m
    &amp;#27;[36mAnd &amp;#27;[0m&amp;#27;[36mI Select Company Name&amp;#27;[0m
    &amp;#27;[36mAnd &amp;#27;[0m&amp;#27;[36mI Select Location In Manage Overtime and Meals &quot;&lt;Location&gt;&quot;&amp;#27;[0m
    &amp;#27;[36mAnd &amp;#27;[0m&amp;#27;[36mI Select Employee Code In Manage Overtime and Meals &quot;&lt;Emp_Code&gt;&quot;&amp;#27;[0m
    &amp;#27;[36mAnd &amp;#27;[0m&amp;#27;[36mI Click on Query Button&amp;#27;[0m
    &amp;#27;[36mAnd &amp;#27;[0m&amp;#27;[36mI Verify Overtime Hours and Amount &quot;&lt;OT15Day1&gt;&quot; &quot;&lt;OT15Day2&gt;&quot; &quot;&lt;OT20Day1&gt;&quot; &quot;&lt;OT20Day2&gt;&quot; &quot;&lt;OT30Day1&gt;&quot; &quot;&lt;OT30Day2&gt;&quot; &quot;&lt;OTSUNDay1&gt;&quot; &quot;&lt;OTSUNDay2&gt;&quot; &quot;&lt;OTPHDay1&gt;&quot; &quot;&lt;OTPHDay2&gt;&quot; &quot;&lt;OT15Amt1&gt;&quot; &quot;&lt;OT15Amt2&gt;&quot; &quot;&lt;OT20Amt1&gt;&quot; &quot;&lt;OT20Amt2&gt;&quot; &quot;&lt;OT30Amt1&gt;&quot; &quot;&lt;OT30Amt2&gt;&quot; &quot;&lt;OTSUNPHAmt1&gt;&quot; &quot;&lt;OTSUNPHAmt2&gt;&quot; &quot;&lt;Total_Amt1&gt;&quot; &quot;&lt;Total_Amt2&gt;&quot; &quot;&lt;Off_Leave_amt1&gt;&quot; &quot;&lt;Off_Leave_amt2&gt;&quot;&amp;#27;[0m
    &amp;#27;[36mAnd &amp;#27;[0m&amp;#27;[36mI Sign Out&amp;#27;[0m
    &amp;#27;[36mAnd &amp;#27;[0m&amp;#27;[36mI Verify Successful Sign Out&amp;#27;[0m

    Examples: 
Unable to take screenshot
java.lang.NullPointerException
Text from source element: 15.75
Hours Work is good
Unable to take screenshot
java.lang.NullPointerException
Unable to take screenshot
java.lang.NullPointerException
Unable to take screenshot
java.lang.NullPointerException
Text from source element: 15.75
Text from source element: 1.00
Unable to take screenshot
java.lang.NullPointerException
OT 1.5 Day 1 value: 6.75
OT 1.5 Day 2 value: 1.00
OT 2.0 Day 1: No expected value provided. Skipping validation.
OT 2.0 Day 2: No expected value provided. Skipping validation.
OT 3.0 Day 1: No expected value provided. Skipping validation.
OT 3.0 Day 2: No expected value provided. Skipping validation.
OT SUN Day 1: No expected value provided. Skipping validation.
OT SUN Day 2: No expected value provided. Skipping validation.
OT PH Day 1: No expected value provided. Skipping validation.
OT PH Day 2: No expected value provided. Skipping validation.
Unable to take screenshot
java.lang.NullPointerException
Unable to take screenshot
java.lang.NullPointerException
OT 1.5 Day 1 value: 6.75
OT 1.5 Day 2 value: 1.00
OT 1.5 Amount Day 1: 1,465.53
OT 1.5 Amount Day 2: 217.12
OT 2.0 Day 1: No expected value provided. Skipping validation.
OT 2.0 Day 2: No expected value provided. Skipping validation.
OT 2.0 Amount Day 1: No expected value provided. Skipping validation.
OT 2.0 Amount Day 2: No expected value provided. Skipping validation.
OT 3.0 Day 1: No expected value provided. Skipping validation.
OT 3.0 Day 2: No expected value provided. Skipping validation.
OT 3.0 Amount Day 1: No expected value provided. Skipping validation.
OT 3.0 Amount Day 2: No expected value provided. Skipping validation.
OT SUN/PH Amount Day 1: No expected value provided. Skipping validation.
OT SUN/PH Amount Day 2: No expected value provided. Skipping validation.
Total OT Amount Day 1: 1,465.53
Total OT Amount Day 2: 217.12
Off Leave Hours Day 1: No expected value provided. Skipping validation.
Off Leave Hours Day 2: No expected value provided. Skipping validation.
Unable to take screenshot
java.lang.NullPointerException
Unable to take screenshot
java.lang.NullPointerException

  @Overtime_Amount_Scenarios @Main_feature @Overtime
  Scenario Outline: Overtime Calculations based on scenarios                                                                                                                                                     &amp;#27;[90m# features/Login.feature:117&amp;#27;[0m
    &amp;#27;[32mGiven &amp;#27;[0m&amp;#27;[32mI am on Eastern Test Env - Front &quot;&amp;#27;[0m&amp;#27;[32m&amp;#27;[1mChrome&amp;#27;[0m&amp;#27;[32m&quot;&amp;#27;[0m                                                                                                                                                              &amp;#27;[90m# Steps.iAmOnEasternTestEnvFront(String)&amp;#27;[0m
    &amp;#27;[32mAnd &amp;#27;[0m&amp;#27;[32mI Verify Login Page&amp;#27;[0m                                                                                                                                                                                      &amp;#27;[90m# Steps.iVerifyLoginPage()&amp;#27;[0m
    &amp;#27;[32mAnd &amp;#27;[0m&amp;#27;[32mI Sign In as HR &quot;&amp;#27;[0m&amp;#27;[32m&amp;#27;[1mAAA&amp;#27;[0m&amp;#27;[32m&quot; &quot;&amp;#27;[0m&amp;#27;[32m&amp;#27;[1mAdmin@123&amp;#27;[0m&amp;#27;[32m&quot;&amp;#27;[0m                                                                                                                                                                        &amp;#27;[90m# Steps.iSignInAsHR(String,String)&amp;#27;[0m
    &amp;#27;[32mAnd &amp;#27;[0m&amp;#27;[32mI Verify Successful Login&amp;#27;[0m                                                                                                                                                                                &amp;#27;[90m# Steps.iVerifySuccessfulLogin()&amp;#27;[0m
    &amp;#27;[32mAnd &amp;#27;[0m&amp;#27;[32mI Click on Human Resource&amp;#27;[0m                                                                                                                                                                                &amp;#27;[90m# Steps.iClickOnHumanResource()&amp;#27;[0m
    &amp;#27;[32mAnd &amp;#27;[0m&amp;#27;[32mI Click on Attendance&amp;#27;[0m                                                                                                                                                                                    &amp;#27;[90m# Steps.iClickOnAttendance()&amp;#27;[0m
    &amp;#27;[32mAnd &amp;#27;[0m&amp;#27;[32mI Click on Retrieve Attendance&amp;#27;[0m                                                                                                                                                                           &amp;#27;[90m# Steps.iClickOnRetrieveAttendance()&amp;#27;[0m
    &amp;#27;[32mAnd &amp;#27;[0m&amp;#27;[32mI Input Attendance Date &quot;&amp;#27;[0m&amp;#27;[32m&amp;#27;[1m07-Jan-2025&amp;#27;[0m&amp;#27;[32m&quot;&amp;#27;[0m                                                                                                                                                                    &amp;#27;[90m# Steps.iInputAttendanceDate(String)&amp;#27;[0m
    &amp;#27;[32mAnd &amp;#27;[0m&amp;#27;[32mI Select Employee Code &quot;&amp;#27;[0m&amp;#27;[32m&amp;#27;[1m75&amp;#27;[0m&amp;#27;[32m&quot;&amp;#27;[0m                                                                                                                                                                              &amp;#27;[90m# Steps.iSelectEmployeeCode(String)&amp;#27;[0m
    &amp;#27;[32mAnd &amp;#27;[0m&amp;#27;[32mI Click on Query Button&amp;#27;[0m                                                                                                                                                                                  &amp;#27;[90m# Steps.iClickOnQueryButton()&amp;#27;[0m
    &amp;#27;[32mAnd &amp;#27;[0m&amp;#27;[32mI Verify Hours Worked for Day one &quot;&amp;#27;[0m&amp;#27;[32m&amp;#27;[1m15.75&amp;#27;[0m&amp;#27;[32m&quot;&amp;#27;[0m                                                                                                                                                                &amp;#27;[90m# Steps.iVerifyHoursWorkedForDayOne(String)&amp;#27;[0m
    &amp;#27;[32mAnd &amp;#27;[0m&amp;#27;[32mI Click on Process Button&amp;#27;[0m                                                                                                                                                                                &amp;#27;[90m# Steps.iClickOnProcessButton()&amp;#27;[0m
    &amp;#27;[32mAnd &amp;#27;[0m&amp;#27;[32mI Verify Success Message for Process Attendance&amp;#27;[0m                                                                                                                                                          &amp;#27;[90m# Steps.iVerifySuccessMessageForProcessAttendance()&amp;#27;[0m
    &amp;#27;[32mAnd &amp;#27;[0m&amp;#27;[32mI Click on Attendance&amp;#27;[0m                                                                                                                                                                                    &amp;#27;[90m# Steps.iClickOnAttendance()&amp;#27;[0m
    &amp;#27;[32mAnd &amp;#27;[0m&amp;#27;[32mI Click on Manage Overtime Hours&amp;#27;[0m                                                                                                                                                                         &amp;#27;[90m# Steps.iClickOnManageOvertimeHours()&amp;#27;[0m
    &amp;#27;[32mAnd &amp;#27;[0m&amp;#27;[32mI Verify Manage Overtime Hours Page&amp;#27;[0m                                                                                                                                                                      &amp;#27;[90m# Steps.iVerifyManageOvertimeHoursPage()&amp;#27;[0m
    &amp;#27;[32mAnd &amp;#27;[0m&amp;#27;[32mI Select Company Name&amp;#27;[0m                                                                                                                                                                                    &amp;#27;[90m# Steps.iSelectCompanyName()&amp;#27;[0m
    &amp;#27;[32mAnd &amp;#27;[0m&amp;#27;[32mI Select Location &quot;&amp;#27;[0m&amp;#27;[32m&amp;#27;[1mAdm&amp;#27;[0m&amp;#27;[32m&quot;&amp;#27;[0m                                                                                                                                                                                  &amp;#27;[90m# Steps.iSelectLocation(String)&amp;#27;[0m
    &amp;#27;[32mAnd &amp;#27;[0m&amp;#27;[32mI Select Employee Code &quot;&amp;#27;[0m&amp;#27;[32m&amp;#27;[1m75&amp;#27;[0m&amp;#27;[32m&quot;&amp;#27;[0m                                                                                                                                                                              &amp;#27;[90m# Steps.iSelectEmployeeCode(String)&amp;#27;[0m
    &amp;#27;[32mAnd &amp;#27;[0m&amp;#27;[32mI Input Date From and Date To &quot;&amp;#27;[0m&amp;#27;[32m&amp;#27;[1m07-Jan-2025&amp;#27;[0m&amp;#27;[32m&quot; &quot;&amp;#27;[0m&amp;#27;[32m&amp;#27;[1m08-Jan-2025&amp;#27;[0m&amp;#27;[32m&quot;&amp;#27;[0m                                                                                                                                                &amp;#27;[90m# Steps.iInputDateFromAndDateTo(String,String)&amp;#27;[0m
    &amp;#27;[32mAnd &amp;#27;[0m&amp;#27;[32mI Click on Query Overtime Hours&amp;#27;[0m                                                                                                                                                                          &amp;#27;[90m# Steps.iClickOnQueryOvertimeHours()&amp;#27;[0m
    &amp;#27;[32mAnd &amp;#27;[0m&amp;#27;[32mI Verify Hours Work in Manage OT &quot;&amp;#27;[0m&amp;#27;[32m&amp;#27;[1m15.75&amp;#27;[0m&amp;#27;[32m&quot; &quot;&amp;#27;[0m&amp;#27;[32m&amp;#27;[1m1.00&amp;#27;[0m&amp;#27;[32m&quot;&amp;#27;[0m                                                                                                                                                          &amp;#27;[90m# Steps.iVerifyHoursWorkInManageOT(String,String)&amp;#27;[0m
    &amp;#27;[32mAnd &amp;#27;[0m&amp;#27;[32mI Verify Overtime Hours Rate One Point Five &quot;&amp;#27;[0m&amp;#27;[32m&amp;#27;[1m6.75&amp;#27;[0m&amp;#27;[32m&quot; &quot;&amp;#27;[0m&amp;#27;[32m&amp;#27;[1m1.00&amp;#27;[0m&amp;#27;[32m&quot;&amp;#27;[0m                                                                                                                                                &amp;#27;[90m# Steps.iVerifyOvertimeHoursRateOnePointFive(String,String)&amp;#27;[0m
    &amp;#27;[32mAnd &amp;#27;[0m&amp;#27;[32mI Verify Overtime Hours Rate Two Point Zero &quot;&amp;#27;[0m&amp;#27;[32m&amp;#27;[1mnull&amp;#27;[0m&amp;#27;[32m&quot; &quot;&amp;#27;[0m&amp;#27;[32m&amp;#27;[1mnull&amp;#27;[0m&amp;#27;[32m&quot;&amp;#27;[0m                                                                                                                                                &amp;#27;[90m# Steps.iVerifyOvertimeHoursRateTwoPointZero(String,String)&amp;#27;[0m
    &amp;#27;[32mAnd &amp;#27;[0m&amp;#27;[32mI Verify Overtime Hours Rate Three Point Zero &quot;&amp;#27;[0m&amp;#27;[32m&amp;#27;[1mnull&amp;#27;[0m&amp;#27;[32m&quot; &quot;&amp;#27;[0m&amp;#27;[32m&amp;#27;[1mnull&amp;#27;[0m&amp;#27;[32m&quot;&amp;#27;[0m                                                                                                                                              &amp;#27;[90m# Steps.iVerifyOvertimeHoursRateThreePointZero(String,String)&amp;#27;[0m
    &amp;#27;[32mAnd &amp;#27;[0m&amp;#27;[32mI Verify Overtime Hours Rate Sunday &quot;&amp;#27;[0m&amp;#27;[32m&amp;#27;[1mnull&amp;#27;[0m&amp;#27;[32m&quot; &quot;&amp;#27;[0m&amp;#27;[32m&amp;#27;[1mnull&amp;#27;[0m&amp;#27;[32m&quot;&amp;#27;[0m                                                                                                                                                        &amp;#27;[90m# Steps.iVerifyOvertimeHoursRateSunday(String,String)&amp;#27;[0m
    &amp;#27;[32mAnd &amp;#27;[0m&amp;#27;[32mI Verify Overtime Hours Rate Public Holiday &quot;&amp;#27;[0m&amp;#27;[32m&amp;#27;[1mnull&amp;#27;[0m&amp;#27;[32m&quot; &quot;&amp;#27;[0m&amp;#27;[32m&amp;#27;[1mnull&amp;#27;[0m&amp;#27;[32m&quot;&amp;#27;[0m                                                                                                                                                &amp;#27;[90m# Steps.iVerifyOvertimeHoursRatePublicHoliday(String,String)&amp;#27;[0m
    &amp;#27;[32mAnd &amp;#27;[0m&amp;#27;[32mI Click on Save Button&amp;#27;[0m                                                                                                                                                                                   &amp;#27;[90m# Steps.iClickOnSaveButton()&amp;#27;[0m
    &amp;#27;[32mAnd &amp;#27;[0m&amp;#27;[32mI Verify Success Message for OT Saved&amp;#27;[0m                                                                                                                                                                    &amp;#27;[90m# Steps.iVerifySuccessMessageForOTSaved()&amp;#27;[0m
    &amp;#27;[32mAnd &amp;#27;[0m&amp;#27;[32mI Click on Attendance&amp;#27;[0m                                                                                                                                                                                    &amp;#27;[90m# Steps.iClickOnAttendance()&amp;#27;[0m
    &amp;#27;[32mAnd &amp;#27;[0m&amp;#27;[32mI Click on Manage Overtime Hours and Meals&amp;#27;[0m                                                                                                                                                               &amp;#27;[90m# Steps.iClickOnManageOvertimeHoursAndMeals()&amp;#27;[0m
    &amp;#27;[32mAnd &amp;#27;[0m&amp;#27;[32mI Verify Manage Overtime Hours and Meals Page&amp;#27;[0m                                                                                                                                                            &amp;#27;[90m# Steps.iVerifyManageOvertimeHoursAndMealsPage()&amp;#27;[0m
    &amp;#27;[32mAnd &amp;#27;[0m&amp;#27;[32mI Input Date From and Date To in Manage Overtime and Meals &quot;&amp;#27;[0m&amp;#27;[32m&amp;#27;[1m07-Jan-2025&amp;#27;[0m&amp;#27;[32m&quot; &quot;&amp;#27;[0m&amp;#27;[32m&amp;#27;[1m08-Jan-2025&amp;#27;[0m&amp;#27;[32m&quot;&amp;#27;[0m                                                                                                                   &amp;#27;[90m# Steps.iInputDateFromAndDateToInManageOvertimeAndMeals(String,String)&amp;#27;[0m
    &amp;#27;[32mAnd &amp;#27;[0m&amp;#27;[32mI Select Company Name&amp;#27;[0m                                                                                                                                                                                    &amp;#27;[90m# Steps.iSelectCompanyName()&amp;#27;[0m
    &amp;#27;[32mAnd &amp;#27;[0m&amp;#27;[32mI Select Location In Manage Overtime and Meals &quot;&amp;#27;[0m&amp;#27;[32m&amp;#27;[1mAdm&amp;#27;[0m&amp;#27;[32m&quot;&amp;#27;[0m                                                                                                                                                     &amp;#27;[90m# Steps.iSelectLocationInManageOvertimeAndMeals(String)&amp;#27;[0m
    &amp;#27;[32mAnd &amp;#27;[0m&amp;#27;[32mI Select Employee Code In Manage Overtime and Meals &quot;&amp;#27;[0m&amp;#27;[32m&amp;#27;[1m75&amp;#27;[0m&amp;#27;[32m&quot;&amp;#27;[0m                                                                                                                                                 &amp;#27;[90m# Steps.iSelectEmployeeCodeInManageOvertimeAndMeals(String)&amp;#27;[0m
    &amp;#27;[32mAnd &amp;#27;[0m&amp;#27;[32mI Click on Query Button&amp;#27;[0m                                                                                                                                                                                  &amp;#27;[90m# Steps.iClickOnQueryButton()&amp;#27;[0m
    &amp;#27;[32mAnd &amp;#27;[0m&amp;#27;[32mI Verify Overtime Hours and Amount &quot;&amp;#27;[0m&amp;#27;[32m&amp;#27;[1m6.75&amp;#27;[0m&amp;#27;[32m&quot; &quot;&amp;#27;[0m&amp;#27;[32m&amp;#27;[1m1.00&amp;#27;[0m&amp;#27;[32m&quot; &quot;&amp;#27;[0m&amp;#27;[32m&amp;#27;[1mnull&amp;#27;[0m&amp;#27;[32m&quot; &quot;&amp;#27;[0m&amp;#27;[32m&amp;#27;[1mnull&amp;#27;[0m&amp;#27;[32m&quot; &quot;&amp;#27;[0m&amp;#27;[32m&amp;#27;[1mnull&amp;#27;[0m&amp;#27;[32m&quot; &quot;&amp;#27;[0m&amp;#27;[32m&amp;#27;[1mnull&amp;#27;[0m&amp;#27;[32m&quot; &quot;&amp;#27;[0m&amp;#27;[32m&amp;#27;[1mnull&amp;#27;[0m&amp;#27;[32m&quot; &quot;&amp;#27;[0m&amp;#27;[32m&amp;#27;[1mnull&amp;#27;[0m&amp;#27;[32m&quot; &quot;&amp;#27;[0m&amp;#27;[32m&amp;#27;[1mnull&amp;#27;[0m&amp;#27;[32m&quot; &quot;&amp;#27;[0m&amp;#27;[32m&amp;#27;[1mnull&amp;#27;[0m&amp;#27;[32m&quot; &quot;&amp;#27;[0m&amp;#27;[32m&amp;#27;[1m1,465.53&amp;#27;[0m&amp;#27;[32m&quot; &quot;&amp;#27;[0m&amp;#27;[32m&amp;#27;[1m217.12&amp;#27;[0m&amp;#27;[32m&quot; &quot;&amp;#27;[0m&amp;#27;[32m&amp;#27;[1mnull&amp;#27;[0m&amp;#27;[32m&quot; &quot;&amp;#27;[0m&amp;#27;[32m&amp;#27;[1mnull&amp;#27;[0m&amp;#27;[32m&quot; &quot;&amp;#27;[0m&amp;#27;[32m&amp;#27;[1mnull&amp;#27;[0m&amp;#27;[32m&quot; &quot;&amp;#27;[0m&amp;#27;[32m&amp;#27;[1mnull&amp;#27;[0m&amp;#27;[32m&quot; &quot;&amp;#27;[0m&amp;#27;[32m&amp;#27;[1mnull&amp;#27;[0m&amp;#27;[32m&quot; &quot;&amp;#27;[0m&amp;#27;[32m&amp;#27;[1mnull&amp;#27;[0m&amp;#27;[32m&quot; &quot;&amp;#27;[0m&amp;#27;[32m&amp;#27;[1m1,465.53&amp;#27;[0m&amp;#27;[32m&quot; &quot;&amp;#27;[0m&amp;#27;[32m&amp;#27;[1m217.12&amp;#27;[0m&amp;#27;[32m&quot; &quot;&amp;#27;[0m&amp;#27;[32m&amp;#27;[1mnull&amp;#27;[0m&amp;#27;[32m&quot; &quot;&amp;#27;[0m&amp;#27;[32m&amp;#27;[1mnull&amp;#27;[0m&amp;#27;[32m&quot;&amp;#27;[0m &amp;#27;[90m# Steps.iVerifyOvertimeHoursAndAmount(String,String,String,String,String,String,String,String,String,String,String,String,String,String,String,String,String,String,String,String,String,String)&amp;#27;[0m
    &amp;#27;[32mAnd &amp;#27;[0m&amp;#27;[32mI Sign Out&amp;#27;[0m                                                                                                                                                                                               &amp;#27;[90m# Steps.iSignOut()&amp;#27;[0m
    &amp;#27;[32mAnd &amp;#27;[0m&amp;#27;[32mI Verify Successful Sign Out&amp;#27;[0m                                                                                                                                                                             &amp;#27;[90m# Steps.iVerifySuccessfulSignOut()&amp;#27;[0m
Unable to take screenshot
java.lang.NullPointerException
Text from source element: 15.75
Hours Work is good
Unable to take screenshot
java.lang.NullPointerException
Unable to take screenshot
java.lang.NullPointerException
Unable to take screenshot
java.lang.NullPointerException
Text from source element: 15.75
Text from source element: 1.00
Unable to take screenshot
java.lang.NullPointerException
OT 1.5 Day 1 value: 6.75
OT 1.5 Day 2 value: 1.00
OT 2.0 Day 1: No expected value provided. Skipping validation.
OT 2.0 Day 2: No expected value provided. Skipping validation.
OT 3.0 Day 1: No expected value provided. Skipping validation.
OT 3.0 Day 2: No expected value provided. Skipping validation.
OT SUN Day 1: No expected value provided. Skipping validation.
OT SUN Day 2: No expected value provided. Skipping validation.
OT PH Day 1: No expected value provided. Skipping validation.
OT PH Day 2: No expected value provided. Skipping validation.
Unable to take screenshot
java.lang.NullPointerException
Unable to take screenshot
java.lang.NullPointerException
OT 1.5 Day 1 value: 6.75
OT 1.5 Day 2 value: 1.00
OT 1.5 Amount Day 1: 1,098.17
OT 1.5 Amount Day 2: 162.69
OT 2.0 Day 1: No expected value provided. Skipping validation.
OT 2.0 Day 2: No expected value provided. Skipping validation.
OT 2.0 Amount Day 1: No expected value provided. Skipping validation.
OT 2.0 Amount Day 2: No expected value provided. Skipping validation.
OT 3.0 Day 1: No expected value provided. Skipping validation.
OT 3.0 Day 2: No expected value provided. Skipping validation.
OT 3.0 Amount Day 1: No expected value provided. Skipping validation.
OT 3.0 Amount Day 2: No expected value provided. Skipping validation.
OT SUN/PH Amount Day 1: No expected value provided. Skipping validation.
OT SUN/PH Amount Day 2: No expected value provided. Skipping validation.
Total OT Amount Day 1: 1,098.17
Total OT Amount Day 2: 162.69
Off Leave Hours Day 1: No expected value provided. Skipping validation.
Off Leave Hours Day 2: No expected value provided. Skipping validation.
Unable to take screenshot
java.lang.NullPointerException
Unable to take screenshot
java.lang.NullPointerException

  @Overtime_Amount_Scenarios @Main_feature @Overtime
  Scenario Outline: Overtime Calculations based on scenarios                                                                                                                                                     &amp;#27;[90m# features/Login.feature:118&amp;#27;[0m
    &amp;#27;[32mGiven &amp;#27;[0m&amp;#27;[32mI am on Eastern Test Env - Front &quot;&amp;#27;[0m&amp;#27;[32m&amp;#27;[1mChrome&amp;#27;[0m&amp;#27;[32m&quot;&amp;#27;[0m                                                                                                                                                              &amp;#27;[90m# Steps.iAmOnEasternTestEnvFront(String)&amp;#27;[0m
    &amp;#27;[32mAnd &amp;#27;[0m&amp;#27;[32mI Verify Login Page&amp;#27;[0m                                                                                                                                                                                      &amp;#27;[90m# Steps.iVerifyLoginPage()&amp;#27;[0m
    &amp;#27;[32mAnd &amp;#27;[0m&amp;#27;[32mI Sign In as HR &quot;&amp;#27;[0m&amp;#27;[32m&amp;#27;[1mAAA&amp;#27;[0m&amp;#27;[32m&quot; &quot;&amp;#27;[0m&amp;#27;[32m&amp;#27;[1mAdmin@123&amp;#27;[0m&amp;#27;[32m&quot;&amp;#27;[0m                                                                                                                                                                        &amp;#27;[90m# Steps.iSignInAsHR(String,String)&amp;#27;[0m
    &amp;#27;[32mAnd &amp;#27;[0m&amp;#27;[32mI Verify Successful Login&amp;#27;[0m                                                                                                                                                                                &amp;#27;[90m# Steps.iVerifySuccessfulLogin()&amp;#27;[0m
    &amp;#27;[32mAnd &amp;#27;[0m&amp;#27;[32mI Click on Human Resource&amp;#27;[0m                                                                                                                                                                                &amp;#27;[90m# Steps.iClickOnHumanResource()&amp;#27;[0m
    &amp;#27;[32mAnd &amp;#27;[0m&amp;#27;[32mI Click on Attendance&amp;#27;[0m                                                                                                                                                                                    &amp;#27;[90m# Steps.iClickOnAttendance()&amp;#27;[0m
    &amp;#27;[32mAnd &amp;#27;[0m&amp;#27;[32mI Click on Retrieve Attendance&amp;#27;[0m                                                                                                                                                                           &amp;#27;[90m# Steps.iClickOnRetrieveAttendance()&amp;#27;[0m
    &amp;#27;[32mAnd &amp;#27;[0m&amp;#27;[32mI Input Attendance Date &quot;&amp;#27;[0m&amp;#27;[32m&amp;#27;[1m07-Jan-2025&amp;#27;[0m&amp;#27;[32m&quot;&amp;#27;[0m                                                                                                                                                                    &amp;#27;[90m# Steps.iInputAttendanceDate(String)&amp;#27;[0m
    &amp;#27;[32mAnd &amp;#27;[0m&amp;#27;[32mI Select Employee Code &quot;&amp;#27;[0m&amp;#27;[32m&amp;#27;[1m039&amp;#27;[0m&amp;#27;[32m&quot;&amp;#27;[0m                                                                                                                                                                             &amp;#27;[90m# Steps.iSelectEmployeeCode(String)&amp;#27;[0m
    &amp;#27;[32mAnd &amp;#27;[0m&amp;#27;[32mI Click on Query Button&amp;#27;[0m                                                                                                                                                                                  &amp;#27;[90m# Steps.iClickOnQueryButton()&amp;#27;[0m
    &amp;#27;[32mAnd &amp;#27;[0m&amp;#27;[32mI Verify Hours Worked for Day one &quot;&amp;#27;[0m&amp;#27;[32m&amp;#27;[1m15.75&amp;#27;[0m&amp;#27;[32m&quot;&amp;#27;[0m                                                                                                                                                                &amp;#27;[90m# Steps.iVerifyHoursWorkedForDayOne(String)&amp;#27;[0m
    &amp;#27;[32mAnd &amp;#27;[0m&amp;#27;[32mI Click on Process Button&amp;#27;[0m                                                                                                                                                                                &amp;#27;[90m# Steps.iClickOnProcessButton()&amp;#27;[0m
    &amp;#27;[32mAnd &amp;#27;[0m&amp;#27;[32mI Verify Success Message for Process Attendance&amp;#27;[0m                                                                                                                                                          &amp;#27;[90m# Steps.iVerifySuccessMessageForProcessAttendance()&amp;#27;[0m
    &amp;#27;[32mAnd &amp;#27;[0m&amp;#27;[32mI Click on Attendance&amp;#27;[0m                                                                                                                                                                                    &amp;#27;[90m# Steps.iClickOnAttendance()&amp;#27;[0m
    &amp;#27;[32mAnd &amp;#27;[0m&amp;#27;[32mI Click on Manage Overtime Hours&amp;#27;[0m                                                                                                                                                                         &amp;#27;[90m# Steps.iClickOnManageOvertimeHours()&amp;#27;[0m
    &amp;#27;[32mAnd &amp;#27;[0m&amp;#27;[32mI Verify Manage Overtime Hours Page&amp;#27;[0m                                                                                                                                                                      &amp;#27;[90m# Steps.iVerifyManageOvertimeHoursPage()&amp;#27;[0m
    &amp;#27;[32mAnd &amp;#27;[0m&amp;#27;[32mI Select Company Name&amp;#27;[0m                                                                                                                                                                                    &amp;#27;[90m# Steps.iSelectCompanyName()&amp;#27;[0m
    &amp;#27;[32mAnd &amp;#27;[0m&amp;#27;[32mI Select Location &quot;&amp;#27;[0m&amp;#27;[32m&amp;#27;[1mAux&amp;#27;[0m&amp;#27;[32m&quot;&amp;#27;[0m                                                                                                                                                                                  &amp;#27;[90m# Steps.iSelectLocation(String)&amp;#27;[0m
    &amp;#27;[32mAnd &amp;#27;[0m&amp;#27;[32mI Select Employee Code &quot;&amp;#27;[0m&amp;#27;[32m&amp;#27;[1m039&amp;#27;[0m&amp;#27;[32m&quot;&amp;#27;[0m                                                                                                                                                                             &amp;#27;[90m# Steps.iSelectEmployeeCode(String)&amp;#27;[0m
    &amp;#27;[32mAnd &amp;#27;[0m&amp;#27;[32mI Input Date From and Date To &quot;&amp;#27;[0m&amp;#27;[32m&amp;#27;[1m07-Jan-2025&amp;#27;[0m&amp;#27;[32m&quot; &quot;&amp;#27;[0m&amp;#27;[32m&amp;#27;[1m08-Jan-2025&amp;#27;[0m&amp;#27;[32m&quot;&amp;#27;[0m                                                                                                                                                &amp;#27;[90m# Steps.iInputDateFromAndDateTo(String,String)&amp;#27;[0m
    &amp;#27;[32mAnd &amp;#27;[0m&amp;#27;[32mI Click on Query Overtime Hours&amp;#27;[0m                                                                                                                                                                          &amp;#27;[90m# Steps.iClickOnQueryOvertimeHours()&amp;#27;[0m
    &amp;#27;[32mAnd &amp;#27;[0m&amp;#27;[32mI Verify Hours Work in Manage OT &quot;&amp;#27;[0m&amp;#27;[32m&amp;#27;[1m15.75&amp;#27;[0m&amp;#27;[32m&quot; &quot;&amp;#27;[0m&amp;#27;[32m&amp;#27;[1m1.00&amp;#27;[0m&amp;#27;[32m&quot;&amp;#27;[0m                                                                                                                                                          &amp;#27;[90m# Steps.iVerifyHoursWorkInManageOT(String,String)&amp;#27;[0m
    &amp;#27;[32mAnd &amp;#27;[0m&amp;#27;[32mI Verify Overtime Hours Rate One Point Five &quot;&amp;#27;[0m&amp;#27;[32m&amp;#27;[1m6.75&amp;#27;[0m&amp;#27;[32m&quot; &quot;&amp;#27;[0m&amp;#27;[32m&amp;#27;[1m1.00&amp;#27;[0m&amp;#27;[32m&quot;&amp;#27;[0m                                                                                                                                                &amp;#27;[90m# Steps.iVerifyOvertimeHoursRateOnePointFive(String,String)&amp;#27;[0m
    &amp;#27;[32mAnd &amp;#27;[0m&amp;#27;[32mI Verify Overtime Hours Rate Two Point Zero &quot;&amp;#27;[0m&amp;#27;[32m&amp;#27;[1mnull&amp;#27;[0m&amp;#27;[32m&quot; &quot;&amp;#27;[0m&amp;#27;[32m&amp;#27;[1mnull&amp;#27;[0m&amp;#27;[32m&quot;&amp;#27;[0m                                                                                                                                                &amp;#27;[90m# Steps.iVerifyOvertimeHoursRateTwoPointZero(String,String)&amp;#27;[0m
    &amp;#27;[32mAnd &amp;#27;[0m&amp;#27;[32mI Verify Overtime Hours Rate Three Point Zero &quot;&amp;#27;[0m&amp;#27;[32m&amp;#27;[1mnull&amp;#27;[0m&amp;#27;[32m&quot; &quot;&amp;#27;[0m&amp;#27;[32m&amp;#27;[1mnull&amp;#27;[0m&amp;#27;[32m&quot;&amp;#27;[0m                                                                                                                                              &amp;#27;[90m# Steps.iVerifyOvertimeHoursRateThreePointZero(String,String)&amp;#27;[0m
    &amp;#27;[32mAnd &amp;#27;[0m&amp;#27;[32mI Verify Overtime Hours Rate Sunday &quot;&amp;#27;[0m&amp;#27;[32m&amp;#27;[1mnull&amp;#27;[0m&amp;#27;[32m&quot; &quot;&amp;#27;[0m&amp;#27;[32m&amp;#27;[1mnull&amp;#27;[0m&amp;#27;[32m&quot;&amp;#27;[0m                                                                                                                                                        &amp;#27;[90m# Steps.iVerifyOvertimeHoursRateSunday(String,String)&amp;#27;[0m
    &amp;#27;[32mAnd &amp;#27;[0m&amp;#27;[32mI Verify Overtime Hours Rate Public Holiday &quot;&amp;#27;[0m&amp;#27;[32m&amp;#27;[1mnull&amp;#27;[0m&amp;#27;[32m&quot; &quot;&amp;#27;[0m&amp;#27;[32m&amp;#27;[1mnull&amp;#27;[0m&amp;#27;[32m&quot;&amp;#27;[0m                                                                                                                                                &amp;#27;[90m# Steps.iVerifyOvertimeHoursRatePublicHoliday(String,String)&amp;#27;[0m
    &amp;#27;[32mAnd &amp;#27;[0m&amp;#27;[32mI Click on Save Button&amp;#27;[0m                                                                                                                                                                                   &amp;#27;[90m# Steps.iClickOnSaveButton()&amp;#27;[0m
    &amp;#27;[32mAnd &amp;#27;[0m&amp;#27;[32mI Verify Success Message for OT Saved&amp;#27;[0m                                                                                                                                                                    &amp;#27;[90m# Steps.iVerifySuccessMessageForOTSaved()&amp;#27;[0m
    &amp;#27;[32mAnd &amp;#27;[0m&amp;#27;[32mI Click on Attendance&amp;#27;[0m                                                                                                                                                                                    &amp;#27;[90m# Steps.iClickOnAttendance()&amp;#27;[0m
    &amp;#27;[32mAnd &amp;#27;[0m&amp;#27;[32mI Click on Manage Overtime Hours and Meals&amp;#27;[0m                                                                                                                                                               &amp;#27;[90m# Steps.iClickOnManageOvertimeHoursAndMeals()&amp;#27;[0m
    &amp;#27;[32mAnd &amp;#27;[0m&amp;#27;[32mI Verify Manage Overtime Hours and Meals Page&amp;#27;[0m                                                                                                                                                            &amp;#27;[90m# Steps.iVerifyManageOvertimeHoursAndMealsPage()&amp;#27;[0m
    &amp;#27;[32mAnd &amp;#27;[0m&amp;#27;[32mI Input Date From and Date To in Manage Overtime and Meals &quot;&amp;#27;[0m&amp;#27;[32m&amp;#27;[1m07-Jan-2025&amp;#27;[0m&amp;#27;[32m&quot; &quot;&amp;#27;[0m&amp;#27;[32m&amp;#27;[1m08-Jan-2025&amp;#27;[0m&amp;#27;[32m&quot;&amp;#27;[0m                                                                                                                   &amp;#27;[90m# Steps.iInputDateFromAndDateToInManageOvertimeAndMeals(String,String)&amp;#27;[0m
    &amp;#27;[32mAnd &amp;#27;[0m&amp;#27;[32mI Select Company Name&amp;#27;[0m                                                                                                                                                                                    &amp;#27;[90m# Steps.iSelectCompanyName()&amp;#27;[0m
    &amp;#27;[32mAnd &amp;#27;[0m&amp;#27;[32mI Select Location In Manage Overtime and Meals &quot;&amp;#27;[0m&amp;#27;[32m&amp;#27;[1mAux&amp;#27;[0m&amp;#27;[32m&quot;&amp;#27;[0m                                                                                                                                                     &amp;#27;[90m# Steps.iSelectLocationInManageOvertimeAndMeals(String)&amp;#27;[0m
    &amp;#27;[32mAnd &amp;#27;[0m&amp;#27;[32mI Select Employee Code In Manage Overtime and Meals &quot;&amp;#27;[0m&amp;#27;[32m&amp;#27;[1m039&amp;#27;[0m&amp;#27;[32m&quot;&amp;#27;[0m                                                                                                                                                &amp;#27;[90m# Steps.iSelectEmployeeCodeInManageOvertimeAndMeals(String)&amp;#27;[0m
    &amp;#27;[32mAnd &amp;#27;[0m&amp;#27;[32mI Click on Query Button&amp;#27;[0m                                                                                                                                                                                  &amp;#27;[90m# Steps.iClickOnQueryButton()&amp;#27;[0m
    &amp;#27;[32mAnd &amp;#27;[0m&amp;#27;[32mI Verify Overtime Hours and Amount &quot;&amp;#27;[0m&amp;#27;[32m&amp;#27;[1m6.75&amp;#27;[0m&amp;#27;[32m&quot; &quot;&amp;#27;[0m&amp;#27;[32m&amp;#27;[1m1.00&amp;#27;[0m&amp;#27;[32m&quot; &quot;&amp;#27;[0m&amp;#27;[32m&amp;#27;[1mnull&amp;#27;[0m&amp;#27;[32m&quot; &quot;&amp;#27;[0m&amp;#27;[32m&amp;#27;[1mnull&amp;#27;[0m&amp;#27;[32m&quot; &quot;&amp;#27;[0m&amp;#27;[32m&amp;#27;[1mnull&amp;#27;[0m&amp;#27;[32m&quot; &quot;&amp;#27;[0m&amp;#27;[32m&amp;#27;[1mnull&amp;#27;[0m&amp;#27;[32m&quot; &quot;&amp;#27;[0m&amp;#27;[32m&amp;#27;[1mnull&amp;#27;[0m&amp;#27;[32m&quot; &quot;&amp;#27;[0m&amp;#27;[32m&amp;#27;[1mnull&amp;#27;[0m&amp;#27;[32m&quot; &quot;&amp;#27;[0m&amp;#27;[32m&amp;#27;[1mnull&amp;#27;[0m&amp;#27;[32m&quot; &quot;&amp;#27;[0m&amp;#27;[32m&amp;#27;[1mnull&amp;#27;[0m&amp;#27;[32m&quot; &quot;&amp;#27;[0m&amp;#27;[32m&amp;#27;[1m1,098.17&amp;#27;[0m&amp;#27;[32m&quot; &quot;&amp;#27;[0m&amp;#27;[32m&amp;#27;[1m162.69&amp;#27;[0m&amp;#27;[32m&quot; &quot;&amp;#27;[0m&amp;#27;[32m&amp;#27;[1mnull&amp;#27;[0m&amp;#27;[32m&quot; &quot;&amp;#27;[0m&amp;#27;[32m&amp;#27;[1mnull&amp;#27;[0m&amp;#27;[32m&quot; &quot;&amp;#27;[0m&amp;#27;[32m&amp;#27;[1mnull&amp;#27;[0m&amp;#27;[32m&quot; &quot;&amp;#27;[0m&amp;#27;[32m&amp;#27;[1mnull&amp;#27;[0m&amp;#27;[32m&quot; &quot;&amp;#27;[0m&amp;#27;[32m&amp;#27;[1mnull&amp;#27;[0m&amp;#27;[32m&quot; &quot;&amp;#27;[0m&amp;#27;[32m&amp;#27;[1mnull&amp;#27;[0m&amp;#27;[32m&quot; &quot;&amp;#27;[0m&amp;#27;[32m&amp;#27;[1m1,098.17&amp;#27;[0m&amp;#27;[32m&quot; &quot;&amp;#27;[0m&amp;#27;[32m&amp;#27;[1m162.69&amp;#27;[0m&amp;#27;[32m&quot; &quot;&amp;#27;[0m&amp;#27;[32m&amp;#27;[1mnull&amp;#27;[0m&amp;#27;[32m&quot; &quot;&amp;#27;[0m&amp;#27;[32m&amp;#27;[1mnull&amp;#27;[0m&amp;#27;[32m&quot;&amp;#27;[0m &amp;#27;[90m# Steps.iVerifyOvertimeHoursAndAmount(String,String,String,String,String,String,String,String,String,String,String,String,String,String,String,String,String,String,String,String,String,String)&amp;#27;[0m
    &amp;#27;[32mAnd &amp;#27;[0m&amp;#27;[32mI Sign Out&amp;#27;[0m                                                                                                                                                                                               &amp;#27;[90m# Steps.iSignOut()&amp;#27;[0m
    &amp;#27;[32mAnd &amp;#27;[0m&amp;#27;[32mI Verify Successful Sign Out&amp;#27;[0m                                                                                                                                                                             &amp;#27;[90m# Steps.iVerifySuccessfulSignOut()&amp;#27;[0m
Unable to take screenshot
java.lang.NullPointerException
Text from source element: 16.75
Hours Work is good
Unable to take screenshot
java.lang.NullPointerException
Unable to take screenshot
java.lang.NullPointerException
Unable to take screenshot
java.lang.NullPointerException
Text from source element: 16.75
Text from source element: 10.00
Unable to take screenshot
java.lang.NullPointerException
OT 1.5 Day 1 value: 7.75
OT 1.5 Day 2 value: 6.00
OT 2.0 Day 1: No expected value provided. Skipping validation.
OT 2.0 Day 2: No expected value provided. Skipping validation.
OT 3.0 Day 1: No expected value provided. Skipping validation.
OT 3.0 Day 2: No expected value provided. Skipping validation.
OT SUN Day 1: No expected value provided. Skipping validation.
OT SUN Day 2: No expected value provided. Skipping validation.
OT PH Day 1: No expected value provided. Skipping validation.
OT PH Day 2: No expected value provided. Skipping validation.
Unable to take screenshot
java.lang.NullPointerException
Unable to take screenshot
java.lang.NullPointerException
OT 1.5 Day 1 value: 7.75
OT 1.5 Day 2 value: 6.00
OT 1.5 Amount Day 1: 1,682.64
OT 1.5 Amount Day 2: 1,302.69
OT 2.0 Day 1: No expected value provided. Skipping validation.
OT 2.0 Day 2: No expected value provided. Skipping validation.
OT 2.0 Amount Day 1: No expected value provided. Skipping validation.
OT 2.0 Amount Day 2: No expected value provided. Skipping validation.
OT 3.0 Day 1: No expected value provided. Skipping validation.
OT 3.0 Day 2: No expected value provided. Skipping validation.
OT 3.0 Amount Day 1: No expected value provided. Skipping validation.
OT 3.0 Amount Day 2: No expected value provided. Skipping validation.
OT SUN/PH Amount Day 1: No expected value provided. Skipping validation.
OT SUN/PH Amount Day 2: No expected value provided. Skipping validation.
Total OT Amount Day 1: 1,682.64
Total OT Amount Day 2: 1,302.69
Off Leave Hours Day 1: No expected value provided. Skipping validation.
Off Leave Hours Day 2: No expected value provided. Skipping validation.
Unable to take screenshot
java.lang.NullPointerException
Unable to take screenshot
java.lang.NullPointerException

  @Overtime_Amount_Scenarios @Main_feature @Overtime
  Scenario Outline: Overtime Calculations based on scenarios                                                                                                                                                         &amp;#27;[90m# features/Login.feature:119&amp;#27;[0m
    &amp;#27;[32mGiven &amp;#27;[0m&amp;#27;[32mI am on Eastern Test Env - Front &quot;&amp;#27;[0m&amp;#27;[32m&amp;#27;[1mChrome&amp;#27;[0m&amp;#27;[32m&quot;&amp;#27;[0m                                                                                                                                                                  &amp;#27;[90m# Steps.iAmOnEasternTestEnvFront(String)&amp;#27;[0m
    &amp;#27;[32mAnd &amp;#27;[0m&amp;#27;[32mI Verify Login Page&amp;#27;[0m                                                                                                                                                                                          &amp;#27;[90m# Steps.iVerifyLoginPage()&amp;#27;[0m
    &amp;#27;[32mAnd &amp;#27;[0m&amp;#27;[32mI Sign In as HR &quot;&amp;#27;[0m&amp;#27;[32m&amp;#27;[1mAAA&amp;#27;[0m&amp;#27;[32m&quot; &quot;&amp;#27;[0m&amp;#27;[32m&amp;#27;[1mAdmin@123&amp;#27;[0m&amp;#27;[32m&quot;&amp;#27;[0m                                                                                                                                                                            &amp;#27;[90m# Steps.iSignInAsHR(String,String)&amp;#27;[0m
    &amp;#27;[32mAnd &amp;#27;[0m&amp;#27;[32mI Verify Successful Login&amp;#27;[0m                                                                                                                                                                                    &amp;#27;[90m# Steps.iVerifySuccessfulLogin()&amp;#27;[0m
    &amp;#27;[32mAnd &amp;#27;[0m&amp;#27;[32mI Click on Human Resource&amp;#27;[0m                                                                                                                                                                                    &amp;#27;[90m# Steps.iClickOnHumanResource()&amp;#27;[0m
    &amp;#27;[32mAnd &amp;#27;[0m&amp;#27;[32mI Click on Attendance&amp;#27;[0m                                                                                                                                                                                        &amp;#27;[90m# Steps.iClickOnAttendance()&amp;#27;[0m
    &amp;#27;[32mAnd &amp;#27;[0m&amp;#27;[32mI Click on Retrieve Attendance&amp;#27;[0m                                                                                                                                                                               &amp;#27;[90m# Steps.iClickOnRetrieveAttendance()&amp;#27;[0m
    &amp;#27;[32mAnd &amp;#27;[0m&amp;#27;[32mI Input Attendance Date &quot;&amp;#27;[0m&amp;#27;[32m&amp;#27;[1m14-Jan-2025&amp;#27;[0m&amp;#27;[32m&quot;&amp;#27;[0m                                                                                                                                                                        &amp;#27;[90m# Steps.iInputAttendanceDate(String)&amp;#27;[0m
    &amp;#27;[32mAnd &amp;#27;[0m&amp;#27;[32mI Select Employee Code &quot;&amp;#27;[0m&amp;#27;[32m&amp;#27;[1m75&amp;#27;[0m&amp;#27;[32m&quot;&amp;#27;[0m                                                                                                                                                                                  &amp;#27;[90m# Steps.iSelectEmployeeCode(String)&amp;#27;[0m
    &amp;#27;[32mAnd &amp;#27;[0m&amp;#27;[32mI Click on Query Button&amp;#27;[0m                                                                                                                                                                                      &amp;#27;[90m# Steps.iClickOnQueryButton()&amp;#27;[0m
    &amp;#27;[32mAnd &amp;#27;[0m&amp;#27;[32mI Verify Hours Worked for Day one &quot;&amp;#27;[0m&amp;#27;[32m&amp;#27;[1m16.75&amp;#27;[0m&amp;#27;[32m&quot;&amp;#27;[0m                                                                                                                                                                    &amp;#27;[90m# Steps.iVerifyHoursWorkedForDayOne(String)&amp;#27;[0m
    &amp;#27;[32mAnd &amp;#27;[0m&amp;#27;[32mI Click on Process Button&amp;#27;[0m                                                                                                                                                                                    &amp;#27;[90m# Steps.iClickOnProcessButton()&amp;#27;[0m
    &amp;#27;[32mAnd &amp;#27;[0m&amp;#27;[32mI Verify Success Message for Process Attendance&amp;#27;[0m                                                                                                                                                              &amp;#27;[90m# Steps.iVerifySuccessMessageForProcessAttendance()&amp;#27;[0m
    &amp;#27;[32mAnd &amp;#27;[0m&amp;#27;[32mI Click on Attendance&amp;#27;[0m                                                                                                                                                                                        &amp;#27;[90m# Steps.iClickOnAttendance()&amp;#27;[0m
    &amp;#27;[32mAnd &amp;#27;[0m&amp;#27;[32mI Click on Manage Overtime Hours&amp;#27;[0m                                                                                                                                                                             &amp;#27;[90m# Steps.iClickOnManageOvertimeHours()&amp;#27;[0m
    &amp;#27;[32mAnd &amp;#27;[0m&amp;#27;[32mI Verify Manage Overtime Hours Page&amp;#27;[0m                                                                                                                                                                          &amp;#27;[90m# Steps.iVerifyManageOvertimeHoursPage()&amp;#27;[0m
    &amp;#27;[32mAnd &amp;#27;[0m&amp;#27;[32mI Select Company Name&amp;#27;[0m                                                                                                                                                                                        &amp;#27;[90m# Steps.iSelectCompanyName()&amp;#27;[0m
    &amp;#27;[32mAnd &amp;#27;[0m&amp;#27;[32mI Select Location &quot;&amp;#27;[0m&amp;#27;[32m&amp;#27;[1mAdm&amp;#27;[0m&amp;#27;[32m&quot;&amp;#27;[0m                                                                                                                                                                                      &amp;#27;[90m# Steps.iSelectLocation(String)&amp;#27;[0m
    &amp;#27;[32mAnd &amp;#27;[0m&amp;#27;[32mI Select Employee Code &quot;&amp;#27;[0m&amp;#27;[32m&amp;#27;[1m75&amp;#27;[0m&amp;#27;[32m&quot;&amp;#27;[0m                                                                                                                                                                                  &amp;#27;[90m# Steps.iSelectEmployeeCode(String)&amp;#27;[0m
    &amp;#27;[32mAnd &amp;#27;[0m&amp;#27;[32mI Input Date From and Date To &quot;&amp;#27;[0m&amp;#27;[32m&amp;#27;[1m14-Jan-2025&amp;#27;[0m&amp;#27;[32m&quot; &quot;&amp;#27;[0m&amp;#27;[32m&amp;#27;[1m15-Jan-2025&amp;#27;[0m&amp;#27;[32m&quot;&amp;#27;[0m                                                                                                                                                    &amp;#27;[90m# Steps.iInputDateFromAndDateTo(String,String)&amp;#27;[0m
    &amp;#27;[32mAnd &amp;#27;[0m&amp;#27;[32mI Click on Query Overtime Hours&amp;#27;[0m                                                                                                                                                                              &amp;#27;[90m# Steps.iClickOnQueryOvertimeHours()&amp;#27;[0m
    &amp;#27;[32mAnd &amp;#27;[0m&amp;#27;[32mI Verify Hours Work in Manage OT &quot;&amp;#27;[0m&amp;#27;[32m&amp;#27;[1m16.75&amp;#27;[0m&amp;#27;[32m&quot; &quot;&amp;#27;[0m&amp;#27;[32m&amp;#27;[1m10.00&amp;#27;[0m&amp;#27;[32m&quot;&amp;#27;[0m                                                                                                                                                             &amp;#27;[90m# Steps.iVerifyHoursWorkInManageOT(String,String)&amp;#27;[0m
    &amp;#27;[32mAnd &amp;#27;[0m&amp;#27;[32mI Verify Overtime Hours Rate One Point Five &quot;&amp;#27;[0m&amp;#27;[32m&amp;#27;[1m7.75&amp;#27;[0m&amp;#27;[32m&quot; &quot;&amp;#27;[0m&amp;#27;[32m&amp;#27;[1m6.00&amp;#27;[0m&amp;#27;[32m&quot;&amp;#27;[0m                                                                                                                                                    &amp;#27;[90m# Steps.iVerifyOvertimeHoursRateOnePointFive(String,String)&amp;#27;[0m
    &amp;#27;[32mAnd &amp;#27;[0m&amp;#27;[32mI Verify Overtime Hours Rate Two Point Zero &quot;&amp;#27;[0m&amp;#27;[32m&amp;#27;[1mnull&amp;#27;[0m&amp;#27;[32m&quot; &quot;&amp;#27;[0m&amp;#27;[32m&amp;#27;[1mnull&amp;#27;[0m&amp;#27;[32m&quot;&amp;#27;[0m                                                                                                                                                    &amp;#27;[90m# Steps.iVerifyOvertimeHoursRateTwoPointZero(String,String)&amp;#27;[0m
    &amp;#27;[32mAnd &amp;#27;[0m&amp;#27;[32mI Verify Overtime Hours Rate Three Point Zero &quot;&amp;#27;[0m&amp;#27;[32m&amp;#27;[1mnull&amp;#27;[0m&amp;#27;[32m&quot; &quot;&amp;#27;[0m&amp;#27;[32m&amp;#27;[1mnull&amp;#27;[0m&amp;#27;[32m&quot;&amp;#27;[0m                                                                                                                                                  &amp;#27;[90m# Steps.iVerifyOvertimeHoursRateThreePointZero(String,String)&amp;#27;[0m
    &amp;#27;[32mAnd &amp;#27;[0m&amp;#27;[32mI Verify Overtime Hours Rate Sunday &quot;&amp;#27;[0m&amp;#27;[32m&amp;#27;[1mnull&amp;#27;[0m&amp;#27;[32m&quot; &quot;&amp;#27;[0m&amp;#27;[32m&amp;#27;[1mnull&amp;#27;[0m&amp;#27;[32m&quot;&amp;#27;[0m                                                                                                                                                            &amp;#27;[90m# Steps.iVerifyOvertimeHoursRateSunday(String,String)&amp;#27;[0m
    &amp;#27;[32mAnd &amp;#27;[0m&amp;#27;[32mI Verify Overtime Hours Rate Public Holiday &quot;&amp;#27;[0m&amp;#27;[32m&amp;#27;[1mnull&amp;#27;[0m&amp;#27;[32m&quot; &quot;&amp;#27;[0m&amp;#27;[32m&amp;#27;[1mnull&amp;#27;[0m&amp;#27;[32m&quot;&amp;#27;[0m                                                                                                                                                    &amp;#27;[90m# Steps.iVerifyOvertimeHoursRatePublicHoliday(String,String)&amp;#27;[0m
    &amp;#27;[32mAnd &amp;#27;[0m&amp;#27;[32mI Click on Save Button&amp;#27;[0m                                                                                                                                                                                       &amp;#27;[90m# Steps.iClickOnSaveButton()&amp;#27;[0m
    &amp;#27;[32mAnd &amp;#27;[0m&amp;#27;[32mI Verify Success Message for OT Saved&amp;#27;[0m                                                                                                                                                                        &amp;#27;[90m# Steps.iVerifySuccessMessageForOTSaved()&amp;#27;[0m
    &amp;#27;[32mAnd &amp;#27;[0m&amp;#27;[32mI Click on Attendance&amp;#27;[0m                                                                                                                                                                                        &amp;#27;[90m# Steps.iClickOnAttendance()&amp;#27;[0m
    &amp;#27;[32mAnd &amp;#27;[0m&amp;#27;[32mI Click on Manage Overtime Hours and Meals&amp;#27;[0m                                                                                                                                                                   &amp;#27;[90m# Steps.iClickOnManageOvertimeHoursAndMeals()&amp;#27;[0m
    &amp;#27;[32mAnd &amp;#27;[0m&amp;#27;[32mI Verify Manage Overtime Hours and Meals Page&amp;#27;[0m                                                                                                                                                                &amp;#27;[90m# Steps.iVerifyManageOvertimeHoursAndMealsPage()&amp;#27;[0m
    &amp;#27;[32mAnd &amp;#27;[0m&amp;#27;[32mI Input Date From and Date To in Manage Overtime and Meals &quot;&amp;#27;[0m&amp;#27;[32m&amp;#27;[1m14-Jan-2025&amp;#27;[0m&amp;#27;[32m&quot; &quot;&amp;#27;[0m&amp;#27;[32m&amp;#27;[1m15-Jan-2025&amp;#27;[0m&amp;#27;[32m&quot;&amp;#27;[0m                                                                                                                       &amp;#27;[90m# Steps.iInputDateFromAndDateToInManageOvertimeAndMeals(String,String)&amp;#27;[0m
    &amp;#27;[32mAnd &amp;#27;[0m&amp;#27;[32mI Select Company Name&amp;#27;[0m                                                                                                                                                                                        &amp;#27;[90m# Steps.iSelectCompanyName()&amp;#27;[0m
    &amp;#27;[32mAnd &amp;#27;[0m&amp;#27;[32mI Select Location In Manage Overtime and Meals &quot;&amp;#27;[0m&amp;#27;[32m&amp;#27;[1mAdm&amp;#27;[0m&amp;#27;[32m&quot;&amp;#27;[0m                                                                                                                                                         &amp;#27;[90m# Steps.iSelectLocationInManageOvertimeAndMeals(String)&amp;#27;[0m
    &amp;#27;[32mAnd &amp;#27;[0m&amp;#27;[32mI Select Employee Code In Manage Overtime and Meals &quot;&amp;#27;[0m&amp;#27;[32m&amp;#27;[1m75&amp;#27;[0m&amp;#27;[32m&quot;&amp;#27;[0m                                                                                                                                                     &amp;#27;[90m# Steps.iSelectEmployeeCodeInManageOvertimeAndMeals(String)&amp;#27;[0m
    &amp;#27;[32mAnd &amp;#27;[0m&amp;#27;[32mI Click on Query Button&amp;#27;[0m                                                                                                                                                                                      &amp;#27;[90m# Steps.iClickOnQueryButton()&amp;#27;[0m
    &amp;#27;[32mAnd &amp;#27;[0m&amp;#27;[32mI Verify Overtime Hours and Amount &quot;&amp;#27;[0m&amp;#27;[32m&amp;#27;[1m7.75&amp;#27;[0m&amp;#27;[32m&quot; &quot;&amp;#27;[0m&amp;#27;[32m&amp;#27;[1m6.00&amp;#27;[0m&amp;#27;[32m&quot; &quot;&amp;#27;[0m&amp;#27;[32m&amp;#27;[1mnull&amp;#27;[0m&amp;#27;[32m&quot; &quot;&amp;#27;[0m&amp;#27;[32m&amp;#27;[1mnull&amp;#27;[0m&amp;#27;[32m&quot; &quot;&amp;#27;[0m&amp;#27;[32m&amp;#27;[1mnull&amp;#27;[0m&amp;#27;[32m&quot; &quot;&amp;#27;[0m&amp;#27;[32m&amp;#27;[1mnull&amp;#27;[0m&amp;#27;[32m&quot; &quot;&amp;#27;[0m&amp;#27;[32m&amp;#27;[1mnull&amp;#27;[0m&amp;#27;[32m&quot; &quot;&amp;#27;[0m&amp;#27;[32m&amp;#27;[1mnull&amp;#27;[0m&amp;#27;[32m&quot; &quot;&amp;#27;[0m&amp;#27;[32m&amp;#27;[1mnull&amp;#27;[0m&amp;#27;[32m&quot; &quot;&amp;#27;[0m&amp;#27;[32m&amp;#27;[1mnull&amp;#27;[0m&amp;#27;[32m&quot; &quot;&amp;#27;[0m&amp;#27;[32m&amp;#27;[1m1,682.64&amp;#27;[0m&amp;#27;[32m&quot; &quot;&amp;#27;[0m&amp;#27;[32m&amp;#27;[1m1,302.69&amp;#27;[0m&amp;#27;[32m&quot; &quot;&amp;#27;[0m&amp;#27;[32m&amp;#27;[1mnull&amp;#27;[0m&amp;#27;[32m&quot; &quot;&amp;#27;[0m&amp;#27;[32m&amp;#27;[1mnull&amp;#27;[0m&amp;#27;[32m&quot; &quot;&amp;#27;[0m&amp;#27;[32m&amp;#27;[1mnull&amp;#27;[0m&amp;#27;[32m&quot; &quot;&amp;#27;[0m&amp;#27;[32m&amp;#27;[1mnull&amp;#27;[0m&amp;#27;[32m&quot; &quot;&amp;#27;[0m&amp;#27;[32m&amp;#27;[1mnull&amp;#27;[0m&amp;#27;[32m&quot; &quot;&amp;#27;[0m&amp;#27;[32m&amp;#27;[1mnull&amp;#27;[0m&amp;#27;[32m&quot; &quot;&amp;#27;[0m&amp;#27;[32m&amp;#27;[1m1,682.64&amp;#27;[0m&amp;#27;[32m&quot; &quot;&amp;#27;[0m&amp;#27;[32m&amp;#27;[1m1,302.69&amp;#27;[0m&amp;#27;[32m&quot; &quot;&amp;#27;[0m&amp;#27;[32m&amp;#27;[1mnull&amp;#27;[0m&amp;#27;[32m&quot; &quot;&amp;#27;[0m&amp;#27;[32m&amp;#27;[1mnull&amp;#27;[0m&amp;#27;[32m&quot;&amp;#27;[0m &amp;#27;[90m# Steps.iVerifyOvertimeHoursAndAmount(String,String,String,String,String,String,String,String,String,String,String,String,String,String,String,String,String,String,String,String,String,String)&amp;#27;[0m
    &amp;#27;[32mAnd &amp;#27;[0m&amp;#27;[32mI Sign Out&amp;#27;[0m                                                                                                                                                                                                   &amp;#27;[90m# Steps.iSignOut()&amp;#27;[0m
    &amp;#27;[32mAnd &amp;#27;[0m&amp;#27;[32mI Verify Successful Sign Out&amp;#27;[0m                                                                                                                                                                                 &amp;#27;[90m# Steps.iVerifySuccessfulSignOut()&amp;#27;[0m
Unable to take screenshot
java.lang.NullPointerException
Text from source element: 16.75
Hours Work is good
Unable to take screenshot
java.lang.NullPointerException
Unable to take screenshot
java.lang.NullPointerException
Unable to take screenshot
java.lang.NullPointerException
Text from source element: 16.75
Text from source element: 10.00
Unable to take screenshot
java.lang.NullPointerException
OT 1.5 Day 1 value: 7.75
OT 1.5 Day 2 value: 6.00
OT 2.0 Day 1: No expected value provided. Skipping validation.
OT 2.0 Day 2: No expected value provided. Skipping validation.
OT 3.0 Day 1: No expected value provided. Skipping validation.
OT 3.0 Day 2: No expected value provided. Skipping validation.
OT SUN Day 1: No expected value provided. Skipping validation.
OT SUN Day 2: No expected value provided. Skipping validation.
OT PH Day 1: No expected value provided. Skipping validation.
OT PH Day 2: No expected value provided. Skipping validation.
Unable to take screenshot
java.lang.NullPointerException
Unable to take screenshot
java.lang.NullPointerException
OT 1.5 Day 1 value: 7.75
OT 1.5 Day 2 value: 6.00
OT 1.5 Amount Day 1: 1,260.87
OT 1.5 Amount Day 2: 976.15
OT 2.0 Day 1: No expected value provided. Skipping validation.
OT 2.0 Day 2: No expected value provided. Skipping validation.
OT 2.0 Amount Day 1: No expected value provided. Skipping validation.
OT 2.0 Amount Day 2: No expected value provided. Skipping validation.
OT 3.0 Day 1: No expected value provided. Skipping validation.
OT 3.0 Day 2: No expected value provided. Skipping validation.
OT 3.0 Amount Day 1: No expected value provided. Skipping validation.
OT 3.0 Amount Day 2: No expected value provided. Skipping validation.
OT SUN/PH Amount Day 1: No expected value provided. Skipping validation.
OT SUN/PH Amount Day 2: No expected value provided. Skipping validation.
Total OT Amount Day 1: 1,260.87
Total OT Amount Day 2: 976.15
Off Leave Hours Day 1: No expected value provided. Skipping validation.
Off Leave Hours Day 2: No expected value provided. Skipping validation.
Unable to take screenshot
java.lang.NullPointerException
Unable to take screenshot
java.lang.NullPointerException

  @Overtime_Amount_Scenarios @Main_feature @Overtime
  Scenario Outline: Overtime Calculations based on scenarios                                                                                                                                                     &amp;#27;[90m# features/Login.feature:120&amp;#27;[0m
    &amp;#27;[32mGiven &amp;#27;[0m&amp;#27;[32mI am on Eastern Test Env - Front &quot;&amp;#27;[0m&amp;#27;[32m&amp;#27;[1mChrome&amp;#27;[0m&amp;#27;[32m&quot;&amp;#27;[0m                                                                                                                                                              &amp;#27;[90m# Steps.iAmOnEasternTestEnvFront(String)&amp;#27;[0m
    &amp;#27;[32mAnd &amp;#27;[0m&amp;#27;[32mI Verify Login Page&amp;#27;[0m                                                                                                                                                                                      &amp;#27;[90m# Steps.iVerifyLoginPage()&amp;#27;[0m
    &amp;#27;[32mAnd &amp;#27;[0m&amp;#27;[32mI Sign In as HR &quot;&amp;#27;[0m&amp;#27;[32m&amp;#27;[1mAAA&amp;#27;[0m&amp;#27;[32m&quot; &quot;&amp;#27;[0m&amp;#27;[32m&amp;#27;[1mAdmin@123&amp;#27;[0m&amp;#27;[32m&quot;&amp;#27;[0m                                                                                                                                                                        &amp;#27;[90m# Steps.iSignInAsHR(String,String)&amp;#27;[0m
    &amp;#27;[32mAnd &amp;#27;[0m&amp;#27;[32mI Verify Successful Login&amp;#27;[0m                                                                                                                                                                                &amp;#27;[90m# Steps.iVerifySuccessfulLogin()&amp;#27;[0m
    &amp;#27;[32mAnd &amp;#27;[0m&amp;#27;[32mI Click on Human Resource&amp;#27;[0m                                                                                                                                                                                &amp;#27;[90m# Steps.iClickOnHumanResource()&amp;#27;[0m
    &amp;#27;[32mAnd &amp;#27;[0m&amp;#27;[32mI Click on Attendance&amp;#27;[0m                                                                                                                                                                                    &amp;#27;[90m# Steps.iClickOnAttendance()&amp;#27;[0m
    &amp;#27;[32mAnd &amp;#27;[0m&amp;#27;[32mI Click on Retrieve Attendance&amp;#27;[0m                                                                                                                                                                           &amp;#27;[90m# Steps.iClickOnRetrieveAttendance()&amp;#27;[0m
    &amp;#27;[32mAnd &amp;#27;[0m&amp;#27;[32mI Input Attendance Date &quot;&amp;#27;[0m&amp;#27;[32m&amp;#27;[1m14-Jan-2025&amp;#27;[0m&amp;#27;[32m&quot;&amp;#27;[0m                                                                                                                                                                    &amp;#27;[90m# Steps.iInputAttendanceDate(String)&amp;#27;[0m
    &amp;#27;[32mAnd &amp;#27;[0m&amp;#27;[32mI Select Employee Code &quot;&amp;#27;[0m&amp;#27;[32m&amp;#27;[1m039&amp;#27;[0m&amp;#27;[32m&quot;&amp;#27;[0m                                                                                                                                                                             &amp;#27;[90m# Steps.iSelectEmployeeCode(String)&amp;#27;[0m
    &amp;#27;[32mAnd &amp;#27;[0m&amp;#27;[32mI Click on Query Button&amp;#27;[0m                                                                                                                                                                                  &amp;#27;[90m# Steps.iClickOnQueryButton()&amp;#27;[0m
    &amp;#27;[32mAnd &amp;#27;[0m&amp;#27;[32mI Verify Hours Worked for Day one &quot;&amp;#27;[0m&amp;#27;[32m&amp;#27;[1m16.75&amp;#27;[0m&amp;#27;[32m&quot;&amp;#27;[0m                                                                                                                                                                &amp;#27;[90m# Steps.iVerifyHoursWorkedForDayOne(String)&amp;#27;[0m
    &amp;#27;[32mAnd &amp;#27;[0m&amp;#27;[32mI Click on Process Button&amp;#27;[0m                                                                                                                                                                                &amp;#27;[90m# Steps.iClickOnProcessButton()&amp;#27;[0m
    &amp;#27;[32mAnd &amp;#27;[0m&amp;#27;[32mI Verify Success Message for Process Attendance&amp;#27;[0m                                                                                                                                                          &amp;#27;[90m# Steps.iVerifySuccessMessageForProcessAttendance()&amp;#27;[0m
    &amp;#27;[32mAnd &amp;#27;[0m&amp;#27;[32mI Click on Attendance&amp;#27;[0m                                                                                                                                                                                    &amp;#27;[90m# Steps.iClickOnAttendance()&amp;#27;[0m
    &amp;#27;[32mAnd &amp;#27;[0m&amp;#27;[32mI Click on Manage Overtime Hours&amp;#27;[0m                                                                                                                                                                         &amp;#27;[90m# Steps.iClickOnManageOvertimeHours()&amp;#27;[0m
    &amp;#27;[32mAnd &amp;#27;[0m&amp;#27;[32mI Verify Manage Overtime Hours Page&amp;#27;[0m                                                                                                                                                                      &amp;#27;[90m# Steps.iVerifyManageOvertimeHoursPage()&amp;#27;[0m
    &amp;#27;[32mAnd &amp;#27;[0m&amp;#27;[32mI Select Company Name&amp;#27;[0m                                                                                                                                                                                    &amp;#27;[90m# Steps.iSelectCompanyName()&amp;#27;[0m
    &amp;#27;[32mAnd &amp;#27;[0m&amp;#27;[32mI Select Location &quot;&amp;#27;[0m&amp;#27;[32m&amp;#27;[1mAux&amp;#27;[0m&amp;#27;[32m&quot;&amp;#27;[0m                                                                                                                                                                                  &amp;#27;[90m# Steps.iSelectLocation(String)&amp;#27;[0m
    &amp;#27;[32mAnd &amp;#27;[0m&amp;#27;[32mI Select Employee Code &quot;&amp;#27;[0m&amp;#27;[32m&amp;#27;[1m039&amp;#27;[0m&amp;#27;[32m&quot;&amp;#27;[0m                                                                                                                                                                             &amp;#27;[90m# Steps.iSelectEmployeeCode(String)&amp;#27;[0m
    &amp;#27;[32mAnd &amp;#27;[0m&amp;#27;[32mI Input Date From and Date To &quot;&amp;#27;[0m&amp;#27;[32m&amp;#27;[1m14-Jan-2025&amp;#27;[0m&amp;#27;[32m&quot; &quot;&amp;#27;[0m&amp;#27;[32m&amp;#27;[1m15-Jan-2025&amp;#27;[0m&amp;#27;[32m&quot;&amp;#27;[0m                                                                                                                                                &amp;#27;[90m# Steps.iInputDateFromAndDateTo(String,String)&amp;#27;[0m
    &amp;#27;[32mAnd &amp;#27;[0m&amp;#27;[32mI Click on Query Overtime Hours&amp;#27;[0m                                                                                                                                                                          &amp;#27;[90m# Steps.iClickOnQueryOvertimeHours()&amp;#27;[0m
    &amp;#27;[32mAnd &amp;#27;[0m&amp;#27;[32mI Verify Hours Work in Manage OT &quot;&amp;#27;[0m&amp;#27;[32m&amp;#27;[1m16.75&amp;#27;[0m&amp;#27;[32m&quot; &quot;&amp;#27;[0m&amp;#27;[32m&amp;#27;[1m10.00&amp;#27;[0m&amp;#27;[32m&quot;&amp;#27;[0m                                                                                                                                                         &amp;#27;[90m# Steps.iVerifyHoursWorkInManageOT(String,String)&amp;#27;[0m
    &amp;#27;[32mAnd &amp;#27;[0m&amp;#27;[32mI Verify Overtime Hours Rate One Point Five &quot;&amp;#27;[0m&amp;#27;[32m&amp;#27;[1m7.75&amp;#27;[0m&amp;#27;[32m&quot; &quot;&amp;#27;[0m&amp;#27;[32m&amp;#27;[1m6.00&amp;#27;[0m&amp;#27;[32m&quot;&amp;#27;[0m                                                                                                                                                &amp;#27;[90m# Steps.iVerifyOvertimeHoursRateOnePointFive(String,String)&amp;#27;[0m
    &amp;#27;[32mAnd &amp;#27;[0m&amp;#27;[32mI Verify Overtime Hours Rate Two Point Zero &quot;&amp;#27;[0m&amp;#27;[32m&amp;#27;[1mnull&amp;#27;[0m&amp;#27;[32m&quot; &quot;&amp;#27;[0m&amp;#27;[32m&amp;#27;[1mnull&amp;#27;[0m&amp;#27;[32m&quot;&amp;#27;[0m                                                                                                                                                &amp;#27;[90m# Steps.iVerifyOvertimeHoursRateTwoPointZero(String,String)&amp;#27;[0m
    &amp;#27;[32mAnd &amp;#27;[0m&amp;#27;[32mI Verify Overtime Hours Rate Three Point Zero &quot;&amp;#27;[0m&amp;#27;[32m&amp;#27;[1mnull&amp;#27;[0m&amp;#27;[32m&quot; &quot;&amp;#27;[0m&amp;#27;[32m&amp;#27;[1mnull&amp;#27;[0m&amp;#27;[32m&quot;&amp;#27;[0m                                                                                                                                              &amp;#27;[90m# Steps.iVerifyOvertimeHoursRateThreePointZero(String,String)&amp;#27;[0m
    &amp;#27;[32mAnd &amp;#27;[0m&amp;#27;[32mI Verify Overtime Hours Rate Sunday &quot;&amp;#27;[0m&amp;#27;[32m&amp;#27;[1mnull&amp;#27;[0m&amp;#27;[32m&quot; &quot;&amp;#27;[0m&amp;#27;[32m&amp;#27;[1mnull&amp;#27;[0m&amp;#27;[32m&quot;&amp;#27;[0m                                                                                                                                                        &amp;#27;[90m# Steps.iVerifyOvertimeHoursRateSunday(String,String)&amp;#27;[0m
    &amp;#27;[32mAnd &amp;#27;[0m&amp;#27;[32mI Verify Overtime Hours Rate Public Holiday &quot;&amp;#27;[0m&amp;#27;[32m&amp;#27;[1mnull&amp;#27;[0m&amp;#27;[32m&quot; &quot;&amp;#27;[0m&amp;#27;[32m&amp;#27;[1mnull&amp;#27;[0m&amp;#27;[32m&quot;&amp;#27;[0m                                                                                                                                                &amp;#27;[90m# Steps.iVerifyOvertimeHoursRatePublicHoliday(String,String)&amp;#27;[0m
    &amp;#27;[32mAnd &amp;#27;[0m&amp;#27;[32mI Click on Save Button&amp;#27;[0m                                                                                                                                                                                   &amp;#27;[90m# Steps.iClickOnSaveButton()&amp;#27;[0m
    &amp;#27;[32mAnd &amp;#27;[0m&amp;#27;[32mI Verify Success Message for OT Saved&amp;#27;[0m                                                                                                                                                                    &amp;#27;[90m# Steps.iVerifySuccessMessageForOTSaved()&amp;#27;[0m
    &amp;#27;[32mAnd &amp;#27;[0m&amp;#27;[32mI Click on Attendance&amp;#27;[0m                                                                                                                                                                                    &amp;#27;[90m# Steps.iClickOnAttendance()&amp;#27;[0m
    &amp;#27;[32mAnd &amp;#27;[0m&amp;#27;[32mI Click on Manage Overtime Hours and Meals&amp;#27;[0m                                                                                                                                                               &amp;#27;[90m# Steps.iClickOnManageOvertimeHoursAndMeals()&amp;#27;[0m
    &amp;#27;[32mAnd &amp;#27;[0m&amp;#27;[32mI Verify Manage Overtime Hours and Meals Page&amp;#27;[0m                                                                                                                                                            &amp;#27;[90m# Steps.iVerifyManageOvertimeHoursAndMealsPage()&amp;#27;[0m
    &amp;#27;[32mAnd &amp;#27;[0m&amp;#27;[32mI Input Date From and Date To in Manage Overtime and Meals &quot;&amp;#27;[0m&amp;#27;[32m&amp;#27;[1m14-Jan-2025&amp;#27;[0m&amp;#27;[32m&quot; &quot;&amp;#27;[0m&amp;#27;[32m&amp;#27;[1m15-Jan-2025&amp;#27;[0m&amp;#27;[32m&quot;&amp;#27;[0m                                                                                                                   &amp;#27;[90m# Steps.iInputDateFromAndDateToInManageOvertimeAndMeals(String,String)&amp;#27;[0m
    &amp;#27;[32mAnd &amp;#27;[0m&amp;#27;[32mI Select Company Name&amp;#27;[0m                                                                                                                                                                                    &amp;#27;[90m# Steps.iSelectCompanyName()&amp;#27;[0m
    &amp;#27;[32mAnd &amp;#27;[0m&amp;#27;[32mI Select Location In Manage Overtime and Meals &quot;&amp;#27;[0m&amp;#27;[32m&amp;#27;[1mAux&amp;#27;[0m&amp;#27;[32m&quot;&amp;#27;[0m                                                                                                                                                     &amp;#27;[90m# Steps.iSelectLocationInManageOvertimeAndMeals(String)&amp;#27;[0m
    &amp;#27;[32mAnd &amp;#27;[0m&amp;#27;[32mI Select Employee Code In Manage Overtime and Meals &quot;&amp;#27;[0m&amp;#27;[32m&amp;#27;[1m039&amp;#27;[0m&amp;#27;[32m&quot;&amp;#27;[0m                                                                                                                                                &amp;#27;[90m# Steps.iSelectEmployeeCodeInManageOvertimeAndMeals(String)&amp;#27;[0m
    &amp;#27;[32mAnd &amp;#27;[0m&amp;#27;[32mI Click on Query Button&amp;#27;[0m                                                                                                                                                                                  &amp;#27;[90m# Steps.iClickOnQueryButton()&amp;#27;[0m
    &amp;#27;[32mAnd &amp;#27;[0m&amp;#27;[32mI Verify Overtime Hours and Amount &quot;&amp;#27;[0m&amp;#27;[32m&amp;#27;[1m7.75&amp;#27;[0m&amp;#27;[32m&quot; &quot;&amp;#27;[0m&amp;#27;[32m&amp;#27;[1m6.00&amp;#27;[0m&amp;#27;[32m&quot; &quot;&amp;#27;[0m&amp;#27;[32m&amp;#27;[1mnull&amp;#27;[0m&amp;#27;[32m&quot; &quot;&amp;#27;[0m&amp;#27;[32m&amp;#27;[1mnull&amp;#27;[0m&amp;#27;[32m&quot; &quot;&amp;#27;[0m&amp;#27;[32m&amp;#27;[1mnull&amp;#27;[0m&amp;#27;[32m&quot; &quot;&amp;#27;[0m&amp;#27;[32m&amp;#27;[1mnull&amp;#27;[0m&amp;#27;[32m&quot; &quot;&amp;#27;[0m&amp;#27;[32m&amp;#27;[1mnull&amp;#27;[0m&amp;#27;[32m&quot; &quot;&amp;#27;[0m&amp;#27;[32m&amp;#27;[1mnull&amp;#27;[0m&amp;#27;[32m&quot; &quot;&amp;#27;[0m&amp;#27;[32m&amp;#27;[1mnull&amp;#27;[0m&amp;#27;[32m&quot; &quot;&amp;#27;[0m&amp;#27;[32m&amp;#27;[1mnull&amp;#27;[0m&amp;#27;[32m&quot; &quot;&amp;#27;[0m&amp;#27;[32m&amp;#27;[1m1,260.87&amp;#27;[0m&amp;#27;[32m&quot; &quot;&amp;#27;[0m&amp;#27;[32m&amp;#27;[1m976.15&amp;#27;[0m&amp;#27;[32m&quot; &quot;&amp;#27;[0m&amp;#27;[32m&amp;#27;[1mnull&amp;#27;[0m&amp;#27;[32m&quot; &quot;&amp;#27;[0m&amp;#27;[32m&amp;#27;[1mnull&amp;#27;[0m&amp;#27;[32m&quot; &quot;&amp;#27;[0m&amp;#27;[32m&amp;#27;[1mnull&amp;#27;[0m&amp;#27;[32m&quot; &quot;&amp;#27;[0m&amp;#27;[32m&amp;#27;[1mnull&amp;#27;[0m&amp;#27;[32m&quot; &quot;&amp;#27;[0m&amp;#27;[32m&amp;#27;[1mnull&amp;#27;[0m&amp;#27;[32m&quot; &quot;&amp;#27;[0m&amp;#27;[32m&amp;#27;[1mnull&amp;#27;[0m&amp;#27;[32m&quot; &quot;&amp;#27;[0m&amp;#27;[32m&amp;#27;[1m1,260.87&amp;#27;[0m&amp;#27;[32m&quot; &quot;&amp;#27;[0m&amp;#27;[32m&amp;#27;[1m976.15&amp;#27;[0m&amp;#27;[32m&quot; &quot;&amp;#27;[0m&amp;#27;[32m&amp;#27;[1mnull&amp;#27;[0m&amp;#27;[32m&quot; &quot;&amp;#27;[0m&amp;#27;[32m&amp;#27;[1mnull&amp;#27;[0m&amp;#27;[32m&quot;&amp;#27;[0m &amp;#27;[90m# Steps.iVerifyOvertimeHoursAndAmount(String,String,String,String,String,String,String,String,String,String,String,String,String,String,String,String,String,String,String,String,String,String)&amp;#27;[0m
    &amp;#27;[32mAnd &amp;#27;[0m&amp;#27;[32mI Sign Out&amp;#27;[0m                                                                                                                                                                                               &amp;#27;[90m# Steps.iSignOut()&amp;#27;[0m
    &amp;#27;[32mAnd &amp;#27;[0m&amp;#27;[32mI Verify Successful Sign Out&amp;#27;[0m                                                                                                                                                                             &amp;#27;[90m# Steps.iVerifySuccessfulSignOut()&amp;#27;[0m
Unable to take screenshot
java.lang.NullPointerException
Text from source element: 16.75
Hours Work is good
Unable to take screenshot
java.lang.NullPointerException
Unable to take screenshot
java.lang.NullPointerException
Unable to take screenshot
java.lang.NullPointerException
Text from source element: 16.75
Text from source element: 4.00
Unable to take screenshot
java.lang.NullPointerException
OT 1.5 Day 1 value: 7.75
OT 1.5 Day 2 value: 4.00
OT 2.0 Day 1: No expected value provided. Skipping validation.
OT 2.0 Day 2: No expected value provided. Skipping validation.
OT 3.0 Day 1: No expected value provided. Skipping validation.
OT 3.0 Day 2: No expected value provided. Skipping validation.
OT SUN Day 1: No expected value provided. Skipping validation.
OT SUN Day 2: No expected value provided. Skipping validation.
OT PH Day 1: No expected value provided. Skipping validation.
OT PH Day 2: No expected value provided. Skipping validation.
Unable to take screenshot
java.lang.NullPointerException
Unable to take screenshot
java.lang.NullPointerException
OT 1.5 Day 1 value: 7.75
OT 1.5 Day 2 value: 4.00
OT 1.5 Amount Day 1: 1,682.64
OT 1.5 Amount Day 2: 868.46
OT 2.0 Day 1: No expected value provided. Skipping validation.
OT 2.0 Day 2: No expected value provided. Skipping validation.
OT 2.0 Amount Day 1: No expected value provided. Skipping validation.
OT 2.0 Amount Day 2: No expected value provided. Skipping validation.
OT 3.0 Day 1: No expected value provided. Skipping validation.
OT 3.0 Day 2: No expected value provided. Skipping validation.
OT 3.0 Amount Day 1: No expected value provided. Skipping validation.
OT 3.0 Amount Day 2: No expected value provided. Skipping validation.
OT SUN/PH Amount Day 1: No expected value provided. Skipping validation.
OT SUN/PH Amount Day 2: No expected value provided. Skipping validation.
Total OT Amount Day 1: 1,682.64
Total OT Amount Day 2: 868.46
Off Leave Hours Day 1: No expected value provided. Skipping validation.
Off Leave Hours Day 2: No expected value provided. Skipping validation.
Unable to take screenshot
java.lang.NullPointerException
Unable to take screenshot
java.lang.NullPointerException

  @Overtime_Amount_Scenarios @Main_feature @Overtime
  Scenario Outline: Overtime Calculations based on scenarios                                                                                                                                                     &amp;#27;[90m# features/Login.feature:121&amp;#27;[0m
    &amp;#27;[32mGiven &amp;#27;[0m&amp;#27;[32mI am on Eastern Test Env - Front &quot;&amp;#27;[0m&amp;#27;[32m&amp;#27;[1mChrome&amp;#27;[0m&amp;#27;[32m&quot;&amp;#27;[0m                                                                                                                                                              &amp;#27;[90m# Steps.iAmOnEasternTestEnvFront(String)&amp;#27;[0m
    &amp;#27;[32mAnd &amp;#27;[0m&amp;#27;[32mI Verify Login Page&amp;#27;[0m                                                                                                                                                                                      &amp;#27;[90m# Steps.iVerifyLoginPage()&amp;#27;[0m
    &amp;#27;[32mAnd &amp;#27;[0m&amp;#27;[32mI Sign In as HR &quot;&amp;#27;[0m&amp;#27;[32m&amp;#27;[1mAAA&amp;#27;[0m&amp;#27;[32m&quot; &quot;&amp;#27;[0m&amp;#27;[32m&amp;#27;[1mAdmin@123&amp;#27;[0m&amp;#27;[32m&quot;&amp;#27;[0m                                                                                                                                                                        &amp;#27;[90m# Steps.iSignInAsHR(String,String)&amp;#27;[0m
    &amp;#27;[32mAnd &amp;#27;[0m&amp;#27;[32mI Verify Successful Login&amp;#27;[0m                                                                                                                                                                                &amp;#27;[90m# Steps.iVerifySuccessfulLogin()&amp;#27;[0m
    &amp;#27;[32mAnd &amp;#27;[0m&amp;#27;[32mI Click on Human Resource&amp;#27;[0m                                                                                                                                                                                &amp;#27;[90m# Steps.iClickOnHumanResource()&amp;#27;[0m
    &amp;#27;[32mAnd &amp;#27;[0m&amp;#27;[32mI Click on Attendance&amp;#27;[0m                                                                                                                                                                                    &amp;#27;[90m# Steps.iClickOnAttendance()&amp;#27;[0m
    &amp;#27;[32mAnd &amp;#27;[0m&amp;#27;[32mI Click on Retrieve Attendance&amp;#27;[0m                                                                                                                                                                           &amp;#27;[90m# Steps.iClickOnRetrieveAttendance()&amp;#27;[0m
    &amp;#27;[32mAnd &amp;#27;[0m&amp;#27;[32mI Input Attendance Date &quot;&amp;#27;[0m&amp;#27;[32m&amp;#27;[1m21-Jan-2025&amp;#27;[0m&amp;#27;[32m&quot;&amp;#27;[0m                                                                                                                                                                    &amp;#27;[90m# Steps.iInputAttendanceDate(String)&amp;#27;[0m
    &amp;#27;[32mAnd &amp;#27;[0m&amp;#27;[32mI Select Employee Code &quot;&amp;#27;[0m&amp;#27;[32m&amp;#27;[1m75&amp;#27;[0m&amp;#27;[32m&quot;&amp;#27;[0m                                                                                                                                                                              &amp;#27;[90m# Steps.iSelectEmployeeCode(String)&amp;#27;[0m
    &amp;#27;[32mAnd &amp;#27;[0m&amp;#27;[32mI Click on Query Button&amp;#27;[0m                                                                                                                                                                                  &amp;#27;[90m# Steps.iClickOnQueryButton()&amp;#27;[0m
    &amp;#27;[32mAnd &amp;#27;[0m&amp;#27;[32mI Verify Hours Worked for Day one &quot;&amp;#27;[0m&amp;#27;[32m&amp;#27;[1m16.75&amp;#27;[0m&amp;#27;[32m&quot;&amp;#27;[0m                                                                                                                                                                &amp;#27;[90m# Steps.iVerifyHoursWorkedForDayOne(String)&amp;#27;[0m
    &amp;#27;[32mAnd &amp;#27;[0m&amp;#27;[32mI Click on Process Button&amp;#27;[0m                                                                                                                                                                                &amp;#27;[90m# Steps.iClickOnProcessButton()&amp;#27;[0m
    &amp;#27;[32mAnd &amp;#27;[0m&amp;#27;[32mI Verify Success Message for Process Attendance&amp;#27;[0m                                                                                                                                                          &amp;#27;[90m# Steps.iVerifySuccessMessageForProcessAttendance()&amp;#27;[0m
    &amp;#27;[32mAnd &amp;#27;[0m&amp;#27;[32mI Click on Attendance&amp;#27;[0m                                                                                                                                                                                    &amp;#27;[90m# Steps.iClickOnAttendance()&amp;#27;[0m
    &amp;#27;[32mAnd &amp;#27;[0m&amp;#27;[32mI Click on Manage Overtime Hours&amp;#27;[0m                                                                                                                                                                         &amp;#27;[90m# Steps.iClickOnManageOvertimeHours()&amp;#27;[0m
    &amp;#27;[32mAnd &amp;#27;[0m&amp;#27;[32mI Verify Manage Overtime Hours Page&amp;#27;[0m                                                                                                                                                                      &amp;#27;[90m# Steps.iVerifyManageOvertimeHoursPage()&amp;#27;[0m
    &amp;#27;[32mAnd &amp;#27;[0m&amp;#27;[32mI Select Company Name&amp;#27;[0m                                                                                                                                                                                    &amp;#27;[90m# Steps.iSelectCompanyName()&amp;#27;[0m
    &amp;#27;[32mAnd &amp;#27;[0m&amp;#27;[32mI Select Location &quot;&amp;#27;[0m&amp;#27;[32m&amp;#27;[1mAdm&amp;#27;[0m&amp;#27;[32m&quot;&amp;#27;[0m                                                                                                                                                                                  &amp;#27;[90m# Steps.iSelectLocation(String)&amp;#27;[0m
    &amp;#27;[32mAnd &amp;#27;[0m&amp;#27;[32mI Select Employee Code &quot;&amp;#27;[0m&amp;#27;[32m&amp;#27;[1m75&amp;#27;[0m&amp;#27;[32m&quot;&amp;#27;[0m                                                                                                                                                                              &amp;#27;[90m# Steps.iSelectEmployeeCode(String)&amp;#27;[0m
    &amp;#27;[32mAnd &amp;#27;[0m&amp;#27;[32mI Input Date From and Date To &quot;&amp;#27;[0m&amp;#27;[32m&amp;#27;[1m21-Jan-2025&amp;#27;[0m&amp;#27;[32m&quot; &quot;&amp;#27;[0m&amp;#27;[32m&amp;#27;[1m22-Jan-2025&amp;#27;[0m&amp;#27;[32m&quot;&amp;#27;[0m                                                                                                                                                &amp;#27;[90m# Steps.iInputDateFromAndDateTo(String,String)&amp;#27;[0m
    &amp;#27;[32mAnd &amp;#27;[0m&amp;#27;[32mI Click on Query Overtime Hours&amp;#27;[0m                                                                                                                                                                          &amp;#27;[90m# Steps.iClickOnQueryOvertimeHours()&amp;#27;[0m
    &amp;#27;[32mAnd &amp;#27;[0m&amp;#27;[32mI Verify Hours Work in Manage OT &quot;&amp;#27;[0m&amp;#27;[32m&amp;#27;[1m16.75&amp;#27;[0m&amp;#27;[32m&quot; &quot;&amp;#27;[0m&amp;#27;[32m&amp;#27;[1m4.00&amp;#27;[0m&amp;#27;[32m&quot;&amp;#27;[0m                                                                                                                                                          &amp;#27;[90m# Steps.iVerifyHoursWorkInManageOT(String,String)&amp;#27;[0m
    &amp;#27;[32mAnd &amp;#27;[0m&amp;#27;[32mI Verify Overtime Hours Rate One Point Five &quot;&amp;#27;[0m&amp;#27;[32m&amp;#27;[1m7.75&amp;#27;[0m&amp;#27;[32m&quot; &quot;&amp;#27;[0m&amp;#27;[32m&amp;#27;[1m4.00&amp;#27;[0m&amp;#27;[32m&quot;&amp;#27;[0m                                                                                                                                                &amp;#27;[90m# Steps.iVerifyOvertimeHoursRateOnePointFive(String,String)&amp;#27;[0m
    &amp;#27;[32mAnd &amp;#27;[0m&amp;#27;[32mI Verify Overtime Hours Rate Two Point Zero &quot;&amp;#27;[0m&amp;#27;[32m&amp;#27;[1mnull&amp;#27;[0m&amp;#27;[32m&quot; &quot;&amp;#27;[0m&amp;#27;[32m&amp;#27;[1mnull&amp;#27;[0m&amp;#27;[32m&quot;&amp;#27;[0m                                                                                                                                                &amp;#27;[90m# Steps.iVerifyOvertimeHoursRateTwoPointZero(String,String)&amp;#27;[0m
    &amp;#27;[32mAnd &amp;#27;[0m&amp;#27;[32mI Verify Overtime Hours Rate Three Point Zero &quot;&amp;#27;[0m&amp;#27;[32m&amp;#27;[1mnull&amp;#27;[0m&amp;#27;[32m&quot; &quot;&amp;#27;[0m&amp;#27;[32m&amp;#27;[1mnull&amp;#27;[0m&amp;#27;[32m&quot;&amp;#27;[0m                                                                                                                                              &amp;#27;[90m# Steps.iVerifyOvertimeHoursRateThreePointZero(String,String)&amp;#27;[0m
    &amp;#27;[32mAnd &amp;#27;[0m&amp;#27;[32mI Verify Overtime Hours Rate Sunday &quot;&amp;#27;[0m&amp;#27;[32m&amp;#27;[1mnull&amp;#27;[0m&amp;#27;[32m&quot; &quot;&amp;#27;[0m&amp;#27;[32m&amp;#27;[1mnull&amp;#27;[0m&amp;#27;[32m&quot;&amp;#27;[0m                                                                                                                                                        &amp;#27;[90m# Steps.iVerifyOvertimeHoursRateSunday(String,String)&amp;#27;[0m
    &amp;#27;[32mAnd &amp;#27;[0m&amp;#27;[32mI Verify Overtime Hours Rate Public Holiday &quot;&amp;#27;[0m&amp;#27;[32m&amp;#27;[1mnull&amp;#27;[0m&amp;#27;[32m&quot; &quot;&amp;#27;[0m&amp;#27;[32m&amp;#27;[1mnull&amp;#27;[0m&amp;#27;[32m&quot;&amp;#27;[0m                                                                                                                                                &amp;#27;[90m# Steps.iVerifyOvertimeHoursRatePublicHoliday(String,String)&amp;#27;[0m
    &amp;#27;[32mAnd &amp;#27;[0m&amp;#27;[32mI Click on Save Button&amp;#27;[0m                                                                                                                                                                                   &amp;#27;[90m# Steps.iClickOnSaveButton()&amp;#27;[0m
    &amp;#27;[32mAnd &amp;#27;[0m&amp;#27;[32mI Verify Success Message for OT Saved&amp;#27;[0m                                                                                                                                                                    &amp;#27;[90m# Steps.iVerifySuccessMessageForOTSaved()&amp;#27;[0m
    &amp;#27;[32mAnd &amp;#27;[0m&amp;#27;[32mI Click on Attendance&amp;#27;[0m                                                                                                                                                                                    &amp;#27;[90m# Steps.iClickOnAttendance()&amp;#27;[0m
    &amp;#27;[32mAnd &amp;#27;[0m&amp;#27;[32mI Click on Manage Overtime Hours and Meals&amp;#27;[0m                                                                                                                                                               &amp;#27;[90m# Steps.iClickOnManageOvertimeHoursAndMeals()&amp;#27;[0m
    &amp;#27;[32mAnd &amp;#27;[0m&amp;#27;[32mI Verify Manage Overtime Hours and Meals Page&amp;#27;[0m                                                                                                                                                            &amp;#27;[90m# Steps.iVerifyManageOvertimeHoursAndMealsPage()&amp;#27;[0m
    &amp;#27;[32mAnd &amp;#27;[0m&amp;#27;[32mI Input Date From and Date To in Manage Overtime and Meals &quot;&amp;#27;[0m&amp;#27;[32m&amp;#27;[1m21-Jan-2025&amp;#27;[0m&amp;#27;[32m&quot; &quot;&amp;#27;[0m&amp;#27;[32m&amp;#27;[1m22-Jan-2025&amp;#27;[0m&amp;#27;[32m&quot;&amp;#27;[0m                                                                                                                   &amp;#27;[90m# Steps.iInputDateFromAndDateToInManageOvertimeAndMeals(String,String)&amp;#27;[0m
    &amp;#27;[32mAnd &amp;#27;[0m&amp;#27;[32mI Select Company Name&amp;#27;[0m                                                                                                                                                                                    &amp;#27;[90m# Steps.iSelectCompanyName()&amp;#27;[0m
    &amp;#27;[32mAnd &amp;#27;[0m&amp;#27;[32mI Select Location In Manage Overtime and Meals &quot;&amp;#27;[0m&amp;#27;[32m&amp;#27;[1mAdm&amp;#27;[0m&amp;#27;[32m&quot;&amp;#27;[0m                                                                                                                                                     &amp;#27;[90m# Steps.iSelectLocationInManageOvertimeAndMeals(String)&amp;#27;[0m
    &amp;#27;[32mAnd &amp;#27;[0m&amp;#27;[32mI Select Employee Code In Manage Overtime and Meals &quot;&amp;#27;[0m&amp;#27;[32m&amp;#27;[1m75&amp;#27;[0m&amp;#27;[32m&quot;&amp;#27;[0m                                                                                                                                                 &amp;#27;[90m# Steps.iSelectEmployeeCodeInManageOvertimeAndMeals(String)&amp;#27;[0m
    &amp;#27;[32mAnd &amp;#27;[0m&amp;#27;[32mI Click on Query Button&amp;#27;[0m                                                                                                                                                                                  &amp;#27;[90m# Steps.iClickOnQueryButton()&amp;#27;[0m
    &amp;#27;[32mAnd &amp;#27;[0m&amp;#27;[32mI Verify Overtime Hours and Amount &quot;&amp;#27;[0m&amp;#27;[32m&amp;#27;[1m7.75&amp;#27;[0m&amp;#27;[32m&quot; &quot;&amp;#27;[0m&amp;#27;[32m&amp;#27;[1m4.00&amp;#27;[0m&amp;#27;[32m&quot; &quot;&amp;#27;[0m&amp;#27;[32m&amp;#27;[1mnull&amp;#27;[0m&amp;#27;[32m&quot; &quot;&amp;#27;[0m&amp;#27;[32m&amp;#27;[1mnull&amp;#27;[0m&amp;#27;[32m&quot; &quot;&amp;#27;[0m&amp;#27;[32m&amp;#27;[1mnull&amp;#27;[0m&amp;#27;[32m&quot; &quot;&amp;#27;[0m&amp;#27;[32m&amp;#27;[1mnull&amp;#27;[0m&amp;#27;[32m&quot; &quot;&amp;#27;[0m&amp;#27;[32m&amp;#27;[1mnull&amp;#27;[0m&amp;#27;[32m&quot; &quot;&amp;#27;[0m&amp;#27;[32m&amp;#27;[1mnull&amp;#27;[0m&amp;#27;[32m&quot; &quot;&amp;#27;[0m&amp;#27;[32m&amp;#27;[1mnull&amp;#27;[0m&amp;#27;[32m&quot; &quot;&amp;#27;[0m&amp;#27;[32m&amp;#27;[1mnull&amp;#27;[0m&amp;#27;[32m&quot; &quot;&amp;#27;[0m&amp;#27;[32m&amp;#27;[1m1,682.64&amp;#27;[0m&amp;#27;[32m&quot; &quot;&amp;#27;[0m&amp;#27;[32m&amp;#27;[1m868.46&amp;#27;[0m&amp;#27;[32m&quot; &quot;&amp;#27;[0m&amp;#27;[32m&amp;#27;[1mnull&amp;#27;[0m&amp;#27;[32m&quot; &quot;&amp;#27;[0m&amp;#27;[32m&amp;#27;[1mnull&amp;#27;[0m&amp;#27;[32m&quot; &quot;&amp;#27;[0m&amp;#27;[32m&amp;#27;[1mnull&amp;#27;[0m&amp;#27;[32m&quot; &quot;&amp;#27;[0m&amp;#27;[32m&amp;#27;[1mnull&amp;#27;[0m&amp;#27;[32m&quot; &quot;&amp;#27;[0m&amp;#27;[32m&amp;#27;[1mnull&amp;#27;[0m&amp;#27;[32m&quot; &quot;&amp;#27;[0m&amp;#27;[32m&amp;#27;[1mnull&amp;#27;[0m&amp;#27;[32m&quot; &quot;&amp;#27;[0m&amp;#27;[32m&amp;#27;[1m1,682.64&amp;#27;[0m&amp;#27;[32m&quot; &quot;&amp;#27;[0m&amp;#27;[32m&amp;#27;[1m868.46&amp;#27;[0m&amp;#27;[32m&quot; &quot;&amp;#27;[0m&amp;#27;[32m&amp;#27;[1mnull&amp;#27;[0m&amp;#27;[32m&quot; &quot;&amp;#27;[0m&amp;#27;[32m&amp;#27;[1mnull&amp;#27;[0m&amp;#27;[32m&quot;&amp;#27;[0m &amp;#27;[90m# Steps.iVerifyOvertimeHoursAndAmount(String,String,String,String,String,String,String,String,String,String,String,String,String,String,String,String,String,String,String,String,String,String)&amp;#27;[0m
    &amp;#27;[32mAnd &amp;#27;[0m&amp;#27;[32mI Sign Out&amp;#27;[0m                                                                                                                                                                                               &amp;#27;[90m# Steps.iSignOut()&amp;#27;[0m
    &amp;#27;[32mAnd &amp;#27;[0m&amp;#27;[32mI Verify Successful Sign Out&amp;#27;[0m                                                                                                                                                                             &amp;#27;[90m# Steps.iVerifySuccessfulSignOut()&amp;#27;[0m
Unable to take screenshot
java.lang.NullPointerException
Text from source element: 16.75
Hours Work is good
Unable to take screenshot
java.lang.NullPointerException
Unable to take screenshot
java.lang.NullPointerException
Unable to take screenshot
java.lang.NullPointerException
Text from source element: 16.75
Text from source element: 4.00
Unable to take screenshot
java.lang.NullPointerException
OT 1.5 Day 1 value: 7.75
OT 1.5 Day 2 value: 4.00
OT 2.0 Day 1: No expected value provided. Skipping validation.
OT 2.0 Day 2: No expected value provided. Skipping validation.
OT 3.0 Day 1: No expected value provided. Skipping validation.
OT 3.0 Day 2: No expected value provided. Skipping validation.
OT SUN Day 1: No expected value provided. Skipping validation.
OT SUN Day 2: No expected value provided. Skipping validation.
OT PH Day 1: No expected value provided. Skipping validation.
OT PH Day 2: No expected value provided. Skipping validation.
Unable to take screenshot
java.lang.NullPointerException
Unable to take screenshot
java.lang.NullPointerException
OT 1.5 Day 1 value: 7.75
OT 1.5 Day 2 value: 4.00
OT 1.5 Amount Day 1: 1,260.87
OT 1.5 Amount Day 2: 650.77
OT 2.0 Day 1: No expected value provided. Skipping validation.
OT 2.0 Day 2: No expected value provided. Skipping validation.
OT 2.0 Amount Day 1: No expected value provided. Skipping validation.
OT 2.0 Amount Day 2: No expected value provided. Skipping validation.
OT 3.0 Day 1: No expected value provided. Skipping validation.
OT 3.0 Day 2: No expected value provided. Skipping validation.
OT 3.0 Amount Day 1: No expected value provided. Skipping validation.
OT 3.0 Amount Day 2: No expected value provided. Skipping validation.
OT SUN/PH Amount Day 1: No expected value provided. Skipping validation.
OT SUN/PH Amount Day 2: No expected value provided. Skipping validation.
Total OT Amount Day 1: 1,260.87
Total OT Amount Day 2: 650.77
Off Leave Hours Day 1: No expected value provided. Skipping validation.
Off Leave Hours Day 2: No expected value provided. Skipping validation.
Unable to take screenshot
java.lang.NullPointerException
Unable to take screenshot
java.lang.NullPointerException

  @Overtime_Amount_Scenarios @Main_feature @Overtime
  Scenario Outline: Overtime Calculations based on scenarios                                                                                                                                                     &amp;#27;[90m# features/Login.feature:122&amp;#27;[0m
    &amp;#27;[32mGiven &amp;#27;[0m&amp;#27;[32mI am on Eastern Test Env - Front &quot;&amp;#27;[0m&amp;#27;[32m&amp;#27;[1mChrome&amp;#27;[0m&amp;#27;[32m&quot;&amp;#27;[0m                                                                                                                                                              &amp;#27;[90m# Steps.iAmOnEasternTestEnvFront(String)&amp;#27;[0m
    &amp;#27;[32mAnd &amp;#27;[0m&amp;#27;[32mI Verify Login Page&amp;#27;[0m                                                                                                                                                                                      &amp;#27;[90m# Steps.iVerifyLoginPage()&amp;#27;[0m
    &amp;#27;[32mAnd &amp;#27;[0m&amp;#27;[32mI Sign In as HR &quot;&amp;#27;[0m&amp;#27;[32m&amp;#27;[1mAAA&amp;#27;[0m&amp;#27;[32m&quot; &quot;&amp;#27;[0m&amp;#27;[32m&amp;#27;[1mAdmin@123&amp;#27;[0m&amp;#27;[32m&quot;&amp;#27;[0m                                                                                                                                                                        &amp;#27;[90m# Steps.iSignInAsHR(String,String)&amp;#27;[0m
    &amp;#27;[32mAnd &amp;#27;[0m&amp;#27;[32mI Verify Successful Login&amp;#27;[0m                                                                                                                                                                                &amp;#27;[90m# Steps.iVerifySuccessfulLogin()&amp;#27;[0m
    &amp;#27;[32mAnd &amp;#27;[0m&amp;#27;[32mI Click on Human Resource&amp;#27;[0m                                                                                                                                                                                &amp;#27;[90m# Steps.iClickOnHumanResource()&amp;#27;[0m
    &amp;#27;[32mAnd &amp;#27;[0m&amp;#27;[32mI Click on Attendance&amp;#27;[0m                                                                                                                                                                                    &amp;#27;[90m# Steps.iClickOnAttendance()&amp;#27;[0m
    &amp;#27;[32mAnd &amp;#27;[0m&amp;#27;[32mI Click on Retrieve Attendance&amp;#27;[0m                                                                                                                                                                           &amp;#27;[90m# Steps.iClickOnRetrieveAttendance()&amp;#27;[0m
    &amp;#27;[32mAnd &amp;#27;[0m&amp;#27;[32mI Input Attendance Date &quot;&amp;#27;[0m&amp;#27;[32m&amp;#27;[1m21-Jan-2025&amp;#27;[0m&amp;#27;[32m&quot;&amp;#27;[0m                                                                                                                                                                    &amp;#27;[90m# Steps.iInputAttendanceDate(String)&amp;#27;[0m
    &amp;#27;[32mAnd &amp;#27;[0m&amp;#27;[32mI Select Employee Code &quot;&amp;#27;[0m&amp;#27;[32m&amp;#27;[1m039&amp;#27;[0m&amp;#27;[32m&quot;&amp;#27;[0m                                                                                                                                                                             &amp;#27;[90m# Steps.iSelectEmployeeCode(String)&amp;#27;[0m
    &amp;#27;[32mAnd &amp;#27;[0m&amp;#27;[32mI Click on Query Button&amp;#27;[0m                                                                                                                                                                                  &amp;#27;[90m# Steps.iClickOnQueryButton()&amp;#27;[0m
    &amp;#27;[32mAnd &amp;#27;[0m&amp;#27;[32mI Verify Hours Worked for Day one &quot;&amp;#27;[0m&amp;#27;[32m&amp;#27;[1m16.75&amp;#27;[0m&amp;#27;[32m&quot;&amp;#27;[0m                                                                                                                                                                &amp;#27;[90m# Steps.iVerifyHoursWorkedForDayOne(String)&amp;#27;[0m
    &amp;#27;[32mAnd &amp;#27;[0m&amp;#27;[32mI Click on Process Button&amp;#27;[0m                                                                                                                                                                                &amp;#27;[90m# Steps.iClickOnProcessButton()&amp;#27;[0m
    &amp;#27;[32mAnd &amp;#27;[0m&amp;#27;[32mI Verify Success Message for Process Attendance&amp;#27;[0m                                                                                                                                                          &amp;#27;[90m# Steps.iVerifySuccessMessageForProcessAttendance()&amp;#27;[0m
    &amp;#27;[32mAnd &amp;#27;[0m&amp;#27;[32mI Click on Attendance&amp;#27;[0m                                                                                                                                                                                    &amp;#27;[90m# Steps.iClickOnAttendance()&amp;#27;[0m
    &amp;#27;[32mAnd &amp;#27;[0m&amp;#27;[32mI Click on Manage Overtime Hours&amp;#27;[0m                                                                                                                                                                         &amp;#27;[90m# Steps.iClickOnManageOvertimeHours()&amp;#27;[0m
    &amp;#27;[32mAnd &amp;#27;[0m&amp;#27;[32mI Verify Manage Overtime Hours Page&amp;#27;[0m                                                                                                                                                                      &amp;#27;[90m# Steps.iVerifyManageOvertimeHoursPage()&amp;#27;[0m
    &amp;#27;[32mAnd &amp;#27;[0m&amp;#27;[32mI Select Company Name&amp;#27;[0m                                                                                                                                                                                    &amp;#27;[90m# Steps.iSelectCompanyName()&amp;#27;[0m
    &amp;#27;[32mAnd &amp;#27;[0m&amp;#27;[32mI Select Location &quot;&amp;#27;[0m&amp;#27;[32m&amp;#27;[1mAux&amp;#27;[0m&amp;#27;[32m&quot;&amp;#27;[0m                                                                                                                                                                                  &amp;#27;[90m# Steps.iSelectLocation(String)&amp;#27;[0m
    &amp;#27;[32mAnd &amp;#27;[0m&amp;#27;[32mI Select Employee Code &quot;&amp;#27;[0m&amp;#27;[32m&amp;#27;[1m039&amp;#27;[0m&amp;#27;[32m&quot;&amp;#27;[0m                                                                                                                                                                             &amp;#27;[90m# Steps.iSelectEmployeeCode(String)&amp;#27;[0m
    &amp;#27;[32mAnd &amp;#27;[0m&amp;#27;[32mI Input Date From and Date To &quot;&amp;#27;[0m&amp;#27;[32m&amp;#27;[1m21-Jan-2025&amp;#27;[0m&amp;#27;[32m&quot; &quot;&amp;#27;[0m&amp;#27;[32m&amp;#27;[1m22-Jan-2025&amp;#27;[0m&amp;#27;[32m&quot;&amp;#27;[0m                                                                                                                                                &amp;#27;[90m# Steps.iInputDateFromAndDateTo(String,String)&amp;#27;[0m
    &amp;#27;[32mAnd &amp;#27;[0m&amp;#27;[32mI Click on Query Overtime Hours&amp;#27;[0m                                                                                                                                                                          &amp;#27;[90m# Steps.iClickOnQueryOvertimeHours()&amp;#27;[0m
    &amp;#27;[32mAnd &amp;#27;[0m&amp;#27;[32mI Verify Hours Work in Manage OT &quot;&amp;#27;[0m&amp;#27;[32m&amp;#27;[1m16.75&amp;#27;[0m&amp;#27;[32m&quot; &quot;&amp;#27;[0m&amp;#27;[32m&amp;#27;[1m4.00&amp;#27;[0m&amp;#27;[32m&quot;&amp;#27;[0m                                                                                                                                                          &amp;#27;[90m# Steps.iVerifyHoursWorkInManageOT(String,String)&amp;#27;[0m
    &amp;#27;[32mAnd &amp;#27;[0m&amp;#27;[32mI Verify Overtime Hours Rate One Point Five &quot;&amp;#27;[0m&amp;#27;[32m&amp;#27;[1m7.75&amp;#27;[0m&amp;#27;[32m&quot; &quot;&amp;#27;[0m&amp;#27;[32m&amp;#27;[1m4.00&amp;#27;[0m&amp;#27;[32m&quot;&amp;#27;[0m                                                                                                                                                &amp;#27;[90m# Steps.iVerifyOvertimeHoursRateOnePointFive(String,String)&amp;#27;[0m
    &amp;#27;[32mAnd &amp;#27;[0m&amp;#27;[32mI Verify Overtime Hours Rate Two Point Zero &quot;&amp;#27;[0m&amp;#27;[32m&amp;#27;[1mnull&amp;#27;[0m&amp;#27;[32m&quot; &quot;&amp;#27;[0m&amp;#27;[32m&amp;#27;[1mnull&amp;#27;[0m&amp;#27;[32m&quot;&amp;#27;[0m                                                                                                                                                &amp;#27;[90m# Steps.iVerifyOvertimeHoursRateTwoPointZero(String,String)&amp;#27;[0m
    &amp;#27;[32mAnd &amp;#27;[0m&amp;#27;[32mI Verify Overtime Hours Rate Three Point Zero &quot;&amp;#27;[0m&amp;#27;[32m&amp;#27;[1mnull&amp;#27;[0m&amp;#27;[32m&quot; &quot;&amp;#27;[0m&amp;#27;[32m&amp;#27;[1mnull&amp;#27;[0m&amp;#27;[32m&quot;&amp;#27;[0m                                                                                                                                              &amp;#27;[90m# Steps.iVerifyOvertimeHoursRateThreePointZero(String,String)&amp;#27;[0m
    &amp;#27;[32mAnd &amp;#27;[0m&amp;#27;[32mI Verify Overtime Hours Rate Sunday &quot;&amp;#27;[0m&amp;#27;[32m&amp;#27;[1mnull&amp;#27;[0m&amp;#27;[32m&quot; &quot;&amp;#27;[0m&amp;#27;[32m&amp;#27;[1mnull&amp;#27;[0m&amp;#27;[32m&quot;&amp;#27;[0m                                                                                                                                                        &amp;#27;[90m# Steps.iVerifyOvertimeHoursRateSunday(String,String)&amp;#27;[0m
    &amp;#27;[32mAnd &amp;#27;[0m&amp;#27;[32mI Verify Overtime Hours Rate Public Holiday &quot;&amp;#27;[0m&amp;#27;[32m&amp;#27;[1mnull&amp;#27;[0m&amp;#27;[32m&quot; &quot;&amp;#27;[0m&amp;#27;[32m&amp;#27;[1mnull&amp;#27;[0m&amp;#27;[32m&quot;&amp;#27;[0m                                                                                                                                                &amp;#27;[90m# Steps.iVerifyOvertimeHoursRatePublicHoliday(String,String)&amp;#27;[0m
    &amp;#27;[32mAnd &amp;#27;[0m&amp;#27;[32mI Click on Save Button&amp;#27;[0m                                                                                                                                                                                   &amp;#27;[90m# Steps.iClickOnSaveButton()&amp;#27;[0m
    &amp;#27;[32mAnd &amp;#27;[0m&amp;#27;[32mI Verify Success Message for OT Saved&amp;#27;[0m                                                                                                                                                                    &amp;#27;[90m# Steps.iVerifySuccessMessageForOTSaved()&amp;#27;[0m
    &amp;#27;[32mAnd &amp;#27;[0m&amp;#27;[32mI Click on Attendance&amp;#27;[0m                                                                                                                                                                                    &amp;#27;[90m# Steps.iClickOnAttendance()&amp;#27;[0m
    &amp;#27;[32mAnd &amp;#27;[0m&amp;#27;[32mI Click on Manage Overtime Hours and Meals&amp;#27;[0m                                                                                                                                                               &amp;#27;[90m# Steps.iClickOnManageOvertimeHoursAndMeals()&amp;#27;[0m
    &amp;#27;[32mAnd &amp;#27;[0m&amp;#27;[32mI Verify Manage Overtime Hours and Meals Page&amp;#27;[0m                                                                                                                                                            &amp;#27;[90m# Steps.iVerifyManageOvertimeHoursAndMealsPage()&amp;#27;[0m
    &amp;#27;[32mAnd &amp;#27;[0m&amp;#27;[32mI Input Date From and Date To in Manage Overtime and Meals &quot;&amp;#27;[0m&amp;#27;[32m&amp;#27;[1m21-Jan-2025&amp;#27;[0m&amp;#27;[32m&quot; &quot;&amp;#27;[0m&amp;#27;[32m&amp;#27;[1m22-Jan-2025&amp;#27;[0m&amp;#27;[32m&quot;&amp;#27;[0m                                                                                                                   &amp;#27;[90m# Steps.iInputDateFromAndDateToInManageOvertimeAndMeals(String,String)&amp;#27;[0m
    &amp;#27;[32mAnd &amp;#27;[0m&amp;#27;[32mI Select Company Name&amp;#27;[0m                                                                                                                                                                                    &amp;#27;[90m# Steps.iSelectCompanyName()&amp;#27;[0m
    &amp;#27;[32mAnd &amp;#27;[0m&amp;#27;[32mI Select Location In Manage Overtime and Meals &quot;&amp;#27;[0m&amp;#27;[32m&amp;#27;[1mAux&amp;#27;[0m&amp;#27;[32m&quot;&amp;#27;[0m                                                                                                                                                     &amp;#27;[90m# Steps.iSelectLocationInManageOvertimeAndMeals(String)&amp;#27;[0m
    &amp;#27;[32mAnd &amp;#27;[0m&amp;#27;[32mI Select Employee Code In Manage Overtime and Meals &quot;&amp;#27;[0m&amp;#27;[32m&amp;#27;[1m039&amp;#27;[0m&amp;#27;[32m&quot;&amp;#27;[0m                                                                                                                                                &amp;#27;[90m# Steps.iSelectEmployeeCodeInManageOvertimeAndMeals(String)&amp;#27;[0m
    &amp;#27;[32mAnd &amp;#27;[0m&amp;#27;[32mI Click on Query Button&amp;#27;[0m                                                                                                                                                                                  &amp;#27;[90m# Steps.iClickOnQueryButton()&amp;#27;[0m
    &amp;#27;[32mAnd &amp;#27;[0m&amp;#27;[32mI Verify Overtime Hours and Amount &quot;&amp;#27;[0m&amp;#27;[32m&amp;#27;[1m7.75&amp;#27;[0m&amp;#27;[32m&quot; &quot;&amp;#27;[0m&amp;#27;[32m&amp;#27;[1m4.00&amp;#27;[0m&amp;#27;[32m&quot; &quot;&amp;#27;[0m&amp;#27;[32m&amp;#27;[1mnull&amp;#27;[0m&amp;#27;[32m&quot; &quot;&amp;#27;[0m&amp;#27;[32m&amp;#27;[1mnull&amp;#27;[0m&amp;#27;[32m&quot; &quot;&amp;#27;[0m&amp;#27;[32m&amp;#27;[1mnull&amp;#27;[0m&amp;#27;[32m&quot; &quot;&amp;#27;[0m&amp;#27;[32m&amp;#27;[1mnull&amp;#27;[0m&amp;#27;[32m&quot; &quot;&amp;#27;[0m&amp;#27;[32m&amp;#27;[1mnull&amp;#27;[0m&amp;#27;[32m&quot; &quot;&amp;#27;[0m&amp;#27;[32m&amp;#27;[1mnull&amp;#27;[0m&amp;#27;[32m&quot; &quot;&amp;#27;[0m&amp;#27;[32m&amp;#27;[1mnull&amp;#27;[0m&amp;#27;[32m&quot; &quot;&amp;#27;[0m&amp;#27;[32m&amp;#27;[1mnull&amp;#27;[0m&amp;#27;[32m&quot; &quot;&amp;#27;[0m&amp;#27;[32m&amp;#27;[1m1,260.87&amp;#27;[0m&amp;#27;[32m&quot; &quot;&amp;#27;[0m&amp;#27;[32m&amp;#27;[1m650.77&amp;#27;[0m&amp;#27;[32m&quot; &quot;&amp;#27;[0m&amp;#27;[32m&amp;#27;[1mnull&amp;#27;[0m&amp;#27;[32m&quot; &quot;&amp;#27;[0m&amp;#27;[32m&amp;#27;[1mnull&amp;#27;[0m&amp;#27;[32m&quot; &quot;&amp;#27;[0m&amp;#27;[32m&amp;#27;[1mnull&amp;#27;[0m&amp;#27;[32m&quot; &quot;&amp;#27;[0m&amp;#27;[32m&amp;#27;[1mnull&amp;#27;[0m&amp;#27;[32m&quot; &quot;&amp;#27;[0m&amp;#27;[32m&amp;#27;[1mnull&amp;#27;[0m&amp;#27;[32m&quot; &quot;&amp;#27;[0m&amp;#27;[32m&amp;#27;[1mnull&amp;#27;[0m&amp;#27;[32m&quot; &quot;&amp;#27;[0m&amp;#27;[32m&amp;#27;[1m1,260.87&amp;#27;[0m&amp;#27;[32m&quot; &quot;&amp;#27;[0m&amp;#27;[32m&amp;#27;[1m650.77&amp;#27;[0m&amp;#27;[32m&quot; &quot;&amp;#27;[0m&amp;#27;[32m&amp;#27;[1mnull&amp;#27;[0m&amp;#27;[32m&quot; &quot;&amp;#27;[0m&amp;#27;[32m&amp;#27;[1mnull&amp;#27;[0m&amp;#27;[32m&quot;&amp;#27;[0m &amp;#27;[90m# Steps.iVerifyOvertimeHoursAndAmount(String,String,String,String,String,String,String,String,String,String,String,String,String,String,String,String,String,String,String,String,String,String)&amp;#27;[0m
    &amp;#27;[32mAnd &amp;#27;[0m&amp;#27;[32mI Sign Out&amp;#27;[0m                                                                                                                                                                                               &amp;#27;[90m# Steps.iSignOut()&amp;#27;[0m
    &amp;#27;[32mAnd &amp;#27;[0m&amp;#27;[32mI Verify Successful Sign Out&amp;#27;[0m                                                                                                                                                                             &amp;#27;[90m# Steps.iVerifySuccessfulSignOut()&amp;#27;[0m
Unable to take screenshot
java.lang.NullPointerException
Text from source element: 16.75
Hours Work is good
Unable to take screenshot
java.lang.NullPointerException
Unable to take screenshot
java.lang.NullPointerException
Unable to take screenshot
java.lang.NullPointerException
Text from source element: 16.75
Text from source element: 2.00
Unable to take screenshot
java.lang.NullPointerException
OT 1.5 Day 1 value: 7.75
OT 1.5 Day 2 value: 2.00
OT 2.0 Day 1: No expected value provided. Skipping validation.
OT 2.0 Day 2: No expected value provided. Skipping validation.
OT 3.0 Day 1: No expected value provided. Skipping validation.
OT 3.0 Day 2: No expected value provided. Skipping validation.
OT SUN Day 1: No expected value provided. Skipping validation.
OT SUN Day 2: No expected value provided. Skipping validation.
OT PH Day 1: No expected value provided. Skipping validation.
OT PH Day 2: No expected value provided. Skipping validation.
Unable to take screenshot
java.lang.NullPointerException
Unable to take screenshot
java.lang.NullPointerException
OT 1.5 Day 1 value: 7.75
OT 1.5 Day 2 value: 2.00
OT 1.5 Amount Day 1: 1,682.64
OT 1.5 Amount Day 2: 434.23
OT 2.0 Day 1: No expected value provided. Skipping validation.
OT 2.0 Day 2: No expected value provided. Skipping validation.
OT 2.0 Amount Day 1: No expected value provided. Skipping validation.
OT 2.0 Amount Day 2: No expected value provided. Skipping validation.
OT 3.0 Day 1: No expected value provided. Skipping validation.
OT 3.0 Day 2: No expected value provided. Skipping validation.
OT 3.0 Amount Day 1: No expected value provided. Skipping validation.
OT 3.0 Amount Day 2: No expected value provided. Skipping validation.
OT SUN/PH Amount Day 1: No expected value provided. Skipping validation.
OT SUN/PH Amount Day 2: No expected value provided. Skipping validation.
Total OT Amount Day 1: 1,682.64
Total OT Amount Day 2: 434.23
Off Leave Hours Day 1: No expected value provided. Skipping validation.
Off Leave Hours Day 2: No expected value provided. Skipping validation.
Unable to take screenshot
java.lang.NullPointerException
Unable to take screenshot
java.lang.NullPointerException

  @Overtime_Amount_Scenarios @Main_feature @Overtime
  Scenario Outline: Overtime Calculations based on scenarios                                                                                                                                                     &amp;#27;[90m# features/Login.feature:123&amp;#27;[0m
    &amp;#27;[32mGiven &amp;#27;[0m&amp;#27;[32mI am on Eastern Test Env - Front &quot;&amp;#27;[0m&amp;#27;[32m&amp;#27;[1mChrome&amp;#27;[0m&amp;#27;[32m&quot;&amp;#27;[0m                                                                                                                                                              &amp;#27;[90m# Steps.iAmOnEasternTestEnvFront(String)&amp;#27;[0m
    &amp;#27;[32mAnd &amp;#27;[0m&amp;#27;[32mI Verify Login Page&amp;#27;[0m                                                                                                                                                                                      &amp;#27;[90m# Steps.iVerifyLoginPage()&amp;#27;[0m
    &amp;#27;[32mAnd &amp;#27;[0m&amp;#27;[32mI Sign In as HR &quot;&amp;#27;[0m&amp;#27;[32m&amp;#27;[1mAAA&amp;#27;[0m&amp;#27;[32m&quot; &quot;&amp;#27;[0m&amp;#27;[32m&amp;#27;[1mAdmin@123&amp;#27;[0m&amp;#27;[32m&quot;&amp;#27;[0m                                                                                                                                                                        &amp;#27;[90m# Steps.iSignInAsHR(String,String)&amp;#27;[0m
    &amp;#27;[32mAnd &amp;#27;[0m&amp;#27;[32mI Verify Successful Login&amp;#27;[0m                                                                                                                                                                                &amp;#27;[90m# Steps.iVerifySuccessfulLogin()&amp;#27;[0m
    &amp;#27;[32mAnd &amp;#27;[0m&amp;#27;[32mI Click on Human Resource&amp;#27;[0m                                                                                                                                                                                &amp;#27;[90m# Steps.iClickOnHumanResource()&amp;#27;[0m
    &amp;#27;[32mAnd &amp;#27;[0m&amp;#27;[32mI Click on Attendance&amp;#27;[0m                                                                                                                                                                                    &amp;#27;[90m# Steps.iClickOnAttendance()&amp;#27;[0m
    &amp;#27;[32mAnd &amp;#27;[0m&amp;#27;[32mI Click on Retrieve Attendance&amp;#27;[0m                                                                                                                                                                           &amp;#27;[90m# Steps.iClickOnRetrieveAttendance()&amp;#27;[0m
    &amp;#27;[32mAnd &amp;#27;[0m&amp;#27;[32mI Input Attendance Date &quot;&amp;#27;[0m&amp;#27;[32m&amp;#27;[1m05-Feb-2025&amp;#27;[0m&amp;#27;[32m&quot;&amp;#27;[0m                                                                                                                                                                    &amp;#27;[90m# Steps.iInputAttendanceDate(String)&amp;#27;[0m
    &amp;#27;[32mAnd &amp;#27;[0m&amp;#27;[32mI Select Employee Code &quot;&amp;#27;[0m&amp;#27;[32m&amp;#27;[1m75&amp;#27;[0m&amp;#27;[32m&quot;&amp;#27;[0m                                                                                                                                                                              &amp;#27;[90m# Steps.iSelectEmployeeCode(String)&amp;#27;[0m
    &amp;#27;[32mAnd &amp;#27;[0m&amp;#27;[32mI Click on Query Button&amp;#27;[0m                                                                                                                                                                                  &amp;#27;[90m# Steps.iClickOnQueryButton()&amp;#27;[0m
    &amp;#27;[32mAnd &amp;#27;[0m&amp;#27;[32mI Verify Hours Worked for Day one &quot;&amp;#27;[0m&amp;#27;[32m&amp;#27;[1m16.75&amp;#27;[0m&amp;#27;[32m&quot;&amp;#27;[0m                                                                                                                                                                &amp;#27;[90m# Steps.iVerifyHoursWorkedForDayOne(String)&amp;#27;[0m
    &amp;#27;[32mAnd &amp;#27;[0m&amp;#27;[32mI Click on Process Button&amp;#27;[0m                                                                                                                                                                                &amp;#27;[90m# Steps.iClickOnProcessButton()&amp;#27;[0m
    &amp;#27;[32mAnd &amp;#27;[0m&amp;#27;[32mI Verify Success Message for Process Attendance&amp;#27;[0m                                                                                                                                                          &amp;#27;[90m# Steps.iVerifySuccessMessageForProcessAttendance()&amp;#27;[0m
    &amp;#27;[32mAnd &amp;#27;[0m&amp;#27;[32mI Click on Attendance&amp;#27;[0m                                                                                                                                                                                    &amp;#27;[90m# Steps.iClickOnAttendance()&amp;#27;[0m
    &amp;#27;[32mAnd &amp;#27;[0m&amp;#27;[32mI Click on Manage Overtime Hours&amp;#27;[0m                                                                                                                                                                         &amp;#27;[90m# Steps.iClickOnManageOvertimeHours()&amp;#27;[0m
    &amp;#27;[32mAnd &amp;#27;[0m&amp;#27;[32mI Verify Manage Overtime Hours Page&amp;#27;[0m                                                                                                                                                                      &amp;#27;[90m# Steps.iVerifyManageOvertimeHoursPage()&amp;#27;[0m
    &amp;#27;[32mAnd &amp;#27;[0m&amp;#27;[32mI Select Company Name&amp;#27;[0m                                                                                                                                                                                    &amp;#27;[90m# Steps.iSelectCompanyName()&amp;#27;[0m
    &amp;#27;[32mAnd &amp;#27;[0m&amp;#27;[32mI Select Location &quot;&amp;#27;[0m&amp;#27;[32m&amp;#27;[1mAdm&amp;#27;[0m&amp;#27;[32m&quot;&amp;#27;[0m                                                                                                                                                                                  &amp;#27;[90m# Steps.iSelectLocation(String)&amp;#27;[0m
    &amp;#27;[32mAnd &amp;#27;[0m&amp;#27;[32mI Select Employee Code &quot;&amp;#27;[0m&amp;#27;[32m&amp;#27;[1m75&amp;#27;[0m&amp;#27;[32m&quot;&amp;#27;[0m                                                                                                                                                                              &amp;#27;[90m# Steps.iSelectEmployeeCode(String)&amp;#27;[0m
    &amp;#27;[32mAnd &amp;#27;[0m&amp;#27;[32mI Input Date From and Date To &quot;&amp;#27;[0m&amp;#27;[32m&amp;#27;[1m05-Feb-2025&amp;#27;[0m&amp;#27;[32m&quot; &quot;&amp;#27;[0m&amp;#27;[32m&amp;#27;[1m06-Feb-2025&amp;#27;[0m&amp;#27;[32m&quot;&amp;#27;[0m                                                                                                                                                &amp;#27;[90m# Steps.iInputDateFromAndDateTo(String,String)&amp;#27;[0m
    &amp;#27;[32mAnd &amp;#27;[0m&amp;#27;[32mI Click on Query Overtime Hours&amp;#27;[0m                                                                                                                                                                          &amp;#27;[90m# Steps.iClickOnQueryOvertimeHours()&amp;#27;[0m
    &amp;#27;[32mAnd &amp;#27;[0m&amp;#27;[32mI Verify Hours Work in Manage OT &quot;&amp;#27;[0m&amp;#27;[32m&amp;#27;[1m16.75&amp;#27;[0m&amp;#27;[32m&quot; &quot;&amp;#27;[0m&amp;#27;[32m&amp;#27;[1m2.00&amp;#27;[0m&amp;#27;[32m&quot;&amp;#27;[0m                                                                                                                                                          &amp;#27;[90m# Steps.iVerifyHoursWorkInManageOT(String,String)&amp;#27;[0m
    &amp;#27;[32mAnd &amp;#27;[0m&amp;#27;[32mI Verify Overtime Hours Rate One Point Five &quot;&amp;#27;[0m&amp;#27;[32m&amp;#27;[1m7.75&amp;#27;[0m&amp;#27;[32m&quot; &quot;&amp;#27;[0m&amp;#27;[32m&amp;#27;[1m2.00&amp;#27;[0m&amp;#27;[32m&quot;&amp;#27;[0m                                                                                                                                                &amp;#27;[90m# Steps.iVerifyOvertimeHoursRateOnePointFive(String,String)&amp;#27;[0m
    &amp;#27;[32mAnd &amp;#27;[0m&amp;#27;[32mI Verify Overtime Hours Rate Two Point Zero &quot;&amp;#27;[0m&amp;#27;[32m&amp;#27;[1mnull&amp;#27;[0m&amp;#27;[32m&quot; &quot;&amp;#27;[0m&amp;#27;[32m&amp;#27;[1mnull&amp;#27;[0m&amp;#27;[32m&quot;&amp;#27;[0m                                                                                                                                                &amp;#27;[90m# Steps.iVerifyOvertimeHoursRateTwoPointZero(String,String)&amp;#27;[0m
    &amp;#27;[32mAnd &amp;#27;[0m&amp;#27;[32mI Verify Overtime Hours Rate Three Point Zero &quot;&amp;#27;[0m&amp;#27;[32m&amp;#27;[1mnull&amp;#27;[0m&amp;#27;[32m&quot; &quot;&amp;#27;[0m&amp;#27;[32m&amp;#27;[1mnull&amp;#27;[0m&amp;#27;[32m&quot;&amp;#27;[0m                                                                                                                                              &amp;#27;[90m# Steps.iVerifyOvertimeHoursRateThreePointZero(String,String)&amp;#27;[0m
    &amp;#27;[32mAnd &amp;#27;[0m&amp;#27;[32mI Verify Overtime Hours Rate Sunday &quot;&amp;#27;[0m&amp;#27;[32m&amp;#27;[1mnull&amp;#27;[0m&amp;#27;[32m&quot; &quot;&amp;#27;[0m&amp;#27;[32m&amp;#27;[1mnull&amp;#27;[0m&amp;#27;[32m&quot;&amp;#27;[0m                                                                                                                                                        &amp;#27;[90m# Steps.iVerifyOvertimeHoursRateSunday(String,String)&amp;#27;[0m
    &amp;#27;[32mAnd &amp;#27;[0m&amp;#27;[32mI Verify Overtime Hours Rate Public Holiday &quot;&amp;#27;[0m&amp;#27;[32m&amp;#27;[1mnull&amp;#27;[0m&amp;#27;[32m&quot; &quot;&amp;#27;[0m&amp;#27;[32m&amp;#27;[1mnull&amp;#27;[0m&amp;#27;[32m&quot;&amp;#27;[0m                                                                                                                                                &amp;#27;[90m# Steps.iVerifyOvertimeHoursRatePublicHoliday(String,String)&amp;#27;[0m
    &amp;#27;[32mAnd &amp;#27;[0m&amp;#27;[32mI Click on Save Button&amp;#27;[0m                                                                                                                                                                                   &amp;#27;[90m# Steps.iClickOnSaveButton()&amp;#27;[0m
    &amp;#27;[32mAnd &amp;#27;[0m&amp;#27;[32mI Verify Success Message for OT Saved&amp;#27;[0m                                                                                                                                                                    &amp;#27;[90m# Steps.iVerifySuccessMessageForOTSaved()&amp;#27;[0m
    &amp;#27;[32mAnd &amp;#27;[0m&amp;#27;[32mI Click on Attendance&amp;#27;[0m                                                                                                                                                                                    &amp;#27;[90m# Steps.iClickOnAttendance()&amp;#27;[0m
    &amp;#27;[32mAnd &amp;#27;[0m&amp;#27;[32mI Click on Manage Overtime Hours and Meals&amp;#27;[0m                                                                                                                                                               &amp;#27;[90m# Steps.iClickOnManageOvertimeHoursAndMeals()&amp;#27;[0m
    &amp;#27;[32mAnd &amp;#27;[0m&amp;#27;[32mI Verify Manage Overtime Hours and Meals Page&amp;#27;[0m                                                                                                                                                            &amp;#27;[90m# Steps.iVerifyManageOvertimeHoursAndMealsPage()&amp;#27;[0m
    &amp;#27;[32mAnd &amp;#27;[0m&amp;#27;[32mI Input Date From and Date To in Manage Overtime and Meals &quot;&amp;#27;[0m&amp;#27;[32m&amp;#27;[1m05-Feb-2025&amp;#27;[0m&amp;#27;[32m&quot; &quot;&amp;#27;[0m&amp;#27;[32m&amp;#27;[1m06-Feb-2025&amp;#27;[0m&amp;#27;[32m&quot;&amp;#27;[0m                                                                                                                   &amp;#27;[90m# Steps.iInputDateFromAndDateToInManageOvertimeAndMeals(String,String)&amp;#27;[0m
    &amp;#27;[32mAnd &amp;#27;[0m&amp;#27;[32mI Select Company Name&amp;#27;[0m                                                                                                                                                                                    &amp;#27;[90m# Steps.iSelectCompanyName()&amp;#27;[0m
    &amp;#27;[32mAnd &amp;#27;[0m&amp;#27;[32mI Select Location In Manage Overtime and Meals &quot;&amp;#27;[0m&amp;#27;[32m&amp;#27;[1mAdm&amp;#27;[0m&amp;#27;[32m&quot;&amp;#27;[0m                                                                                                                                                     &amp;#27;[90m# Steps.iSelectLocationInManageOvertimeAndMeals(String)&amp;#27;[0m
    &amp;#27;[32mAnd &amp;#27;[0m&amp;#27;[32mI Select Employee Code In Manage Overtime and Meals &quot;&amp;#27;[0m&amp;#27;[32m&amp;#27;[1m75&amp;#27;[0m&amp;#27;[32m&quot;&amp;#27;[0m                                                                                                                                                 &amp;#27;[90m# Steps.iSelectEmployeeCodeInManageOvertimeAndMeals(String)&amp;#27;[0m
    &amp;#27;[32mAnd &amp;#27;[0m&amp;#27;[32mI Click on Query Button&amp;#27;[0m                                                                                                                                                                                  &amp;#27;[90m# Steps.iClickOnQueryButton()&amp;#27;[0m
    &amp;#27;[32mAnd &amp;#27;[0m&amp;#27;[32mI Verify Overtime Hours and Amount &quot;&amp;#27;[0m&amp;#27;[32m&amp;#27;[1m7.75&amp;#27;[0m&amp;#27;[32m&quot; &quot;&amp;#27;[0m&amp;#27;[32m&amp;#27;[1m2.00&amp;#27;[0m&amp;#27;[32m&quot; &quot;&amp;#27;[0m&amp;#27;[32m&amp;#27;[1mnull&amp;#27;[0m&amp;#27;[32m&quot; &quot;&amp;#27;[0m&amp;#27;[32m&amp;#27;[1mnull&amp;#27;[0m&amp;#27;[32m&quot; &quot;&amp;#27;[0m&amp;#27;[32m&amp;#27;[1mnull&amp;#27;[0m&amp;#27;[32m&quot; &quot;&amp;#27;[0m&amp;#27;[32m&amp;#27;[1mnull&amp;#27;[0m&amp;#27;[32m&quot; &quot;&amp;#27;[0m&amp;#27;[32m&amp;#27;[1mnull&amp;#27;[0m&amp;#27;[32m&quot; &quot;&amp;#27;[0m&amp;#27;[32m&amp;#27;[1mnull&amp;#27;[0m&amp;#27;[32m&quot; &quot;&amp;#27;[0m&amp;#27;[32m&amp;#27;[1mnull&amp;#27;[0m&amp;#27;[32m&quot; &quot;&amp;#27;[0m&amp;#27;[32m&amp;#27;[1mnull&amp;#27;[0m&amp;#27;[32m&quot; &quot;&amp;#27;[0m&amp;#27;[32m&amp;#27;[1m1,682.64&amp;#27;[0m&amp;#27;[32m&quot; &quot;&amp;#27;[0m&amp;#27;[32m&amp;#27;[1m434.23&amp;#27;[0m&amp;#27;[32m&quot; &quot;&amp;#27;[0m&amp;#27;[32m&amp;#27;[1mnull&amp;#27;[0m&amp;#27;[32m&quot; &quot;&amp;#27;[0m&amp;#27;[32m&amp;#27;[1mnull&amp;#27;[0m&amp;#27;[32m&quot; &quot;&amp;#27;[0m&amp;#27;[32m&amp;#27;[1mnull&amp;#27;[0m&amp;#27;[32m&quot; &quot;&amp;#27;[0m&amp;#27;[32m&amp;#27;[1mnull&amp;#27;[0m&amp;#27;[32m&quot; &quot;&amp;#27;[0m&amp;#27;[32m&amp;#27;[1mnull&amp;#27;[0m&amp;#27;[32m&quot; &quot;&amp;#27;[0m&amp;#27;[32m&amp;#27;[1mnull&amp;#27;[0m&amp;#27;[32m&quot; &quot;&amp;#27;[0m&amp;#27;[32m&amp;#27;[1m1,682.64&amp;#27;[0m&amp;#27;[32m&quot; &quot;&amp;#27;[0m&amp;#27;[32m&amp;#27;[1m434.23&amp;#27;[0m&amp;#27;[32m&quot; &quot;&amp;#27;[0m&amp;#27;[32m&amp;#27;[1mnull&amp;#27;[0m&amp;#27;[32m&quot; &quot;&amp;#27;[0m&amp;#27;[32m&amp;#27;[1mnull&amp;#27;[0m&amp;#27;[32m&quot;&amp;#27;[0m &amp;#27;[90m# Steps.iVerifyOvertimeHoursAndAmount(String,String,String,String,String,String,String,String,String,String,String,String,String,String,String,String,String,String,String,String,String,String)&amp;#27;[0m
    &amp;#27;[32mAnd &amp;#27;[0m&amp;#27;[32mI Sign Out&amp;#27;[0m                                                                                                                                                                                               &amp;#27;[90m# Steps.iSignOut()&amp;#27;[0m
    &amp;#27;[32mAnd &amp;#27;[0m&amp;#27;[32mI Verify Successful Sign Out&amp;#27;[0m                                                                                                                                                                             &amp;#27;[90m# Steps.iVerifySuccessfulSignOut()&amp;#27;[0m
Unable to take screenshot
java.lang.NullPointerException
Text from source element: 16.75
Hours Work is good
Unable to take screenshot
java.lang.NullPointerException
Unable to take screenshot
java.lang.NullPointerException
Unable to take screenshot
java.lang.NullPointerException
Text from source element: 16.75
Text from source element: 2.00
Unable to take screenshot
java.lang.NullPointerException
OT 1.5 Day 1 value: 7.75
OT 1.5 Day 2 value: 2.00
OT 2.0 Day 1: No expected value provided. Skipping validation.
OT 2.0 Day 2: No expected value provided. Skipping validation.
OT 3.0 Day 1: No expected value provided. Skipping validation.
OT 3.0 Day 2: No expected value provided. Skipping validation.
OT SUN Day 1: No expected value provided. Skipping validation.
OT SUN Day 2: No expected value provided. Skipping validation.
OT PH Day 1: No expected value provided. Skipping validation.
OT PH Day 2: No expected value provided. Skipping validation.
Unable to take screenshot
java.lang.NullPointerException
Unable to take screenshot
java.lang.NullPointerException
OT 1.5 Day 1 value: 7.75
OT 1.5 Day 2 value: 2.00
OT 1.5 Amount Day 1: 1,260.87
OT 1.5 Amount Day 2: 325.38
OT 2.0 Day 1: No expected value provided. Skipping validation.
OT 2.0 Day 2: No expected value provided. Skipping validation.
OT 2.0 Amount Day 1: No expected value provided. Skipping validation.
OT 2.0 Amount Day 2: No expected value provided. Skipping validation.
OT 3.0 Day 1: No expected value provided. Skipping validation.
OT 3.0 Day 2: No expected value provided. Skipping validation.
OT 3.0 Amount Day 1: No expected value provided. Skipping validation.
OT 3.0 Amount Day 2: No expected value provided. Skipping validation.
OT SUN/PH Amount Day 1: No expected value provided. Skipping validation.
OT SUN/PH Amount Day 2: No expected value provided. Skipping validation.
Total OT Amount Day 1: 1,260.87
Total OT Amount Day 2: 325.38
Off Leave Hours Day 1: No expected value provided. Skipping validation.
Off Leave Hours Day 2: No expected value provided. Skipping validation.
Unable to take screenshot
java.lang.NullPointerException
Unable to take screenshot
java.lang.NullPointerException

  @Overtime_Amount_Scenarios @Main_feature @Overtime
  Scenario Outline: Overtime Calculations based on scenarios                                                                                                                                                     &amp;#27;[90m# features/Login.feature:124&amp;#27;[0m
    &amp;#27;[32mGiven &amp;#27;[0m&amp;#27;[32mI am on Eastern Test Env - Front &quot;&amp;#27;[0m&amp;#27;[32m&amp;#27;[1mChrome&amp;#27;[0m&amp;#27;[32m&quot;&amp;#27;[0m                                                                                                                                                              &amp;#27;[90m# Steps.iAmOnEasternTestEnvFront(String)&amp;#27;[0m
    &amp;#27;[32mAnd &amp;#27;[0m&amp;#27;[32mI Verify Login Page&amp;#27;[0m                                                                                                                                                                                      &amp;#27;[90m# Steps.iVerifyLoginPage()&amp;#27;[0m
    &amp;#27;[32mAnd &amp;#27;[0m&amp;#27;[32mI Sign In as HR &quot;&amp;#27;[0m&amp;#27;[32m&amp;#27;[1mAAA&amp;#27;[0m&amp;#27;[32m&quot; &quot;&amp;#27;[0m&amp;#27;[32m&amp;#27;[1mAdmin@123&amp;#27;[0m&amp;#27;[32m&quot;&amp;#27;[0m                                                                                                                                                                        &amp;#27;[90m# Steps.iSignInAsHR(String,String)&amp;#27;[0m
    &amp;#27;[32mAnd &amp;#27;[0m&amp;#27;[32mI Verify Successful Login&amp;#27;[0m                                                                                                                                                                                &amp;#27;[90m# Steps.iVerifySuccessfulLogin()&amp;#27;[0m
    &amp;#27;[32mAnd &amp;#27;[0m&amp;#27;[32mI Click on Human Resource&amp;#27;[0m                                                                                                                                                                                &amp;#27;[90m# Steps.iClickOnHumanResource()&amp;#27;[0m
    &amp;#27;[32mAnd &amp;#27;[0m&amp;#27;[32mI Click on Attendance&amp;#27;[0m                                                                                                                                                                                    &amp;#27;[90m# Steps.iClickOnAttendance()&amp;#27;[0m
    &amp;#27;[32mAnd &amp;#27;[0m&amp;#27;[32mI Click on Retrieve Attendance&amp;#27;[0m                                                                                                                                                                           &amp;#27;[90m# Steps.iClickOnRetrieveAttendance()&amp;#27;[0m
    &amp;#27;[32mAnd &amp;#27;[0m&amp;#27;[32mI Input Attendance Date &quot;&amp;#27;[0m&amp;#27;[32m&amp;#27;[1m05-Feb-2025&amp;#27;[0m&amp;#27;[32m&quot;&amp;#27;[0m                                                                                                                                                                    &amp;#27;[90m# Steps.iInputAttendanceDate(String)&amp;#27;[0m
    &amp;#27;[32mAnd &amp;#27;[0m&amp;#27;[32mI Select Employee Code &quot;&amp;#27;[0m&amp;#27;[32m&amp;#27;[1m039&amp;#27;[0m&amp;#27;[32m&quot;&amp;#27;[0m                                                                                                                                                                             &amp;#27;[90m# Steps.iSelectEmployeeCode(String)&amp;#27;[0m
    &amp;#27;[32mAnd &amp;#27;[0m&amp;#27;[32mI Click on Query Button&amp;#27;[0m                                                                                                                                                                                  &amp;#27;[90m# Steps.iClickOnQueryButton()&amp;#27;[0m
    &amp;#27;[32mAnd &amp;#27;[0m&amp;#27;[32mI Verify Hours Worked for Day one &quot;&amp;#27;[0m&amp;#27;[32m&amp;#27;[1m16.75&amp;#27;[0m&amp;#27;[32m&quot;&amp;#27;[0m                                                                                                                                                                &amp;#27;[90m# Steps.iVerifyHoursWorkedForDayOne(String)&amp;#27;[0m
    &amp;#27;[32mAnd &amp;#27;[0m&amp;#27;[32mI Click on Process Button&amp;#27;[0m                                                                                                                                                                                &amp;#27;[90m# Steps.iClickOnProcessButton()&amp;#27;[0m
    &amp;#27;[32mAnd &amp;#27;[0m&amp;#27;[32mI Verify Success Message for Process Attendance&amp;#27;[0m                                                                                                                                                          &amp;#27;[90m# Steps.iVerifySuccessMessageForProcessAttendance()&amp;#27;[0m
    &amp;#27;[32mAnd &amp;#27;[0m&amp;#27;[32mI Click on Attendance&amp;#27;[0m                                                                                                                                                                                    &amp;#27;[90m# Steps.iClickOnAttendance()&amp;#27;[0m
    &amp;#27;[32mAnd &amp;#27;[0m&amp;#27;[32mI Click on Manage Overtime Hours&amp;#27;[0m                                                                                                                                                                         &amp;#27;[90m# Steps.iClickOnManageOvertimeHours()&amp;#27;[0m
    &amp;#27;[32mAnd &amp;#27;[0m&amp;#27;[32mI Verify Manage Overtime Hours Page&amp;#27;[0m                                                                                                                                                                      &amp;#27;[90m# Steps.iVerifyManageOvertimeHoursPage()&amp;#27;[0m
    &amp;#27;[32mAnd &amp;#27;[0m&amp;#27;[32mI Select Company Name&amp;#27;[0m                                                                                                                                                                                    &amp;#27;[90m# Steps.iSelectCompanyName()&amp;#27;[0m
    &amp;#27;[32mAnd &amp;#27;[0m&amp;#27;[32mI Select Location &quot;&amp;#27;[0m&amp;#27;[32m&amp;#27;[1mAux&amp;#27;[0m&amp;#27;[32m&quot;&amp;#27;[0m                                                                                                                                                                                  &amp;#27;[90m# Steps.iSelectLocation(String)&amp;#27;[0m
    &amp;#27;[32mAnd &amp;#27;[0m&amp;#27;[32mI Select Employee Code &quot;&amp;#27;[0m&amp;#27;[32m&amp;#27;[1m039&amp;#27;[0m&amp;#27;[32m&quot;&amp;#27;[0m                                                                                                                                                                             &amp;#27;[90m# Steps.iSelectEmployeeCode(String)&amp;#27;[0m
    &amp;#27;[32mAnd &amp;#27;[0m&amp;#27;[32mI Input Date From and Date To &quot;&amp;#27;[0m&amp;#27;[32m&amp;#27;[1m05-Feb-2025&amp;#27;[0m&amp;#27;[32m&quot; &quot;&amp;#27;[0m&amp;#27;[32m&amp;#27;[1m06-Feb-2025&amp;#27;[0m&amp;#27;[32m&quot;&amp;#27;[0m                                                                                                                                                &amp;#27;[90m# Steps.iInputDateFromAndDateTo(String,String)&amp;#27;[0m
    &amp;#27;[32mAnd &amp;#27;[0m&amp;#27;[32mI Click on Query Overtime Hours&amp;#27;[0m                                                                                                                                                                          &amp;#27;[90m# Steps.iClickOnQueryOvertimeHours()&amp;#27;[0m
    &amp;#27;[32mAnd &amp;#27;[0m&amp;#27;[32mI Verify Hours Work in Manage OT &quot;&amp;#27;[0m&amp;#27;[32m&amp;#27;[1m16.75&amp;#27;[0m&amp;#27;[32m&quot; &quot;&amp;#27;[0m&amp;#27;[32m&amp;#27;[1m2.00&amp;#27;[0m&amp;#27;[32m&quot;&amp;#27;[0m                                                                                                                                                          &amp;#27;[90m# Steps.iVerifyHoursWorkInManageOT(String,String)&amp;#27;[0m
    &amp;#27;[32mAnd &amp;#27;[0m&amp;#27;[32mI Verify Overtime Hours Rate One Point Five &quot;&amp;#27;[0m&amp;#27;[32m&amp;#27;[1m7.75&amp;#27;[0m&amp;#27;[32m&quot; &quot;&amp;#27;[0m&amp;#27;[32m&amp;#27;[1m2.00&amp;#27;[0m&amp;#27;[32m&quot;&amp;#27;[0m                                                                                                                                                &amp;#27;[90m# Steps.iVerifyOvertimeHoursRateOnePointFive(String,String)&amp;#27;[0m
    &amp;#27;[32mAnd &amp;#27;[0m&amp;#27;[32mI Verify Overtime Hours Rate Two Point Zero &quot;&amp;#27;[0m&amp;#27;[32m&amp;#27;[1mnull&amp;#27;[0m&amp;#27;[32m&quot; &quot;&amp;#27;[0m&amp;#27;[32m&amp;#27;[1mnull&amp;#27;[0m&amp;#27;[32m&quot;&amp;#27;[0m                                                                                                                                                &amp;#27;[90m# Steps.iVerifyOvertimeHoursRateTwoPointZero(String,String)&amp;#27;[0m
    &amp;#27;[32mAnd &amp;#27;[0m&amp;#27;[32mI Verify Overtime Hours Rate Three Point Zero &quot;&amp;#27;[0m&amp;#27;[32m&amp;#27;[1mnull&amp;#27;[0m&amp;#27;[32m&quot; &quot;&amp;#27;[0m&amp;#27;[32m&amp;#27;[1mnull&amp;#27;[0m&amp;#27;[32m&quot;&amp;#27;[0m                                                                                                                                              &amp;#27;[90m# Steps.iVerifyOvertimeHoursRateThreePointZero(String,String)&amp;#27;[0m
    &amp;#27;[32mAnd &amp;#27;[0m&amp;#27;[32mI Verify Overtime Hours Rate Sunday &quot;&amp;#27;[0m&amp;#27;[32m&amp;#27;[1mnull&amp;#27;[0m&amp;#27;[32m&quot; &quot;&amp;#27;[0m&amp;#27;[32m&amp;#27;[1mnull&amp;#27;[0m&amp;#27;[32m&quot;&amp;#27;[0m                                                                                                                                                        &amp;#27;[90m# Steps.iVerifyOvertimeHoursRateSunday(String,String)&amp;#27;[0m
    &amp;#27;[32mAnd &amp;#27;[0m&amp;#27;[32mI Verify Overtime Hours Rate Public Holiday &quot;&amp;#27;[0m&amp;#27;[32m&amp;#27;[1mnull&amp;#27;[0m&amp;#27;[32m&quot; &quot;&amp;#27;[0m&amp;#27;[32m&amp;#27;[1mnull&amp;#27;[0m&amp;#27;[32m&quot;&amp;#27;[0m                                                                                                                                                &amp;#27;[90m# Steps.iVerifyOvertimeHoursRatePublicHoliday(String,String)&amp;#27;[0m
    &amp;#27;[32mAnd &amp;#27;[0m&amp;#27;[32mI Click on Save Button&amp;#27;[0m                                                                                                                                                                                   &amp;#27;[90m# Steps.iClickOnSaveButton()&amp;#27;[0m
    &amp;#27;[32mAnd &amp;#27;[0m&amp;#27;[32mI Verify Success Message for OT Saved&amp;#27;[0m                                                                                                                                                                    &amp;#27;[90m# Steps.iVerifySuccessMessageForOTSaved()&amp;#27;[0m
    &amp;#27;[32mAnd &amp;#27;[0m&amp;#27;[32mI Click on Attendance&amp;#27;[0m                                                                                                                                                                                    &amp;#27;[90m# Steps.iClickOnAttendance()&amp;#27;[0m
    &amp;#27;[32mAnd &amp;#27;[0m&amp;#27;[32mI Click on Manage Overtime Hours and Meals&amp;#27;[0m                                                                                                                                                               &amp;#27;[90m# Steps.iClickOnManageOvertimeHoursAndMeals()&amp;#27;[0m
    &amp;#27;[32mAnd &amp;#27;[0m&amp;#27;[32mI Verify Manage Overtime Hours and Meals Page&amp;#27;[0m                                                                                                                                                            &amp;#27;[90m# Steps.iVerifyManageOvertimeHoursAndMealsPage()&amp;#27;[0m
    &amp;#27;[32mAnd &amp;#27;[0m&amp;#27;[32mI Input Date From and Date To in Manage Overtime and Meals &quot;&amp;#27;[0m&amp;#27;[32m&amp;#27;[1m05-Feb-2025&amp;#27;[0m&amp;#27;[32m&quot; &quot;&amp;#27;[0m&amp;#27;[32m&amp;#27;[1m06-Feb-2025&amp;#27;[0m&amp;#27;[32m&quot;&amp;#27;[0m                                                                                                                   &amp;#27;[90m# Steps.iInputDateFromAndDateToInManageOvertimeAndMeals(String,String)&amp;#27;[0m
    &amp;#27;[32mAnd &amp;#27;[0m&amp;#27;[32mI Select Company Name&amp;#27;[0m                                                                                                                                                                                    &amp;#27;[90m# Steps.iSelectCompanyName()&amp;#27;[0m
    &amp;#27;[32mAnd &amp;#27;[0m&amp;#27;[32mI Select Location In Manage Overtime and Meals &quot;&amp;#27;[0m&amp;#27;[32m&amp;#27;[1mAux&amp;#27;[0m&amp;#27;[32m&quot;&amp;#27;[0m                                                                                                                                                     &amp;#27;[90m# Steps.iSelectLocationInManageOvertimeAndMeals(String)&amp;#27;[0m
    &amp;#27;[32mAnd &amp;#27;[0m&amp;#27;[32mI Select Employee Code In Manage Overtime and Meals &quot;&amp;#27;[0m&amp;#27;[32m&amp;#27;[1m039&amp;#27;[0m&amp;#27;[32m&quot;&amp;#27;[0m                                                                                                                                                &amp;#27;[90m# Steps.iSelectEmployeeCodeInManageOvertimeAndMeals(String)&amp;#27;[0m
    &amp;#27;[32mAnd &amp;#27;[0m&amp;#27;[32mI Click on Query Button&amp;#27;[0m                                                                                                                                                                                  &amp;#27;[90m# Steps.iClickOnQueryButton()&amp;#27;[0m
    &amp;#27;[32mAnd &amp;#27;[0m&amp;#27;[32mI Verify Overtime Hours and Amount &quot;&amp;#27;[0m&amp;#27;[32m&amp;#27;[1m7.75&amp;#27;[0m&amp;#27;[32m&quot; &quot;&amp;#27;[0m&amp;#27;[32m&amp;#27;[1m2.00&amp;#27;[0m&amp;#27;[32m&quot; &quot;&amp;#27;[0m&amp;#27;[32m&amp;#27;[1mnull&amp;#27;[0m&amp;#27;[32m&quot; &quot;&amp;#27;[0m&amp;#27;[32m&amp;#27;[1mnull&amp;#27;[0m&amp;#27;[32m&quot; &quot;&amp;#27;[0m&amp;#27;[32m&amp;#27;[1mnull&amp;#27;[0m&amp;#27;[32m&quot; &quot;&amp;#27;[0m&amp;#27;[32m&amp;#27;[1mnull&amp;#27;[0m&amp;#27;[32m&quot; &quot;&amp;#27;[0m&amp;#27;[32m&amp;#27;[1mnull&amp;#27;[0m&amp;#27;[32m&quot; &quot;&amp;#27;[0m&amp;#27;[32m&amp;#27;[1mnull&amp;#27;[0m&amp;#27;[32m&quot; &quot;&amp;#27;[0m&amp;#27;[32m&amp;#27;[1mnull&amp;#27;[0m&amp;#27;[32m&quot; &quot;&amp;#27;[0m&amp;#27;[32m&amp;#27;[1mnull&amp;#27;[0m&amp;#27;[32m&quot; &quot;&amp;#27;[0m&amp;#27;[32m&amp;#27;[1m1,260.87&amp;#27;[0m&amp;#27;[32m&quot; &quot;&amp;#27;[0m&amp;#27;[32m&amp;#27;[1m325.38&amp;#27;[0m&amp;#27;[32m&quot; &quot;&amp;#27;[0m&amp;#27;[32m&amp;#27;[1mnull&amp;#27;[0m&amp;#27;[32m&quot; &quot;&amp;#27;[0m&amp;#27;[32m&amp;#27;[1mnull&amp;#27;[0m&amp;#27;[32m&quot; &quot;&amp;#27;[0m&amp;#27;[32m&amp;#27;[1mnull&amp;#27;[0m&amp;#27;[32m&quot; &quot;&amp;#27;[0m&amp;#27;[32m&amp;#27;[1mnull&amp;#27;[0m&amp;#27;[32m&quot; &quot;&amp;#27;[0m&amp;#27;[32m&amp;#27;[1mnull&amp;#27;[0m&amp;#27;[32m&quot; &quot;&amp;#27;[0m&amp;#27;[32m&amp;#27;[1mnull&amp;#27;[0m&amp;#27;[32m&quot; &quot;&amp;#27;[0m&amp;#27;[32m&amp;#27;[1m1,260.87&amp;#27;[0m&amp;#27;[32m&quot; &quot;&amp;#27;[0m&amp;#27;[32m&amp;#27;[1m325.38&amp;#27;[0m&amp;#27;[32m&quot; &quot;&amp;#27;[0m&amp;#27;[32m&amp;#27;[1mnull&amp;#27;[0m&amp;#27;[32m&quot; &quot;&amp;#27;[0m&amp;#27;[32m&amp;#27;[1mnull&amp;#27;[0m&amp;#27;[32m&quot;&amp;#27;[0m &amp;#27;[90m# Steps.iVerifyOvertimeHoursAndAmount(String,String,String,String,String,String,String,String,String,String,String,String,String,String,String,String,String,String,String,String,String,String)&amp;#27;[0m
    &amp;#27;[32mAnd &amp;#27;[0m&amp;#27;[32mI Sign Out&amp;#27;[0m                                                                                                                                                                                               &amp;#27;[90m# Steps.iSignOut()&amp;#27;[0m
    &amp;#27;[32mAnd &amp;#27;[0m&amp;#27;[32mI Verify Successful Sign Out&amp;#27;[0m                                                                                                                                                                             &amp;#27;[90m# Steps.iVerifySuccessfulSignOut()&amp;#27;[0m
Unable to take screenshot
java.lang.NullPointerException
Text from source element: 16.75
Hours Work is good
Unable to take screenshot
java.lang.NullPointerException
Unable to take screenshot
java.lang.NullPointerException
Unable to take screenshot
java.lang.NullPointerException
Text from source element: 16.75
Text from source element: 2.00
Unable to take screenshot
java.lang.NullPointerException
OT 1.5 Day 1 value: 7.75
OT 1.5 Day 2 value: 2.00
OT 2.0 Day 1: No expected value provided. Skipping validation.
OT 2.0 Day 2: No expected value provided. Skipping validation.
OT 3.0 Day 1: No expected value provided. Skipping validation.
OT 3.0 Day 2: No expected value provided. Skipping validation.
OT SUN Day 1: No expected value provided. Skipping validation.
OT SUN Day 2: No expected value provided. Skipping validation.
OT PH Day 1: No expected value provided. Skipping validation.
OT PH Day 2: No expected value provided. Skipping validation.
Unable to take screenshot
java.lang.NullPointerException
Unable to take screenshot
java.lang.NullPointerException
OT 1.5 Day 1 value: 7.75
OT 1.5 Day 2 value: 2.00
OT 1.5 Amount Day 1: 2,125.29
OT 1.5 Amount Day 2: 548.46
OT 2.0 Day 1: No expected value provided. Skipping validation.
OT 2.0 Day 2: No expected value provided. Skipping validation.
OT 2.0 Amount Day 1: No expected value provided. Skipping validation.
OT 2.0 Amount Day 2: No expected value provided. Skipping validation.
OT 3.0 Day 1: No expected value provided. Skipping validation.
OT 3.0 Day 2: No expected value provided. Skipping validation.
OT 3.0 Amount Day 1: No expected value provided. Skipping validation.
OT 3.0 Amount Day 2: No expected value provided. Skipping validation.
OT SUN/PH Amount Day 1: No expected value provided. Skipping validation.
OT SUN/PH Amount Day 2: No expected value provided. Skipping validation.
Total OT Amount Day 1: 2,125.29
Total OT Amount Day 2: 548.46
Off Leave Hours Day 1: No expected value provided. Skipping validation.
Off Leave Hours Day 2: No expected value provided. Skipping validation.
Unable to take screenshot
java.lang.NullPointerException
Unable to take screenshot
java.lang.NullPointerException

  @Overtime_Amount_Scenarios @Main_feature @Overtime
  Scenario Outline: Overtime Calculations based on scenarios                                                                                                                                                     &amp;#27;[90m# features/Login.feature:125&amp;#27;[0m
    &amp;#27;[32mGiven &amp;#27;[0m&amp;#27;[32mI am on Eastern Test Env - Front &quot;&amp;#27;[0m&amp;#27;[32m&amp;#27;[1mChrome&amp;#27;[0m&amp;#27;[32m&quot;&amp;#27;[0m                                                                                                                                                              &amp;#27;[90m# Steps.iAmOnEasternTestEnvFront(String)&amp;#27;[0m
    &amp;#27;[32mAnd &amp;#27;[0m&amp;#27;[32mI Verify Login Page&amp;#27;[0m                                                                                                                                                                                      &amp;#27;[90m# Steps.iVerifyLoginPage()&amp;#27;[0m
    &amp;#27;[32mAnd &amp;#27;[0m&amp;#27;[32mI Sign In as HR &quot;&amp;#27;[0m&amp;#27;[32m&amp;#27;[1mAAA&amp;#27;[0m&amp;#27;[32m&quot; &quot;&amp;#27;[0m&amp;#27;[32m&amp;#27;[1mAdmin@123&amp;#27;[0m&amp;#27;[32m&quot;&amp;#27;[0m                                                                                                                                                                        &amp;#27;[90m# Steps.iSignInAsHR(String,String)&amp;#27;[0m
    &amp;#27;[32mAnd &amp;#27;[0m&amp;#27;[32mI Verify Successful Login&amp;#27;[0m                                                                                                                                                                                &amp;#27;[90m# Steps.iVerifySuccessfulLogin()&amp;#27;[0m
    &amp;#27;[32mAnd &amp;#27;[0m&amp;#27;[32mI Click on Human Resource&amp;#27;[0m                                                                                                                                                                                &amp;#27;[90m# Steps.iClickOnHumanResource()&amp;#27;[0m
    &amp;#27;[32mAnd &amp;#27;[0m&amp;#27;[32mI Click on Attendance&amp;#27;[0m                                                                                                                                                                                    &amp;#27;[90m# Steps.iClickOnAttendance()&amp;#27;[0m
    &amp;#27;[32mAnd &amp;#27;[0m&amp;#27;[32mI Click on Retrieve Attendance&amp;#27;[0m                                                                                                                                                                           &amp;#27;[90m# Steps.iClickOnRetrieveAttendance()&amp;#27;[0m
    &amp;#27;[32mAnd &amp;#27;[0m&amp;#27;[32mI Input Attendance Date &quot;&amp;#27;[0m&amp;#27;[32m&amp;#27;[1m05-Feb-2025&amp;#27;[0m&amp;#27;[32m&quot;&amp;#27;[0m                                                                                                                                                                    &amp;#27;[90m# Steps.iInputAttendanceDate(String)&amp;#27;[0m
    &amp;#27;[32mAnd &amp;#27;[0m&amp;#27;[32mI Select Employee Code &quot;&amp;#27;[0m&amp;#27;[32m&amp;#27;[1m009&amp;#27;[0m&amp;#27;[32m&quot;&amp;#27;[0m                                                                                                                                                                             &amp;#27;[90m# Steps.iSelectEmployeeCode(String)&amp;#27;[0m
    &amp;#27;[32mAnd &amp;#27;[0m&amp;#27;[32mI Click on Query Button&amp;#27;[0m                                                                                                                                                                                  &amp;#27;[90m# Steps.iClickOnQueryButton()&amp;#27;[0m
    &amp;#27;[32mAnd &amp;#27;[0m&amp;#27;[32mI Verify Hours Worked for Day one &quot;&amp;#27;[0m&amp;#27;[32m&amp;#27;[1m16.75&amp;#27;[0m&amp;#27;[32m&quot;&amp;#27;[0m                                                                                                                                                                &amp;#27;[90m# Steps.iVerifyHoursWorkedForDayOne(String)&amp;#27;[0m
    &amp;#27;[32mAnd &amp;#27;[0m&amp;#27;[32mI Click on Process Button&amp;#27;[0m                                                                                                                                                                                &amp;#27;[90m# Steps.iClickOnProcessButton()&amp;#27;[0m
    &amp;#27;[32mAnd &amp;#27;[0m&amp;#27;[32mI Verify Success Message for Process Attendance&amp;#27;[0m                                                                                                                                                          &amp;#27;[90m# Steps.iVerifySuccessMessageForProcessAttendance()&amp;#27;[0m
    &amp;#27;[32mAnd &amp;#27;[0m&amp;#27;[32mI Click on Attendance&amp;#27;[0m                                                                                                                                                                                    &amp;#27;[90m# Steps.iClickOnAttendance()&amp;#27;[0m
    &amp;#27;[32mAnd &amp;#27;[0m&amp;#27;[32mI Click on Manage Overtime Hours&amp;#27;[0m                                                                                                                                                                         &amp;#27;[90m# Steps.iClickOnManageOvertimeHours()&amp;#27;[0m
    &amp;#27;[32mAnd &amp;#27;[0m&amp;#27;[32mI Verify Manage Overtime Hours Page&amp;#27;[0m                                                                                                                                                                      &amp;#27;[90m# Steps.iVerifyManageOvertimeHoursPage()&amp;#27;[0m
    &amp;#27;[32mAnd &amp;#27;[0m&amp;#27;[32mI Select Company Name&amp;#27;[0m                                                                                                                                                                                    &amp;#27;[90m# Steps.iSelectCompanyName()&amp;#27;[0m
    &amp;#27;[32mAnd &amp;#27;[0m&amp;#27;[32mI Select Location &quot;&amp;#27;[0m&amp;#27;[32m&amp;#27;[1mAdm&amp;#27;[0m&amp;#27;[32m&quot;&amp;#27;[0m                                                                                                                                                                                  &amp;#27;[90m# Steps.iSelectLocation(String)&amp;#27;[0m
    &amp;#27;[32mAnd &amp;#27;[0m&amp;#27;[32mI Select Employee Code &quot;&amp;#27;[0m&amp;#27;[32m&amp;#27;[1m009&amp;#27;[0m&amp;#27;[32m&quot;&amp;#27;[0m                                                                                                                                                                             &amp;#27;[90m# Steps.iSelectEmployeeCode(String)&amp;#27;[0m
    &amp;#27;[32mAnd &amp;#27;[0m&amp;#27;[32mI Input Date From and Date To &quot;&amp;#27;[0m&amp;#27;[32m&amp;#27;[1m05-Feb-2025&amp;#27;[0m&amp;#27;[32m&quot; &quot;&amp;#27;[0m&amp;#27;[32m&amp;#27;[1m06-Feb-2025&amp;#27;[0m&amp;#27;[32m&quot;&amp;#27;[0m                                                                                                                                                &amp;#27;[90m# Steps.iInputDateFromAndDateTo(String,String)&amp;#27;[0m
    &amp;#27;[32mAnd &amp;#27;[0m&amp;#27;[32mI Click on Query Overtime Hours&amp;#27;[0m                                                                                                                                                                          &amp;#27;[90m# Steps.iClickOnQueryOvertimeHours()&amp;#27;[0m
    &amp;#27;[32mAnd &amp;#27;[0m&amp;#27;[32mI Verify Hours Work in Manage OT &quot;&amp;#27;[0m&amp;#27;[32m&amp;#27;[1m16.75&amp;#27;[0m&amp;#27;[32m&quot; &quot;&amp;#27;[0m&amp;#27;[32m&amp;#27;[1m2.00&amp;#27;[0m&amp;#27;[32m&quot;&amp;#27;[0m                                                                                                                                                          &amp;#27;[90m# Steps.iVerifyHoursWorkInManageOT(String,String)&amp;#27;[0m
    &amp;#27;[32mAnd &amp;#27;[0m&amp;#27;[32mI Verify Overtime Hours Rate One Point Five &quot;&amp;#27;[0m&amp;#27;[32m&amp;#27;[1m7.75&amp;#27;[0m&amp;#27;[32m&quot; &quot;&amp;#27;[0m&amp;#27;[32m&amp;#27;[1m2.00&amp;#27;[0m&amp;#27;[32m&quot;&amp;#27;[0m                                                                                                                                                &amp;#27;[90m# Steps.iVerifyOvertimeHoursRateOnePointFive(String,String)&amp;#27;[0m
    &amp;#27;[32mAnd &amp;#27;[0m&amp;#27;[32mI Verify Overtime Hours Rate Two Point Zero &quot;&amp;#27;[0m&amp;#27;[32m&amp;#27;[1mnull&amp;#27;[0m&amp;#27;[32m&quot; &quot;&amp;#27;[0m&amp;#27;[32m&amp;#27;[1mnull&amp;#27;[0m&amp;#27;[32m&quot;&amp;#27;[0m                                                                                                                                                &amp;#27;[90m# Steps.iVerifyOvertimeHoursRateTwoPointZero(String,String)&amp;#27;[0m
    &amp;#27;[32mAnd &amp;#27;[0m&amp;#27;[32mI Verify Overtime Hours Rate Three Point Zero &quot;&amp;#27;[0m&amp;#27;[32m&amp;#27;[1mnull&amp;#27;[0m&amp;#27;[32m&quot; &quot;&amp;#27;[0m&amp;#27;[32m&amp;#27;[1mnull&amp;#27;[0m&amp;#27;[32m&quot;&amp;#27;[0m                                                                                                                                              &amp;#27;[90m# Steps.iVerifyOvertimeHoursRateThreePointZero(String,String)&amp;#27;[0m
    &amp;#27;[32mAnd &amp;#27;[0m&amp;#27;[32mI Verify Overtime Hours Rate Sunday &quot;&amp;#27;[0m&amp;#27;[32m&amp;#27;[1mnull&amp;#27;[0m&amp;#27;[32m&quot; &quot;&amp;#27;[0m&amp;#27;[32m&amp;#27;[1mnull&amp;#27;[0m&amp;#27;[32m&quot;&amp;#27;[0m                                                                                                                                                        &amp;#27;[90m# Steps.iVerifyOvertimeHoursRateSunday(String,String)&amp;#27;[0m
    &amp;#27;[32mAnd &amp;#27;[0m&amp;#27;[32mI Verify Overtime Hours Rate Public Holiday &quot;&amp;#27;[0m&amp;#27;[32m&amp;#27;[1mnull&amp;#27;[0m&amp;#27;[32m&quot; &quot;&amp;#27;[0m&amp;#27;[32m&amp;#27;[1mnull&amp;#27;[0m&amp;#27;[32m&quot;&amp;#27;[0m                                                                                                                                                &amp;#27;[90m# Steps.iVerifyOvertimeHoursRatePublicHoliday(String,String)&amp;#27;[0m
    &amp;#27;[32mAnd &amp;#27;[0m&amp;#27;[32mI Click on Save Button&amp;#27;[0m                                                                                                                                                                                   &amp;#27;[90m# Steps.iClickOnSaveButton()&amp;#27;[0m
    &amp;#27;[32mAnd &amp;#27;[0m&amp;#27;[32mI Verify Success Message for OT Saved&amp;#27;[0m                                                                                                                                                                    &amp;#27;[90m# Steps.iVerifySuccessMessageForOTSaved()&amp;#27;[0m
    &amp;#27;[32mAnd &amp;#27;[0m&amp;#27;[32mI Click on Attendance&amp;#27;[0m                                                                                                                                                                                    &amp;#27;[90m# Steps.iClickOnAttendance()&amp;#27;[0m
    &amp;#27;[32mAnd &amp;#27;[0m&amp;#27;[32mI Click on Manage Overtime Hours and Meals&amp;#27;[0m                                                                                                                                                               &amp;#27;[90m# Steps.iClickOnManageOvertimeHoursAndMeals()&amp;#27;[0m
    &amp;#27;[32mAnd &amp;#27;[0m&amp;#27;[32mI Verify Manage Overtime Hours and Meals Page&amp;#27;[0m                                                                                                                                                            &amp;#27;[90m# Steps.iVerifyManageOvertimeHoursAndMealsPage()&amp;#27;[0m
    &amp;#27;[32mAnd &amp;#27;[0m&amp;#27;[32mI Input Date From and Date To in Manage Overtime and Meals &quot;&amp;#27;[0m&amp;#27;[32m&amp;#27;[1m05-Feb-2025&amp;#27;[0m&amp;#27;[32m&quot; &quot;&amp;#27;[0m&amp;#27;[32m&amp;#27;[1m06-Feb-2025&amp;#27;[0m&amp;#27;[32m&quot;&amp;#27;[0m                                                                                                                   &amp;#27;[90m# Steps.iInputDateFromAndDateToInManageOvertimeAndMeals(String,String)&amp;#27;[0m
    &amp;#27;[32mAnd &amp;#27;[0m&amp;#27;[32mI Select Company Name&amp;#27;[0m                                                                                                                                                                                    &amp;#27;[90m# Steps.iSelectCompanyName()&amp;#27;[0m
    &amp;#27;[32mAnd &amp;#27;[0m&amp;#27;[32mI Select Location In Manage Overtime and Meals &quot;&amp;#27;[0m&amp;#27;[32m&amp;#27;[1mAdm&amp;#27;[0m&amp;#27;[32m&quot;&amp;#27;[0m                                                                                                                                                     &amp;#27;[90m# Steps.iSelectLocationInManageOvertimeAndMeals(String)&amp;#27;[0m
    &amp;#27;[32mAnd &amp;#27;[0m&amp;#27;[32mI Select Employee Code In Manage Overtime and Meals &quot;&amp;#27;[0m&amp;#27;[32m&amp;#27;[1m009&amp;#27;[0m&amp;#27;[32m&quot;&amp;#27;[0m                                                                                                                                                &amp;#27;[90m# Steps.iSelectEmployeeCodeInManageOvertimeAndMeals(String)&amp;#27;[0m
    &amp;#27;[32mAnd &amp;#27;[0m&amp;#27;[32mI Click on Query Button&amp;#27;[0m                                                                                                                                                                                  &amp;#27;[90m# Steps.iClickOnQueryButton()&amp;#27;[0m
    &amp;#27;[32mAnd &amp;#27;[0m&amp;#27;[32mI Verify Overtime Hours and Amount &quot;&amp;#27;[0m&amp;#27;[32m&amp;#27;[1m7.75&amp;#27;[0m&amp;#27;[32m&quot; &quot;&amp;#27;[0m&amp;#27;[32m&amp;#27;[1m2.00&amp;#27;[0m&amp;#27;[32m&quot; &quot;&amp;#27;[0m&amp;#27;[32m&amp;#27;[1mnull&amp;#27;[0m&amp;#27;[32m&quot; &quot;&amp;#27;[0m&amp;#27;[32m&amp;#27;[1mnull&amp;#27;[0m&amp;#27;[32m&quot; &quot;&amp;#27;[0m&amp;#27;[32m&amp;#27;[1mnull&amp;#27;[0m&amp;#27;[32m&quot; &quot;&amp;#27;[0m&amp;#27;[32m&amp;#27;[1mnull&amp;#27;[0m&amp;#27;[32m&quot; &quot;&amp;#27;[0m&amp;#27;[32m&amp;#27;[1mnull&amp;#27;[0m&amp;#27;[32m&quot; &quot;&amp;#27;[0m&amp;#27;[32m&amp;#27;[1mnull&amp;#27;[0m&amp;#27;[32m&quot; &quot;&amp;#27;[0m&amp;#27;[32m&amp;#27;[1mnull&amp;#27;[0m&amp;#27;[32m&quot; &quot;&amp;#27;[0m&amp;#27;[32m&amp;#27;[1mnull&amp;#27;[0m&amp;#27;[32m&quot; &quot;&amp;#27;[0m&amp;#27;[32m&amp;#27;[1m2,125.29&amp;#27;[0m&amp;#27;[32m&quot; &quot;&amp;#27;[0m&amp;#27;[32m&amp;#27;[1m548.46&amp;#27;[0m&amp;#27;[32m&quot; &quot;&amp;#27;[0m&amp;#27;[32m&amp;#27;[1mnull&amp;#27;[0m&amp;#27;[32m&quot; &quot;&amp;#27;[0m&amp;#27;[32m&amp;#27;[1mnull&amp;#27;[0m&amp;#27;[32m&quot; &quot;&amp;#27;[0m&amp;#27;[32m&amp;#27;[1mnull&amp;#27;[0m&amp;#27;[32m&quot; &quot;&amp;#27;[0m&amp;#27;[32m&amp;#27;[1mnull&amp;#27;[0m&amp;#27;[32m&quot; &quot;&amp;#27;[0m&amp;#27;[32m&amp;#27;[1mnull&amp;#27;[0m&amp;#27;[32m&quot; &quot;&amp;#27;[0m&amp;#27;[32m&amp;#27;[1mnull&amp;#27;[0m&amp;#27;[32m&quot; &quot;&amp;#27;[0m&amp;#27;[32m&amp;#27;[1m2,125.29&amp;#27;[0m&amp;#27;[32m&quot; &quot;&amp;#27;[0m&amp;#27;[32m&amp;#27;[1m548.46&amp;#27;[0m&amp;#27;[32m&quot; &quot;&amp;#27;[0m&amp;#27;[32m&amp;#27;[1mnull&amp;#27;[0m&amp;#27;[32m&quot; &quot;&amp;#27;[0m&amp;#27;[32m&amp;#27;[1mnull&amp;#27;[0m&amp;#27;[32m&quot;&amp;#27;[0m &amp;#27;[90m# Steps.iVerifyOvertimeHoursAndAmount(String,String,String,String,String,String,String,String,String,String,String,String,String,String,String,String,String,String,String,String,String,String)&amp;#27;[0m
    &amp;#27;[32mAnd &amp;#27;[0m&amp;#27;[32mI Sign Out&amp;#27;[0m                                                                                                                                                                                               &amp;#27;[90m# Steps.iSignOut()&amp;#27;[0m
    &amp;#27;[32mAnd &amp;#27;[0m&amp;#27;[32mI Verify Successful Sign Out&amp;#27;[0m                                                                                                                                                                             &amp;#27;[90m# Steps.iVerifySuccessfulSignOut()&amp;#27;[0m
Unable to take screenshot
java.lang.NullPointerException
Text from source element: 16.75
Hours Work is good
Unable to take screenshot
java.lang.NullPointerException
Unable to take screenshot
java.lang.NullPointerException
Unable to take screenshot
java.lang.NullPointerException
Text from source element: 16.75
Text from source element: 2.00
Unable to take screenshot
java.lang.NullPointerException
OT 1.5 Day 1 value: 7.75
OT 1.5 Day 2 value: 2.00
OT 2.0 Day 1: No expected value provided. Skipping validation.
OT 2.0 Day 2: No expected value provided. Skipping validation.
OT 3.0 Day 1: No expected value provided. Skipping validation.
OT 3.0 Day 2: No expected value provided. Skipping validation.
OT SUN Day 1: No expected value provided. Skipping validation.
OT SUN Day 2: No expected value provided. Skipping validation.
OT PH Day 1: No expected value provided. Skipping validation.
OT PH Day 2: No expected value provided. Skipping validation.
Unable to take screenshot
java.lang.NullPointerException
Unable to take screenshot
java.lang.NullPointerException
OT 1.5 Day 1 value: 7.75
OT 1.5 Day 2 value: 2.00
OT 1.5 Amount Day 1: 2,936.06
OT 1.5 Amount Day 2: 757.69
OT 2.0 Day 1: No expected value provided. Skipping validation.
OT 2.0 Day 2: No expected value provided. Skipping validation.
OT 2.0 Amount Day 1: No expected value provided. Skipping validation.
OT 2.0 Amount Day 2: No expected value provided. Skipping validation.
OT 3.0 Day 1: No expected value provided. Skipping validation.
OT 3.0 Day 2: No expected value provided. Skipping validation.
OT 3.0 Amount Day 1: No expected value provided. Skipping validation.
OT 3.0 Amount Day 2: No expected value provided. Skipping validation.
OT SUN/PH Amount Day 1: No expected value provided. Skipping validation.
OT SUN/PH Amount Day 2: No expected value provided. Skipping validation.
Total OT Amount Day 1: 2,936.06
Total OT Amount Day 2: 757.69
Off Leave Hours Day 1: No expected value provided. Skipping validation.
Off Leave Hours Day 2: No expected value provided. Skipping validation.
Unable to take screenshot
java.lang.NullPointerException
Unable to take screenshot
java.lang.NullPointerException

  @Overtime_Amount_Scenarios @Main_feature @Overtime
  Scenario Outline: Overtime Calculations based on scenarios                                                                                                                                                     &amp;#27;[90m# features/Login.feature:126&amp;#27;[0m
    &amp;#27;[32mGiven &amp;#27;[0m&amp;#27;[32mI am on Eastern Test Env - Front &quot;&amp;#27;[0m&amp;#27;[32m&amp;#27;[1mChrome&amp;#27;[0m&amp;#27;[32m&quot;&amp;#27;[0m                                                                                                                                                              &amp;#27;[90m# Steps.iAmOnEasternTestEnvFront(String)&amp;#27;[0m
    &amp;#27;[32mAnd &amp;#27;[0m&amp;#27;[32mI Verify Login Page&amp;#27;[0m                                                                                                                                                                                      &amp;#27;[90m# Steps.iVerifyLoginPage()&amp;#27;[0m
    &amp;#27;[32mAnd &amp;#27;[0m&amp;#27;[32mI Sign In as HR &quot;&amp;#27;[0m&amp;#27;[32m&amp;#27;[1mAAA&amp;#27;[0m&amp;#27;[32m&quot; &quot;&amp;#27;[0m&amp;#27;[32m&amp;#27;[1mAdmin@123&amp;#27;[0m&amp;#27;[32m&quot;&amp;#27;[0m                                                                                                                                                                        &amp;#27;[90m# Steps.iSignInAsHR(String,String)&amp;#27;[0m
    &amp;#27;[32mAnd &amp;#27;[0m&amp;#27;[32mI Verify Successful Login&amp;#27;[0m                                                                                                                                                                                &amp;#27;[90m# Steps.iVerifySuccessfulLogin()&amp;#27;[0m
    &amp;#27;[32mAnd &amp;#27;[0m&amp;#27;[32mI Click on Human Resource&amp;#27;[0m                                                                                                                                                                                &amp;#27;[90m# Steps.iClickOnHumanResource()&amp;#27;[0m
    &amp;#27;[32mAnd &amp;#27;[0m&amp;#27;[32mI Click on Attendance&amp;#27;[0m                                                                                                                                                                                    &amp;#27;[90m# Steps.iClickOnAttendance()&amp;#27;[0m
    &amp;#27;[32mAnd &amp;#27;[0m&amp;#27;[32mI Click on Retrieve Attendance&amp;#27;[0m                                                                                                                                                                           &amp;#27;[90m# Steps.iClickOnRetrieveAttendance()&amp;#27;[0m
    &amp;#27;[32mAnd &amp;#27;[0m&amp;#27;[32mI Input Attendance Date &quot;&amp;#27;[0m&amp;#27;[32m&amp;#27;[1m05-Feb-2025&amp;#27;[0m&amp;#27;[32m&quot;&amp;#27;[0m                                                                                                                                                                    &amp;#27;[90m# Steps.iInputAttendanceDate(String)&amp;#27;[0m
    &amp;#27;[32mAnd &amp;#27;[0m&amp;#27;[32mI Select Employee Code &quot;&amp;#27;[0m&amp;#27;[32m&amp;#27;[1m012&amp;#27;[0m&amp;#27;[32m&quot;&amp;#27;[0m                                                                                                                                                                             &amp;#27;[90m# Steps.iSelectEmployeeCode(String)&amp;#27;[0m
    &amp;#27;[32mAnd &amp;#27;[0m&amp;#27;[32mI Click on Query Button&amp;#27;[0m                                                                                                                                                                                  &amp;#27;[90m# Steps.iClickOnQueryButton()&amp;#27;[0m
    &amp;#27;[32mAnd &amp;#27;[0m&amp;#27;[32mI Verify Hours Worked for Day one &quot;&amp;#27;[0m&amp;#27;[32m&amp;#27;[1m16.75&amp;#27;[0m&amp;#27;[32m&quot;&amp;#27;[0m                                                                                                                                                                &amp;#27;[90m# Steps.iVerifyHoursWorkedForDayOne(String)&amp;#27;[0m
    &amp;#27;[32mAnd &amp;#27;[0m&amp;#27;[32mI Click on Process Button&amp;#27;[0m                                                                                                                                                                                &amp;#27;[90m# Steps.iClickOnProcessButton()&amp;#27;[0m
    &amp;#27;[32mAnd &amp;#27;[0m&amp;#27;[32mI Verify Success Message for Process Attendance&amp;#27;[0m                                                                                                                                                          &amp;#27;[90m# Steps.iVerifySuccessMessageForProcessAttendance()&amp;#27;[0m
    &amp;#27;[32mAnd &amp;#27;[0m&amp;#27;[32mI Click on Attendance&amp;#27;[0m                                                                                                                                                                                    &amp;#27;[90m# Steps.iClickOnAttendance()&amp;#27;[0m
    &amp;#27;[32mAnd &amp;#27;[0m&amp;#27;[32mI Click on Manage Overtime Hours&amp;#27;[0m                                                                                                                                                                         &amp;#27;[90m# Steps.iClickOnManageOvertimeHours()&amp;#27;[0m
    &amp;#27;[32mAnd &amp;#27;[0m&amp;#27;[32mI Verify Manage Overtime Hours Page&amp;#27;[0m                                                                                                                                                                      &amp;#27;[90m# Steps.iVerifyManageOvertimeHoursPage()&amp;#27;[0m
    &amp;#27;[32mAnd &amp;#27;[0m&amp;#27;[32mI Select Company Name&amp;#27;[0m                                                                                                                                                                                    &amp;#27;[90m# Steps.iSelectCompanyName()&amp;#27;[0m
    &amp;#27;[32mAnd &amp;#27;[0m&amp;#27;[32mI Select Location &quot;&amp;#27;[0m&amp;#27;[32m&amp;#27;[1mAdm&amp;#27;[0m&amp;#27;[32m&quot;&amp;#27;[0m                                                                                                                                                                                  &amp;#27;[90m# Steps.iSelectLocation(String)&amp;#27;[0m
    &amp;#27;[32mAnd &amp;#27;[0m&amp;#27;[32mI Select Employee Code &quot;&amp;#27;[0m&amp;#27;[32m&amp;#27;[1m012&amp;#27;[0m&amp;#27;[32m&quot;&amp;#27;[0m                                                                                                                                                                             &amp;#27;[90m# Steps.iSelectEmployeeCode(String)&amp;#27;[0m
    &amp;#27;[32mAnd &amp;#27;[0m&amp;#27;[32mI Input Date From and Date To &quot;&amp;#27;[0m&amp;#27;[32m&amp;#27;[1m05-Feb-2025&amp;#27;[0m&amp;#27;[32m&quot; &quot;&amp;#27;[0m&amp;#27;[32m&amp;#27;[1m06-Feb-2025&amp;#27;[0m&amp;#27;[32m&quot;&amp;#27;[0m                                                                                                                                                &amp;#27;[90m# Steps.iInputDateFromAndDateTo(String,String)&amp;#27;[0m
    &amp;#27;[32mAnd &amp;#27;[0m&amp;#27;[32mI Click on Query Overtime Hours&amp;#27;[0m                                                                                                                                                                          &amp;#27;[90m# Steps.iClickOnQueryOvertimeHours()&amp;#27;[0m
    &amp;#27;[32mAnd &amp;#27;[0m&amp;#27;[32mI Verify Hours Work in Manage OT &quot;&amp;#27;[0m&amp;#27;[32m&amp;#27;[1m16.75&amp;#27;[0m&amp;#27;[32m&quot; &quot;&amp;#27;[0m&amp;#27;[32m&amp;#27;[1m2.00&amp;#27;[0m&amp;#27;[32m&quot;&amp;#27;[0m                                                                                                                                                          &amp;#27;[90m# Steps.iVerifyHoursWorkInManageOT(String,String)&amp;#27;[0m
    &amp;#27;[32mAnd &amp;#27;[0m&amp;#27;[32mI Verify Overtime Hours Rate One Point Five &quot;&amp;#27;[0m&amp;#27;[32m&amp;#27;[1m7.75&amp;#27;[0m&amp;#27;[32m&quot; &quot;&amp;#27;[0m&amp;#27;[32m&amp;#27;[1m2.00&amp;#27;[0m&amp;#27;[32m&quot;&amp;#27;[0m                                                                                                                                                &amp;#27;[90m# Steps.iVerifyOvertimeHoursRateOnePointFive(String,String)&amp;#27;[0m
    &amp;#27;[32mAnd &amp;#27;[0m&amp;#27;[32mI Verify Overtime Hours Rate Two Point Zero &quot;&amp;#27;[0m&amp;#27;[32m&amp;#27;[1mnull&amp;#27;[0m&amp;#27;[32m&quot; &quot;&amp;#27;[0m&amp;#27;[32m&amp;#27;[1mnull&amp;#27;[0m&amp;#27;[32m&quot;&amp;#27;[0m                                                                                                                                                &amp;#27;[90m# Steps.iVerifyOvertimeHoursRateTwoPointZero(String,String)&amp;#27;[0m
    &amp;#27;[32mAnd &amp;#27;[0m&amp;#27;[32mI Verify Overtime Hours Rate Three Point Zero &quot;&amp;#27;[0m&amp;#27;[32m&amp;#27;[1mnull&amp;#27;[0m&amp;#27;[32m&quot; &quot;&amp;#27;[0m&amp;#27;[32m&amp;#27;[1mnull&amp;#27;[0m&amp;#27;[32m&quot;&amp;#27;[0m                                                                                                                                              &amp;#27;[90m# Steps.iVerifyOvertimeHoursRateThreePointZero(String,String)&amp;#27;[0m
    &amp;#27;[32mAnd &amp;#27;[0m&amp;#27;[32mI Verify Overtime Hours Rate Sunday &quot;&amp;#27;[0m&amp;#27;[32m&amp;#27;[1mnull&amp;#27;[0m&amp;#27;[32m&quot; &quot;&amp;#27;[0m&amp;#27;[32m&amp;#27;[1mnull&amp;#27;[0m&amp;#27;[32m&quot;&amp;#27;[0m                                                                                                                                                        &amp;#27;[90m# Steps.iVerifyOvertimeHoursRateSunday(String,String)&amp;#27;[0m
    &amp;#27;[32mAnd &amp;#27;[0m&amp;#27;[32mI Verify Overtime Hours Rate Public Holiday &quot;&amp;#27;[0m&amp;#27;[32m&amp;#27;[1mnull&amp;#27;[0m&amp;#27;[32m&quot; &quot;&amp;#27;[0m&amp;#27;[32m&amp;#27;[1mnull&amp;#27;[0m&amp;#27;[32m&quot;&amp;#27;[0m                                                                                                                                                &amp;#27;[90m# Steps.iVerifyOvertimeHoursRatePublicHoliday(String,String)&amp;#27;[0m
    &amp;#27;[32mAnd &amp;#27;[0m&amp;#27;[32mI Click on Save Button&amp;#27;[0m                                                                                                                                                                                   &amp;#27;[90m# Steps.iClickOnSaveButton()&amp;#27;[0m
    &amp;#27;[32mAnd &amp;#27;[0m&amp;#27;[32mI Verify Success Message for OT Saved&amp;#27;[0m                                                                                                                                                                    &amp;#27;[90m# Steps.iVerifySuccessMessageForOTSaved()&amp;#27;[0m
    &amp;#27;[32mAnd &amp;#27;[0m&amp;#27;[32mI Click on Attendance&amp;#27;[0m                                                                                                                                                                                    &amp;#27;[90m# Steps.iClickOnAttendance()&amp;#27;[0m
    &amp;#27;[32mAnd &amp;#27;[0m&amp;#27;[32mI Click on Manage Overtime Hours and Meals&amp;#27;[0m                                                                                                                                                               &amp;#27;[90m# Steps.iClickOnManageOvertimeHoursAndMeals()&amp;#27;[0m
    &amp;#27;[32mAnd &amp;#27;[0m&amp;#27;[32mI Verify Manage Overtime Hours and Meals Page&amp;#27;[0m                                                                                                                                                            &amp;#27;[90m# Steps.iVerifyManageOvertimeHoursAndMealsPage()&amp;#27;[0m
    &amp;#27;[32mAnd &amp;#27;[0m&amp;#27;[32mI Input Date From and Date To in Manage Overtime and Meals &quot;&amp;#27;[0m&amp;#27;[32m&amp;#27;[1m05-Feb-2025&amp;#27;[0m&amp;#27;[32m&quot; &quot;&amp;#27;[0m&amp;#27;[32m&amp;#27;[1m06-Feb-2025&amp;#27;[0m&amp;#27;[32m&quot;&amp;#27;[0m                                                                                                                   &amp;#27;[90m# Steps.iInputDateFromAndDateToInManageOvertimeAndMeals(String,String)&amp;#27;[0m
    &amp;#27;[32mAnd &amp;#27;[0m&amp;#27;[32mI Select Company Name&amp;#27;[0m                                                                                                                                                                                    &amp;#27;[90m# Steps.iSelectCompanyName()&amp;#27;[0m
    &amp;#27;[32mAnd &amp;#27;[0m&amp;#27;[32mI Select Location In Manage Overtime and Meals &quot;&amp;#27;[0m&amp;#27;[32m&amp;#27;[1mAdm&amp;#27;[0m&amp;#27;[32m&quot;&amp;#27;[0m                                                                                                                                                     &amp;#27;[90m# Steps.iSelectLocationInManageOvertimeAndMeals(String)&amp;#27;[0m
    &amp;#27;[32mAnd &amp;#27;[0m&amp;#27;[32mI Select Employee Code In Manage Overtime and Meals &quot;&amp;#27;[0m&amp;#27;[32m&amp;#27;[1m012&amp;#27;[0m&amp;#27;[32m&quot;&amp;#27;[0m                                                                                                                                                &amp;#27;[90m# Steps.iSelectEmployeeCodeInManageOvertimeAndMeals(String)&amp;#27;[0m
    &amp;#27;[32mAnd &amp;#27;[0m&amp;#27;[32mI Click on Query Button&amp;#27;[0m                                                                                                                                                                                  &amp;#27;[90m# Steps.iClickOnQueryButton()&amp;#27;[0m
    &amp;#27;[32mAnd &amp;#27;[0m&amp;#27;[32mI Verify Overtime Hours and Amount &quot;&amp;#27;[0m&amp;#27;[32m&amp;#27;[1m7.75&amp;#27;[0m&amp;#27;[32m&quot; &quot;&amp;#27;[0m&amp;#27;[32m&amp;#27;[1m2.00&amp;#27;[0m&amp;#27;[32m&quot; &quot;&amp;#27;[0m&amp;#27;[32m&amp;#27;[1mnull&amp;#27;[0m&amp;#27;[32m&quot; &quot;&amp;#27;[0m&amp;#27;[32m&amp;#27;[1mnull&amp;#27;[0m&amp;#27;[32m&quot; &quot;&amp;#27;[0m&amp;#27;[32m&amp;#27;[1mnull&amp;#27;[0m&amp;#27;[32m&quot; &quot;&amp;#27;[0m&amp;#27;[32m&amp;#27;[1mnull&amp;#27;[0m&amp;#27;[32m&quot; &quot;&amp;#27;[0m&amp;#27;[32m&amp;#27;[1mnull&amp;#27;[0m&amp;#27;[32m&quot; &quot;&amp;#27;[0m&amp;#27;[32m&amp;#27;[1mnull&amp;#27;[0m&amp;#27;[32m&quot; &quot;&amp;#27;[0m&amp;#27;[32m&amp;#27;[1mnull&amp;#27;[0m&amp;#27;[32m&quot; &quot;&amp;#27;[0m&amp;#27;[32m&amp;#27;[1mnull&amp;#27;[0m&amp;#27;[32m&quot; &quot;&amp;#27;[0m&amp;#27;[32m&amp;#27;[1m2,936.06&amp;#27;[0m&amp;#27;[32m&quot; &quot;&amp;#27;[0m&amp;#27;[32m&amp;#27;[1m757.69&amp;#27;[0m&amp;#27;[32m&quot; &quot;&amp;#27;[0m&amp;#27;[32m&amp;#27;[1mnull&amp;#27;[0m&amp;#27;[32m&quot; &quot;&amp;#27;[0m&amp;#27;[32m&amp;#27;[1mnull&amp;#27;[0m&amp;#27;[32m&quot; &quot;&amp;#27;[0m&amp;#27;[32m&amp;#27;[1mnull&amp;#27;[0m&amp;#27;[32m&quot; &quot;&amp;#27;[0m&amp;#27;[32m&amp;#27;[1mnull&amp;#27;[0m&amp;#27;[32m&quot; &quot;&amp;#27;[0m&amp;#27;[32m&amp;#27;[1mnull&amp;#27;[0m&amp;#27;[32m&quot; &quot;&amp;#27;[0m&amp;#27;[32m&amp;#27;[1mnull&amp;#27;[0m&amp;#27;[32m&quot; &quot;&amp;#27;[0m&amp;#27;[32m&amp;#27;[1m2,936.06&amp;#27;[0m&amp;#27;[32m&quot; &quot;&amp;#27;[0m&amp;#27;[32m&amp;#27;[1m757.69&amp;#27;[0m&amp;#27;[32m&quot; &quot;&amp;#27;[0m&amp;#27;[32m&amp;#27;[1mnull&amp;#27;[0m&amp;#27;[32m&quot; &quot;&amp;#27;[0m&amp;#27;[32m&amp;#27;[1mnull&amp;#27;[0m&amp;#27;[32m&quot;&amp;#27;[0m &amp;#27;[90m# Steps.iVerifyOvertimeHoursAndAmount(String,String,String,String,String,String,String,String,String,String,String,String,String,String,String,String,String,String,String,String,String,String)&amp;#27;[0m
    &amp;#27;[32mAnd &amp;#27;[0m&amp;#27;[32mI Sign Out&amp;#27;[0m                                                                                                                                                                                               &amp;#27;[90m# Steps.iSignOut()&amp;#27;[0m
    &amp;#27;[32mAnd &amp;#27;[0m&amp;#27;[32mI Verify Successful Sign Out&amp;#27;[0m                                                                                                                                                                             &amp;#27;[90m# Steps.iVerifySuccessfulSignOut()&amp;#27;[0m
Unable to take screenshot
java.lang.NullPointerException
Text from source element: 16.75
Hours Work is good
Unable to take screenshot
java.lang.NullPointerException
Unable to take screenshot
java.lang.NullPointerException
Unable to take screenshot
java.lang.NullPointerException
Text from source element: 16.75
Text from source element: 10.75
Unable to take screenshot
java.lang.NullPointerException
OT 1.5 Day 1 value: 7.75
OT 1.5 Day 2 value: 2.00
OT 2.0 Day 1: No expected value provided. Skipping validation.
OT 2.0 Day 2: No expected value provided. Skipping validation.
OT 3.0 Day 1: No expected value provided. Skipping validation.
OT 3.0 Day 2: No expected value provided. Skipping validation.
OT SUN Day 1: No expected value provided. Skipping validation.
OT SUN Day 2: No expected value provided. Skipping validation.
OT PH Day 1: No expected value provided. Skipping validation.
OT PH Day 2: No expected value provided. Skipping validation.
Unable to take screenshot
java.lang.NullPointerException
Unable to take screenshot
java.lang.NullPointerException
OT 1.5 Day 1 value: 7.75
OT 1.5 Day 2 value: 2.00
OT 1.5 Amount Day 1: 1,682.64
OT 1.5 Amount Day 2: 434.23
OT 2.0 Day 1: No expected value provided. Skipping validation.
OT 2.0 Day 2: No expected value provided. Skipping validation.
OT 2.0 Amount Day 1: No expected value provided. Skipping validation.
OT 2.0 Amount Day 2: No expected value provided. Skipping validation.
OT 3.0 Day 1: No expected value provided. Skipping validation.
OT 3.0 Day 2: No expected value provided. Skipping validation.
OT 3.0 Amount Day 1: No expected value provided. Skipping validation.
OT 3.0 Amount Day 2: No expected value provided. Skipping validation.
OT SUN/PH Amount Day 1: No expected value provided. Skipping validation.
OT SUN/PH Amount Day 2: No expected value provided. Skipping validation.
Total OT Amount Day 1: 1,682.64
Total OT Amount Day 2: 1,592.18
Off Leave Hours Day 1: No expected value provided. Skipping validation.
Off Leave Hours Day 2: 1,157.95
Unable to take screenshot
java.lang.NullPointerException
Unable to take screenshot
java.lang.NullPointerException

  @Overtime_Amount_Scenarios @Main_feature @Overtime
  Scenario Outline: Overtime Calculations based on scenarios                                                                                                                                                           &amp;#27;[90m# features/Login.feature:127&amp;#27;[0m
    &amp;#27;[32mGiven &amp;#27;[0m&amp;#27;[32mI am on Eastern Test Env - Front &quot;&amp;#27;[0m&amp;#27;[32m&amp;#27;[1mChrome&amp;#27;[0m&amp;#27;[32m&quot;&amp;#27;[0m                                                                                                                                                                    &amp;#27;[90m# Steps.iAmOnEasternTestEnvFront(String)&amp;#27;[0m
    &amp;#27;[32mAnd &amp;#27;[0m&amp;#27;[32mI Verify Login Page&amp;#27;[0m                                                                                                                                                                                            &amp;#27;[90m# Steps.iVerifyLoginPage()&amp;#27;[0m
    &amp;#27;[32mAnd &amp;#27;[0m&amp;#27;[32mI Sign In as HR &quot;&amp;#27;[0m&amp;#27;[32m&amp;#27;[1mAAA&amp;#27;[0m&amp;#27;[32m&quot; &quot;&amp;#27;[0m&amp;#27;[32m&amp;#27;[1mAdmin@123&amp;#27;[0m&amp;#27;[32m&quot;&amp;#27;[0m                                                                                                                                                                              &amp;#27;[90m# Steps.iSignInAsHR(String,String)&amp;#27;[0m
    &amp;#27;[32mAnd &amp;#27;[0m&amp;#27;[32mI Verify Successful Login&amp;#27;[0m                                                                                                                                                                                      &amp;#27;[90m# Steps.iVerifySuccessfulLogin()&amp;#27;[0m
    &amp;#27;[32mAnd &amp;#27;[0m&amp;#27;[32mI Click on Human Resource&amp;#27;[0m                                                                                                                                                                                      &amp;#27;[90m# Steps.iClickOnHumanResource()&amp;#27;[0m
    &amp;#27;[32mAnd &amp;#27;[0m&amp;#27;[32mI Click on Attendance&amp;#27;[0m                                                                                                                                                                                          &amp;#27;[90m# Steps.iClickOnAttendance()&amp;#27;[0m
    &amp;#27;[32mAnd &amp;#27;[0m&amp;#27;[32mI Click on Retrieve Attendance&amp;#27;[0m                                                                                                                                                                                 &amp;#27;[90m# Steps.iClickOnRetrieveAttendance()&amp;#27;[0m
    &amp;#27;[32mAnd &amp;#27;[0m&amp;#27;[32mI Input Attendance Date &quot;&amp;#27;[0m&amp;#27;[32m&amp;#27;[1m18-Feb-2025&amp;#27;[0m&amp;#27;[32m&quot;&amp;#27;[0m                                                                                                                                                                          &amp;#27;[90m# Steps.iInputAttendanceDate(String)&amp;#27;[0m
    &amp;#27;[32mAnd &amp;#27;[0m&amp;#27;[32mI Select Employee Code &quot;&amp;#27;[0m&amp;#27;[32m&amp;#27;[1m75&amp;#27;[0m&amp;#27;[32m&quot;&amp;#27;[0m                                                                                                                                                                                    &amp;#27;[90m# Steps.iSelectEmployeeCode(String)&amp;#27;[0m
    &amp;#27;[32mAnd &amp;#27;[0m&amp;#27;[32mI Click on Query Button&amp;#27;[0m                                                                                                                                                                                        &amp;#27;[90m# Steps.iClickOnQueryButton()&amp;#27;[0m
    &amp;#27;[32mAnd &amp;#27;[0m&amp;#27;[32mI Verify Hours Worked for Day one &quot;&amp;#27;[0m&amp;#27;[32m&amp;#27;[1m16.75&amp;#27;[0m&amp;#27;[32m&quot;&amp;#27;[0m                                                                                                                                                                      &amp;#27;[90m# Steps.iVerifyHoursWorkedForDayOne(String)&amp;#27;[0m
    &amp;#27;[32mAnd &amp;#27;[0m&amp;#27;[32mI Click on Process Button&amp;#27;[0m                                                                                                                                                                                      &amp;#27;[90m# Steps.iClickOnProcessButton()&amp;#27;[0m
    &amp;#27;[32mAnd &amp;#27;[0m&amp;#27;[32mI Verify Success Message for Process Attendance&amp;#27;[0m                                                                                                                                                                &amp;#27;[90m# Steps.iVerifySuccessMessageForProcessAttendance()&amp;#27;[0m
    &amp;#27;[32mAnd &amp;#27;[0m&amp;#27;[32mI Click on Attendance&amp;#27;[0m                                                                                                                                                                                          &amp;#27;[90m# Steps.iClickOnAttendance()&amp;#27;[0m
    &amp;#27;[32mAnd &amp;#27;[0m&amp;#27;[32mI Click on Manage Overtime Hours&amp;#27;[0m                                                                                                                                                                               &amp;#27;[90m# Steps.iClickOnManageOvertimeHours()&amp;#27;[0m
    &amp;#27;[32mAnd &amp;#27;[0m&amp;#27;[32mI Verify Manage Overtime Hours Page&amp;#27;[0m                                                                                                                                                                            &amp;#27;[90m# Steps.iVerifyManageOvertimeHoursPage()&amp;#27;[0m
    &amp;#27;[32mAnd &amp;#27;[0m&amp;#27;[32mI Select Company Name&amp;#27;[0m                                                                                                                                                                                          &amp;#27;[90m# Steps.iSelectCompanyName()&amp;#27;[0m
    &amp;#27;[32mAnd &amp;#27;[0m&amp;#27;[32mI Select Location &quot;&amp;#27;[0m&amp;#27;[32m&amp;#27;[1mAdm&amp;#27;[0m&amp;#27;[32m&quot;&amp;#27;[0m                                                                                                                                                                                        &amp;#27;[90m# Steps.iSelectLocation(String)&amp;#27;[0m
    &amp;#27;[32mAnd &amp;#27;[0m&amp;#27;[32mI Select Employee Code &quot;&amp;#27;[0m&amp;#27;[32m&amp;#27;[1m75&amp;#27;[0m&amp;#27;[32m&quot;&amp;#27;[0m                                                                                                                                                                                    &amp;#27;[90m# Steps.iSelectEmployeeCode(String)&amp;#27;[0m
    &amp;#27;[32mAnd &amp;#27;[0m&amp;#27;[32mI Input Date From and Date To &quot;&amp;#27;[0m&amp;#27;[32m&amp;#27;[1m18-Feb-2025&amp;#27;[0m&amp;#27;[32m&quot; &quot;&amp;#27;[0m&amp;#27;[32m&amp;#27;[1m19-Feb-2025&amp;#27;[0m&amp;#27;[32m&quot;&amp;#27;[0m                                                                                                                                                      &amp;#27;[90m# Steps.iInputDateFromAndDateTo(String,String)&amp;#27;[0m
    &amp;#27;[32mAnd &amp;#27;[0m&amp;#27;[32mI Click on Query Overtime Hours&amp;#27;[0m                                                                                                                                                                                &amp;#27;[90m# Steps.iClickOnQueryOvertimeHours()&amp;#27;[0m
    &amp;#27;[32mAnd &amp;#27;[0m&amp;#27;[32mI Verify Hours Work in Manage OT &quot;&amp;#27;[0m&amp;#27;[32m&amp;#27;[1m16.75&amp;#27;[0m&amp;#27;[32m&quot; &quot;&amp;#27;[0m&amp;#27;[32m&amp;#27;[1m10.75&amp;#27;[0m&amp;#27;[32m&quot;&amp;#27;[0m                                                                                                                                                               &amp;#27;[90m# Steps.iVerifyHoursWorkInManageOT(String,String)&amp;#27;[0m
    &amp;#27;[32mAnd &amp;#27;[0m&amp;#27;[32mI Verify Overtime Hours Rate One Point Five &quot;&amp;#27;[0m&amp;#27;[32m&amp;#27;[1m7.75&amp;#27;[0m&amp;#27;[32m&quot; &quot;&amp;#27;[0m&amp;#27;[32m&amp;#27;[1m2.00&amp;#27;[0m&amp;#27;[32m&quot;&amp;#27;[0m                                                                                                                                                      &amp;#27;[90m# Steps.iVerifyOvertimeHoursRateOnePointFive(String,String)&amp;#27;[0m
    &amp;#27;[32mAnd &amp;#27;[0m&amp;#27;[32mI Verify Overtime Hours Rate Two Point Zero &quot;&amp;#27;[0m&amp;#27;[32m&amp;#27;[1mnull&amp;#27;[0m&amp;#27;[32m&quot; &quot;&amp;#27;[0m&amp;#27;[32m&amp;#27;[1mnull&amp;#27;[0m&amp;#27;[32m&quot;&amp;#27;[0m                                                                                                                                                      &amp;#27;[90m# Steps.iVerifyOvertimeHoursRateTwoPointZero(String,String)&amp;#27;[0m
    &amp;#27;[32mAnd &amp;#27;[0m&amp;#27;[32mI Verify Overtime Hours Rate Three Point Zero &quot;&amp;#27;[0m&amp;#27;[32m&amp;#27;[1mnull&amp;#27;[0m&amp;#27;[32m&quot; &quot;&amp;#27;[0m&amp;#27;[32m&amp;#27;[1mnull&amp;#27;[0m&amp;#27;[32m&quot;&amp;#27;[0m                                                                                                                                                    &amp;#27;[90m# Steps.iVerifyOvertimeHoursRateThreePointZero(String,String)&amp;#27;[0m
    &amp;#27;[32mAnd &amp;#27;[0m&amp;#27;[32mI Verify Overtime Hours Rate Sunday &quot;&amp;#27;[0m&amp;#27;[32m&amp;#27;[1mnull&amp;#27;[0m&amp;#27;[32m&quot; &quot;&amp;#27;[0m&amp;#27;[32m&amp;#27;[1mnull&amp;#27;[0m&amp;#27;[32m&quot;&amp;#27;[0m                                                                                                                                                              &amp;#27;[90m# Steps.iVerifyOvertimeHoursRateSunday(String,String)&amp;#27;[0m
    &amp;#27;[32mAnd &amp;#27;[0m&amp;#27;[32mI Verify Overtime Hours Rate Public Holiday &quot;&amp;#27;[0m&amp;#27;[32m&amp;#27;[1mnull&amp;#27;[0m&amp;#27;[32m&quot; &quot;&amp;#27;[0m&amp;#27;[32m&amp;#27;[1mnull&amp;#27;[0m&amp;#27;[32m&quot;&amp;#27;[0m                                                                                                                                                      &amp;#27;[90m# Steps.iVerifyOvertimeHoursRatePublicHoliday(String,String)&amp;#27;[0m
    &amp;#27;[32mAnd &amp;#27;[0m&amp;#27;[32mI Click on Save Button&amp;#27;[0m                                                                                                                                                                                         &amp;#27;[90m# Steps.iClickOnSaveButton()&amp;#27;[0m
    &amp;#27;[32mAnd &amp;#27;[0m&amp;#27;[32mI Verify Success Message for OT Saved&amp;#27;[0m                                                                                                                                                                          &amp;#27;[90m# Steps.iVerifySuccessMessageForOTSaved()&amp;#27;[0m
    &amp;#27;[32mAnd &amp;#27;[0m&amp;#27;[32mI Click on Attendance&amp;#27;[0m                                                                                                                                                                                          &amp;#27;[90m# Steps.iClickOnAttendance()&amp;#27;[0m
    &amp;#27;[32mAnd &amp;#27;[0m&amp;#27;[32mI Click on Manage Overtime Hours and Meals&amp;#27;[0m                                                                                                                                                                     &amp;#27;[90m# Steps.iClickOnManageOvertimeHoursAndMeals()&amp;#27;[0m
    &amp;#27;[32mAnd &amp;#27;[0m&amp;#27;[32mI Verify Manage Overtime Hours and Meals Page&amp;#27;[0m                                                                                                                                                                  &amp;#27;[90m# Steps.iVerifyManageOvertimeHoursAndMealsPage()&amp;#27;[0m
    &amp;#27;[32mAnd &amp;#27;[0m&amp;#27;[32mI Input Date From and Date To in Manage Overtime and Meals &quot;&amp;#27;[0m&amp;#27;[32m&amp;#27;[1m18-Feb-2025&amp;#27;[0m&amp;#27;[32m&quot; &quot;&amp;#27;[0m&amp;#27;[32m&amp;#27;[1m19-Feb-2025&amp;#27;[0m&amp;#27;[32m&quot;&amp;#27;[0m                                                                                                                         &amp;#27;[90m# Steps.iInputDateFromAndDateToInManageOvertimeAndMeals(String,String)&amp;#27;[0m
    &amp;#27;[32mAnd &amp;#27;[0m&amp;#27;[32mI Select Company Name&amp;#27;[0m                                                                                                                                                                                          &amp;#27;[90m# Steps.iSelectCompanyName()&amp;#27;[0m
    &amp;#27;[32mAnd &amp;#27;[0m&amp;#27;[32mI Select Location In Manage Overtime and Meals &quot;&amp;#27;[0m&amp;#27;[32m&amp;#27;[1mAdm&amp;#27;[0m&amp;#27;[32m&quot;&amp;#27;[0m                                                                                                                                                           &amp;#27;[90m# Steps.iSelectLocationInManageOvertimeAndMeals(String)&amp;#27;[0m
    &amp;#27;[32mAnd &amp;#27;[0m&amp;#27;[32mI Select Employee Code In Manage Overtime and Meals &quot;&amp;#27;[0m&amp;#27;[32m&amp;#27;[1m75&amp;#27;[0m&amp;#27;[32m&quot;&amp;#27;[0m                                                                                                                                                       &amp;#27;[90m# Steps.iSelectEmployeeCodeInManageOvertimeAndMeals(String)&amp;#27;[0m
    &amp;#27;[32mAnd &amp;#27;[0m&amp;#27;[32mI Click on Query Button&amp;#27;[0m                                                                                                                                                                                        &amp;#27;[90m# Steps.iClickOnQueryButton()&amp;#27;[0m
    &amp;#27;[32mAnd &amp;#27;[0m&amp;#27;[32mI Verify Overtime Hours and Amount &quot;&amp;#27;[0m&amp;#27;[32m&amp;#27;[1m7.75&amp;#27;[0m&amp;#27;[32m&quot; &quot;&amp;#27;[0m&amp;#27;[32m&amp;#27;[1m2.00&amp;#27;[0m&amp;#27;[32m&quot; &quot;&amp;#27;[0m&amp;#27;[32m&amp;#27;[1mnull&amp;#27;[0m&amp;#27;[32m&quot; &quot;&amp;#27;[0m&amp;#27;[32m&amp;#27;[1mnull&amp;#27;[0m&amp;#27;[32m&quot; &quot;&amp;#27;[0m&amp;#27;[32m&amp;#27;[1mnull&amp;#27;[0m&amp;#27;[32m&quot; &quot;&amp;#27;[0m&amp;#27;[32m&amp;#27;[1mnull&amp;#27;[0m&amp;#27;[32m&quot; &quot;&amp;#27;[0m&amp;#27;[32m&amp;#27;[1mnull&amp;#27;[0m&amp;#27;[32m&quot; &quot;&amp;#27;[0m&amp;#27;[32m&amp;#27;[1mnull&amp;#27;[0m&amp;#27;[32m&quot; &quot;&amp;#27;[0m&amp;#27;[32m&amp;#27;[1mnull&amp;#27;[0m&amp;#27;[32m&quot; &quot;&amp;#27;[0m&amp;#27;[32m&amp;#27;[1mnull&amp;#27;[0m&amp;#27;[32m&quot; &quot;&amp;#27;[0m&amp;#27;[32m&amp;#27;[1m1,682.64&amp;#27;[0m&amp;#27;[32m&quot; &quot;&amp;#27;[0m&amp;#27;[32m&amp;#27;[1m434.23&amp;#27;[0m&amp;#27;[32m&quot; &quot;&amp;#27;[0m&amp;#27;[32m&amp;#27;[1mnull&amp;#27;[0m&amp;#27;[32m&quot; &quot;&amp;#27;[0m&amp;#27;[32m&amp;#27;[1mnull&amp;#27;[0m&amp;#27;[32m&quot; &quot;&amp;#27;[0m&amp;#27;[32m&amp;#27;[1mnull&amp;#27;[0m&amp;#27;[32m&quot; &quot;&amp;#27;[0m&amp;#27;[32m&amp;#27;[1mnull&amp;#27;[0m&amp;#27;[32m&quot; &quot;&amp;#27;[0m&amp;#27;[32m&amp;#27;[1mnull&amp;#27;[0m&amp;#27;[32m&quot; &quot;&amp;#27;[0m&amp;#27;[32m&amp;#27;[1mnull&amp;#27;[0m&amp;#27;[32m&quot; &quot;&amp;#27;[0m&amp;#27;[32m&amp;#27;[1m1,682.64&amp;#27;[0m&amp;#27;[32m&quot; &quot;&amp;#27;[0m&amp;#27;[32m&amp;#27;[1m1,592.18&amp;#27;[0m&amp;#27;[32m&quot; &quot;&amp;#27;[0m&amp;#27;[32m&amp;#27;[1mnull&amp;#27;[0m&amp;#27;[32m&quot; &quot;&amp;#27;[0m&amp;#27;[32m&amp;#27;[1m1,157.95&amp;#27;[0m&amp;#27;[32m&quot;&amp;#27;[0m &amp;#27;[90m# Steps.iVerifyOvertimeHoursAndAmount(String,String,String,String,String,String,String,String,String,String,String,String,String,String,String,String,String,String,String,String,String,String)&amp;#27;[0m
    &amp;#27;[32mAnd &amp;#27;[0m&amp;#27;[32mI Sign Out&amp;#27;[0m                                                                                                                                                                                                     &amp;#27;[90m# Steps.iSignOut()&amp;#27;[0m
    &amp;#27;[32mAnd &amp;#27;[0m&amp;#27;[32mI Verify Successful Sign Out&amp;#27;[0m                                                                                                                                                                                   &amp;#27;[90m# Steps.iVerifySuccessfulSignOut()&amp;#27;[0m
Unable to take screenshot
java.lang.NullPointerException
Text from source element: 16.75
Hours Work is good
Unable to take screenshot
java.lang.NullPointerException
Unable to take screenshot
java.lang.NullPointerException
Unable to take screenshot
java.lang.NullPointerException
Text from source element: 16.75
Text from source element: 10.75
Unable to take screenshot
java.lang.NullPointerException
OT 1.5 Day 1 value: 7.75
OT 1.5 Day 2 value: 2.00
OT 2.0 Day 1: No expected value provided. Skipping validation.
OT 2.0 Day 2: No expected value provided. Skipping validation.
OT 3.0 Day 1: No expected value provided. Skipping validation.
OT 3.0 Day 2: No expected value provided. Skipping validation.
OT SUN Day 1: No expected value provided. Skipping validation.
OT SUN Day 2: No expected value provided. Skipping validation.
OT PH Day 1: No expected value provided. Skipping validation.
OT PH Day 2: No expected value provided. Skipping validation.
Unable to take screenshot
java.lang.NullPointerException
Unable to take screenshot
java.lang.NullPointerException
OT 1.5 Day 1 value: 7.75
OT 1.5 Day 2 value: 2.00
OT 1.5 Amount Day 1: 1,260.87
OT 1.5 Amount Day 2: 325.38
OT 2.0 Day 1: No expected value provided. Skipping validation.
OT 2.0 Day 2: No expected value provided. Skipping validation.
OT 2.0 Amount Day 1: No expected value provided. Skipping validation.
OT 2.0 Amount Day 2: No expected value provided. Skipping validation.
OT 3.0 Day 1: No expected value provided. Skipping validation.
OT 3.0 Day 2: No expected value provided. Skipping validation.
OT 3.0 Amount Day 1: No expected value provided. Skipping validation.
OT 3.0 Amount Day 2: No expected value provided. Skipping validation.
OT SUN/PH Amount Day 1: No expected value provided. Skipping validation.
OT SUN/PH Amount Day 2: No expected value provided. Skipping validation.
Total OT Amount Day 1: 1,260.87
Total OT Amount Day 2: 1,193.08
Off Leave Hours Day 1: No expected value provided. Skipping validation.
Off Leave Hours Day 2: 867.69
Unable to take screenshot
java.lang.NullPointerException
Unable to take screenshot
java.lang.NullPointerException

  @Overtime_Amount_Scenarios @Main_feature @Overtime
  Scenario Outline: Overtime Calculations based on scenarios                                                                                                                                                         &amp;#27;[90m# features/Login.feature:128&amp;#27;[0m
    &amp;#27;[32mGiven &amp;#27;[0m&amp;#27;[32mI am on Eastern Test Env - Front &quot;&amp;#27;[0m&amp;#27;[32m&amp;#27;[1mChrome&amp;#27;[0m&amp;#27;[32m&quot;&amp;#27;[0m                                                                                                                                                                  &amp;#27;[90m# Steps.iAmOnEasternTestEnvFront(String)&amp;#27;[0m
    &amp;#27;[32mAnd &amp;#27;[0m&amp;#27;[32mI Verify Login Page&amp;#27;[0m                                                                                                                                                                                          &amp;#27;[90m# Steps.iVerifyLoginPage()&amp;#27;[0m
    &amp;#27;[32mAnd &amp;#27;[0m&amp;#27;[32mI Sign In as HR &quot;&amp;#27;[0m&amp;#27;[32m&amp;#27;[1mAAA&amp;#27;[0m&amp;#27;[32m&quot; &quot;&amp;#27;[0m&amp;#27;[32m&amp;#27;[1mAdmin@123&amp;#27;[0m&amp;#27;[32m&quot;&amp;#27;[0m                                                                                                                                                                            &amp;#27;[90m# Steps.iSignInAsHR(String,String)&amp;#27;[0m
    &amp;#27;[32mAnd &amp;#27;[0m&amp;#27;[32mI Verify Successful Login&amp;#27;[0m                                                                                                                                                                                    &amp;#27;[90m# Steps.iVerifySuccessfulLogin()&amp;#27;[0m
    &amp;#27;[32mAnd &amp;#27;[0m&amp;#27;[32mI Click on Human Resource&amp;#27;[0m                                                                                                                                                                                    &amp;#27;[90m# Steps.iClickOnHumanResource()&amp;#27;[0m
    &amp;#27;[32mAnd &amp;#27;[0m&amp;#27;[32mI Click on Attendance&amp;#27;[0m                                                                                                                                                                                        &amp;#27;[90m# Steps.iClickOnAttendance()&amp;#27;[0m
    &amp;#27;[32mAnd &amp;#27;[0m&amp;#27;[32mI Click on Retrieve Attendance&amp;#27;[0m                                                                                                                                                                               &amp;#27;[90m# Steps.iClickOnRetrieveAttendance()&amp;#27;[0m
    &amp;#27;[32mAnd &amp;#27;[0m&amp;#27;[32mI Input Attendance Date &quot;&amp;#27;[0m&amp;#27;[32m&amp;#27;[1m18-Feb-2025&amp;#27;[0m&amp;#27;[32m&quot;&amp;#27;[0m                                                                                                                                                                        &amp;#27;[90m# Steps.iInputAttendanceDate(String)&amp;#27;[0m
    &amp;#27;[32mAnd &amp;#27;[0m&amp;#27;[32mI Select Employee Code &quot;&amp;#27;[0m&amp;#27;[32m&amp;#27;[1m039&amp;#27;[0m&amp;#27;[32m&quot;&amp;#27;[0m                                                                                                                                                                                 &amp;#27;[90m# Steps.iSelectEmployeeCode(String)&amp;#27;[0m
    &amp;#27;[32mAnd &amp;#27;[0m&amp;#27;[32mI Click on Query Button&amp;#27;[0m                                                                                                                                                                                      &amp;#27;[90m# Steps.iClickOnQueryButton()&amp;#27;[0m
    &amp;#27;[32mAnd &amp;#27;[0m&amp;#27;[32mI Verify Hours Worked for Day one &quot;&amp;#27;[0m&amp;#27;[32m&amp;#27;[1m16.75&amp;#27;[0m&amp;#27;[32m&quot;&amp;#27;[0m                                                                                                                                                                    &amp;#27;[90m# Steps.iVerifyHoursWorkedForDayOne(String)&amp;#27;[0m
    &amp;#27;[32mAnd &amp;#27;[0m&amp;#27;[32mI Click on Process Button&amp;#27;[0m                                                                                                                                                                                    &amp;#27;[90m# Steps.iClickOnProcessButton()&amp;#27;[0m
    &amp;#27;[32mAnd &amp;#27;[0m&amp;#27;[32mI Verify Success Message for Process Attendance&amp;#27;[0m                                                                                                                                                              &amp;#27;[90m# Steps.iVerifySuccessMessageForProcessAttendance()&amp;#27;[0m
    &amp;#27;[32mAnd &amp;#27;[0m&amp;#27;[32mI Click on Attendance&amp;#27;[0m                                                                                                                                                                                        &amp;#27;[90m# Steps.iClickOnAttendance()&amp;#27;[0m
    &amp;#27;[32mAnd &amp;#27;[0m&amp;#27;[32mI Click on Manage Overtime Hours&amp;#27;[0m                                                                                                                                                                             &amp;#27;[90m# Steps.iClickOnManageOvertimeHours()&amp;#27;[0m
    &amp;#27;[32mAnd &amp;#27;[0m&amp;#27;[32mI Verify Manage Overtime Hours Page&amp;#27;[0m                                                                                                                                                                          &amp;#27;[90m# Steps.iVerifyManageOvertimeHoursPage()&amp;#27;[0m
    &amp;#27;[32mAnd &amp;#27;[0m&amp;#27;[32mI Select Company Name&amp;#27;[0m                                                                                                                                                                                        &amp;#27;[90m# Steps.iSelectCompanyName()&amp;#27;[0m
    &amp;#27;[32mAnd &amp;#27;[0m&amp;#27;[32mI Select Location &quot;&amp;#27;[0m&amp;#27;[32m&amp;#27;[1mAux&amp;#27;[0m&amp;#27;[32m&quot;&amp;#27;[0m                                                                                                                                                                                      &amp;#27;[90m# Steps.iSelectLocation(String)&amp;#27;[0m
    &amp;#27;[32mAnd &amp;#27;[0m&amp;#27;[32mI Select Employee Code &quot;&amp;#27;[0m&amp;#27;[32m&amp;#27;[1m039&amp;#27;[0m&amp;#27;[32m&quot;&amp;#27;[0m                                                                                                                                                                                 &amp;#27;[90m# Steps.iSelectEmployeeCode(String)&amp;#27;[0m
    &amp;#27;[32mAnd &amp;#27;[0m&amp;#27;[32mI Input Date From and Date To &quot;&amp;#27;[0m&amp;#27;[32m&amp;#27;[1m18-Feb-2025&amp;#27;[0m&amp;#27;[32m&quot; &quot;&amp;#27;[0m&amp;#27;[32m&amp;#27;[1m19-Feb-2025&amp;#27;[0m&amp;#27;[32m&quot;&amp;#27;[0m                                                                                                                                                    &amp;#27;[90m# Steps.iInputDateFromAndDateTo(String,String)&amp;#27;[0m
    &amp;#27;[32mAnd &amp;#27;[0m&amp;#27;[32mI Click on Query Overtime Hours&amp;#27;[0m                                                                                                                                                                              &amp;#27;[90m# Steps.iClickOnQueryOvertimeHours()&amp;#27;[0m
    &amp;#27;[32mAnd &amp;#27;[0m&amp;#27;[32mI Verify Hours Work in Manage OT &quot;&amp;#27;[0m&amp;#27;[32m&amp;#27;[1m16.75&amp;#27;[0m&amp;#27;[32m&quot; &quot;&amp;#27;[0m&amp;#27;[32m&amp;#27;[1m10.75&amp;#27;[0m&amp;#27;[32m&quot;&amp;#27;[0m                                                                                                                                                             &amp;#27;[90m# Steps.iVerifyHoursWorkInManageOT(String,String)&amp;#27;[0m
    &amp;#27;[32mAnd &amp;#27;[0m&amp;#27;[32mI Verify Overtime Hours Rate One Point Five &quot;&amp;#27;[0m&amp;#27;[32m&amp;#27;[1m7.75&amp;#27;[0m&amp;#27;[32m&quot; &quot;&amp;#27;[0m&amp;#27;[32m&amp;#27;[1m2.00&amp;#27;[0m&amp;#27;[32m&quot;&amp;#27;[0m                                                                                                                                                    &amp;#27;[90m# Steps.iVerifyOvertimeHoursRateOnePointFive(String,String)&amp;#27;[0m
    &amp;#27;[32mAnd &amp;#27;[0m&amp;#27;[32mI Verify Overtime Hours Rate Two Point Zero &quot;&amp;#27;[0m&amp;#27;[32m&amp;#27;[1mnull&amp;#27;[0m&amp;#27;[32m&quot; &quot;&amp;#27;[0m&amp;#27;[32m&amp;#27;[1mnull&amp;#27;[0m&amp;#27;[32m&quot;&amp;#27;[0m                                                                                                                                                    &amp;#27;[90m# Steps.iVerifyOvertimeHoursRateTwoPointZero(String,String)&amp;#27;[0m
    &amp;#27;[32mAnd &amp;#27;[0m&amp;#27;[32mI Verify Overtime Hours Rate Three Point Zero &quot;&amp;#27;[0m&amp;#27;[32m&amp;#27;[1mnull&amp;#27;[0m&amp;#27;[32m&quot; &quot;&amp;#27;[0m&amp;#27;[32m&amp;#27;[1mnull&amp;#27;[0m&amp;#27;[32m&quot;&amp;#27;[0m                                                                                                                                                  &amp;#27;[90m# Steps.iVerifyOvertimeHoursRateThreePointZero(String,String)&amp;#27;[0m
    &amp;#27;[32mAnd &amp;#27;[0m&amp;#27;[32mI Verify Overtime Hours Rate Sunday &quot;&amp;#27;[0m&amp;#27;[32m&amp;#27;[1mnull&amp;#27;[0m&amp;#27;[32m&quot; &quot;&amp;#27;[0m&amp;#27;[32m&amp;#27;[1mnull&amp;#27;[0m&amp;#27;[32m&quot;&amp;#27;[0m                                                                                                                                                            &amp;#27;[90m# Steps.iVerifyOvertimeHoursRateSunday(String,String)&amp;#27;[0m
    &amp;#27;[32mAnd &amp;#27;[0m&amp;#27;[32mI Verify Overtime Hours Rate Public Holiday &quot;&amp;#27;[0m&amp;#27;[32m&amp;#27;[1mnull&amp;#27;[0m&amp;#27;[32m&quot; &quot;&amp;#27;[0m&amp;#27;[32m&amp;#27;[1mnull&amp;#27;[0m&amp;#27;[32m&quot;&amp;#27;[0m                                                                                                                                                    &amp;#27;[90m# Steps.iVerifyOvertimeHoursRatePublicHoliday(String,String)&amp;#27;[0m
    &amp;#27;[32mAnd &amp;#27;[0m&amp;#27;[32mI Click on Save Button&amp;#27;[0m                                                                                                                                                                                       &amp;#27;[90m# Steps.iClickOnSaveButton()&amp;#27;[0m
    &amp;#27;[32mAnd &amp;#27;[0m&amp;#27;[32mI Verify Success Message for OT Saved&amp;#27;[0m                                                                                                                                                                        &amp;#27;[90m# Steps.iVerifySuccessMessageForOTSaved()&amp;#27;[0m
    &amp;#27;[32mAnd &amp;#27;[0m&amp;#27;[32mI Click on Attendance&amp;#27;[0m                                                                                                                                                                                        &amp;#27;[90m# Steps.iClickOnAttendance()&amp;#27;[0m
    &amp;#27;[32mAnd &amp;#27;[0m&amp;#27;[32mI Click on Manage Overtime Hours and Meals&amp;#27;[0m                                                                                                                                                                   &amp;#27;[90m# Steps.iClickOnManageOvertimeHoursAndMeals()&amp;#27;[0m
    &amp;#27;[32mAnd &amp;#27;[0m&amp;#27;[32mI Verify Manage Overtime Hours and Meals Page&amp;#27;[0m                                                                                                                                                                &amp;#27;[90m# Steps.iVerifyManageOvertimeHoursAndMealsPage()&amp;#27;[0m
    &amp;#27;[32mAnd &amp;#27;[0m&amp;#27;[32mI Input Date From and Date To in Manage Overtime and Meals &quot;&amp;#27;[0m&amp;#27;[32m&amp;#27;[1m18-Feb-2025&amp;#27;[0m&amp;#27;[32m&quot; &quot;&amp;#27;[0m&amp;#27;[32m&amp;#27;[1m19-Feb-2025&amp;#27;[0m&amp;#27;[32m&quot;&amp;#27;[0m                                                                                                                       &amp;#27;[90m# Steps.iInputDateFromAndDateToInManageOvertimeAndMeals(String,String)&amp;#27;[0m
    &amp;#27;[32mAnd &amp;#27;[0m&amp;#27;[32mI Select Company Name&amp;#27;[0m                                                                                                                                                                                        &amp;#27;[90m# Steps.iSelectCompanyName()&amp;#27;[0m
    &amp;#27;[32mAnd &amp;#27;[0m&amp;#27;[32mI Select Location In Manage Overtime and Meals &quot;&amp;#27;[0m&amp;#27;[32m&amp;#27;[1mAux&amp;#27;[0m&amp;#27;[32m&quot;&amp;#27;[0m                                                                                                                                                         &amp;#27;[90m# Steps.iSelectLocationInManageOvertimeAndMeals(String)&amp;#27;[0m
    &amp;#27;[32mAnd &amp;#27;[0m&amp;#27;[32mI Select Employee Code In Manage Overtime and Meals &quot;&amp;#27;[0m&amp;#27;[32m&amp;#27;[1m039&amp;#27;[0m&amp;#27;[32m&quot;&amp;#27;[0m                                                                                                                                                    &amp;#27;[90m# Steps.iSelectEmployeeCodeInManageOvertimeAndMeals(String)&amp;#27;[0m
    &amp;#27;[32mAnd &amp;#27;[0m&amp;#27;[32mI Click on Query Button&amp;#27;[0m                                                                                                                                                                                      &amp;#27;[90m# Steps.iClickOnQueryButton()&amp;#27;[0m
    &amp;#27;[32mAnd &amp;#27;[0m&amp;#27;[32mI Verify Overtime Hours and Amount &quot;&amp;#27;[0m&amp;#27;[32m&amp;#27;[1m7.75&amp;#27;[0m&amp;#27;[32m&quot; &quot;&amp;#27;[0m&amp;#27;[32m&amp;#27;[1m2.00&amp;#27;[0m&amp;#27;[32m&quot; &quot;&amp;#27;[0m&amp;#27;[32m&amp;#27;[1mnull&amp;#27;[0m&amp;#27;[32m&quot; &quot;&amp;#27;[0m&amp;#27;[32m&amp;#27;[1mnull&amp;#27;[0m&amp;#27;[32m&quot; &quot;&amp;#27;[0m&amp;#27;[32m&amp;#27;[1mnull&amp;#27;[0m&amp;#27;[32m&quot; &quot;&amp;#27;[0m&amp;#27;[32m&amp;#27;[1mnull&amp;#27;[0m&amp;#27;[32m&quot; &quot;&amp;#27;[0m&amp;#27;[32m&amp;#27;[1mnull&amp;#27;[0m&amp;#27;[32m&quot; &quot;&amp;#27;[0m&amp;#27;[32m&amp;#27;[1mnull&amp;#27;[0m&amp;#27;[32m&quot; &quot;&amp;#27;[0m&amp;#27;[32m&amp;#27;[1mnull&amp;#27;[0m&amp;#27;[32m&quot; &quot;&amp;#27;[0m&amp;#27;[32m&amp;#27;[1mnull&amp;#27;[0m&amp;#27;[32m&quot; &quot;&amp;#27;[0m&amp;#27;[32m&amp;#27;[1m1,260.87&amp;#27;[0m&amp;#27;[32m&quot; &quot;&amp;#27;[0m&amp;#27;[32m&amp;#27;[1m325.38&amp;#27;[0m&amp;#27;[32m&quot; &quot;&amp;#27;[0m&amp;#27;[32m&amp;#27;[1mnull&amp;#27;[0m&amp;#27;[32m&quot; &quot;&amp;#27;[0m&amp;#27;[32m&amp;#27;[1mnull&amp;#27;[0m&amp;#27;[32m&quot; &quot;&amp;#27;[0m&amp;#27;[32m&amp;#27;[1mnull&amp;#27;[0m&amp;#27;[32m&quot; &quot;&amp;#27;[0m&amp;#27;[32m&amp;#27;[1mnull&amp;#27;[0m&amp;#27;[32m&quot; &quot;&amp;#27;[0m&amp;#27;[32m&amp;#27;[1mnull&amp;#27;[0m&amp;#27;[32m&quot; &quot;&amp;#27;[0m&amp;#27;[32m&amp;#27;[1mnull&amp;#27;[0m&amp;#27;[32m&quot; &quot;&amp;#27;[0m&amp;#27;[32m&amp;#27;[1m1,260.87&amp;#27;[0m&amp;#27;[32m&quot; &quot;&amp;#27;[0m&amp;#27;[32m&amp;#27;[1m1,193.08&amp;#27;[0m&amp;#27;[32m&quot; &quot;&amp;#27;[0m&amp;#27;[32m&amp;#27;[1mnull&amp;#27;[0m&amp;#27;[32m&quot; &quot;&amp;#27;[0m&amp;#27;[32m&amp;#27;[1m867.69&amp;#27;[0m&amp;#27;[32m&quot;&amp;#27;[0m &amp;#27;[90m# Steps.iVerifyOvertimeHoursAndAmount(String,String,String,String,String,String,String,String,String,String,String,String,String,String,String,String,String,String,String,String,String,String)&amp;#27;[0m
    &amp;#27;[32mAnd &amp;#27;[0m&amp;#27;[32mI Sign Out&amp;#27;[0m                                                                                                                                                                                                   &amp;#27;[90m# Steps.iSignOut()&amp;#27;[0m
    &amp;#27;[32mAnd &amp;#27;[0m&amp;#27;[32mI Verify Successful Sign Out&amp;#27;[0m                                                                                                                                                                                 &amp;#27;[90m# Steps.iVerifySuccessfulSignOut()&amp;#27;[0m
Unable to take screenshot
java.lang.NullPointerException
Text from source element: 16.75
Hours Work is good
Unable to take screenshot
java.lang.NullPointerException
Unable to take screenshot
java.lang.NullPointerException
Unable to take screenshot
java.lang.NullPointerException
Text from source element: 16.75
Unable to take screenshot
java.lang.NullPointerException

  @Overtime_Amount_Scenarios @Main_feature @Overtime
  Scenario Outline: Overtime Calculations based on scenarios                                                                                                                                                           &amp;#27;[90m# features/Login.feature:129&amp;#27;[0m
    &amp;#27;[32mGiven &amp;#27;[0m&amp;#27;[32mI am on Eastern Test Env - Front &quot;&amp;#27;[0m&amp;#27;[32m&amp;#27;[1mChrome&amp;#27;[0m&amp;#27;[32m&quot;&amp;#27;[0m                                                                                                                                                                    &amp;#27;[90m# Steps.iAmOnEasternTestEnvFront(String)&amp;#27;[0m
    &amp;#27;[32mAnd &amp;#27;[0m&amp;#27;[32mI Verify Login Page&amp;#27;[0m                                                                                                                                                                                            &amp;#27;[90m# Steps.iVerifyLoginPage()&amp;#27;[0m
    &amp;#27;[32mAnd &amp;#27;[0m&amp;#27;[32mI Sign In as HR &quot;&amp;#27;[0m&amp;#27;[32m&amp;#27;[1mAAA&amp;#27;[0m&amp;#27;[32m&quot; &quot;&amp;#27;[0m&amp;#27;[32m&amp;#27;[1mAdmin@123&amp;#27;[0m&amp;#27;[32m&quot;&amp;#27;[0m                                                                                                                                                                              &amp;#27;[90m# Steps.iSignInAsHR(String,String)&amp;#27;[0m
    &amp;#27;[32mAnd &amp;#27;[0m&amp;#27;[32mI Verify Successful Login&amp;#27;[0m                                                                                                                                                                                      &amp;#27;[90m# Steps.iVerifySuccessfulLogin()&amp;#27;[0m
    &amp;#27;[32mAnd &amp;#27;[0m&amp;#27;[32mI Click on Human Resource&amp;#27;[0m                                                                                                                                                                                      &amp;#27;[90m# Steps.iClickOnHumanResource()&amp;#27;[0m
    &amp;#27;[32mAnd &amp;#27;[0m&amp;#27;[32mI Click on Attendance&amp;#27;[0m                                                                                                                                                                                          &amp;#27;[90m# Steps.iClickOnAttendance()&amp;#27;[0m
    &amp;#27;[32mAnd &amp;#27;[0m&amp;#27;[32mI Click on Retrieve Attendance&amp;#27;[0m                                                                                                                                                                                 &amp;#27;[90m# Steps.iClickOnRetrieveAttendance()&amp;#27;[0m
    &amp;#27;[32mAnd &amp;#27;[0m&amp;#27;[32mI Input Attendance Date &quot;&amp;#27;[0m&amp;#27;[32m&amp;#27;[1m21-Feb-2025&amp;#27;[0m&amp;#27;[32m&quot;&amp;#27;[0m                                                                                                                                                                          &amp;#27;[90m# Steps.iInputAttendanceDate(String)&amp;#27;[0m
    &amp;#27;[32mAnd &amp;#27;[0m&amp;#27;[32mI Select Employee Code &quot;&amp;#27;[0m&amp;#27;[32m&amp;#27;[1m75&amp;#27;[0m&amp;#27;[32m&quot;&amp;#27;[0m                                                                                                                                                                                    &amp;#27;[90m# Steps.iSelectEmployeeCode(String)&amp;#27;[0m
    &amp;#27;[32mAnd &amp;#27;[0m&amp;#27;[32mI Click on Query Button&amp;#27;[0m                                                                                                                                                                                        &amp;#27;[90m# Steps.iClickOnQueryButton()&amp;#27;[0m
    &amp;#27;[32mAnd &amp;#27;[0m&amp;#27;[32mI Verify Hours Worked for Day one &quot;&amp;#27;[0m&amp;#27;[32m&amp;#27;[1m16.75&amp;#27;[0m&amp;#27;[32m&quot;&amp;#27;[0m                                                                                                                                                                      &amp;#27;[90m# Steps.iVerifyHoursWorkedForDayOne(String)&amp;#27;[0m
    &amp;#27;[32mAnd &amp;#27;[0m&amp;#27;[32mI Click on Process Button&amp;#27;[0m                                                                                                                                                                                      &amp;#27;[90m# Steps.iClickOnProcessButton()&amp;#27;[0m
    &amp;#27;[32mAnd &amp;#27;[0m&amp;#27;[32mI Verify Success Message for Process Attendance&amp;#27;[0m                                                                                                                                                                &amp;#27;[90m# Steps.iVerifySuccessMessageForProcessAttendance()&amp;#27;[0m
    &amp;#27;[32mAnd &amp;#27;[0m&amp;#27;[32mI Click on Attendance&amp;#27;[0m                                                                                                                                                                                          &amp;#27;[90m# Steps.iClickOnAttendance()&amp;#27;[0m
    &amp;#27;[32mAnd &amp;#27;[0m&amp;#27;[32mI Click on Manage Overtime Hours&amp;#27;[0m                                                                                                                                                                               &amp;#27;[90m# Steps.iClickOnManageOvertimeHours()&amp;#27;[0m
    &amp;#27;[32mAnd &amp;#27;[0m&amp;#27;[32mI Verify Manage Overtime Hours Page&amp;#27;[0m                                                                                                                                                                            &amp;#27;[90m# Steps.iVerifyManageOvertimeHoursPage()&amp;#27;[0m
    &amp;#27;[32mAnd &amp;#27;[0m&amp;#27;[32mI Select Company Name&amp;#27;[0m                                                                                                                                                                                          &amp;#27;[90m# Steps.iSelectCompanyName()&amp;#27;[0m
    &amp;#27;[32mAnd &amp;#27;[0m&amp;#27;[32mI Select Location &quot;&amp;#27;[0m&amp;#27;[32m&amp;#27;[1mAdm&amp;#27;[0m&amp;#27;[32m&quot;&amp;#27;[0m                                                                                                                                                                                        &amp;#27;[90m# Steps.iSelectLocation(String)&amp;#27;[0m
    &amp;#27;[32mAnd &amp;#27;[0m&amp;#27;[32mI Select Employee Code &quot;&amp;#27;[0m&amp;#27;[32m&amp;#27;[1m75&amp;#27;[0m&amp;#27;[32m&quot;&amp;#27;[0m                                                                                                                                                                                    &amp;#27;[90m# Steps.iSelectEmployeeCode(String)&amp;#27;[0m
    &amp;#27;[32mAnd &amp;#27;[0m&amp;#27;[32mI Input Date From and Date To &quot;&amp;#27;[0m&amp;#27;[32m&amp;#27;[1m21-Feb-2025&amp;#27;[0m&amp;#27;[32m&quot; &quot;&amp;#27;[0m&amp;#27;[32m&amp;#27;[1m22-Feb-2025&amp;#27;[0m&amp;#27;[32m&quot;&amp;#27;[0m                                                                                                                                                      &amp;#27;[90m# Steps.iInputDateFromAndDateTo(String,String)&amp;#27;[0m
    &amp;#27;[32mAnd &amp;#27;[0m&amp;#27;[32mI Click on Query Overtime Hours&amp;#27;[0m                                                                                                                                                                                &amp;#27;[90m# Steps.iClickOnQueryOvertimeHours()&amp;#27;[0m
    &amp;#27;[31mAnd &amp;#27;[0m&amp;#27;[31mI Verify Hours Work in Manage OT &quot;&amp;#27;[0m&amp;#27;[31m&amp;#27;[1m16.75&amp;#27;[0m&amp;#27;[31m&quot; &quot;&amp;#27;[0m&amp;#27;[31m&amp;#27;[1m7.00&amp;#27;[0m&amp;#27;[31m&quot;&amp;#27;[0m                                                                                                                                                                &amp;#27;[90m# Steps.iVerifyHoursWorkInManageOT(String,String)&amp;#27;[0m
      &amp;#27;[31mjava.lang.AssertionError: 7.25 expected [7.00] but found [Hours Work 2 is NOT good]
      	at org.testng.Assert.fail(Assert.java:94)
      	at org.testng.Assert.failNotEquals(Assert.java:513)
      	at org.testng.Assert.assertEqualsImpl(Assert.java:135)
      	at org.testng.Assert.assertEquals(Assert.java:116)
      	at org.testng.Assert.assertEquals(Assert.java:190)
      	at stepdefinition.Steps.iVerifyHoursWorkInManageOT(Steps.java:634)
      	at ?.And I Verify Hours Work in Manage OT &quot;16.75&quot; &quot;7.00&quot;(features/Login.feature:95)
      &amp;#27;[0m
    &amp;#27;[36mAnd &amp;#27;[0m&amp;#27;[36mI Verify Overtime Hours Rate One Point Five &quot;&amp;#27;[0m&amp;#27;[36m&amp;#27;[1m7.75&amp;#27;[0m&amp;#27;[36m&quot; &quot;&amp;#27;[0m&amp;#27;[36m&amp;#27;[1m2.00&amp;#27;[0m&amp;#27;[36m&quot;&amp;#27;[0m                                                                                                                                                      &amp;#27;[90m# Steps.iVerifyOvertimeHoursRateOnePointFive(String,String)&amp;#27;[0m
    &amp;#27;[36mAnd &amp;#27;[0m&amp;#27;[36mI Verify Overtime Hours Rate Two Point Zero &quot;&amp;#27;[0m&amp;#27;[36m&amp;#27;[1mnull&amp;#27;[0m&amp;#27;[36m&quot; &quot;&amp;#27;[0m&amp;#27;[36m&amp;#27;[1mnull&amp;#27;[0m&amp;#27;[36m&quot;&amp;#27;[0m                                                                                                                                                      &amp;#27;[90m# Steps.iVerifyOvertimeHoursRateTwoPointZero(String,String)&amp;#27;[0m
    &amp;#27;[36mAnd &amp;#27;[0m&amp;#27;[36mI Verify Overtime Hours Rate Three Point Zero &quot;&amp;#27;[0m&amp;#27;[36m&amp;#27;[1mnull&amp;#27;[0m&amp;#27;[36m&quot; &quot;&amp;#27;[0m&amp;#27;[36m&amp;#27;[1mnull&amp;#27;[0m&amp;#27;[36m&quot;&amp;#27;[0m                                                                                                                                                    &amp;#27;[90m# Steps.iVerifyOvertimeHoursRateThreePointZero(String,String)&amp;#27;[0m
    &amp;#27;[36mAnd &amp;#27;[0m&amp;#27;[36mI Verify Overtime Hours Rate Sunday &quot;&amp;#27;[0m&amp;#27;[36m&amp;#27;[1mnull&amp;#27;[0m&amp;#27;[36m&quot; &quot;&amp;#27;[0m&amp;#27;[36m&amp;#27;[1mnull&amp;#27;[0m&amp;#27;[36m&quot;&amp;#27;[0m                                                                                                                                                              &amp;#27;[90m# Steps.iVerifyOvertimeHoursRateSunday(String,String)&amp;#27;[0m
    &amp;#27;[36mAnd &amp;#27;[0m&amp;#27;[36mI Verify Overtime Hours Rate Public Holiday &quot;&amp;#27;[0m&amp;#27;[36m&amp;#27;[1mnull&amp;#27;[0m&amp;#27;[36m&quot; &quot;&amp;#27;[0m&amp;#27;[36m&amp;#27;[1mnull&amp;#27;[0m&amp;#27;[36m&quot;&amp;#27;[0m                                                                                                                                                      &amp;#27;[90m# Steps.iVerifyOvertimeHoursRatePublicHoliday(String,String)&amp;#27;[0m
    &amp;#27;[36mAnd &amp;#27;[0m&amp;#27;[36mI Click on Save Button&amp;#27;[0m                                                                                                                                                                                         &amp;#27;[90m# Steps.iClickOnSaveButton()&amp;#27;[0m
    &amp;#27;[36mAnd &amp;#27;[0m&amp;#27;[36mI Verify Success Message for OT Saved&amp;#27;[0m                                                                                                                                                                          &amp;#27;[90m# Steps.iVerifySuccessMessageForOTSaved()&amp;#27;[0m
    &amp;#27;[36mAnd &amp;#27;[0m&amp;#27;[36mI Click on Attendance&amp;#27;[0m                                                                                                                                                                                          &amp;#27;[90m# Steps.iClickOnAttendance()&amp;#27;[0m
    &amp;#27;[36mAnd &amp;#27;[0m&amp;#27;[36mI Click on Manage Overtime Hours and Meals&amp;#27;[0m                                                                                                                                                                     &amp;#27;[90m# Steps.iClickOnManageOvertimeHoursAndMeals()&amp;#27;[0m
    &amp;#27;[36mAnd &amp;#27;[0m&amp;#27;[36mI Verify Manage Overtime Hours and Meals Page&amp;#27;[0m                                                                                                                                                                  &amp;#27;[90m# Steps.iVerifyManageOvertimeHoursAndMealsPage()&amp;#27;[0m
    &amp;#27;[36mAnd &amp;#27;[0m&amp;#27;[36mI Input Date From and Date To in Manage Overtime and Meals &quot;&amp;#27;[0m&amp;#27;[36m&amp;#27;[1m21-Feb-2025&amp;#27;[0m&amp;#27;[36m&quot; &quot;&amp;#27;[0m&amp;#27;[36m&amp;#27;[1m22-Feb-2025&amp;#27;[0m&amp;#27;[36m&quot;&amp;#27;[0m                                                                                                                         &amp;#27;[90m# Steps.iInputDateFromAndDateToInManageOvertimeAndMeals(String,String)&amp;#27;[0m
    &amp;#27;[36mAnd &amp;#27;[0m&amp;#27;[36mI Select Company Name&amp;#27;[0m                                                                                                                                                                                          &amp;#27;[90m# Steps.iSelectCompanyName()&amp;#27;[0m
    &amp;#27;[36mAnd &amp;#27;[0m&amp;#27;[36mI Select Location In Manage Overtime and Meals &quot;&amp;#27;[0m&amp;#27;[36m&amp;#27;[1mAdm&amp;#27;[0m&amp;#27;[36m&quot;&amp;#27;[0m                                                                                                                                                           &amp;#27;[90m# Steps.iSelectLocationInManageOvertimeAndMeals(String)&amp;#27;[0m
    &amp;#27;[36mAnd &amp;#27;[0m&amp;#27;[36mI Select Employee Code In Manage Overtime and Meals &quot;&amp;#27;[0m&amp;#27;[36m&amp;#27;[1m75&amp;#27;[0m&amp;#27;[36m&quot;&amp;#27;[0m                                                                                                                                                       &amp;#27;[90m# Steps.iSelectEmployeeCodeInManageOvertimeAndMeals(String)&amp;#27;[0m
    &amp;#27;[36mAnd &amp;#27;[0m&amp;#27;[36mI Click on Query Button&amp;#27;[0m                                                                                                                                                                                        &amp;#27;[90m# Steps.iClickOnQueryButton()&amp;#27;[0m
    &amp;#27;[36mAnd &amp;#27;[0m&amp;#27;[36mI Verify Overtime Hours and Amount &quot;&amp;#27;[0m&amp;#27;[36m&amp;#27;[1m7.75&amp;#27;[0m&amp;#27;[36m&quot; &quot;&amp;#27;[0m&amp;#27;[36m&amp;#27;[1m2.00&amp;#27;[0m&amp;#27;[36m&quot; &quot;&amp;#27;[0m&amp;#27;[36m&amp;#27;[1mnull&amp;#27;[0m&amp;#27;[36m&quot; &quot;&amp;#27;[0m&amp;#27;[36m&amp;#27;[1mnull&amp;#27;[0m&amp;#27;[36m&quot; &quot;&amp;#27;[0m&amp;#27;[36m&amp;#27;[1mnull&amp;#27;[0m&amp;#27;[36m&quot; &quot;&amp;#27;[0m&amp;#27;[36m&amp;#27;[1mnull&amp;#27;[0m&amp;#27;[36m&quot; &quot;&amp;#27;[0m&amp;#27;[36m&amp;#27;[1mnull&amp;#27;[0m&amp;#27;[36m&quot; &quot;&amp;#27;[0m&amp;#27;[36m&amp;#27;[1mnull&amp;#27;[0m&amp;#27;[36m&quot; &quot;&amp;#27;[0m&amp;#27;[36m&amp;#27;[1mnull&amp;#27;[0m&amp;#27;[36m&quot; &quot;&amp;#27;[0m&amp;#27;[36m&amp;#27;[1mnull&amp;#27;[0m&amp;#27;[36m&quot; &quot;&amp;#27;[0m&amp;#27;[36m&amp;#27;[1m1,682.64&amp;#27;[0m&amp;#27;[36m&quot; &quot;&amp;#27;[0m&amp;#27;[36m&amp;#27;[1m434.23&amp;#27;[0m&amp;#27;[36m&quot; &quot;&amp;#27;[0m&amp;#27;[36m&amp;#27;[1mnull&amp;#27;[0m&amp;#27;[36m&quot; &quot;&amp;#27;[0m&amp;#27;[36m&amp;#27;[1mnull&amp;#27;[0m&amp;#27;[36m&quot; &quot;&amp;#27;[0m&amp;#27;[36m&amp;#27;[1mnull&amp;#27;[0m&amp;#27;[36m&quot; &quot;&amp;#27;[0m&amp;#27;[36m&amp;#27;[1mnull&amp;#27;[0m&amp;#27;[36m&quot; &quot;&amp;#27;[0m&amp;#27;[36m&amp;#27;[1mnull&amp;#27;[0m&amp;#27;[36m&quot; &quot;&amp;#27;[0m&amp;#27;[36m&amp;#27;[1mnull&amp;#27;[0m&amp;#27;[36m&quot; &quot;&amp;#27;[0m&amp;#27;[36m&amp;#27;[1m1,682.64&amp;#27;[0m&amp;#27;[36m&quot; &quot;&amp;#27;[0m&amp;#27;[36m&amp;#27;[1m1,592.18&amp;#27;[0m&amp;#27;[36m&quot; &quot;&amp;#27;[0m&amp;#27;[36m&amp;#27;[1mnull&amp;#27;[0m&amp;#27;[36m&quot; &quot;&amp;#27;[0m&amp;#27;[36m&amp;#27;[1m1,157.95&amp;#27;[0m&amp;#27;[36m&quot;&amp;#27;[0m &amp;#27;[90m# Steps.iVerifyOvertimeHoursAndAmount(String,String,String,String,String,String,String,String,String,String,String,String,String,String,String,String,String,String,String,String,String,String)&amp;#27;[0m
    &amp;#27;[36mAnd &amp;#27;[0m&amp;#27;[36mI Sign Out&amp;#27;[0m                                                                                                                                                                                                     &amp;#27;[90m# Steps.iSignOut()&amp;#27;[0m
    &amp;#27;[36mAnd &amp;#27;[0m&amp;#27;[36mI Verify Successful Sign Out&amp;#27;[0m                                                                                                                                                                                   &amp;#27;[90m# Steps.iVerifySuccessfulSignOut()&amp;#27;[0m
Unable to take screenshot
java.lang.NullPointerException
Text from source element: 16.75
Hours Work is good
Unable to take screenshot
java.lang.NullPointerException
Unable to take screenshot
java.lang.NullPointerException
Unable to take screenshot
java.lang.NullPointerException
Text from source element: 16.75
Unable to take screenshot
java.lang.NullPointerException

  @Overtime_Amount_Scenarios @Main_feature @Overtime
  Scenario Outline: Overtime Calculations based on scenarios                                                                                                                                                         &amp;#27;[90m# features/Login.feature:130&amp;#27;[0m
    &amp;#27;[32mGiven &amp;#27;[0m&amp;#27;[32mI am on Eastern Test Env - Front &quot;&amp;#27;[0m&amp;#27;[32m&amp;#27;[1mChrome&amp;#27;[0m&amp;#27;[32m&quot;&amp;#27;[0m                                                                                                                                                                  &amp;#27;[90m# Steps.iAmOnEasternTestEnvFront(String)&amp;#27;[0m
    &amp;#27;[32mAnd &amp;#27;[0m&amp;#27;[32mI Verify Login Page&amp;#27;[0m                                                                                                                                                                                          &amp;#27;[90m# Steps.iVerifyLoginPage()&amp;#27;[0m
    &amp;#27;[32mAnd &amp;#27;[0m&amp;#27;[32mI Sign In as HR &quot;&amp;#27;[0m&amp;#27;[32m&amp;#27;[1mAAA&amp;#27;[0m&amp;#27;[32m&quot; &quot;&amp;#27;[0m&amp;#27;[32m&amp;#27;[1mAdmin@123&amp;#27;[0m&amp;#27;[32m&quot;&amp;#27;[0m                                                                                                                                                                            &amp;#27;[90m# Steps.iSignInAsHR(String,String)&amp;#27;[0m
    &amp;#27;[32mAnd &amp;#27;[0m&amp;#27;[32mI Verify Successful Login&amp;#27;[0m                                                                                                                                                                                    &amp;#27;[90m# Steps.iVerifySuccessfulLogin()&amp;#27;[0m
    &amp;#27;[32mAnd &amp;#27;[0m&amp;#27;[32mI Click on Human Resource&amp;#27;[0m                                                                                                                                                                                    &amp;#27;[90m# Steps.iClickOnHumanResource()&amp;#27;[0m
    &amp;#27;[32mAnd &amp;#27;[0m&amp;#27;[32mI Click on Attendance&amp;#27;[0m                                                                                                                                                                                        &amp;#27;[90m# Steps.iClickOnAttendance()&amp;#27;[0m
    &amp;#27;[32mAnd &amp;#27;[0m&amp;#27;[32mI Click on Retrieve Attendance&amp;#27;[0m                                                                                                                                                                               &amp;#27;[90m# Steps.iClickOnRetrieveAttendance()&amp;#27;[0m
    &amp;#27;[32mAnd &amp;#27;[0m&amp;#27;[32mI Input Attendance Date &quot;&amp;#27;[0m&amp;#27;[32m&amp;#27;[1m21-Feb-2025&amp;#27;[0m&amp;#27;[32m&quot;&amp;#27;[0m                                                                                                                                                                        &amp;#27;[90m# Steps.iInputAttendanceDate(String)&amp;#27;[0m
    &amp;#27;[32mAnd &amp;#27;[0m&amp;#27;[32mI Select Employee Code &quot;&amp;#27;[0m&amp;#27;[32m&amp;#27;[1m039&amp;#27;[0m&amp;#27;[32m&quot;&amp;#27;[0m                                                                                                                                                                                 &amp;#27;[90m# Steps.iSelectEmployeeCode(String)&amp;#27;[0m
    &amp;#27;[32mAnd &amp;#27;[0m&amp;#27;[32mI Click on Query Button&amp;#27;[0m                                                                                                                                                                                      &amp;#27;[90m# Steps.iClickOnQueryButton()&amp;#27;[0m
    &amp;#27;[32mAnd &amp;#27;[0m&amp;#27;[32mI Verify Hours Worked for Day one &quot;&amp;#27;[0m&amp;#27;[32m&amp;#27;[1m16.75&amp;#27;[0m&amp;#27;[32m&quot;&amp;#27;[0m                                                                                                                                                                    &amp;#27;[90m# Steps.iVerifyHoursWorkedForDayOne(String)&amp;#27;[0m
    &amp;#27;[32mAnd &amp;#27;[0m&amp;#27;[32mI Click on Process Button&amp;#27;[0m                                                                                                                                                                                    &amp;#27;[90m# Steps.iClickOnProcessButton()&amp;#27;[0m
    &amp;#27;[32mAnd &amp;#27;[0m&amp;#27;[32mI Verify Success Message for Process Attendance&amp;#27;[0m                                                                                                                                                              &amp;#27;[90m# Steps.iVerifySuccessMessageForProcessAttendance()&amp;#27;[0m
    &amp;#27;[32mAnd &amp;#27;[0m&amp;#27;[32mI Click on Attendance&amp;#27;[0m                                                                                                                                                                                        &amp;#27;[90m# Steps.iClickOnAttendance()&amp;#27;[0m
    &amp;#27;[32mAnd &amp;#27;[0m&amp;#27;[32mI Click on Manage Overtime Hours&amp;#27;[0m                                                                                                                                                                             &amp;#27;[90m# Steps.iClickOnManageOvertimeHours()&amp;#27;[0m
    &amp;#27;[32mAnd &amp;#27;[0m&amp;#27;[32mI Verify Manage Overtime Hours Page&amp;#27;[0m                                                                                                                                                                          &amp;#27;[90m# Steps.iVerifyManageOvertimeHoursPage()&amp;#27;[0m
    &amp;#27;[32mAnd &amp;#27;[0m&amp;#27;[32mI Select Company Name&amp;#27;[0m                                                                                                                                                                                        &amp;#27;[90m# Steps.iSelectCompanyName()&amp;#27;[0m
    &amp;#27;[32mAnd &amp;#27;[0m&amp;#27;[32mI Select Location &quot;&amp;#27;[0m&amp;#27;[32m&amp;#27;[1mAux&amp;#27;[0m&amp;#27;[32m&quot;&amp;#27;[0m                                                                                                                                                                                      &amp;#27;[90m# Steps.iSelectLocation(String)&amp;#27;[0m
    &amp;#27;[32mAnd &amp;#27;[0m&amp;#27;[32mI Select Employee Code &quot;&amp;#27;[0m&amp;#27;[32m&amp;#27;[1m039&amp;#27;[0m&amp;#27;[32m&quot;&amp;#27;[0m                                                                                                                                                                                 &amp;#27;[90m# Steps.iSelectEmployeeCode(String)&amp;#27;[0m
    &amp;#27;[32mAnd &amp;#27;[0m&amp;#27;[32mI Input Date From and Date To &quot;&amp;#27;[0m&amp;#27;[32m&amp;#27;[1m21-Feb-2025&amp;#27;[0m&amp;#27;[32m&quot; &quot;&amp;#27;[0m&amp;#27;[32m&amp;#27;[1m22-Feb-2025&amp;#27;[0m&amp;#27;[32m&quot;&amp;#27;[0m                                                                                                                                                    &amp;#27;[90m# Steps.iInputDateFromAndDateTo(String,String)&amp;#27;[0m
    &amp;#27;[32mAnd &amp;#27;[0m&amp;#27;[32mI Click on Query Overtime Hours&amp;#27;[0m                                                                                                                                                                              &amp;#27;[90m# Steps.iClickOnQueryOvertimeHours()&amp;#27;[0m
    &amp;#27;[31mAnd &amp;#27;[0m&amp;#27;[31mI Verify Hours Work in Manage OT &quot;&amp;#27;[0m&amp;#27;[31m&amp;#27;[1m16.75&amp;#27;[0m&amp;#27;[31m&quot; &quot;&amp;#27;[0m&amp;#27;[31m&amp;#27;[1m7.00&amp;#27;[0m&amp;#27;[31m&quot;&amp;#27;[0m                                                                                                                                                              &amp;#27;[90m# Steps.iVerifyHoursWorkInManageOT(String,String)&amp;#27;[0m
      &amp;#27;[31mjava.lang.AssertionError: 7.25 expected [7.00] but found [Hours Work 2 is NOT good]
      	at org.testng.Assert.fail(Assert.java:94)
      	at org.testng.Assert.failNotEquals(Assert.java:513)
      	at org.testng.Assert.assertEqualsImpl(Assert.java:135)
      	at org.testng.Assert.assertEquals(Assert.java:116)
      	at org.testng.Assert.assertEquals(Assert.java:190)
      	at stepdefinition.Steps.iVerifyHoursWorkInManageOT(Steps.java:634)
      	at ?.And I Verify Hours Work in Manage OT &quot;16.75&quot; &quot;7.00&quot;(features/Login.feature:95)
      &amp;#27;[0m
    &amp;#27;[36mAnd &amp;#27;[0m&amp;#27;[36mI Verify Overtime Hours Rate One Point Five &quot;&amp;#27;[0m&amp;#27;[36m&amp;#27;[1m7.75&amp;#27;[0m&amp;#27;[36m&quot; &quot;&amp;#27;[0m&amp;#27;[36m&amp;#27;[1m2.00&amp;#27;[0m&amp;#27;[36m&quot;&amp;#27;[0m                                                                                                                                                    &amp;#27;[90m# Steps.iVerifyOvertimeHoursRateOnePointFive(String,String)&amp;#27;[0m
    &amp;#27;[36mAnd &amp;#27;[0m&amp;#27;[36mI Verify Overtime Hours Rate Two Point Zero &quot;&amp;#27;[0m&amp;#27;[36m&amp;#27;[1mnull&amp;#27;[0m&amp;#27;[36m&quot; &quot;&amp;#27;[0m&amp;#27;[36m&amp;#27;[1mnull&amp;#27;[0m&amp;#27;[36m&quot;&amp;#27;[0m                                                                                                                                                    &amp;#27;[90m# Steps.iVerifyOvertimeHoursRateTwoPointZero(String,String)&amp;#27;[0m
    &amp;#27;[36mAnd &amp;#27;[0m&amp;#27;[36mI Verify Overtime Hours Rate Three Point Zero &quot;&amp;#27;[0m&amp;#27;[36m&amp;#27;[1mnull&amp;#27;[0m&amp;#27;[36m&quot; &quot;&amp;#27;[0m&amp;#27;[36m&amp;#27;[1mnull&amp;#27;[0m&amp;#27;[36m&quot;&amp;#27;[0m                                                                                                                                                  &amp;#27;[90m# Steps.iVerifyOvertimeHoursRateThreePointZero(String,String)&amp;#27;[0m
    &amp;#27;[36mAnd &amp;#27;[0m&amp;#27;[36mI Verify Overtime Hours Rate Sunday &quot;&amp;#27;[0m&amp;#27;[36m&amp;#27;[1mnull&amp;#27;[0m&amp;#27;[36m&quot; &quot;&amp;#27;[0m&amp;#27;[36m&amp;#27;[1mnull&amp;#27;[0m&amp;#27;[36m&quot;&amp;#27;[0m                                                                                                                                                            &amp;#27;[90m# Steps.iVerifyOvertimeHoursRateSunday(String,String)&amp;#27;[0m
    &amp;#27;[36mAnd &amp;#27;[0m&amp;#27;[36mI Verify Overtime Hours Rate Public Holiday &quot;&amp;#27;[0m&amp;#27;[36m&amp;#27;[1mnull&amp;#27;[0m&amp;#27;[36m&quot; &quot;&amp;#27;[0m&amp;#27;[36m&amp;#27;[1mnull&amp;#27;[0m&amp;#27;[36m&quot;&amp;#27;[0m                                                                                                                                                    &amp;#27;[90m# Steps.iVerifyOvertimeHoursRatePublicHoliday(String,String)&amp;#27;[0m
    &amp;#27;[36mAnd &amp;#27;[0m&amp;#27;[36mI Click on Save Button&amp;#27;[0m                                                                                                                                                                                       &amp;#27;[90m# Steps.iClickOnSaveButton()&amp;#27;[0m
    &amp;#27;[36mAnd &amp;#27;[0m&amp;#27;[36mI Verify Success Message for OT Saved&amp;#27;[0m                                                                                                                                                                        &amp;#27;[90m# Steps.iVerifySuccessMessageForOTSaved()&amp;#27;[0m
    &amp;#27;[36mAnd &amp;#27;[0m&amp;#27;[36mI Click on Attendance&amp;#27;[0m                                                                                                                                                                                        &amp;#27;[90m# Steps.iClickOnAttendance()&amp;#27;[0m
    &amp;#27;[36mAnd &amp;#27;[0m&amp;#27;[36mI Click on Manage Overtime Hours and Meals&amp;#27;[0m                                                                                                                                                                   &amp;#27;[90m# Steps.iClickOnManageOvertimeHoursAndMeals()&amp;#27;[0m
    &amp;#27;[36mAnd &amp;#27;[0m&amp;#27;[36mI Verify Manage Overtime Hours and Meals Page&amp;#27;[0m                                                                                                                                                                &amp;#27;[90m# Steps.iVerifyManageOvertimeHoursAndMealsPage()&amp;#27;[0m
    &amp;#27;[36mAnd &amp;#27;[0m&amp;#27;[36mI Input Date From and Date To in Manage Overtime and Meals &quot;&amp;#27;[0m&amp;#27;[36m&amp;#27;[1m21-Feb-2025&amp;#27;[0m&amp;#27;[36m&quot; &quot;&amp;#27;[0m&amp;#27;[36m&amp;#27;[1m22-Feb-2025&amp;#27;[0m&amp;#27;[36m&quot;&amp;#27;[0m                                                                                                                       &amp;#27;[90m# Steps.iInputDateFromAndDateToInManageOvertimeAndMeals(String,String)&amp;#27;[0m
    &amp;#27;[36mAnd &amp;#27;[0m&amp;#27;[36mI Select Company Name&amp;#27;[0m                                                                                                                                                                                        &amp;#27;[90m# Steps.iSelectCompanyName()&amp;#27;[0m
    &amp;#27;[36mAnd &amp;#27;[0m&amp;#27;[36mI Select Location In Manage Overtime and Meals &quot;&amp;#27;[0m&amp;#27;[36m&amp;#27;[1mAux&amp;#27;[0m&amp;#27;[36m&quot;&amp;#27;[0m                                                                                                                                                         &amp;#27;[90m# Steps.iSelectLocationInManageOvertimeAndMeals(String)&amp;#27;[0m
    &amp;#27;[36mAnd &amp;#27;[0m&amp;#27;[36mI Select Employee Code In Manage Overtime and Meals &quot;&amp;#27;[0m&amp;#27;[36m&amp;#27;[1m039&amp;#27;[0m&amp;#27;[36m&quot;&amp;#27;[0m                                                                                                                                                    &amp;#27;[90m# Steps.iSelectEmployeeCodeInManageOvertimeAndMeals(String)&amp;#27;[0m
    &amp;#27;[36mAnd &amp;#27;[0m&amp;#27;[36mI Click on Query Button&amp;#27;[0m                                                                                                                                                                                      &amp;#27;[90m# Steps.iClickOnQueryButton()&amp;#27;[0m
    &amp;#27;[36mAnd &amp;#27;[0m&amp;#27;[36mI Verify Overtime Hours and Amount &quot;&amp;#27;[0m&amp;#27;[36m&amp;#27;[1m7.75&amp;#27;[0m&amp;#27;[36m&quot; &quot;&amp;#27;[0m&amp;#27;[36m&amp;#27;[1m2.00&amp;#27;[0m&amp;#27;[36m&quot; &quot;&amp;#27;[0m&amp;#27;[36m&amp;#27;[1mnull&amp;#27;[0m&amp;#27;[36m&quot; &quot;&amp;#27;[0m&amp;#27;[36m&amp;#27;[1mnull&amp;#27;[0m&amp;#27;[36m&quot; &quot;&amp;#27;[0m&amp;#27;[36m&amp;#27;[1mnull&amp;#27;[0m&amp;#27;[36m&quot; &quot;&amp;#27;[0m&amp;#27;[36m&amp;#27;[1mnull&amp;#27;[0m&amp;#27;[36m&quot; &quot;&amp;#27;[0m&amp;#27;[36m&amp;#27;[1mnull&amp;#27;[0m&amp;#27;[36m&quot; &quot;&amp;#27;[0m&amp;#27;[36m&amp;#27;[1mnull&amp;#27;[0m&amp;#27;[36m&quot; &quot;&amp;#27;[0m&amp;#27;[36m&amp;#27;[1mnull&amp;#27;[0m&amp;#27;[36m&quot; &quot;&amp;#27;[0m&amp;#27;[36m&amp;#27;[1mnull&amp;#27;[0m&amp;#27;[36m&quot; &quot;&amp;#27;[0m&amp;#27;[36m&amp;#27;[1m1,260.87&amp;#27;[0m&amp;#27;[36m&quot; &quot;&amp;#27;[0m&amp;#27;[36m&amp;#27;[1m325.38&amp;#27;[0m&amp;#27;[36m&quot; &quot;&amp;#27;[0m&amp;#27;[36m&amp;#27;[1mnull&amp;#27;[0m&amp;#27;[36m&quot; &quot;&amp;#27;[0m&amp;#27;[36m&amp;#27;[1mnull&amp;#27;[0m&amp;#27;[36m&quot; &quot;&amp;#27;[0m&amp;#27;[36m&amp;#27;[1mnull&amp;#27;[0m&amp;#27;[36m&quot; &quot;&amp;#27;[0m&amp;#27;[36m&amp;#27;[1mnull&amp;#27;[0m&amp;#27;[36m&quot; &quot;&amp;#27;[0m&amp;#27;[36m&amp;#27;[1mnull&amp;#27;[0m&amp;#27;[36m&quot; &quot;&amp;#27;[0m&amp;#27;[36m&amp;#27;[1mnull&amp;#27;[0m&amp;#27;[36m&quot; &quot;&amp;#27;[0m&amp;#27;[36m&amp;#27;[1m1,260.87&amp;#27;[0m&amp;#27;[36m&quot; &quot;&amp;#27;[0m&amp;#27;[36m&amp;#27;[1m1,193.08&amp;#27;[0m&amp;#27;[36m&quot; &quot;&amp;#27;[0m&amp;#27;[36m&amp;#27;[1mnull&amp;#27;[0m&amp;#27;[36m&quot; &quot;&amp;#27;[0m&amp;#27;[36m&amp;#27;[1m867.69&amp;#27;[0m&amp;#27;[36m&quot;&amp;#27;[0m &amp;#27;[90m# Steps.iVerifyOvertimeHoursAndAmount(String,String,String,String,String,String,String,String,String,String,String,String,String,String,String,String,String,String,String,String,String,String)&amp;#27;[0m
    &amp;#27;[36mAnd &amp;#27;[0m&amp;#27;[36mI Sign Out&amp;#27;[0m                                                                                                                                                                                                   &amp;#27;[90m# Steps.iSignOut()&amp;#27;[0m
    &amp;#27;[36mAnd &amp;#27;[0m&amp;#27;[36mI Verify Successful Sign Out&amp;#27;[0m                                                                                                                                                                                 &amp;#27;[90m# Steps.iVerifySuccessfulSignOut()&amp;#27;[0m
Unable to take screenshot
java.lang.NullPointerException
Text from source element: 16.75
Hours Work is good
Unable to take screenshot
java.lang.NullPointerException
Unable to take screenshot
java.lang.NullPointerException
Unable to take screenshot
java.lang.NullPointerException
Unable to take screenshot
java.lang.NullPointerException

  @Overtime_Amount_Scenarios @Main_feature @Overtime
  Scenario Outline: Overtime Calculations based on scenarios                                                                                                                                                      &amp;#27;[90m# features/Login.feature:131&amp;#27;[0m
    &amp;#27;[32mGiven &amp;#27;[0m&amp;#27;[32mI am on Eastern Test Env - Front &quot;&amp;#27;[0m&amp;#27;[32m&amp;#27;[1mChrome&amp;#27;[0m&amp;#27;[32m&quot;&amp;#27;[0m                                                                                                                                                               &amp;#27;[90m# Steps.iAmOnEasternTestEnvFront(String)&amp;#27;[0m
    &amp;#27;[32mAnd &amp;#27;[0m&amp;#27;[32mI Verify Login Page&amp;#27;[0m                                                                                                                                                                                       &amp;#27;[90m# Steps.iVerifyLoginPage()&amp;#27;[0m
    &amp;#27;[32mAnd &amp;#27;[0m&amp;#27;[32mI Sign In as HR &quot;&amp;#27;[0m&amp;#27;[32m&amp;#27;[1mAAA&amp;#27;[0m&amp;#27;[32m&quot; &quot;&amp;#27;[0m&amp;#27;[32m&amp;#27;[1mAdmin@123&amp;#27;[0m&amp;#27;[32m&quot;&amp;#27;[0m                                                                                                                                                                         &amp;#27;[90m# Steps.iSignInAsHR(String,String)&amp;#27;[0m
    &amp;#27;[32mAnd &amp;#27;[0m&amp;#27;[32mI Verify Successful Login&amp;#27;[0m                                                                                                                                                                                 &amp;#27;[90m# Steps.iVerifySuccessfulLogin()&amp;#27;[0m
    &amp;#27;[32mAnd &amp;#27;[0m&amp;#27;[32mI Click on Human Resource&amp;#27;[0m                                                                                                                                                                                 &amp;#27;[90m# Steps.iClickOnHumanResource()&amp;#27;[0m
    &amp;#27;[32mAnd &amp;#27;[0m&amp;#27;[32mI Click on Attendance&amp;#27;[0m                                                                                                                                                                                     &amp;#27;[90m# Steps.iClickOnAttendance()&amp;#27;[0m
    &amp;#27;[32mAnd &amp;#27;[0m&amp;#27;[32mI Click on Retrieve Attendance&amp;#27;[0m                                                                                                                                                                            &amp;#27;[90m# Steps.iClickOnRetrieveAttendance()&amp;#27;[0m
    &amp;#27;[32mAnd &amp;#27;[0m&amp;#27;[32mI Input Attendance Date &quot;&amp;#27;[0m&amp;#27;[32m&amp;#27;[1m08-Feb-2025&amp;#27;[0m&amp;#27;[32m&quot;&amp;#27;[0m                                                                                                                                                                     &amp;#27;[90m# Steps.iInputAttendanceDate(String)&amp;#27;[0m
    &amp;#27;[32mAnd &amp;#27;[0m&amp;#27;[32mI Select Employee Code &quot;&amp;#27;[0m&amp;#27;[32m&amp;#27;[1m75&amp;#27;[0m&amp;#27;[32m&quot;&amp;#27;[0m                                                                                                                                                                               &amp;#27;[90m# Steps.iSelectEmployeeCode(String)&amp;#27;[0m
    &amp;#27;[32mAnd &amp;#27;[0m&amp;#27;[32mI Click on Query Button&amp;#27;[0m                                                                                                                                                                                   &amp;#27;[90m# Steps.iClickOnQueryButton()&amp;#27;[0m
    &amp;#27;[32mAnd &amp;#27;[0m&amp;#27;[32mI Verify Hours Worked for Day one &quot;&amp;#27;[0m&amp;#27;[32m&amp;#27;[1m16.75&amp;#27;[0m&amp;#27;[32m&quot;&amp;#27;[0m                                                                                                                                                                 &amp;#27;[90m# Steps.iVerifyHoursWorkedForDayOne(String)&amp;#27;[0m
    &amp;#27;[32mAnd &amp;#27;[0m&amp;#27;[32mI Click on Process Button&amp;#27;[0m                                                                                                                                                                                 &amp;#27;[90m# Steps.iClickOnProcessButton()&amp;#27;[0m
    &amp;#27;[32mAnd &amp;#27;[0m&amp;#27;[32mI Verify Success Message for Process Attendance&amp;#27;[0m                                                                                                                                                           &amp;#27;[90m# Steps.iVerifySuccessMessageForProcessAttendance()&amp;#27;[0m
    &amp;#27;[32mAnd &amp;#27;[0m&amp;#27;[32mI Click on Attendance&amp;#27;[0m                                                                                                                                                                                     &amp;#27;[90m# Steps.iClickOnAttendance()&amp;#27;[0m
    &amp;#27;[32mAnd &amp;#27;[0m&amp;#27;[32mI Click on Manage Overtime Hours&amp;#27;[0m                                                                                                                                                                          &amp;#27;[90m# Steps.iClickOnManageOvertimeHours()&amp;#27;[0m
    &amp;#27;[32mAnd &amp;#27;[0m&amp;#27;[32mI Verify Manage Overtime Hours Page&amp;#27;[0m                                                                                                                                                                       &amp;#27;[90m# Steps.iVerifyManageOvertimeHoursPage()&amp;#27;[0m
    &amp;#27;[32mAnd &amp;#27;[0m&amp;#27;[32mI Select Company Name&amp;#27;[0m                                                                                                                                                                                     &amp;#27;[90m# Steps.iSelectCompanyName()&amp;#27;[0m
    &amp;#27;[32mAnd &amp;#27;[0m&amp;#27;[32mI Select Location &quot;&amp;#27;[0m&amp;#27;[32m&amp;#27;[1mAdm&amp;#27;[0m&amp;#27;[32m&quot;&amp;#27;[0m                                                                                                                                                                                   &amp;#27;[90m# Steps.iSelectLocation(String)&amp;#27;[0m
    &amp;#27;[32mAnd &amp;#27;[0m&amp;#27;[32mI Select Employee Code &quot;&amp;#27;[0m&amp;#27;[32m&amp;#27;[1m75&amp;#27;[0m&amp;#27;[32m&quot;&amp;#27;[0m                                                                                                                                                                               &amp;#27;[90m# Steps.iSelectEmployeeCode(String)&amp;#27;[0m
    &amp;#27;[32mAnd &amp;#27;[0m&amp;#27;[32mI Input Date From and Date To &quot;&amp;#27;[0m&amp;#27;[32m&amp;#27;[1m08-Feb-2025&amp;#27;[0m&amp;#27;[32m&quot; &quot;&amp;#27;[0m&amp;#27;[32m&amp;#27;[1m22-Jan-2025&amp;#27;[0m&amp;#27;[32m&quot;&amp;#27;[0m                                                                                                                                                 &amp;#27;[90m# Steps.iInputDateFromAndDateTo(String,String)&amp;#27;[0m
    &amp;#27;[32mAnd &amp;#27;[0m&amp;#27;[32mI Click on Query Overtime Hours&amp;#27;[0m                                                                                                                                                                           &amp;#27;[90m# Steps.iClickOnQueryOvertimeHours()&amp;#27;[0m
    &amp;#27;[31mAnd &amp;#27;[0m&amp;#27;[31mI Verify Hours Work in Manage OT &quot;&amp;#27;[0m&amp;#27;[31m&amp;#27;[1m16.75&amp;#27;[0m&amp;#27;[31m&quot; &quot;&amp;#27;[0m&amp;#27;[31m&amp;#27;[1m2.00&amp;#27;[0m&amp;#27;[31m&quot;&amp;#27;[0m                                                                                                                                                           &amp;#27;[90m# Steps.iVerifyHoursWorkInManageOT(String,String)&amp;#27;[0m
      &amp;#27;[31morg.openqa.selenium.NoSuchElementException: no such element: Unable to locate element: {&quot;method&quot;:&quot;xpath&quot;,&quot;selector&quot;:&quot;(//td[@role=&apos;gridcell&apos;])[9]&quot;}
        (Session info: chrome=138.0.7204.97)
      For documentation on this error, please visit: http://seleniumhq.org/exceptions/no_such_element.html
      Build info: version: &apos;3.4.0&apos;, revision: &apos;unknown&apos;, time: &apos;unknown&apos;
      System info: host: &apos;SIL-LTDELLI7-G6&apos;, ip: &apos;130.1.21.163&apos;, os.name: &apos;Windows 11&apos;, os.arch: &apos;amd64&apos;, os.version: &apos;10.0&apos;, java.version: &apos;1.8.0_371&apos;
      Driver info: org.openqa.selenium.chrome.ChromeDriver
      Capabilities [{networkConnectionEnabled=false, chrome={chromedriverVersion=138.0.7204.94 (5450257488848fa5bab09dea663ce77edfb17672-refs/branch-heads/7204_50@{#10}), userDataDir=C:\Users\SURAJ~1.JOG\AppData\Local\Temp\scoped_dir28660_1957162805}, timeouts={implicit=0.0, pageLoad=300000.0, script=30000.0}, pageLoadStrategy=normal, unhandledPromptBehavior=dismiss and notify, strictFileInteractability=false, platform=ANY, proxy=Proxy(), webauthn:extension:minPinLength=true, goog:chromeOptions={debuggerAddress=localhost:64621}, webauthn:extension:credBlob=true, webauthn:extension:prf=true, acceptInsecureCerts=false, browserVersion=138.0.7204.97, fedcm:accounts=true, browserName=chrome, javascriptEnabled=true, platformName=windows, setWindowRect=true, webauthn:extension:largeBlob=true, webauthn:virtualAuthenticators=true}]
      Session ID: b83dea2fbb599e6373ceeccec4535c0d
      *** Element info: {Using=xpath, value=(//td[@role=&apos;gridcell&apos;])[9]}
      	at sun.reflect.NativeConstructorAccessorImpl.newInstance0(Native Method)
      	at sun.reflect.NativeConstructorAccessorImpl.newInstance(NativeConstructorAccessorImpl.java:62)
      	at sun.reflect.DelegatingConstructorAccessorImpl.newInstance(DelegatingConstructorAccessorImpl.java:45)
      	at java.lang.reflect.Constructor.newInstance(Constructor.java:423)
      	at org.openqa.selenium.remote.http.W3CHttpResponseCodec.createException(W3CHttpResponseCodec.java:150)
      	at org.openqa.selenium.remote.http.W3CHttpResponseCodec.decode(W3CHttpResponseCodec.java:115)
      	at org.openqa.selenium.remote.http.W3CHttpResponseCodec.decode(W3CHttpResponseCodec.java:45)
      	at org.openqa.selenium.remote.HttpCommandExecutor.execute(HttpCommandExecutor.java:164)
      	at org.openqa.selenium.remote.service.DriverCommandExecutor.execute(DriverCommandExecutor.java:82)
      	at org.openqa.selenium.remote.RemoteWebDriver.execute(RemoteWebDriver.java:637)
      	at org.openqa.selenium.remote.RemoteWebDriver.findElement(RemoteWebDriver.java:410)
      	at org.openqa.selenium.remote.RemoteWebDriver.findElementByXPath(RemoteWebDriver.java:509)
      	at org.openqa.selenium.By$ByXPath.findElement(By.java:361)
      	at org.openqa.selenium.remote.RemoteWebDriver.findElement(RemoteWebDriver.java:402)
      	at stepdefinition.Steps.iVerifyHoursWorkInManageOT(Steps.java:620)
      	at ?.And I Verify Hours Work in Manage OT &quot;16.75&quot; &quot;2.00&quot;(features/Login.feature:95)
      &amp;#27;[0m
    &amp;#27;[36mAnd &amp;#27;[0m&amp;#27;[36mI Verify Overtime Hours Rate One Point Five &quot;&amp;#27;[0m&amp;#27;[36m&amp;#27;[1m11.75&amp;#27;[0m&amp;#27;[36m&quot; &quot;&amp;#27;[0m&amp;#27;[36m&amp;#27;[1mnull&amp;#27;[0m&amp;#27;[36m&quot;&amp;#27;[0m                                                                                                                                                &amp;#27;[90m# Steps.iVerifyOvertimeHoursRateOnePointFive(String,String)&amp;#27;[0m
    &amp;#27;[36mAnd &amp;#27;[0m&amp;#27;[36mI Verify Overtime Hours Rate Two Point Zero &quot;&amp;#27;[0m&amp;#27;[36m&amp;#27;[1mnull&amp;#27;[0m&amp;#27;[36m&quot; &quot;&amp;#27;[0m&amp;#27;[36m&amp;#27;[1m2.00&amp;#27;[0m&amp;#27;[36m&quot;&amp;#27;[0m                                                                                                                                                 &amp;#27;[90m# Steps.iVerifyOvertimeHoursRateTwoPointZero(String,String)&amp;#27;[0m
    &amp;#27;[36mAnd &amp;#27;[0m&amp;#27;[36mI Verify Overtime Hours Rate Three Point Zero &quot;&amp;#27;[0m&amp;#27;[36m&amp;#27;[1mnull&amp;#27;[0m&amp;#27;[36m&quot; &quot;&amp;#27;[0m&amp;#27;[36m&amp;#27;[1mnull&amp;#27;[0m&amp;#27;[36m&quot;&amp;#27;[0m                                                                                                                                               &amp;#27;[90m# Steps.iVerifyOvertimeHoursRateThreePointZero(String,String)&amp;#27;[0m
    &amp;#27;[36mAnd &amp;#27;[0m&amp;#27;[36mI Verify Overtime Hours Rate Sunday &quot;&amp;#27;[0m&amp;#27;[36m&amp;#27;[1mnull&amp;#27;[0m&amp;#27;[36m&quot; &quot;&amp;#27;[0m&amp;#27;[36m&amp;#27;[1mnull&amp;#27;[0m&amp;#27;[36m&quot;&amp;#27;[0m                                                                                                                                                         &amp;#27;[90m# Steps.iVerifyOvertimeHoursRateSunday(String,String)&amp;#27;[0m
    &amp;#27;[36mAnd &amp;#27;[0m&amp;#27;[36mI Verify Overtime Hours Rate Public Holiday &quot;&amp;#27;[0m&amp;#27;[36m&amp;#27;[1mnull&amp;#27;[0m&amp;#27;[36m&quot; &quot;&amp;#27;[0m&amp;#27;[36m&amp;#27;[1mnull&amp;#27;[0m&amp;#27;[36m&quot;&amp;#27;[0m                                                                                                                                                 &amp;#27;[90m# Steps.iVerifyOvertimeHoursRatePublicHoliday(String,String)&amp;#27;[0m
    &amp;#27;[36mAnd &amp;#27;[0m&amp;#27;[36mI Click on Save Button&amp;#27;[0m                                                                                                                                                                                    &amp;#27;[90m# Steps.iClickOnSaveButton()&amp;#27;[0m
    &amp;#27;[36mAnd &amp;#27;[0m&amp;#27;[36mI Verify Success Message for OT Saved&amp;#27;[0m                                                                                                                                                                     &amp;#27;[90m# Steps.iVerifySuccessMessageForOTSaved()&amp;#27;[0m
    &amp;#27;[36mAnd &amp;#27;[0m&amp;#27;[36mI Click on Attendance&amp;#27;[0m                                                                                                                                                                                     &amp;#27;[90m# Steps.iClickOnAttendance()&amp;#27;[0m
    &amp;#27;[36mAnd &amp;#27;[0m&amp;#27;[36mI Click on Manage Overtime Hours and Meals&amp;#27;[0m                                                                                                                                                                &amp;#27;[90m# Steps.iClickOnManageOvertimeHoursAndMeals()&amp;#27;[0m
    &amp;#27;[36mAnd &amp;#27;[0m&amp;#27;[36mI Verify Manage Overtime Hours and Meals Page&amp;#27;[0m                                                                                                                                                             &amp;#27;[90m# Steps.iVerifyManageOvertimeHoursAndMealsPage()&amp;#27;[0m
    &amp;#27;[36mAnd &amp;#27;[0m&amp;#27;[36mI Input Date From and Date To in Manage Overtime and Meals &quot;&amp;#27;[0m&amp;#27;[36m&amp;#27;[1m08-Feb-2025&amp;#27;[0m&amp;#27;[36m&quot; &quot;&amp;#27;[0m&amp;#27;[36m&amp;#27;[1m22-Jan-2025&amp;#27;[0m&amp;#27;[36m&quot;&amp;#27;[0m                                                                                                                    &amp;#27;[90m# Steps.iInputDateFromAndDateToInManageOvertimeAndMeals(String,String)&amp;#27;[0m
    &amp;#27;[36mAnd &amp;#27;[0m&amp;#27;[36mI Select Company Name&amp;#27;[0m                                                                                                                                                                                     &amp;#27;[90m# Steps.iSelectCompanyName()&amp;#27;[0m
    &amp;#27;[36mAnd &amp;#27;[0m&amp;#27;[36mI Select Location In Manage Overtime and Meals &quot;&amp;#27;[0m&amp;#27;[36m&amp;#27;[1mAdm&amp;#27;[0m&amp;#27;[36m&quot;&amp;#27;[0m                                                                                                                                                      &amp;#27;[90m# Steps.iSelectLocationInManageOvertimeAndMeals(String)&amp;#27;[0m
    &amp;#27;[36mAnd &amp;#27;[0m&amp;#27;[36mI Select Employee Code In Manage Overtime and Meals &quot;&amp;#27;[0m&amp;#27;[36m&amp;#27;[1m75&amp;#27;[0m&amp;#27;[36m&quot;&amp;#27;[0m                                                                                                                                                  &amp;#27;[90m# Steps.iSelectEmployeeCodeInManageOvertimeAndMeals(String)&amp;#27;[0m
    &amp;#27;[36mAnd &amp;#27;[0m&amp;#27;[36mI Click on Query Button&amp;#27;[0m                                                                                                                                                                                   &amp;#27;[90m# Steps.iClickOnQueryButton()&amp;#27;[0m
    &amp;#27;[36mAnd &amp;#27;[0m&amp;#27;[36mI Verify Overtime Hours and Amount &quot;&amp;#27;[0m&amp;#27;[36m&amp;#27;[1m11.75&amp;#27;[0m&amp;#27;[36m&quot; &quot;&amp;#27;[0m&amp;#27;[36m&amp;#27;[1mnull&amp;#27;[0m&amp;#27;[36m&quot; &quot;&amp;#27;[0m&amp;#27;[36m&amp;#27;[1mnull&amp;#27;[0m&amp;#27;[36m&quot; &quot;&amp;#27;[0m&amp;#27;[36m&amp;#27;[1m2.00&amp;#27;[0m&amp;#27;[36m&quot; &quot;&amp;#27;[0m&amp;#27;[36m&amp;#27;[1mnull&amp;#27;[0m&amp;#27;[36m&quot; &quot;&amp;#27;[0m&amp;#27;[36m&amp;#27;[1mnull&amp;#27;[0m&amp;#27;[36m&quot; &quot;&amp;#27;[0m&amp;#27;[36m&amp;#27;[1mnull&amp;#27;[0m&amp;#27;[36m&quot; &quot;&amp;#27;[0m&amp;#27;[36m&amp;#27;[1mnull&amp;#27;[0m&amp;#27;[36m&quot; &quot;&amp;#27;[0m&amp;#27;[36m&amp;#27;[1mnull&amp;#27;[0m&amp;#27;[36m&quot; &quot;&amp;#27;[0m&amp;#27;[36m&amp;#27;[1mnull&amp;#27;[0m&amp;#27;[36m&quot; &quot;&amp;#27;[0m&amp;#27;[36m&amp;#27;[1m2,551.11&amp;#27;[0m&amp;#27;[36m&quot; &quot;&amp;#27;[0m&amp;#27;[36m&amp;#27;[1mnull&amp;#27;[0m&amp;#27;[36m&quot; &quot;&amp;#27;[0m&amp;#27;[36m&amp;#27;[1mnull&amp;#27;[0m&amp;#27;[36m&quot; &quot;&amp;#27;[0m&amp;#27;[36m&amp;#27;[1m578.97&amp;#27;[0m&amp;#27;[36m&quot; &quot;&amp;#27;[0m&amp;#27;[36m&amp;#27;[1mnull&amp;#27;[0m&amp;#27;[36m&quot; &quot;&amp;#27;[0m&amp;#27;[36m&amp;#27;[1mnull&amp;#27;[0m&amp;#27;[36m&quot; &quot;&amp;#27;[0m&amp;#27;[36m&amp;#27;[1mnull&amp;#27;[0m&amp;#27;[36m&quot; &quot;&amp;#27;[0m&amp;#27;[36m&amp;#27;[1mnull&amp;#27;[0m&amp;#27;[36m&quot; &quot;&amp;#27;[0m&amp;#27;[36m&amp;#27;[1m2,551.11&amp;#27;[0m&amp;#27;[36m&quot; &quot;&amp;#27;[0m&amp;#27;[36m&amp;#27;[1m578.97&amp;#27;[0m&amp;#27;[36m&quot; &quot;&amp;#27;[0m&amp;#27;[36m&amp;#27;[1mnull&amp;#27;[0m&amp;#27;[36m&quot; &quot;&amp;#27;[0m&amp;#27;[36m&amp;#27;[1mnull&amp;#27;[0m&amp;#27;[36m&quot;&amp;#27;[0m &amp;#27;[90m# Steps.iVerifyOvertimeHoursAndAmount(String,String,String,String,String,String,String,String,String,String,String,String,String,String,String,String,String,String,String,String,String,String)&amp;#27;[0m
    &amp;#27;[36mAnd &amp;#27;[0m&amp;#27;[36mI Sign Out&amp;#27;[0m                                                                                                                                                                                                &amp;#27;[90m# Steps.iSignOut()&amp;#27;[0m
    &amp;#27;[36mAnd &amp;#27;[0m&amp;#27;[36mI Verify Successful Sign Out&amp;#27;[0m                                                                                                                                                                              &amp;#27;[90m# Steps.iVerifySuccessfulSignOut()&amp;#27;[0m
Unable to take screenshot
java.lang.NullPointerException
Text from source element: 16.75
Hours Work is good
Unable to take screenshot
java.lang.NullPointerException
Unable to take screenshot
java.lang.NullPointerException
Unable to take screenshot
java.lang.NullPointerException
Unable to take screenshot
java.lang.NullPointerException

  @Overtime_Amount_Scenarios @Main_feature @Overtime
  Scenario Outline: Overtime Calculations based on scenarios                                                                                                                                                      &amp;#27;[90m# features/Login.feature:132&amp;#27;[0m
    &amp;#27;[32mGiven &amp;#27;[0m&amp;#27;[32mI am on Eastern Test Env - Front &quot;&amp;#27;[0m&amp;#27;[32m&amp;#27;[1mChrome&amp;#27;[0m&amp;#27;[32m&quot;&amp;#27;[0m                                                                                                                                                               &amp;#27;[90m# Steps.iAmOnEasternTestEnvFront(String)&amp;#27;[0m
    &amp;#27;[32mAnd &amp;#27;[0m&amp;#27;[32mI Verify Login Page&amp;#27;[0m                                                                                                                                                                                       &amp;#27;[90m# Steps.iVerifyLoginPage()&amp;#27;[0m
    &amp;#27;[32mAnd &amp;#27;[0m&amp;#27;[32mI Sign In as HR &quot;&amp;#27;[0m&amp;#27;[32m&amp;#27;[1mAAA&amp;#27;[0m&amp;#27;[32m&quot; &quot;&amp;#27;[0m&amp;#27;[32m&amp;#27;[1mAdmin@123&amp;#27;[0m&amp;#27;[32m&quot;&amp;#27;[0m                                                                                                                                                                         &amp;#27;[90m# Steps.iSignInAsHR(String,String)&amp;#27;[0m
    &amp;#27;[32mAnd &amp;#27;[0m&amp;#27;[32mI Verify Successful Login&amp;#27;[0m                                                                                                                                                                                 &amp;#27;[90m# Steps.iVerifySuccessfulLogin()&amp;#27;[0m
    &amp;#27;[32mAnd &amp;#27;[0m&amp;#27;[32mI Click on Human Resource&amp;#27;[0m                                                                                                                                                                                 &amp;#27;[90m# Steps.iClickOnHumanResource()&amp;#27;[0m
    &amp;#27;[32mAnd &amp;#27;[0m&amp;#27;[32mI Click on Attendance&amp;#27;[0m                                                                                                                                                                                     &amp;#27;[90m# Steps.iClickOnAttendance()&amp;#27;[0m
    &amp;#27;[32mAnd &amp;#27;[0m&amp;#27;[32mI Click on Retrieve Attendance&amp;#27;[0m                                                                                                                                                                            &amp;#27;[90m# Steps.iClickOnRetrieveAttendance()&amp;#27;[0m
    &amp;#27;[32mAnd &amp;#27;[0m&amp;#27;[32mI Input Attendance Date &quot;&amp;#27;[0m&amp;#27;[32m&amp;#27;[1m08-Feb-2025&amp;#27;[0m&amp;#27;[32m&quot;&amp;#27;[0m                                                                                                                                                                     &amp;#27;[90m# Steps.iInputAttendanceDate(String)&amp;#27;[0m
    &amp;#27;[32mAnd &amp;#27;[0m&amp;#27;[32mI Select Employee Code &quot;&amp;#27;[0m&amp;#27;[32m&amp;#27;[1m039&amp;#27;[0m&amp;#27;[32m&quot;&amp;#27;[0m                                                                                                                                                                              &amp;#27;[90m# Steps.iSelectEmployeeCode(String)&amp;#27;[0m
    &amp;#27;[32mAnd &amp;#27;[0m&amp;#27;[32mI Click on Query Button&amp;#27;[0m                                                                                                                                                                                   &amp;#27;[90m# Steps.iClickOnQueryButton()&amp;#27;[0m
    &amp;#27;[32mAnd &amp;#27;[0m&amp;#27;[32mI Verify Hours Worked for Day one &quot;&amp;#27;[0m&amp;#27;[32m&amp;#27;[1m16.75&amp;#27;[0m&amp;#27;[32m&quot;&amp;#27;[0m                                                                                                                                                                 &amp;#27;[90m# Steps.iVerifyHoursWorkedForDayOne(String)&amp;#27;[0m
    &amp;#27;[32mAnd &amp;#27;[0m&amp;#27;[32mI Click on Process Button&amp;#27;[0m                                                                                                                                                                                 &amp;#27;[90m# Steps.iClickOnProcessButton()&amp;#27;[0m
    &amp;#27;[32mAnd &amp;#27;[0m&amp;#27;[32mI Verify Success Message for Process Attendance&amp;#27;[0m                                                                                                                                                           &amp;#27;[90m# Steps.iVerifySuccessMessageForProcessAttendance()&amp;#27;[0m
    &amp;#27;[32mAnd &amp;#27;[0m&amp;#27;[32mI Click on Attendance&amp;#27;[0m                                                                                                                                                                                     &amp;#27;[90m# Steps.iClickOnAttendance()&amp;#27;[0m
    &amp;#27;[32mAnd &amp;#27;[0m&amp;#27;[32mI Click on Manage Overtime Hours&amp;#27;[0m                                                                                                                                                                          &amp;#27;[90m# Steps.iClickOnManageOvertimeHours()&amp;#27;[0m
    &amp;#27;[32mAnd &amp;#27;[0m&amp;#27;[32mI Verify Manage Overtime Hours Page&amp;#27;[0m                                                                                                                                                                       &amp;#27;[90m# Steps.iVerifyManageOvertimeHoursPage()&amp;#27;[0m
    &amp;#27;[32mAnd &amp;#27;[0m&amp;#27;[32mI Select Company Name&amp;#27;[0m                                                                                                                                                                                     &amp;#27;[90m# Steps.iSelectCompanyName()&amp;#27;[0m
    &amp;#27;[32mAnd &amp;#27;[0m&amp;#27;[32mI Select Location &quot;&amp;#27;[0m&amp;#27;[32m&amp;#27;[1mAux&amp;#27;[0m&amp;#27;[32m&quot;&amp;#27;[0m                                                                                                                                                                                   &amp;#27;[90m# Steps.iSelectLocation(String)&amp;#27;[0m
    &amp;#27;[32mAnd &amp;#27;[0m&amp;#27;[32mI Select Employee Code &quot;&amp;#27;[0m&amp;#27;[32m&amp;#27;[1m039&amp;#27;[0m&amp;#27;[32m&quot;&amp;#27;[0m                                                                                                                                                                              &amp;#27;[90m# Steps.iSelectEmployeeCode(String)&amp;#27;[0m
    &amp;#27;[32mAnd &amp;#27;[0m&amp;#27;[32mI Input Date From and Date To &quot;&amp;#27;[0m&amp;#27;[32m&amp;#27;[1m08-Feb-2025&amp;#27;[0m&amp;#27;[32m&quot; &quot;&amp;#27;[0m&amp;#27;[32m&amp;#27;[1m22-Jan-2025&amp;#27;[0m&amp;#27;[32m&quot;&amp;#27;[0m                                                                                                                                                 &amp;#27;[90m# Steps.iInputDateFromAndDateTo(String,String)&amp;#27;[0m
    &amp;#27;[32mAnd &amp;#27;[0m&amp;#27;[32mI Click on Query Overtime Hours&amp;#27;[0m                                                                                                                                                                           &amp;#27;[90m# Steps.iClickOnQueryOvertimeHours()&amp;#27;[0m
    &amp;#27;[31mAnd &amp;#27;[0m&amp;#27;[31mI Verify Hours Work in Manage OT &quot;&amp;#27;[0m&amp;#27;[31m&amp;#27;[1m16.75&amp;#27;[0m&amp;#27;[31m&quot; &quot;&amp;#27;[0m&amp;#27;[31m&amp;#27;[1m2.00&amp;#27;[0m&amp;#27;[31m&quot;&amp;#27;[0m                                                                                                                                                           &amp;#27;[90m# Steps.iVerifyHoursWorkInManageOT(String,String)&amp;#27;[0m
      &amp;#27;[31morg.openqa.selenium.NoSuchElementException: no such element: Unable to locate element: {&quot;method&quot;:&quot;xpath&quot;,&quot;selector&quot;:&quot;(//td[@role=&apos;gridcell&apos;])[9]&quot;}
        (Session info: chrome=138.0.7204.97)
      For documentation on this error, please visit: http://seleniumhq.org/exceptions/no_such_element.html
      Build info: version: &apos;3.4.0&apos;, revision: &apos;unknown&apos;, time: &apos;unknown&apos;
      System info: host: &apos;SIL-LTDELLI7-G6&apos;, ip: &apos;130.1.21.163&apos;, os.name: &apos;Windows 11&apos;, os.arch: &apos;amd64&apos;, os.version: &apos;10.0&apos;, java.version: &apos;1.8.0_371&apos;
      Driver info: org.openqa.selenium.chrome.ChromeDriver
      Capabilities [{networkConnectionEnabled=false, chrome={chromedriverVersion=138.0.7204.94 (5450257488848fa5bab09dea663ce77edfb17672-refs/branch-heads/7204_50@{#10}), userDataDir=C:\Users\SURAJ~1.JOG\AppData\Local\Temp\scoped_dir35932_1481206529}, timeouts={implicit=0.0, pageLoad=300000.0, script=30000.0}, pageLoadStrategy=normal, unhandledPromptBehavior=dismiss and notify, strictFileInteractability=false, platform=ANY, proxy=Proxy(), webauthn:extension:minPinLength=true, goog:chromeOptions={debuggerAddress=localhost:64656}, webauthn:extension:credBlob=true, webauthn:extension:prf=true, acceptInsecureCerts=false, browserVersion=138.0.7204.97, fedcm:accounts=true, browserName=chrome, javascriptEnabled=true, platformName=windows, setWindowRect=true, webauthn:extension:largeBlob=true, webauthn:virtualAuthenticators=true}]
      Session ID: c94f3a9dbd9a4797551dc8230a01e4ee
      *** Element info: {Using=xpath, value=(//td[@role=&apos;gridcell&apos;])[9]}
      	at sun.reflect.NativeConstructorAccessorImpl.newInstance0(Native Method)
      	at sun.reflect.NativeConstructorAccessorImpl.newInstance(NativeConstructorAccessorImpl.java:62)
      	at sun.reflect.DelegatingConstructorAccessorImpl.newInstance(DelegatingConstructorAccessorImpl.java:45)
      	at java.lang.reflect.Constructor.newInstance(Constructor.java:423)
      	at org.openqa.selenium.remote.http.W3CHttpResponseCodec.createException(W3CHttpResponseCodec.java:150)
      	at org.openqa.selenium.remote.http.W3CHttpResponseCodec.decode(W3CHttpResponseCodec.java:115)
      	at org.openqa.selenium.remote.http.W3CHttpResponseCodec.decode(W3CHttpResponseCodec.java:45)
      	at org.openqa.selenium.remote.HttpCommandExecutor.execute(HttpCommandExecutor.java:164)
      	at org.openqa.selenium.remote.service.DriverCommandExecutor.execute(DriverCommandExecutor.java:82)
      	at org.openqa.selenium.remote.RemoteWebDriver.execute(RemoteWebDriver.java:637)
      	at org.openqa.selenium.remote.RemoteWebDriver.findElement(RemoteWebDriver.java:410)
      	at org.openqa.selenium.remote.RemoteWebDriver.findElementByXPath(RemoteWebDriver.java:509)
      	at org.openqa.selenium.By$ByXPath.findElement(By.java:361)
      	at org.openqa.selenium.remote.RemoteWebDriver.findElement(RemoteWebDriver.java:402)
      	at stepdefinition.Steps.iVerifyHoursWorkInManageOT(Steps.java:620)
      	at ?.And I Verify Hours Work in Manage OT &quot;16.75&quot; &quot;2.00&quot;(features/Login.feature:95)
      &amp;#27;[0m
    &amp;#27;[36mAnd &amp;#27;[0m&amp;#27;[36mI Verify Overtime Hours Rate One Point Five &quot;&amp;#27;[0m&amp;#27;[36m&amp;#27;[1m11.75&amp;#27;[0m&amp;#27;[36m&quot; &quot;&amp;#27;[0m&amp;#27;[36m&amp;#27;[1mnull&amp;#27;[0m&amp;#27;[36m&quot;&amp;#27;[0m                                                                                                                                                &amp;#27;[90m# Steps.iVerifyOvertimeHoursRateOnePointFive(String,String)&amp;#27;[0m
    &amp;#27;[36mAnd &amp;#27;[0m&amp;#27;[36mI Verify Overtime Hours Rate Two Point Zero &quot;&amp;#27;[0m&amp;#27;[36m&amp;#27;[1mnull&amp;#27;[0m&amp;#27;[36m&quot; &quot;&amp;#27;[0m&amp;#27;[36m&amp;#27;[1m2.00&amp;#27;[0m&amp;#27;[36m&quot;&amp;#27;[0m                                                                                                                                                 &amp;#27;[90m# Steps.iVerifyOvertimeHoursRateTwoPointZero(String,String)&amp;#27;[0m
    &amp;#27;[36mAnd &amp;#27;[0m&amp;#27;[36mI Verify Overtime Hours Rate Three Point Zero &quot;&amp;#27;[0m&amp;#27;[36m&amp;#27;[1mnull&amp;#27;[0m&amp;#27;[36m&quot; &quot;&amp;#27;[0m&amp;#27;[36m&amp;#27;[1mnull&amp;#27;[0m&amp;#27;[36m&quot;&amp;#27;[0m                                                                                                                                               &amp;#27;[90m# Steps.iVerifyOvertimeHoursRateThreePointZero(String,String)&amp;#27;[0m
    &amp;#27;[36mAnd &amp;#27;[0m&amp;#27;[36mI Verify Overtime Hours Rate Sunday &quot;&amp;#27;[0m&amp;#27;[36m&amp;#27;[1mnull&amp;#27;[0m&amp;#27;[36m&quot; &quot;&amp;#27;[0m&amp;#27;[36m&amp;#27;[1mnull&amp;#27;[0m&amp;#27;[36m&quot;&amp;#27;[0m                                                                                                                                                         &amp;#27;[90m# Steps.iVerifyOvertimeHoursRateSunday(String,String)&amp;#27;[0m
    &amp;#27;[36mAnd &amp;#27;[0m&amp;#27;[36mI Verify Overtime Hours Rate Public Holiday &quot;&amp;#27;[0m&amp;#27;[36m&amp;#27;[1mnull&amp;#27;[0m&amp;#27;[36m&quot; &quot;&amp;#27;[0m&amp;#27;[36m&amp;#27;[1mnull&amp;#27;[0m&amp;#27;[36m&quot;&amp;#27;[0m                                                                                                                                                 &amp;#27;[90m# Steps.iVerifyOvertimeHoursRatePublicHoliday(String,String)&amp;#27;[0m
    &amp;#27;[36mAnd &amp;#27;[0m&amp;#27;[36mI Click on Save Button&amp;#27;[0m                                                                                                                                                                                    &amp;#27;[90m# Steps.iClickOnSaveButton()&amp;#27;[0m
    &amp;#27;[36mAnd &amp;#27;[0m&amp;#27;[36mI Verify Success Message for OT Saved&amp;#27;[0m                                                                                                                                                                     &amp;#27;[90m# Steps.iVerifySuccessMessageForOTSaved()&amp;#27;[0m
    &amp;#27;[36mAnd &amp;#27;[0m&amp;#27;[36mI Click on Attendance&amp;#27;[0m                                                                                                                                                                                     &amp;#27;[90m# Steps.iClickOnAttendance()&amp;#27;[0m
    &amp;#27;[36mAnd &amp;#27;[0m&amp;#27;[36mI Click on Manage Overtime Hours and Meals&amp;#27;[0m                                                                                                                                                                &amp;#27;[90m# Steps.iClickOnManageOvertimeHoursAndMeals()&amp;#27;[0m
    &amp;#27;[36mAnd &amp;#27;[0m&amp;#27;[36mI Verify Manage Overtime Hours and Meals Page&amp;#27;[0m                                                                                                                                                             &amp;#27;[90m# Steps.iVerifyManageOvertimeHoursAndMealsPage()&amp;#27;[0m
    &amp;#27;[36mAnd &amp;#27;[0m&amp;#27;[36mI Input Date From and Date To in Manage Overtime and Meals &quot;&amp;#27;[0m&amp;#27;[36m&amp;#27;[1m08-Feb-2025&amp;#27;[0m&amp;#27;[36m&quot; &quot;&amp;#27;[0m&amp;#27;[36m&amp;#27;[1m22-Jan-2025&amp;#27;[0m&amp;#27;[36m&quot;&amp;#27;[0m                                                                                                                    &amp;#27;[90m# Steps.iInputDateFromAndDateToInManageOvertimeAndMeals(String,String)&amp;#27;[0m
    &amp;#27;[36mAnd &amp;#27;[0m&amp;#27;[36mI Select Company Name&amp;#27;[0m                                                                                                                                                                                     &amp;#27;[90m# Steps.iSelectCompanyName()&amp;#27;[0m
    &amp;#27;[36mAnd &amp;#27;[0m&amp;#27;[36mI Select Location In Manage Overtime and Meals &quot;&amp;#27;[0m&amp;#27;[36m&amp;#27;[1mAux&amp;#27;[0m&amp;#27;[36m&quot;&amp;#27;[0m                                                                                                                                                      &amp;#27;[90m# Steps.iSelectLocationInManageOvertimeAndMeals(String)&amp;#27;[0m
    &amp;#27;[36mAnd &amp;#27;[0m&amp;#27;[36mI Select Employee Code In Manage Overtime and Meals &quot;&amp;#27;[0m&amp;#27;[36m&amp;#27;[1m039&amp;#27;[0m&amp;#27;[36m&quot;&amp;#27;[0m                                                                                                                                                 &amp;#27;[90m# Steps.iSelectEmployeeCodeInManageOvertimeAndMeals(String)&amp;#27;[0m
    &amp;#27;[36mAnd &amp;#27;[0m&amp;#27;[36mI Click on Query Button&amp;#27;[0m                                                                                                                                                                                   &amp;#27;[90m# Steps.iClickOnQueryButton()&amp;#27;[0m
    &amp;#27;[36mAnd &amp;#27;[0m&amp;#27;[36mI Verify Overtime Hours and Amount &quot;&amp;#27;[0m&amp;#27;[36m&amp;#27;[1m11.75&amp;#27;[0m&amp;#27;[36m&quot; &quot;&amp;#27;[0m&amp;#27;[36m&amp;#27;[1mnull&amp;#27;[0m&amp;#27;[36m&quot; &quot;&amp;#27;[0m&amp;#27;[36m&amp;#27;[1mnull&amp;#27;[0m&amp;#27;[36m&quot; &quot;&amp;#27;[0m&amp;#27;[36m&amp;#27;[1m2.00&amp;#27;[0m&amp;#27;[36m&quot; &quot;&amp;#27;[0m&amp;#27;[36m&amp;#27;[1mnull&amp;#27;[0m&amp;#27;[36m&quot; &quot;&amp;#27;[0m&amp;#27;[36m&amp;#27;[1mnull&amp;#27;[0m&amp;#27;[36m&quot; &quot;&amp;#27;[0m&amp;#27;[36m&amp;#27;[1mnull&amp;#27;[0m&amp;#27;[36m&quot; &quot;&amp;#27;[0m&amp;#27;[36m&amp;#27;[1mnull&amp;#27;[0m&amp;#27;[36m&quot; &quot;&amp;#27;[0m&amp;#27;[36m&amp;#27;[1mnull&amp;#27;[0m&amp;#27;[36m&quot; &quot;&amp;#27;[0m&amp;#27;[36m&amp;#27;[1mnull&amp;#27;[0m&amp;#27;[36m&quot; &quot;&amp;#27;[0m&amp;#27;[36m&amp;#27;[1m1,911.63&amp;#27;[0m&amp;#27;[36m&quot; &quot;&amp;#27;[0m&amp;#27;[36m&amp;#27;[1mnull&amp;#27;[0m&amp;#27;[36m&quot; &quot;&amp;#27;[0m&amp;#27;[36m&amp;#27;[1mnull&amp;#27;[0m&amp;#27;[36m&quot; &quot;&amp;#27;[0m&amp;#27;[36m&amp;#27;[1m433.85&amp;#27;[0m&amp;#27;[36m&quot; &quot;&amp;#27;[0m&amp;#27;[36m&amp;#27;[1mnull&amp;#27;[0m&amp;#27;[36m&quot; &quot;&amp;#27;[0m&amp;#27;[36m&amp;#27;[1mnull&amp;#27;[0m&amp;#27;[36m&quot; &quot;&amp;#27;[0m&amp;#27;[36m&amp;#27;[1mnull&amp;#27;[0m&amp;#27;[36m&quot; &quot;&amp;#27;[0m&amp;#27;[36m&amp;#27;[1mnull&amp;#27;[0m&amp;#27;[36m&quot; &quot;&amp;#27;[0m&amp;#27;[36m&amp;#27;[1m1,911.63&amp;#27;[0m&amp;#27;[36m&quot; &quot;&amp;#27;[0m&amp;#27;[36m&amp;#27;[1m433.85&amp;#27;[0m&amp;#27;[36m&quot; &quot;&amp;#27;[0m&amp;#27;[36m&amp;#27;[1mnull&amp;#27;[0m&amp;#27;[36m&quot; &quot;&amp;#27;[0m&amp;#27;[36m&amp;#27;[1mnull&amp;#27;[0m&amp;#27;[36m&quot;&amp;#27;[0m &amp;#27;[90m# Steps.iVerifyOvertimeHoursAndAmount(String,String,String,String,String,String,String,String,String,String,String,String,String,String,String,String,String,String,String,String,String,String)&amp;#27;[0m
    &amp;#27;[36mAnd &amp;#27;[0m&amp;#27;[36mI Sign Out&amp;#27;[0m                                                                                                                                                                                                &amp;#27;[90m# Steps.iSignOut()&amp;#27;[0m
    &amp;#27;[36mAnd &amp;#27;[0m&amp;#27;[36mI Verify Successful Sign Out&amp;#27;[0m                                                                                                                                                                              &amp;#27;[90m# Steps.iVerifySuccessfulSignOut()&amp;#27;[0m
Unable to take screenshot
java.lang.NullPointerException
Text from source element: 16.75
Hours Work is good
Unable to take screenshot
java.lang.NullPointerException
Unable to take screenshot
java.lang.NullPointerException
Unable to take screenshot
java.lang.NullPointerException
Text from source element: 16.75
Text from source element: 8.00
Unable to take screenshot
java.lang.NullPointerException
OT 1.5 Day 1 value: 7.75
OT 1.5 Day 2 value: 8.00
OT 2.0 Day 1: No expected value provided. Skipping validation.
OT 2.0 Day 2: No expected value provided. Skipping validation.
OT 3.0 Day 1: No expected value provided. Skipping validation.
OT 3.0 Day 2: No expected value provided. Skipping validation.
OT SUN Day 1: No expected value provided. Skipping validation.
OT SUN Day 2: No expected value provided. Skipping validation.
OT PH Day 1: No expected value provided. Skipping validation.
OT PH Day 2: No expected value provided. Skipping validation.
Unable to take screenshot
java.lang.NullPointerException
Unable to take screenshot
java.lang.NullPointerException
OT 1.5 Day 1 value: 7.75
OT 1.5 Day 2 value: 8.00
OT 1.5 Amount Day 1: 1,682.64
OT 1.5 Amount Day 2: 1,736.92
OT 2.0 Day 1: No expected value provided. Skipping validation.
OT 2.0 Day 2: No expected value provided. Skipping validation.
OT 2.0 Amount Day 1: No expected value provided. Skipping validation.
OT 2.0 Amount Day 2: No expected value provided. Skipping validation.
OT 3.0 Day 1: No expected value provided. Skipping validation.
OT 3.0 Day 2: No expected value provided. Skipping validation.
OT 3.0 Amount Day 1: No expected value provided. Skipping validation.
OT 3.0 Amount Day 2: No expected value provided. Skipping validation.
OT SUN/PH Amount Day 1: No expected value provided. Skipping validation.
OT SUN/PH Amount Day 2: No expected value provided. Skipping validation.
Total OT Amount Day 1: 1,682.64
Total OT Amount Day 2: 1,736.92
Off Leave Hours Day 1: No expected value provided. Skipping validation.
Off Leave Hours Day 2: No expected value provided. Skipping validation.
Unable to take screenshot
java.lang.NullPointerException
Unable to take screenshot
java.lang.NullPointerException

  @Overtime_Amount_Scenarios @Main_feature @Overtime
  Scenario Outline: Overtime Calculations based on scenarios                                                                                                                                                         &amp;#27;[90m# features/Login.feature:133&amp;#27;[0m
    &amp;#27;[32mGiven &amp;#27;[0m&amp;#27;[32mI am on Eastern Test Env - Front &quot;&amp;#27;[0m&amp;#27;[32m&amp;#27;[1mChrome&amp;#27;[0m&amp;#27;[32m&quot;&amp;#27;[0m                                                                                                                                                                  &amp;#27;[90m# Steps.iAmOnEasternTestEnvFront(String)&amp;#27;[0m
    &amp;#27;[32mAnd &amp;#27;[0m&amp;#27;[32mI Verify Login Page&amp;#27;[0m                                                                                                                                                                                          &amp;#27;[90m# Steps.iVerifyLoginPage()&amp;#27;[0m
    &amp;#27;[32mAnd &amp;#27;[0m&amp;#27;[32mI Sign In as HR &quot;&amp;#27;[0m&amp;#27;[32m&amp;#27;[1mAAA&amp;#27;[0m&amp;#27;[32m&quot; &quot;&amp;#27;[0m&amp;#27;[32m&amp;#27;[1mAdmin@123&amp;#27;[0m&amp;#27;[32m&quot;&amp;#27;[0m                                                                                                                                                                            &amp;#27;[90m# Steps.iSignInAsHR(String,String)&amp;#27;[0m
    &amp;#27;[32mAnd &amp;#27;[0m&amp;#27;[32mI Verify Successful Login&amp;#27;[0m                                                                                                                                                                                    &amp;#27;[90m# Steps.iVerifySuccessfulLogin()&amp;#27;[0m
    &amp;#27;[32mAnd &amp;#27;[0m&amp;#27;[32mI Click on Human Resource&amp;#27;[0m                                                                                                                                                                                    &amp;#27;[90m# Steps.iClickOnHumanResource()&amp;#27;[0m
    &amp;#27;[32mAnd &amp;#27;[0m&amp;#27;[32mI Click on Attendance&amp;#27;[0m                                                                                                                                                                                        &amp;#27;[90m# Steps.iClickOnAttendance()&amp;#27;[0m
    &amp;#27;[32mAnd &amp;#27;[0m&amp;#27;[32mI Click on Retrieve Attendance&amp;#27;[0m                                                                                                                                                                               &amp;#27;[90m# Steps.iClickOnRetrieveAttendance()&amp;#27;[0m
    &amp;#27;[32mAnd &amp;#27;[0m&amp;#27;[32mI Input Attendance Date &quot;&amp;#27;[0m&amp;#27;[32m&amp;#27;[1m04-Mar-2025&amp;#27;[0m&amp;#27;[32m&quot;&amp;#27;[0m                                                                                                                                                                        &amp;#27;[90m# Steps.iInputAttendanceDate(String)&amp;#27;[0m
    &amp;#27;[32mAnd &amp;#27;[0m&amp;#27;[32mI Select Employee Code &quot;&amp;#27;[0m&amp;#27;[32m&amp;#27;[1m75&amp;#27;[0m&amp;#27;[32m&quot;&amp;#27;[0m                                                                                                                                                                                  &amp;#27;[90m# Steps.iSelectEmployeeCode(String)&amp;#27;[0m
    &amp;#27;[32mAnd &amp;#27;[0m&amp;#27;[32mI Click on Query Button&amp;#27;[0m                                                                                                                                                                                      &amp;#27;[90m# Steps.iClickOnQueryButton()&amp;#27;[0m
    &amp;#27;[32mAnd &amp;#27;[0m&amp;#27;[32mI Verify Hours Worked for Day one &quot;&amp;#27;[0m&amp;#27;[32m&amp;#27;[1m16.75&amp;#27;[0m&amp;#27;[32m&quot;&amp;#27;[0m                                                                                                                                                                    &amp;#27;[90m# Steps.iVerifyHoursWorkedForDayOne(String)&amp;#27;[0m
    &amp;#27;[32mAnd &amp;#27;[0m&amp;#27;[32mI Click on Process Button&amp;#27;[0m                                                                                                                                                                                    &amp;#27;[90m# Steps.iClickOnProcessButton()&amp;#27;[0m
    &amp;#27;[32mAnd &amp;#27;[0m&amp;#27;[32mI Verify Success Message for Process Attendance&amp;#27;[0m                                                                                                                                                              &amp;#27;[90m# Steps.iVerifySuccessMessageForProcessAttendance()&amp;#27;[0m
    &amp;#27;[32mAnd &amp;#27;[0m&amp;#27;[32mI Click on Attendance&amp;#27;[0m                                                                                                                                                                                        &amp;#27;[90m# Steps.iClickOnAttendance()&amp;#27;[0m
    &amp;#27;[32mAnd &amp;#27;[0m&amp;#27;[32mI Click on Manage Overtime Hours&amp;#27;[0m                                                                                                                                                                             &amp;#27;[90m# Steps.iClickOnManageOvertimeHours()&amp;#27;[0m
    &amp;#27;[32mAnd &amp;#27;[0m&amp;#27;[32mI Verify Manage Overtime Hours Page&amp;#27;[0m                                                                                                                                                                          &amp;#27;[90m# Steps.iVerifyManageOvertimeHoursPage()&amp;#27;[0m
    &amp;#27;[32mAnd &amp;#27;[0m&amp;#27;[32mI Select Company Name&amp;#27;[0m                                                                                                                                                                                        &amp;#27;[90m# Steps.iSelectCompanyName()&amp;#27;[0m
    &amp;#27;[32mAnd &amp;#27;[0m&amp;#27;[32mI Select Location &quot;&amp;#27;[0m&amp;#27;[32m&amp;#27;[1mAdm&amp;#27;[0m&amp;#27;[32m&quot;&amp;#27;[0m                                                                                                                                                                                      &amp;#27;[90m# Steps.iSelectLocation(String)&amp;#27;[0m
    &amp;#27;[32mAnd &amp;#27;[0m&amp;#27;[32mI Select Employee Code &quot;&amp;#27;[0m&amp;#27;[32m&amp;#27;[1m75&amp;#27;[0m&amp;#27;[32m&quot;&amp;#27;[0m                                                                                                                                                                                  &amp;#27;[90m# Steps.iSelectEmployeeCode(String)&amp;#27;[0m
    &amp;#27;[32mAnd &amp;#27;[0m&amp;#27;[32mI Input Date From and Date To &quot;&amp;#27;[0m&amp;#27;[32m&amp;#27;[1m04-Mar-2025&amp;#27;[0m&amp;#27;[32m&quot; &quot;&amp;#27;[0m&amp;#27;[32m&amp;#27;[1m05-Mar-2025&amp;#27;[0m&amp;#27;[32m&quot;&amp;#27;[0m                                                                                                                                                    &amp;#27;[90m# Steps.iInputDateFromAndDateTo(String,String)&amp;#27;[0m
    &amp;#27;[32mAnd &amp;#27;[0m&amp;#27;[32mI Click on Query Overtime Hours&amp;#27;[0m                                                                                                                                                                              &amp;#27;[90m# Steps.iClickOnQueryOvertimeHours()&amp;#27;[0m
    &amp;#27;[32mAnd &amp;#27;[0m&amp;#27;[32mI Verify Hours Work in Manage OT &quot;&amp;#27;[0m&amp;#27;[32m&amp;#27;[1m16.75&amp;#27;[0m&amp;#27;[32m&quot; &quot;&amp;#27;[0m&amp;#27;[32m&amp;#27;[1m8.00&amp;#27;[0m&amp;#27;[32m&quot;&amp;#27;[0m                                                                                                                                                              &amp;#27;[90m# Steps.iVerifyHoursWorkInManageOT(String,String)&amp;#27;[0m
    &amp;#27;[32mAnd &amp;#27;[0m&amp;#27;[32mI Verify Overtime Hours Rate One Point Five &quot;&amp;#27;[0m&amp;#27;[32m&amp;#27;[1m7.75&amp;#27;[0m&amp;#27;[32m&quot; &quot;&amp;#27;[0m&amp;#27;[32m&amp;#27;[1m8.00&amp;#27;[0m&amp;#27;[32m&quot;&amp;#27;[0m                                                                                                                                                    &amp;#27;[90m# Steps.iVerifyOvertimeHoursRateOnePointFive(String,String)&amp;#27;[0m
    &amp;#27;[32mAnd &amp;#27;[0m&amp;#27;[32mI Verify Overtime Hours Rate Two Point Zero &quot;&amp;#27;[0m&amp;#27;[32m&amp;#27;[1mnull&amp;#27;[0m&amp;#27;[32m&quot; &quot;&amp;#27;[0m&amp;#27;[32m&amp;#27;[1mnull&amp;#27;[0m&amp;#27;[32m&quot;&amp;#27;[0m                                                                                                                                                    &amp;#27;[90m# Steps.iVerifyOvertimeHoursRateTwoPointZero(String,String)&amp;#27;[0m
    &amp;#27;[32mAnd &amp;#27;[0m&amp;#27;[32mI Verify Overtime Hours Rate Three Point Zero &quot;&amp;#27;[0m&amp;#27;[32m&amp;#27;[1mnull&amp;#27;[0m&amp;#27;[32m&quot; &quot;&amp;#27;[0m&amp;#27;[32m&amp;#27;[1mnull&amp;#27;[0m&amp;#27;[32m&quot;&amp;#27;[0m                                                                                                                                                  &amp;#27;[90m# Steps.iVerifyOvertimeHoursRateThreePointZero(String,String)&amp;#27;[0m
    &amp;#27;[32mAnd &amp;#27;[0m&amp;#27;[32mI Verify Overtime Hours Rate Sunday &quot;&amp;#27;[0m&amp;#27;[32m&amp;#27;[1mnull&amp;#27;[0m&amp;#27;[32m&quot; &quot;&amp;#27;[0m&amp;#27;[32m&amp;#27;[1mnull&amp;#27;[0m&amp;#27;[32m&quot;&amp;#27;[0m                                                                                                                                                            &amp;#27;[90m# Steps.iVerifyOvertimeHoursRateSunday(String,String)&amp;#27;[0m
    &amp;#27;[32mAnd &amp;#27;[0m&amp;#27;[32mI Verify Overtime Hours Rate Public Holiday &quot;&amp;#27;[0m&amp;#27;[32m&amp;#27;[1mnull&amp;#27;[0m&amp;#27;[32m&quot; &quot;&amp;#27;[0m&amp;#27;[32m&amp;#27;[1mnull&amp;#27;[0m&amp;#27;[32m&quot;&amp;#27;[0m                                                                                                                                                    &amp;#27;[90m# Steps.iVerifyOvertimeHoursRatePublicHoliday(String,String)&amp;#27;[0m
    &amp;#27;[32mAnd &amp;#27;[0m&amp;#27;[32mI Click on Save Button&amp;#27;[0m                                                                                                                                                                                       &amp;#27;[90m# Steps.iClickOnSaveButton()&amp;#27;[0m
    &amp;#27;[32mAnd &amp;#27;[0m&amp;#27;[32mI Verify Success Message for OT Saved&amp;#27;[0m                                                                                                                                                                        &amp;#27;[90m# Steps.iVerifySuccessMessageForOTSaved()&amp;#27;[0m
    &amp;#27;[32mAnd &amp;#27;[0m&amp;#27;[32mI Click on Attendance&amp;#27;[0m                                                                                                                                                                                        &amp;#27;[90m# Steps.iClickOnAttendance()&amp;#27;[0m
    &amp;#27;[32mAnd &amp;#27;[0m&amp;#27;[32mI Click on Manage Overtime Hours and Meals&amp;#27;[0m                                                                                                                                                                   &amp;#27;[90m# Steps.iClickOnManageOvertimeHoursAndMeals()&amp;#27;[0m
    &amp;#27;[32mAnd &amp;#27;[0m&amp;#27;[32mI Verify Manage Overtime Hours and Meals Page&amp;#27;[0m                                                                                                                                                                &amp;#27;[90m# Steps.iVerifyManageOvertimeHoursAndMealsPage()&amp;#27;[0m
    &amp;#27;[32mAnd &amp;#27;[0m&amp;#27;[32mI Input Date From and Date To in Manage Overtime and Meals &quot;&amp;#27;[0m&amp;#27;[32m&amp;#27;[1m04-Mar-2025&amp;#27;[0m&amp;#27;[32m&quot; &quot;&amp;#27;[0m&amp;#27;[32m&amp;#27;[1m05-Mar-2025&amp;#27;[0m&amp;#27;[32m&quot;&amp;#27;[0m                                                                                                                       &amp;#27;[90m# Steps.iInputDateFromAndDateToInManageOvertimeAndMeals(String,String)&amp;#27;[0m
    &amp;#27;[32mAnd &amp;#27;[0m&amp;#27;[32mI Select Company Name&amp;#27;[0m                                                                                                                                                                                        &amp;#27;[90m# Steps.iSelectCompanyName()&amp;#27;[0m
    &amp;#27;[32mAnd &amp;#27;[0m&amp;#27;[32mI Select Location In Manage Overtime and Meals &quot;&amp;#27;[0m&amp;#27;[32m&amp;#27;[1mAdm&amp;#27;[0m&amp;#27;[32m&quot;&amp;#27;[0m                                                                                                                                                         &amp;#27;[90m# Steps.iSelectLocationInManageOvertimeAndMeals(String)&amp;#27;[0m
    &amp;#27;[32mAnd &amp;#27;[0m&amp;#27;[32mI Select Employee Code In Manage Overtime and Meals &quot;&amp;#27;[0m&amp;#27;[32m&amp;#27;[1m75&amp;#27;[0m&amp;#27;[32m&quot;&amp;#27;[0m                                                                                                                                                     &amp;#27;[90m# Steps.iSelectEmployeeCodeInManageOvertimeAndMeals(String)&amp;#27;[0m
    &amp;#27;[32mAnd &amp;#27;[0m&amp;#27;[32mI Click on Query Button&amp;#27;[0m                                                                                                                                                                                      &amp;#27;[90m# Steps.iClickOnQueryButton()&amp;#27;[0m
    &amp;#27;[32mAnd &amp;#27;[0m&amp;#27;[32mI Verify Overtime Hours and Amount &quot;&amp;#27;[0m&amp;#27;[32m&amp;#27;[1m7.75&amp;#27;[0m&amp;#27;[32m&quot; &quot;&amp;#27;[0m&amp;#27;[32m&amp;#27;[1m8.00&amp;#27;[0m&amp;#27;[32m&quot; &quot;&amp;#27;[0m&amp;#27;[32m&amp;#27;[1mnull&amp;#27;[0m&amp;#27;[32m&quot; &quot;&amp;#27;[0m&amp;#27;[32m&amp;#27;[1mnull&amp;#27;[0m&amp;#27;[32m&quot; &quot;&amp;#27;[0m&amp;#27;[32m&amp;#27;[1mnull&amp;#27;[0m&amp;#27;[32m&quot; &quot;&amp;#27;[0m&amp;#27;[32m&amp;#27;[1mnull&amp;#27;[0m&amp;#27;[32m&quot; &quot;&amp;#27;[0m&amp;#27;[32m&amp;#27;[1mnull&amp;#27;[0m&amp;#27;[32m&quot; &quot;&amp;#27;[0m&amp;#27;[32m&amp;#27;[1mnull&amp;#27;[0m&amp;#27;[32m&quot; &quot;&amp;#27;[0m&amp;#27;[32m&amp;#27;[1mnull&amp;#27;[0m&amp;#27;[32m&quot; &quot;&amp;#27;[0m&amp;#27;[32m&amp;#27;[1mnull&amp;#27;[0m&amp;#27;[32m&quot; &quot;&amp;#27;[0m&amp;#27;[32m&amp;#27;[1m1,682.64&amp;#27;[0m&amp;#27;[32m&quot; &quot;&amp;#27;[0m&amp;#27;[32m&amp;#27;[1m1,736.92&amp;#27;[0m&amp;#27;[32m&quot; &quot;&amp;#27;[0m&amp;#27;[32m&amp;#27;[1mnull&amp;#27;[0m&amp;#27;[32m&quot; &quot;&amp;#27;[0m&amp;#27;[32m&amp;#27;[1mnull&amp;#27;[0m&amp;#27;[32m&quot; &quot;&amp;#27;[0m&amp;#27;[32m&amp;#27;[1mnull&amp;#27;[0m&amp;#27;[32m&quot; &quot;&amp;#27;[0m&amp;#27;[32m&amp;#27;[1mnull&amp;#27;[0m&amp;#27;[32m&quot; &quot;&amp;#27;[0m&amp;#27;[32m&amp;#27;[1mnull&amp;#27;[0m&amp;#27;[32m&quot; &quot;&amp;#27;[0m&amp;#27;[32m&amp;#27;[1mnull&amp;#27;[0m&amp;#27;[32m&quot; &quot;&amp;#27;[0m&amp;#27;[32m&amp;#27;[1m1,682.64&amp;#27;[0m&amp;#27;[32m&quot; &quot;&amp;#27;[0m&amp;#27;[32m&amp;#27;[1m1,736.92&amp;#27;[0m&amp;#27;[32m&quot; &quot;&amp;#27;[0m&amp;#27;[32m&amp;#27;[1mnull&amp;#27;[0m&amp;#27;[32m&quot; &quot;&amp;#27;[0m&amp;#27;[32m&amp;#27;[1mnull&amp;#27;[0m&amp;#27;[32m&quot;&amp;#27;[0m &amp;#27;[90m# Steps.iVerifyOvertimeHoursAndAmount(String,String,String,String,String,String,String,String,String,String,String,String,String,String,String,String,String,String,String,String,String,String)&amp;#27;[0m
    &amp;#27;[32mAnd &amp;#27;[0m&amp;#27;[32mI Sign Out&amp;#27;[0m                                                                                                                                                                                                   &amp;#27;[90m# Steps.iSignOut()&amp;#27;[0m
    &amp;#27;[32mAnd &amp;#27;[0m&amp;#27;[32mI Verify Successful Sign Out&amp;#27;[0m                                                                                                                                                                                 &amp;#27;[90m# Steps.iVerifySuccessfulSignOut()&amp;#27;[0m
Unable to take screenshot
java.lang.NullPointerException
Text from source element: 16.75
Hours Work is good
Unable to take screenshot
java.lang.NullPointerException
Unable to take screenshot
java.lang.NullPointerException
Unable to take screenshot
java.lang.NullPointerException
Text from source element: 16.75
Text from source element: 8.00
Unable to take screenshot
java.lang.NullPointerException
OT 1.5 Day 1 value: 7.75
OT 1.5 Day 2 value: 8.00
OT 2.0 Day 1: No expected value provided. Skipping validation.
OT 2.0 Day 2: No expected value provided. Skipping validation.
OT 3.0 Day 1: No expected value provided. Skipping validation.
OT 3.0 Day 2: No expected value provided. Skipping validation.
OT SUN Day 1: No expected value provided. Skipping validation.
OT SUN Day 2: No expected value provided. Skipping validation.
OT PH Day 1: No expected value provided. Skipping validation.
OT PH Day 2: No expected value provided. Skipping validation.
Unable to take screenshot
java.lang.NullPointerException
Unable to take screenshot
java.lang.NullPointerException
OT 1.5 Day 1 value: 7.75
OT 1.5 Day 2 value: 8.00
OT 1.5 Amount Day 1: 1,260.87
OT 1.5 Amount Day 2: 1,301.54
OT 2.0 Day 1: No expected value provided. Skipping validation.
OT 2.0 Day 2: No expected value provided. Skipping validation.
OT 2.0 Amount Day 1: No expected value provided. Skipping validation.
OT 2.0 Amount Day 2: No expected value provided. Skipping validation.
OT 3.0 Day 1: No expected value provided. Skipping validation.
OT 3.0 Day 2: No expected value provided. Skipping validation.
OT 3.0 Amount Day 1: No expected value provided. Skipping validation.
OT 3.0 Amount Day 2: No expected value provided. Skipping validation.
OT SUN/PH Amount Day 1: No expected value provided. Skipping validation.
OT SUN/PH Amount Day 2: No expected value provided. Skipping validation.
Total OT Amount Day 1: 1,260.87
Total OT Amount Day 2: 1,301.54
Off Leave Hours Day 1: No expected value provided. Skipping validation.
Off Leave Hours Day 2: No expected value provided. Skipping validation.
Unable to take screenshot
java.lang.NullPointerException
Unable to take screenshot
java.lang.NullPointerException

  @Overtime_Amount_Scenarios @Main_feature @Overtime
  Scenario Outline: Overtime Calculations based on scenarios                                                                                                                                                         &amp;#27;[90m# features/Login.feature:134&amp;#27;[0m
    &amp;#27;[32mGiven &amp;#27;[0m&amp;#27;[32mI am on Eastern Test Env - Front &quot;&amp;#27;[0m&amp;#27;[32m&amp;#27;[1mChrome&amp;#27;[0m&amp;#27;[32m&quot;&amp;#27;[0m                                                                                                                                                                  &amp;#27;[90m# Steps.iAmOnEasternTestEnvFront(String)&amp;#27;[0m
    &amp;#27;[32mAnd &amp;#27;[0m&amp;#27;[32mI Verify Login Page&amp;#27;[0m                                                                                                                                                                                          &amp;#27;[90m# Steps.iVerifyLoginPage()&amp;#27;[0m
    &amp;#27;[32mAnd &amp;#27;[0m&amp;#27;[32mI Sign In as HR &quot;&amp;#27;[0m&amp;#27;[32m&amp;#27;[1mAAA&amp;#27;[0m&amp;#27;[32m&quot; &quot;&amp;#27;[0m&amp;#27;[32m&amp;#27;[1mAdmin@123&amp;#27;[0m&amp;#27;[32m&quot;&amp;#27;[0m                                                                                                                                                                            &amp;#27;[90m# Steps.iSignInAsHR(String,String)&amp;#27;[0m
    &amp;#27;[32mAnd &amp;#27;[0m&amp;#27;[32mI Verify Successful Login&amp;#27;[0m                                                                                                                                                                                    &amp;#27;[90m# Steps.iVerifySuccessfulLogin()&amp;#27;[0m
    &amp;#27;[32mAnd &amp;#27;[0m&amp;#27;[32mI Click on Human Resource&amp;#27;[0m                                                                                                                                                                                    &amp;#27;[90m# Steps.iClickOnHumanResource()&amp;#27;[0m
    &amp;#27;[32mAnd &amp;#27;[0m&amp;#27;[32mI Click on Attendance&amp;#27;[0m                                                                                                                                                                                        &amp;#27;[90m# Steps.iClickOnAttendance()&amp;#27;[0m
    &amp;#27;[32mAnd &amp;#27;[0m&amp;#27;[32mI Click on Retrieve Attendance&amp;#27;[0m                                                                                                                                                                               &amp;#27;[90m# Steps.iClickOnRetrieveAttendance()&amp;#27;[0m
    &amp;#27;[32mAnd &amp;#27;[0m&amp;#27;[32mI Input Attendance Date &quot;&amp;#27;[0m&amp;#27;[32m&amp;#27;[1m04-Mar-2025&amp;#27;[0m&amp;#27;[32m&quot;&amp;#27;[0m                                                                                                                                                                        &amp;#27;[90m# Steps.iInputAttendanceDate(String)&amp;#27;[0m
    &amp;#27;[32mAnd &amp;#27;[0m&amp;#27;[32mI Select Employee Code &quot;&amp;#27;[0m&amp;#27;[32m&amp;#27;[1m039&amp;#27;[0m&amp;#27;[32m&quot;&amp;#27;[0m                                                                                                                                                                                 &amp;#27;[90m# Steps.iSelectEmployeeCode(String)&amp;#27;[0m
    &amp;#27;[32mAnd &amp;#27;[0m&amp;#27;[32mI Click on Query Button&amp;#27;[0m                                                                                                                                                                                      &amp;#27;[90m# Steps.iClickOnQueryButton()&amp;#27;[0m
    &amp;#27;[32mAnd &amp;#27;[0m&amp;#27;[32mI Verify Hours Worked for Day one &quot;&amp;#27;[0m&amp;#27;[32m&amp;#27;[1m16.75&amp;#27;[0m&amp;#27;[32m&quot;&amp;#27;[0m                                                                                                                                                                    &amp;#27;[90m# Steps.iVerifyHoursWorkedForDayOne(String)&amp;#27;[0m
    &amp;#27;[32mAnd &amp;#27;[0m&amp;#27;[32mI Click on Process Button&amp;#27;[0m                                                                                                                                                                                    &amp;#27;[90m# Steps.iClickOnProcessButton()&amp;#27;[0m
    &amp;#27;[32mAnd &amp;#27;[0m&amp;#27;[32mI Verify Success Message for Process Attendance&amp;#27;[0m                                                                                                                                                              &amp;#27;[90m# Steps.iVerifySuccessMessageForProcessAttendance()&amp;#27;[0m
    &amp;#27;[32mAnd &amp;#27;[0m&amp;#27;[32mI Click on Attendance&amp;#27;[0m                                                                                                                                                                                        &amp;#27;[90m# Steps.iClickOnAttendance()&amp;#27;[0m
    &amp;#27;[32mAnd &amp;#27;[0m&amp;#27;[32mI Click on Manage Overtime Hours&amp;#27;[0m                                                                                                                                                                             &amp;#27;[90m# Steps.iClickOnManageOvertimeHours()&amp;#27;[0m
    &amp;#27;[32mAnd &amp;#27;[0m&amp;#27;[32mI Verify Manage Overtime Hours Page&amp;#27;[0m                                                                                                                                                                          &amp;#27;[90m# Steps.iVerifyManageOvertimeHoursPage()&amp;#27;[0m
    &amp;#27;[32mAnd &amp;#27;[0m&amp;#27;[32mI Select Company Name&amp;#27;[0m                                                                                                                                                                                        &amp;#27;[90m# Steps.iSelectCompanyName()&amp;#27;[0m
    &amp;#27;[32mAnd &amp;#27;[0m&amp;#27;[32mI Select Location &quot;&amp;#27;[0m&amp;#27;[32m&amp;#27;[1mAux&amp;#27;[0m&amp;#27;[32m&quot;&amp;#27;[0m                                                                                                                                                                                      &amp;#27;[90m# Steps.iSelectLocation(String)&amp;#27;[0m
    &amp;#27;[32mAnd &amp;#27;[0m&amp;#27;[32mI Select Employee Code &quot;&amp;#27;[0m&amp;#27;[32m&amp;#27;[1m039&amp;#27;[0m&amp;#27;[32m&quot;&amp;#27;[0m                                                                                                                                                                                 &amp;#27;[90m# Steps.iSelectEmployeeCode(String)&amp;#27;[0m
    &amp;#27;[32mAnd &amp;#27;[0m&amp;#27;[32mI Input Date From and Date To &quot;&amp;#27;[0m&amp;#27;[32m&amp;#27;[1m04-Mar-2025&amp;#27;[0m&amp;#27;[32m&quot; &quot;&amp;#27;[0m&amp;#27;[32m&amp;#27;[1m05-Mar-2025&amp;#27;[0m&amp;#27;[32m&quot;&amp;#27;[0m                                                                                                                                                    &amp;#27;[90m# Steps.iInputDateFromAndDateTo(String,String)&amp;#27;[0m
    &amp;#27;[32mAnd &amp;#27;[0m&amp;#27;[32mI Click on Query Overtime Hours&amp;#27;[0m                                                                                                                                                                              &amp;#27;[90m# Steps.iClickOnQueryOvertimeHours()&amp;#27;[0m
    &amp;#27;[32mAnd &amp;#27;[0m&amp;#27;[32mI Verify Hours Work in Manage OT &quot;&amp;#27;[0m&amp;#27;[32m&amp;#27;[1m16.75&amp;#27;[0m&amp;#27;[32m&quot; &quot;&amp;#27;[0m&amp;#27;[32m&amp;#27;[1m8.00&amp;#27;[0m&amp;#27;[32m&quot;&amp;#27;[0m                                                                                                                                                              &amp;#27;[90m# Steps.iVerifyHoursWorkInManageOT(String,String)&amp;#27;[0m
    &amp;#27;[32mAnd &amp;#27;[0m&amp;#27;[32mI Verify Overtime Hours Rate One Point Five &quot;&amp;#27;[0m&amp;#27;[32m&amp;#27;[1m7.75&amp;#27;[0m&amp;#27;[32m&quot; &quot;&amp;#27;[0m&amp;#27;[32m&amp;#27;[1m8.00&amp;#27;[0m&amp;#27;[32m&quot;&amp;#27;[0m                                                                                                                                                    &amp;#27;[90m# Steps.iVerifyOvertimeHoursRateOnePointFive(String,String)&amp;#27;[0m
    &amp;#27;[32mAnd &amp;#27;[0m&amp;#27;[32mI Verify Overtime Hours Rate Two Point Zero &quot;&amp;#27;[0m&amp;#27;[32m&amp;#27;[1mnull&amp;#27;[0m&amp;#27;[32m&quot; &quot;&amp;#27;[0m&amp;#27;[32m&amp;#27;[1mnull&amp;#27;[0m&amp;#27;[32m&quot;&amp;#27;[0m                                                                                                                                                    &amp;#27;[90m# Steps.iVerifyOvertimeHoursRateTwoPointZero(String,String)&amp;#27;[0m
    &amp;#27;[32mAnd &amp;#27;[0m&amp;#27;[32mI Verify Overtime Hours Rate Three Point Zero &quot;&amp;#27;[0m&amp;#27;[32m&amp;#27;[1mnull&amp;#27;[0m&amp;#27;[32m&quot; &quot;&amp;#27;[0m&amp;#27;[32m&amp;#27;[1mnull&amp;#27;[0m&amp;#27;[32m&quot;&amp;#27;[0m                                                                                                                                                  &amp;#27;[90m# Steps.iVerifyOvertimeHoursRateThreePointZero(String,String)&amp;#27;[0m
    &amp;#27;[32mAnd &amp;#27;[0m&amp;#27;[32mI Verify Overtime Hours Rate Sunday &quot;&amp;#27;[0m&amp;#27;[32m&amp;#27;[1mnull&amp;#27;[0m&amp;#27;[32m&quot; &quot;&amp;#27;[0m&amp;#27;[32m&amp;#27;[1mnull&amp;#27;[0m&amp;#27;[32m&quot;&amp;#27;[0m                                                                                                                                                            &amp;#27;[90m# Steps.iVerifyOvertimeHoursRateSunday(String,String)&amp;#27;[0m
    &amp;#27;[32mAnd &amp;#27;[0m&amp;#27;[32mI Verify Overtime Hours Rate Public Holiday &quot;&amp;#27;[0m&amp;#27;[32m&amp;#27;[1mnull&amp;#27;[0m&amp;#27;[32m&quot; &quot;&amp;#27;[0m&amp;#27;[32m&amp;#27;[1mnull&amp;#27;[0m&amp;#27;[32m&quot;&amp;#27;[0m                                                                                                                                                    &amp;#27;[90m# Steps.iVerifyOvertimeHoursRatePublicHoliday(String,String)&amp;#27;[0m
    &amp;#27;[32mAnd &amp;#27;[0m&amp;#27;[32mI Click on Save Button&amp;#27;[0m                                                                                                                                                                                       &amp;#27;[90m# Steps.iClickOnSaveButton()&amp;#27;[0m
    &amp;#27;[32mAnd &amp;#27;[0m&amp;#27;[32mI Verify Success Message for OT Saved&amp;#27;[0m                                                                                                                                                                        &amp;#27;[90m# Steps.iVerifySuccessMessageForOTSaved()&amp;#27;[0m
    &amp;#27;[32mAnd &amp;#27;[0m&amp;#27;[32mI Click on Attendance&amp;#27;[0m                                                                                                                                                                                        &amp;#27;[90m# Steps.iClickOnAttendance()&amp;#27;[0m
    &amp;#27;[32mAnd &amp;#27;[0m&amp;#27;[32mI Click on Manage Overtime Hours and Meals&amp;#27;[0m                                                                                                                                                                   &amp;#27;[90m# Steps.iClickOnManageOvertimeHoursAndMeals()&amp;#27;[0m
    &amp;#27;[32mAnd &amp;#27;[0m&amp;#27;[32mI Verify Manage Overtime Hours and Meals Page&amp;#27;[0m                                                                                                                                                                &amp;#27;[90m# Steps.iVerifyManageOvertimeHoursAndMealsPage()&amp;#27;[0m
    &amp;#27;[32mAnd &amp;#27;[0m&amp;#27;[32mI Input Date From and Date To in Manage Overtime and Meals &quot;&amp;#27;[0m&amp;#27;[32m&amp;#27;[1m04-Mar-2025&amp;#27;[0m&amp;#27;[32m&quot; &quot;&amp;#27;[0m&amp;#27;[32m&amp;#27;[1m05-Mar-2025&amp;#27;[0m&amp;#27;[32m&quot;&amp;#27;[0m                                                                                                                       &amp;#27;[90m# Steps.iInputDateFromAndDateToInManageOvertimeAndMeals(String,String)&amp;#27;[0m
    &amp;#27;[32mAnd &amp;#27;[0m&amp;#27;[32mI Select Company Name&amp;#27;[0m                                                                                                                                                                                        &amp;#27;[90m# Steps.iSelectCompanyName()&amp;#27;[0m
    &amp;#27;[32mAnd &amp;#27;[0m&amp;#27;[32mI Select Location In Manage Overtime and Meals &quot;&amp;#27;[0m&amp;#27;[32m&amp;#27;[1mAux&amp;#27;[0m&amp;#27;[32m&quot;&amp;#27;[0m                                                                                                                                                         &amp;#27;[90m# Steps.iSelectLocationInManageOvertimeAndMeals(String)&amp;#27;[0m
    &amp;#27;[32mAnd &amp;#27;[0m&amp;#27;[32mI Select Employee Code In Manage Overtime and Meals &quot;&amp;#27;[0m&amp;#27;[32m&amp;#27;[1m039&amp;#27;[0m&amp;#27;[32m&quot;&amp;#27;[0m                                                                                                                                                    &amp;#27;[90m# Steps.iSelectEmployeeCodeInManageOvertimeAndMeals(String)&amp;#27;[0m
    &amp;#27;[32mAnd &amp;#27;[0m&amp;#27;[32mI Click on Query Button&amp;#27;[0m                                                                                                                                                                                      &amp;#27;[90m# Steps.iClickOnQueryButton()&amp;#27;[0m
    &amp;#27;[32mAnd &amp;#27;[0m&amp;#27;[32mI Verify Overtime Hours and Amount &quot;&amp;#27;[0m&amp;#27;[32m&amp;#27;[1m7.75&amp;#27;[0m&amp;#27;[32m&quot; &quot;&amp;#27;[0m&amp;#27;[32m&amp;#27;[1m8.00&amp;#27;[0m&amp;#27;[32m&quot; &quot;&amp;#27;[0m&amp;#27;[32m&amp;#27;[1mnull&amp;#27;[0m&amp;#27;[32m&quot; &quot;&amp;#27;[0m&amp;#27;[32m&amp;#27;[1mnull&amp;#27;[0m&amp;#27;[32m&quot; &quot;&amp;#27;[0m&amp;#27;[32m&amp;#27;[1mnull&amp;#27;[0m&amp;#27;[32m&quot; &quot;&amp;#27;[0m&amp;#27;[32m&amp;#27;[1mnull&amp;#27;[0m&amp;#27;[32m&quot; &quot;&amp;#27;[0m&amp;#27;[32m&amp;#27;[1mnull&amp;#27;[0m&amp;#27;[32m&quot; &quot;&amp;#27;[0m&amp;#27;[32m&amp;#27;[1mnull&amp;#27;[0m&amp;#27;[32m&quot; &quot;&amp;#27;[0m&amp;#27;[32m&amp;#27;[1mnull&amp;#27;[0m&amp;#27;[32m&quot; &quot;&amp;#27;[0m&amp;#27;[32m&amp;#27;[1mnull&amp;#27;[0m&amp;#27;[32m&quot; &quot;&amp;#27;[0m&amp;#27;[32m&amp;#27;[1m1,260.87&amp;#27;[0m&amp;#27;[32m&quot; &quot;&amp;#27;[0m&amp;#27;[32m&amp;#27;[1m1,301.54&amp;#27;[0m&amp;#27;[32m&quot; &quot;&amp;#27;[0m&amp;#27;[32m&amp;#27;[1mnull&amp;#27;[0m&amp;#27;[32m&quot; &quot;&amp;#27;[0m&amp;#27;[32m&amp;#27;[1mnull&amp;#27;[0m&amp;#27;[32m&quot; &quot;&amp;#27;[0m&amp;#27;[32m&amp;#27;[1mnull&amp;#27;[0m&amp;#27;[32m&quot; &quot;&amp;#27;[0m&amp;#27;[32m&amp;#27;[1mnull&amp;#27;[0m&amp;#27;[32m&quot; &quot;&amp;#27;[0m&amp;#27;[32m&amp;#27;[1mnull&amp;#27;[0m&amp;#27;[32m&quot; &quot;&amp;#27;[0m&amp;#27;[32m&amp;#27;[1mnull&amp;#27;[0m&amp;#27;[32m&quot; &quot;&amp;#27;[0m&amp;#27;[32m&amp;#27;[1m1,260.87&amp;#27;[0m&amp;#27;[32m&quot; &quot;&amp;#27;[0m&amp;#27;[32m&amp;#27;[1m1,301.54&amp;#27;[0m&amp;#27;[32m&quot; &quot;&amp;#27;[0m&amp;#27;[32m&amp;#27;[1mnull&amp;#27;[0m&amp;#27;[32m&quot; &quot;&amp;#27;[0m&amp;#27;[32m&amp;#27;[1mnull&amp;#27;[0m&amp;#27;[32m&quot;&amp;#27;[0m &amp;#27;[90m# Steps.iVerifyOvertimeHoursAndAmount(String,String,String,String,String,String,String,String,String,String,String,String,String,String,String,String,String,String,String,String,String,String)&amp;#27;[0m
    &amp;#27;[32mAnd &amp;#27;[0m&amp;#27;[32mI Sign Out&amp;#27;[0m                                                                                                                                                                                                   &amp;#27;[90m# Steps.iSignOut()&amp;#27;[0m
    &amp;#27;[32mAnd &amp;#27;[0m&amp;#27;[32mI Verify Successful Sign Out&amp;#27;[0m                                                                                                                                                                                 &amp;#27;[90m# Steps.iVerifySuccessfulSignOut()&amp;#27;[0m
Unable to take screenshot
java.lang.NullPointerException
Text from source element: 9.75
Unable to take screenshot
java.lang.NullPointerException

  @Overtime_Amount_Scenarios @Main_feature @Overtime
  Scenario Outline: Overtime Calculations based on scenarios                                                                                                                                                 &amp;#27;[90m# features/Login.feature:135&amp;#27;[0m
    &amp;#27;[32mGiven &amp;#27;[0m&amp;#27;[32mI am on Eastern Test Env - Front &quot;&amp;#27;[0m&amp;#27;[32m&amp;#27;[1mChrome&amp;#27;[0m&amp;#27;[32m&quot;&amp;#27;[0m                                                                                                                                                          &amp;#27;[90m# Steps.iAmOnEasternTestEnvFront(String)&amp;#27;[0m
    &amp;#27;[32mAnd &amp;#27;[0m&amp;#27;[32mI Verify Login Page&amp;#27;[0m                                                                                                                                                                                  &amp;#27;[90m# Steps.iVerifyLoginPage()&amp;#27;[0m
    &amp;#27;[32mAnd &amp;#27;[0m&amp;#27;[32mI Sign In as HR &quot;&amp;#27;[0m&amp;#27;[32m&amp;#27;[1mAAA&amp;#27;[0m&amp;#27;[32m&quot; &quot;&amp;#27;[0m&amp;#27;[32m&amp;#27;[1mAdmin@123&amp;#27;[0m&amp;#27;[32m&quot;&amp;#27;[0m                                                                                                                                                                    &amp;#27;[90m# Steps.iSignInAsHR(String,String)&amp;#27;[0m
    &amp;#27;[32mAnd &amp;#27;[0m&amp;#27;[32mI Verify Successful Login&amp;#27;[0m                                                                                                                                                                            &amp;#27;[90m# Steps.iVerifySuccessfulLogin()&amp;#27;[0m
    &amp;#27;[32mAnd &amp;#27;[0m&amp;#27;[32mI Click on Human Resource&amp;#27;[0m                                                                                                                                                                            &amp;#27;[90m# Steps.iClickOnHumanResource()&amp;#27;[0m
    &amp;#27;[32mAnd &amp;#27;[0m&amp;#27;[32mI Click on Attendance&amp;#27;[0m                                                                                                                                                                                &amp;#27;[90m# Steps.iClickOnAttendance()&amp;#27;[0m
    &amp;#27;[32mAnd &amp;#27;[0m&amp;#27;[32mI Click on Retrieve Attendance&amp;#27;[0m                                                                                                                                                                       &amp;#27;[90m# Steps.iClickOnRetrieveAttendance()&amp;#27;[0m
    &amp;#27;[32mAnd &amp;#27;[0m&amp;#27;[32mI Input Attendance Date &quot;&amp;#27;[0m&amp;#27;[32m&amp;#27;[1m02-Mar-2025&amp;#27;[0m&amp;#27;[32m&quot;&amp;#27;[0m                                                                                                                                                                &amp;#27;[90m# Steps.iInputAttendanceDate(String)&amp;#27;[0m
    &amp;#27;[32mAnd &amp;#27;[0m&amp;#27;[32mI Select Employee Code &quot;&amp;#27;[0m&amp;#27;[32m&amp;#27;[1m75&amp;#27;[0m&amp;#27;[32m&quot;&amp;#27;[0m                                                                                                                                                                          &amp;#27;[90m# Steps.iSelectEmployeeCode(String)&amp;#27;[0m
    &amp;#27;[32mAnd &amp;#27;[0m&amp;#27;[32mI Click on Query Button&amp;#27;[0m                                                                                                                                                                              &amp;#27;[90m# Steps.iClickOnQueryButton()&amp;#27;[0m
    &amp;#27;[31mAnd &amp;#27;[0m&amp;#27;[31mI Verify Hours Worked for Day one &quot;&amp;#27;[0m&amp;#27;[31m&amp;#27;[1m10:00&amp;#27;[0m&amp;#27;[31m&quot;&amp;#27;[0m                                                                                                                                                            &amp;#27;[90m# Steps.iVerifyHoursWorkedForDayOne(String)&amp;#27;[0m
      &amp;#27;[31mjava.lang.AssertionError: Hours Work is NOT good
      	at org.testng.Assert.fail(Assert.java:94)
      	at stepdefinition.Steps.iVerifyHoursWorkedForDayOne(Steps.java:487)
      	at ?.And I Verify Hours Worked for Day one &quot;10:00&quot;(features/Login.feature:84)
      &amp;#27;[0m
    &amp;#27;[36mAnd &amp;#27;[0m&amp;#27;[36mI Click on Process Button&amp;#27;[0m                                                                                                                                                                            &amp;#27;[90m# Steps.iClickOnProcessButton()&amp;#27;[0m
    &amp;#27;[36mAnd &amp;#27;[0m&amp;#27;[36mI Verify Success Message for Process Attendance&amp;#27;[0m                                                                                                                                                      &amp;#27;[90m# Steps.iVerifySuccessMessageForProcessAttendance()&amp;#27;[0m
    &amp;#27;[36mAnd &amp;#27;[0m&amp;#27;[36mI Click on Attendance&amp;#27;[0m                                                                                                                                                                                &amp;#27;[90m# Steps.iClickOnAttendance()&amp;#27;[0m
    &amp;#27;[36mAnd &amp;#27;[0m&amp;#27;[36mI Click on Manage Overtime Hours&amp;#27;[0m                                                                                                                                                                     &amp;#27;[90m# Steps.iClickOnManageOvertimeHours()&amp;#27;[0m
    &amp;#27;[36mAnd &amp;#27;[0m&amp;#27;[36mI Verify Manage Overtime Hours Page&amp;#27;[0m                                                                                                                                                                  &amp;#27;[90m# Steps.iVerifyManageOvertimeHoursPage()&amp;#27;[0m
    &amp;#27;[36mAnd &amp;#27;[0m&amp;#27;[36mI Select Company Name&amp;#27;[0m                                                                                                                                                                                &amp;#27;[90m# Steps.iSelectCompanyName()&amp;#27;[0m
    &amp;#27;[36mAnd &amp;#27;[0m&amp;#27;[36mI Select Location &quot;&amp;#27;[0m&amp;#27;[36m&amp;#27;[1mAdm&amp;#27;[0m&amp;#27;[36m&quot;&amp;#27;[0m                                                                                                                                                                              &amp;#27;[90m# Steps.iSelectLocation(String)&amp;#27;[0m
    &amp;#27;[36mAnd &amp;#27;[0m&amp;#27;[36mI Select Employee Code &quot;&amp;#27;[0m&amp;#27;[36m&amp;#27;[1m75&amp;#27;[0m&amp;#27;[36m&quot;&amp;#27;[0m                                                                                                                                                                          &amp;#27;[90m# Steps.iSelectEmployeeCode(String)&amp;#27;[0m
    &amp;#27;[36mAnd &amp;#27;[0m&amp;#27;[36mI Input Date From and Date To &quot;&amp;#27;[0m&amp;#27;[36m&amp;#27;[1m02-Mar-2025&amp;#27;[0m&amp;#27;[36m&quot; &quot;&amp;#27;[0m&amp;#27;[36m&amp;#27;[1m02-Mar-2025&amp;#27;[0m&amp;#27;[36m&quot;&amp;#27;[0m                                                                                                                                            &amp;#27;[90m# Steps.iInputDateFromAndDateTo(String,String)&amp;#27;[0m
    &amp;#27;[36mAnd &amp;#27;[0m&amp;#27;[36mI Click on Query Overtime Hours&amp;#27;[0m                                                                                                                                                                      &amp;#27;[90m# Steps.iClickOnQueryOvertimeHours()&amp;#27;[0m
    &amp;#27;[36mAnd &amp;#27;[0m&amp;#27;[36mI Verify Hours Work in Manage OT &quot;&amp;#27;[0m&amp;#27;[36m&amp;#27;[1m10:00&amp;#27;[0m&amp;#27;[36m&quot; &quot;&amp;#27;[0m&amp;#27;[36m&amp;#27;[1mnull&amp;#27;[0m&amp;#27;[36m&quot;&amp;#27;[0m                                                                                                                                                      &amp;#27;[90m# Steps.iVerifyHoursWorkInManageOT(String,String)&amp;#27;[0m
    &amp;#27;[36mAnd &amp;#27;[0m&amp;#27;[36mI Verify Overtime Hours Rate One Point Five &quot;&amp;#27;[0m&amp;#27;[36m&amp;#27;[1mnull&amp;#27;[0m&amp;#27;[36m&quot; &quot;&amp;#27;[0m&amp;#27;[36m&amp;#27;[1mnull&amp;#27;[0m&amp;#27;[36m&quot;&amp;#27;[0m                                                                                                                                            &amp;#27;[90m# Steps.iVerifyOvertimeHoursRateOnePointFive(String,String)&amp;#27;[0m
    &amp;#27;[36mAnd &amp;#27;[0m&amp;#27;[36mI Verify Overtime Hours Rate Two Point Zero &quot;&amp;#27;[0m&amp;#27;[36m&amp;#27;[1mnull&amp;#27;[0m&amp;#27;[36m&quot; &quot;&amp;#27;[0m&amp;#27;[36m&amp;#27;[1mnull&amp;#27;[0m&amp;#27;[36m&quot;&amp;#27;[0m                                                                                                                                            &amp;#27;[90m# Steps.iVerifyOvertimeHoursRateTwoPointZero(String,String)&amp;#27;[0m
    &amp;#27;[36mAnd &amp;#27;[0m&amp;#27;[36mI Verify Overtime Hours Rate Three Point Zero &quot;&amp;#27;[0m&amp;#27;[36m&amp;#27;[1m1.0&amp;#27;[0m&amp;#27;[36m&quot; &quot;&amp;#27;[0m&amp;#27;[36m&amp;#27;[1mnull&amp;#27;[0m&amp;#27;[36m&quot;&amp;#27;[0m                                                                                                                                           &amp;#27;[90m# Steps.iVerifyOvertimeHoursRateThreePointZero(String,String)&amp;#27;[0m
    &amp;#27;[36mAnd &amp;#27;[0m&amp;#27;[36mI Verify Overtime Hours Rate Sunday &quot;&amp;#27;[0m&amp;#27;[36m&amp;#27;[1m8.0&amp;#27;[0m&amp;#27;[36m&quot; &quot;&amp;#27;[0m&amp;#27;[36m&amp;#27;[1mnull&amp;#27;[0m&amp;#27;[36m&quot;&amp;#27;[0m                                                                                                                                                     &amp;#27;[90m# Steps.iVerifyOvertimeHoursRateSunday(String,String)&amp;#27;[0m
    &amp;#27;[36mAnd &amp;#27;[0m&amp;#27;[36mI Verify Overtime Hours Rate Public Holiday &quot;&amp;#27;[0m&amp;#27;[36m&amp;#27;[1mnull&amp;#27;[0m&amp;#27;[36m&quot; &quot;&amp;#27;[0m&amp;#27;[36m&amp;#27;[1mnull&amp;#27;[0m&amp;#27;[36m&quot;&amp;#27;[0m                                                                                                                                            &amp;#27;[90m# Steps.iVerifyOvertimeHoursRatePublicHoliday(String,String)&amp;#27;[0m
    &amp;#27;[36mAnd &amp;#27;[0m&amp;#27;[36mI Click on Save Button&amp;#27;[0m                                                                                                                                                                               &amp;#27;[90m# Steps.iClickOnSaveButton()&amp;#27;[0m
    &amp;#27;[36mAnd &amp;#27;[0m&amp;#27;[36mI Verify Success Message for OT Saved&amp;#27;[0m                                                                                                                                                                &amp;#27;[90m# Steps.iVerifySuccessMessageForOTSaved()&amp;#27;[0m
    &amp;#27;[36mAnd &amp;#27;[0m&amp;#27;[36mI Click on Attendance&amp;#27;[0m                                                                                                                                                                                &amp;#27;[90m# Steps.iClickOnAttendance()&amp;#27;[0m
    &amp;#27;[36mAnd &amp;#27;[0m&amp;#27;[36mI Click on Manage Overtime Hours and Meals&amp;#27;[0m                                                                                                                                                           &amp;#27;[90m# Steps.iClickOnManageOvertimeHoursAndMeals()&amp;#27;[0m
    &amp;#27;[36mAnd &amp;#27;[0m&amp;#27;[36mI Verify Manage Overtime Hours and Meals Page&amp;#27;[0m                                                                                                                                                        &amp;#27;[90m# Steps.iVerifyManageOvertimeHoursAndMealsPage()&amp;#27;[0m
    &amp;#27;[36mAnd &amp;#27;[0m&amp;#27;[36mI Input Date From and Date To in Manage Overtime and Meals &quot;&amp;#27;[0m&amp;#27;[36m&amp;#27;[1m02-Mar-2025&amp;#27;[0m&amp;#27;[36m&quot; &quot;&amp;#27;[0m&amp;#27;[36m&amp;#27;[1m02-Mar-2025&amp;#27;[0m&amp;#27;[36m&quot;&amp;#27;[0m                                                                                                               &amp;#27;[90m# Steps.iInputDateFromAndDateToInManageOvertimeAndMeals(String,String)&amp;#27;[0m
    &amp;#27;[36mAnd &amp;#27;[0m&amp;#27;[36mI Select Company Name&amp;#27;[0m                                                                                                                                                                                &amp;#27;[90m# Steps.iSelectCompanyName()&amp;#27;[0m
    &amp;#27;[36mAnd &amp;#27;[0m&amp;#27;[36mI Select Location In Manage Overtime and Meals &quot;&amp;#27;[0m&amp;#27;[36m&amp;#27;[1mAdm&amp;#27;[0m&amp;#27;[36m&quot;&amp;#27;[0m                                                                                                                                                 &amp;#27;[90m# Steps.iSelectLocationInManageOvertimeAndMeals(String)&amp;#27;[0m
    &amp;#27;[36mAnd &amp;#27;[0m&amp;#27;[36mI Select Employee Code In Manage Overtime and Meals &quot;&amp;#27;[0m&amp;#27;[36m&amp;#27;[1m75&amp;#27;[0m&amp;#27;[36m&quot;&amp;#27;[0m                                                                                                                                             &amp;#27;[90m# Steps.iSelectEmployeeCodeInManageOvertimeAndMeals(String)&amp;#27;[0m
    &amp;#27;[36mAnd &amp;#27;[0m&amp;#27;[36mI Click on Query Button&amp;#27;[0m                                                                                                                                                                              &amp;#27;[90m# Steps.iClickOnQueryButton()&amp;#27;[0m
    &amp;#27;[36mAnd &amp;#27;[0m&amp;#27;[36mI Verify Overtime Hours and Amount &quot;&amp;#27;[0m&amp;#27;[36m&amp;#27;[1mnull&amp;#27;[0m&amp;#27;[36m&quot; &quot;&amp;#27;[0m&amp;#27;[36m&amp;#27;[1mnull&amp;#27;[0m&amp;#27;[36m&quot; &quot;&amp;#27;[0m&amp;#27;[36m&amp;#27;[1mnull&amp;#27;[0m&amp;#27;[36m&quot; &quot;&amp;#27;[0m&amp;#27;[36m&amp;#27;[1mnull&amp;#27;[0m&amp;#27;[36m&quot; &quot;&amp;#27;[0m&amp;#27;[36m&amp;#27;[1m1.0&amp;#27;[0m&amp;#27;[36m&quot; &quot;&amp;#27;[0m&amp;#27;[36m&amp;#27;[1mnull&amp;#27;[0m&amp;#27;[36m&quot; &quot;&amp;#27;[0m&amp;#27;[36m&amp;#27;[1m8.0&amp;#27;[0m&amp;#27;[36m&quot; &quot;&amp;#27;[0m&amp;#27;[36m&amp;#27;[1mnull&amp;#27;[0m&amp;#27;[36m&quot; &quot;&amp;#27;[0m&amp;#27;[36m&amp;#27;[1mnull&amp;#27;[0m&amp;#27;[36m&quot; &quot;&amp;#27;[0m&amp;#27;[36m&amp;#27;[1mnull&amp;#27;[0m&amp;#27;[36m&quot; &quot;&amp;#27;[0m&amp;#27;[36m&amp;#27;[1mnull&amp;#27;[0m&amp;#27;[36m&quot; &quot;&amp;#27;[0m&amp;#27;[36m&amp;#27;[1mnull&amp;#27;[0m&amp;#27;[36m&quot; &quot;&amp;#27;[0m&amp;#27;[36m&amp;#27;[1mnull&amp;#27;[0m&amp;#27;[36m&quot; &quot;&amp;#27;[0m&amp;#27;[36m&amp;#27;[1mnull&amp;#27;[0m&amp;#27;[36m&quot; &quot;&amp;#27;[0m&amp;#27;[36m&amp;#27;[1m434.23&amp;#27;[0m&amp;#27;[36m&quot; &quot;&amp;#27;[0m&amp;#27;[36m&amp;#27;[1mnull&amp;#27;[0m&amp;#27;[36m&quot; &quot;&amp;#27;[0m&amp;#27;[36m&amp;#27;[1m2,315.90&amp;#27;[0m&amp;#27;[36m&quot; &quot;&amp;#27;[0m&amp;#27;[36m&amp;#27;[1mnull&amp;#27;[0m&amp;#27;[36m&quot; &quot;&amp;#27;[0m&amp;#27;[36m&amp;#27;[1m2,750.13&amp;#27;[0m&amp;#27;[36m&quot; &quot;&amp;#27;[0m&amp;#27;[36m&amp;#27;[1mnull&amp;#27;[0m&amp;#27;[36m&quot; &quot;&amp;#27;[0m&amp;#27;[36m&amp;#27;[1mnull&amp;#27;[0m&amp;#27;[36m&quot; &quot;&amp;#27;[0m&amp;#27;[36m&amp;#27;[1mnull&amp;#27;[0m&amp;#27;[36m&quot;&amp;#27;[0m &amp;#27;[90m# Steps.iVerifyOvertimeHoursAndAmount(String,String,String,String,String,String,String,String,String,String,String,String,String,String,String,String,String,String,String,String,String,String)&amp;#27;[0m
    &amp;#27;[36mAnd &amp;#27;[0m&amp;#27;[36mI Sign Out&amp;#27;[0m                                                                                                                                                                                           &amp;#27;[90m# Steps.iSignOut()&amp;#27;[0m
    &amp;#27;[36mAnd &amp;#27;[0m&amp;#27;[36mI Verify Successful Sign Out&amp;#27;[0m                                                                                                                                                                         &amp;#27;[90m# Steps.iVerifySuccessfulSignOut()&amp;#27;[0m
Unable to take screenshot
java.lang.NullPointerException
Text from source element: 9.75
Unable to take screenshot
java.lang.NullPointerException

  @Overtime_Amount_Scenarios @Main_feature @Overtime
  Scenario Outline: Overtime Calculations based on scenarios                                                                                                                                                 &amp;#27;[90m# features/Login.feature:136&amp;#27;[0m
    &amp;#27;[32mGiven &amp;#27;[0m&amp;#27;[32mI am on Eastern Test Env - Front &quot;&amp;#27;[0m&amp;#27;[32m&amp;#27;[1mChrome&amp;#27;[0m&amp;#27;[32m&quot;&amp;#27;[0m                                                                                                                                                          &amp;#27;[90m# Steps.iAmOnEasternTestEnvFront(String)&amp;#27;[0m
    &amp;#27;[32mAnd &amp;#27;[0m&amp;#27;[32mI Verify Login Page&amp;#27;[0m                                                                                                                                                                                  &amp;#27;[90m# Steps.iVerifyLoginPage()&amp;#27;[0m
    &amp;#27;[32mAnd &amp;#27;[0m&amp;#27;[32mI Sign In as HR &quot;&amp;#27;[0m&amp;#27;[32m&amp;#27;[1mAAA&amp;#27;[0m&amp;#27;[32m&quot; &quot;&amp;#27;[0m&amp;#27;[32m&amp;#27;[1mAdmin@123&amp;#27;[0m&amp;#27;[32m&quot;&amp;#27;[0m                                                                                                                                                                    &amp;#27;[90m# Steps.iSignInAsHR(String,String)&amp;#27;[0m
    &amp;#27;[32mAnd &amp;#27;[0m&amp;#27;[32mI Verify Successful Login&amp;#27;[0m                                                                                                                                                                            &amp;#27;[90m# Steps.iVerifySuccessfulLogin()&amp;#27;[0m
    &amp;#27;[32mAnd &amp;#27;[0m&amp;#27;[32mI Click on Human Resource&amp;#27;[0m                                                                                                                                                                            &amp;#27;[90m# Steps.iClickOnHumanResource()&amp;#27;[0m
    &amp;#27;[32mAnd &amp;#27;[0m&amp;#27;[32mI Click on Attendance&amp;#27;[0m                                                                                                                                                                                &amp;#27;[90m# Steps.iClickOnAttendance()&amp;#27;[0m
    &amp;#27;[32mAnd &amp;#27;[0m&amp;#27;[32mI Click on Retrieve Attendance&amp;#27;[0m                                                                                                                                                                       &amp;#27;[90m# Steps.iClickOnRetrieveAttendance()&amp;#27;[0m
    &amp;#27;[32mAnd &amp;#27;[0m&amp;#27;[32mI Input Attendance Date &quot;&amp;#27;[0m&amp;#27;[32m&amp;#27;[1m02-Mar-2025&amp;#27;[0m&amp;#27;[32m&quot;&amp;#27;[0m                                                                                                                                                                &amp;#27;[90m# Steps.iInputAttendanceDate(String)&amp;#27;[0m
    &amp;#27;[32mAnd &amp;#27;[0m&amp;#27;[32mI Select Employee Code &quot;&amp;#27;[0m&amp;#27;[32m&amp;#27;[1m039&amp;#27;[0m&amp;#27;[32m&quot;&amp;#27;[0m                                                                                                                                                                         &amp;#27;[90m# Steps.iSelectEmployeeCode(String)&amp;#27;[0m
    &amp;#27;[32mAnd &amp;#27;[0m&amp;#27;[32mI Click on Query Button&amp;#27;[0m                                                                                                                                                                              &amp;#27;[90m# Steps.iClickOnQueryButton()&amp;#27;[0m
    &amp;#27;[31mAnd &amp;#27;[0m&amp;#27;[31mI Verify Hours Worked for Day one &quot;&amp;#27;[0m&amp;#27;[31m&amp;#27;[1m10:00&amp;#27;[0m&amp;#27;[31m&quot;&amp;#27;[0m                                                                                                                                                            &amp;#27;[90m# Steps.iVerifyHoursWorkedForDayOne(String)&amp;#27;[0m
      &amp;#27;[31mjava.lang.AssertionError: Hours Work is NOT good
      	at org.testng.Assert.fail(Assert.java:94)
      	at stepdefinition.Steps.iVerifyHoursWorkedForDayOne(Steps.java:487)
      	at ?.And I Verify Hours Worked for Day one &quot;10:00&quot;(features/Login.feature:84)
      &amp;#27;[0m
    &amp;#27;[36mAnd &amp;#27;[0m&amp;#27;[36mI Click on Process Button&amp;#27;[0m                                                                                                                                                                            &amp;#27;[90m# Steps.iClickOnProcessButton()&amp;#27;[0m
    &amp;#27;[36mAnd &amp;#27;[0m&amp;#27;[36mI Verify Success Message for Process Attendance&amp;#27;[0m                                                                                                                                                      &amp;#27;[90m# Steps.iVerifySuccessMessageForProcessAttendance()&amp;#27;[0m
    &amp;#27;[36mAnd &amp;#27;[0m&amp;#27;[36mI Click on Attendance&amp;#27;[0m                                                                                                                                                                                &amp;#27;[90m# Steps.iClickOnAttendance()&amp;#27;[0m
    &amp;#27;[36mAnd &amp;#27;[0m&amp;#27;[36mI Click on Manage Overtime Hours&amp;#27;[0m                                                                                                                                                                     &amp;#27;[90m# Steps.iClickOnManageOvertimeHours()&amp;#27;[0m
    &amp;#27;[36mAnd &amp;#27;[0m&amp;#27;[36mI Verify Manage Overtime Hours Page&amp;#27;[0m                                                                                                                                                                  &amp;#27;[90m# Steps.iVerifyManageOvertimeHoursPage()&amp;#27;[0m
    &amp;#27;[36mAnd &amp;#27;[0m&amp;#27;[36mI Select Company Name&amp;#27;[0m                                                                                                                                                                                &amp;#27;[90m# Steps.iSelectCompanyName()&amp;#27;[0m
    &amp;#27;[36mAnd &amp;#27;[0m&amp;#27;[36mI Select Location &quot;&amp;#27;[0m&amp;#27;[36m&amp;#27;[1mAux&amp;#27;[0m&amp;#27;[36m&quot;&amp;#27;[0m                                                                                                                                                                              &amp;#27;[90m# Steps.iSelectLocation(String)&amp;#27;[0m
    &amp;#27;[36mAnd &amp;#27;[0m&amp;#27;[36mI Select Employee Code &quot;&amp;#27;[0m&amp;#27;[36m&amp;#27;[1m039&amp;#27;[0m&amp;#27;[36m&quot;&amp;#27;[0m                                                                                                                                                                         &amp;#27;[90m# Steps.iSelectEmployeeCode(String)&amp;#27;[0m
    &amp;#27;[36mAnd &amp;#27;[0m&amp;#27;[36mI Input Date From and Date To &quot;&amp;#27;[0m&amp;#27;[36m&amp;#27;[1m02-Mar-2025&amp;#27;[0m&amp;#27;[36m&quot; &quot;&amp;#27;[0m&amp;#27;[36m&amp;#27;[1m02-Mar-2025&amp;#27;[0m&amp;#27;[36m&quot;&amp;#27;[0m                                                                                                                                            &amp;#27;[90m# Steps.iInputDateFromAndDateTo(String,String)&amp;#27;[0m
    &amp;#27;[36mAnd &amp;#27;[0m&amp;#27;[36mI Click on Query Overtime Hours&amp;#27;[0m                                                                                                                                                                      &amp;#27;[90m# Steps.iClickOnQueryOvertimeHours()&amp;#27;[0m
    &amp;#27;[36mAnd &amp;#27;[0m&amp;#27;[36mI Verify Hours Work in Manage OT &quot;&amp;#27;[0m&amp;#27;[36m&amp;#27;[1m10:00&amp;#27;[0m&amp;#27;[36m&quot; &quot;&amp;#27;[0m&amp;#27;[36m&amp;#27;[1mnull&amp;#27;[0m&amp;#27;[36m&quot;&amp;#27;[0m                                                                                                                                                      &amp;#27;[90m# Steps.iVerifyHoursWorkInManageOT(String,String)&amp;#27;[0m
    &amp;#27;[36mAnd &amp;#27;[0m&amp;#27;[36mI Verify Overtime Hours Rate One Point Five &quot;&amp;#27;[0m&amp;#27;[36m&amp;#27;[1mnull&amp;#27;[0m&amp;#27;[36m&quot; &quot;&amp;#27;[0m&amp;#27;[36m&amp;#27;[1mnull&amp;#27;[0m&amp;#27;[36m&quot;&amp;#27;[0m                                                                                                                                            &amp;#27;[90m# Steps.iVerifyOvertimeHoursRateOnePointFive(String,String)&amp;#27;[0m
    &amp;#27;[36mAnd &amp;#27;[0m&amp;#27;[36mI Verify Overtime Hours Rate Two Point Zero &quot;&amp;#27;[0m&amp;#27;[36m&amp;#27;[1mnull&amp;#27;[0m&amp;#27;[36m&quot; &quot;&amp;#27;[0m&amp;#27;[36m&amp;#27;[1mnull&amp;#27;[0m&amp;#27;[36m&quot;&amp;#27;[0m                                                                                                                                            &amp;#27;[90m# Steps.iVerifyOvertimeHoursRateTwoPointZero(String,String)&amp;#27;[0m
    &amp;#27;[36mAnd &amp;#27;[0m&amp;#27;[36mI Verify Overtime Hours Rate Three Point Zero &quot;&amp;#27;[0m&amp;#27;[36m&amp;#27;[1m1.0&amp;#27;[0m&amp;#27;[36m&quot; &quot;&amp;#27;[0m&amp;#27;[36m&amp;#27;[1mnull&amp;#27;[0m&amp;#27;[36m&quot;&amp;#27;[0m                                                                                                                                           &amp;#27;[90m# Steps.iVerifyOvertimeHoursRateThreePointZero(String,String)&amp;#27;[0m
    &amp;#27;[36mAnd &amp;#27;[0m&amp;#27;[36mI Verify Overtime Hours Rate Sunday &quot;&amp;#27;[0m&amp;#27;[36m&amp;#27;[1m8.0&amp;#27;[0m&amp;#27;[36m&quot; &quot;&amp;#27;[0m&amp;#27;[36m&amp;#27;[1mnull&amp;#27;[0m&amp;#27;[36m&quot;&amp;#27;[0m                                                                                                                                                     &amp;#27;[90m# Steps.iVerifyOvertimeHoursRateSunday(String,String)&amp;#27;[0m
    &amp;#27;[36mAnd &amp;#27;[0m&amp;#27;[36mI Verify Overtime Hours Rate Public Holiday &quot;&amp;#27;[0m&amp;#27;[36m&amp;#27;[1mnull&amp;#27;[0m&amp;#27;[36m&quot; &quot;&amp;#27;[0m&amp;#27;[36m&amp;#27;[1mnull&amp;#27;[0m&amp;#27;[36m&quot;&amp;#27;[0m                                                                                                                                            &amp;#27;[90m# Steps.iVerifyOvertimeHoursRatePublicHoliday(String,String)&amp;#27;[0m
    &amp;#27;[36mAnd &amp;#27;[0m&amp;#27;[36mI Click on Save Button&amp;#27;[0m                                                                                                                                                                               &amp;#27;[90m# Steps.iClickOnSaveButton()&amp;#27;[0m
    &amp;#27;[36mAnd &amp;#27;[0m&amp;#27;[36mI Verify Success Message for OT Saved&amp;#27;[0m                                                                                                                                                                &amp;#27;[90m# Steps.iVerifySuccessMessageForOTSaved()&amp;#27;[0m
    &amp;#27;[36mAnd &amp;#27;[0m&amp;#27;[36mI Click on Attendance&amp;#27;[0m                                                                                                                                                                                &amp;#27;[90m# Steps.iClickOnAttendance()&amp;#27;[0m
    &amp;#27;[36mAnd &amp;#27;[0m&amp;#27;[36mI Click on Manage Overtime Hours and Meals&amp;#27;[0m                                                                                                                                                           &amp;#27;[90m# Steps.iClickOnManageOvertimeHoursAndMeals()&amp;#27;[0m
    &amp;#27;[36mAnd &amp;#27;[0m&amp;#27;[36mI Verify Manage Overtime Hours and Meals Page&amp;#27;[0m                                                                                                                                                        &amp;#27;[90m# Steps.iVerifyManageOvertimeHoursAndMealsPage()&amp;#27;[0m
    &amp;#27;[36mAnd &amp;#27;[0m&amp;#27;[36mI Input Date From and Date To in Manage Overtime and Meals &quot;&amp;#27;[0m&amp;#27;[36m&amp;#27;[1m02-Mar-2025&amp;#27;[0m&amp;#27;[36m&quot; &quot;&amp;#27;[0m&amp;#27;[36m&amp;#27;[1m02-Mar-2025&amp;#27;[0m&amp;#27;[36m&quot;&amp;#27;[0m                                                                                                               &amp;#27;[90m# Steps.iInputDateFromAndDateToInManageOvertimeAndMeals(String,String)&amp;#27;[0m
    &amp;#27;[36mAnd &amp;#27;[0m&amp;#27;[36mI Select Company Name&amp;#27;[0m                                                                                                                                                                                &amp;#27;[90m# Steps.iSelectCompanyName()&amp;#27;[0m
    &amp;#27;[36mAnd &amp;#27;[0m&amp;#27;[36mI Select Location In Manage Overtime and Meals &quot;&amp;#27;[0m&amp;#27;[36m&amp;#27;[1mAux&amp;#27;[0m&amp;#27;[36m&quot;&amp;#27;[0m                                                                                                                                                 &amp;#27;[90m# Steps.iSelectLocationInManageOvertimeAndMeals(String)&amp;#27;[0m
    &amp;#27;[36mAnd &amp;#27;[0m&amp;#27;[36mI Select Employee Code In Manage Overtime and Meals &quot;&amp;#27;[0m&amp;#27;[36m&amp;#27;[1m039&amp;#27;[0m&amp;#27;[36m&quot;&amp;#27;[0m                                                                                                                                            &amp;#27;[90m# Steps.iSelectEmployeeCodeInManageOvertimeAndMeals(String)&amp;#27;[0m
    &amp;#27;[36mAnd &amp;#27;[0m&amp;#27;[36mI Click on Query Button&amp;#27;[0m                                                                                                                                                                              &amp;#27;[90m# Steps.iClickOnQueryButton()&amp;#27;[0m
    &amp;#27;[36mAnd &amp;#27;[0m&amp;#27;[36mI Verify Overtime Hours and Amount &quot;&amp;#27;[0m&amp;#27;[36m&amp;#27;[1mnull&amp;#27;[0m&amp;#27;[36m&quot; &quot;&amp;#27;[0m&amp;#27;[36m&amp;#27;[1mnull&amp;#27;[0m&amp;#27;[36m&quot; &quot;&amp;#27;[0m&amp;#27;[36m&amp;#27;[1mnull&amp;#27;[0m&amp;#27;[36m&quot; &quot;&amp;#27;[0m&amp;#27;[36m&amp;#27;[1mnull&amp;#27;[0m&amp;#27;[36m&quot; &quot;&amp;#27;[0m&amp;#27;[36m&amp;#27;[1m1.0&amp;#27;[0m&amp;#27;[36m&quot; &quot;&amp;#27;[0m&amp;#27;[36m&amp;#27;[1mnull&amp;#27;[0m&amp;#27;[36m&quot; &quot;&amp;#27;[0m&amp;#27;[36m&amp;#27;[1m8.0&amp;#27;[0m&amp;#27;[36m&quot; &quot;&amp;#27;[0m&amp;#27;[36m&amp;#27;[1mnull&amp;#27;[0m&amp;#27;[36m&quot; &quot;&amp;#27;[0m&amp;#27;[36m&amp;#27;[1mnull&amp;#27;[0m&amp;#27;[36m&quot; &quot;&amp;#27;[0m&amp;#27;[36m&amp;#27;[1mnull&amp;#27;[0m&amp;#27;[36m&quot; &quot;&amp;#27;[0m&amp;#27;[36m&amp;#27;[1mnull&amp;#27;[0m&amp;#27;[36m&quot; &quot;&amp;#27;[0m&amp;#27;[36m&amp;#27;[1mnull&amp;#27;[0m&amp;#27;[36m&quot; &quot;&amp;#27;[0m&amp;#27;[36m&amp;#27;[1mnull&amp;#27;[0m&amp;#27;[36m&quot; &quot;&amp;#27;[0m&amp;#27;[36m&amp;#27;[1mnull&amp;#27;[0m&amp;#27;[36m&quot; &quot;&amp;#27;[0m&amp;#27;[36m&amp;#27;[1m216.92&amp;#27;[0m&amp;#27;[36m&quot; &quot;&amp;#27;[0m&amp;#27;[36m&amp;#27;[1mnull&amp;#27;[0m&amp;#27;[36m&quot; &quot;&amp;#27;[0m&amp;#27;[36m&amp;#27;[1m1,735.38&amp;#27;[0m&amp;#27;[36m&quot; &quot;&amp;#27;[0m&amp;#27;[36m&amp;#27;[1mnull&amp;#27;[0m&amp;#27;[36m&quot; &quot;&amp;#27;[0m&amp;#27;[36m&amp;#27;[1m1,952.31&amp;#27;[0m&amp;#27;[36m&quot; &quot;&amp;#27;[0m&amp;#27;[36m&amp;#27;[1mnull&amp;#27;[0m&amp;#27;[36m&quot; &quot;&amp;#27;[0m&amp;#27;[36m&amp;#27;[1mnull&amp;#27;[0m&amp;#27;[36m&quot; &quot;&amp;#27;[0m&amp;#27;[36m&amp;#27;[1mnull&amp;#27;[0m&amp;#27;[36m&quot;&amp;#27;[0m &amp;#27;[90m# Steps.iVerifyOvertimeHoursAndAmount(String,String,String,String,String,String,String,String,String,String,String,String,String,String,String,String,String,String,String,String,String,String)&amp;#27;[0m
    &amp;#27;[36mAnd &amp;#27;[0m&amp;#27;[36mI Sign Out&amp;#27;[0m                                                                                                                                                                                           &amp;#27;[90m# Steps.iSignOut()&amp;#27;[0m
    &amp;#27;[36mAnd &amp;#27;[0m&amp;#27;[36mI Verify Successful Sign Out&amp;#27;[0m                                                                                                                                                                         &amp;#27;[90m# Steps.iVerifySuccessfulSignOut()&amp;#27;[0m
Unable to take screenshot
java.lang.NullPointerException
Text from source element: 16.75
Unable to take screenshot
java.lang.NullPointerException

  @Overtime_Amount_Scenarios @Main_feature @Overtime
  Scenario Outline: Overtime Calculations based on scenarios                                                                                                                                                      &amp;#27;[90m# features/Login.feature:137&amp;#27;[0m
    &amp;#27;[32mGiven &amp;#27;[0m&amp;#27;[32mI am on Eastern Test Env - Front &quot;&amp;#27;[0m&amp;#27;[32m&amp;#27;[1mChrome&amp;#27;[0m&amp;#27;[32m&quot;&amp;#27;[0m                                                                                                                                                               &amp;#27;[90m# Steps.iAmOnEasternTestEnvFront(String)&amp;#27;[0m
    &amp;#27;[32mAnd &amp;#27;[0m&amp;#27;[32mI Verify Login Page&amp;#27;[0m                                                                                                                                                                                       &amp;#27;[90m# Steps.iVerifyLoginPage()&amp;#27;[0m
    &amp;#27;[32mAnd &amp;#27;[0m&amp;#27;[32mI Sign In as HR &quot;&amp;#27;[0m&amp;#27;[32m&amp;#27;[1mAAA&amp;#27;[0m&amp;#27;[32m&quot; &quot;&amp;#27;[0m&amp;#27;[32m&amp;#27;[1mAdmin@123&amp;#27;[0m&amp;#27;[32m&quot;&amp;#27;[0m                                                                                                                                                                         &amp;#27;[90m# Steps.iSignInAsHR(String,String)&amp;#27;[0m
    &amp;#27;[32mAnd &amp;#27;[0m&amp;#27;[32mI Verify Successful Login&amp;#27;[0m                                                                                                                                                                                 &amp;#27;[90m# Steps.iVerifySuccessfulLogin()&amp;#27;[0m
    &amp;#27;[32mAnd &amp;#27;[0m&amp;#27;[32mI Click on Human Resource&amp;#27;[0m                                                                                                                                                                                 &amp;#27;[90m# Steps.iClickOnHumanResource()&amp;#27;[0m
    &amp;#27;[32mAnd &amp;#27;[0m&amp;#27;[32mI Click on Attendance&amp;#27;[0m                                                                                                                                                                                     &amp;#27;[90m# Steps.iClickOnAttendance()&amp;#27;[0m
    &amp;#27;[32mAnd &amp;#27;[0m&amp;#27;[32mI Click on Retrieve Attendance&amp;#27;[0m                                                                                                                                                                            &amp;#27;[90m# Steps.iClickOnRetrieveAttendance()&amp;#27;[0m
    &amp;#27;[32mAnd &amp;#27;[0m&amp;#27;[32mI Input Attendance Date &quot;&amp;#27;[0m&amp;#27;[32m&amp;#27;[1m16-Mar-2025&amp;#27;[0m&amp;#27;[32m&quot;&amp;#27;[0m                                                                                                                                                                     &amp;#27;[90m# Steps.iInputAttendanceDate(String)&amp;#27;[0m
    &amp;#27;[32mAnd &amp;#27;[0m&amp;#27;[32mI Select Employee Code &quot;&amp;#27;[0m&amp;#27;[32m&amp;#27;[1m039&amp;#27;[0m&amp;#27;[32m&quot;&amp;#27;[0m                                                                                                                                                                              &amp;#27;[90m# Steps.iSelectEmployeeCode(String)&amp;#27;[0m
    &amp;#27;[32mAnd &amp;#27;[0m&amp;#27;[32mI Click on Query Button&amp;#27;[0m                                                                                                                                                                                   &amp;#27;[90m# Steps.iClickOnQueryButton()&amp;#27;[0m
    &amp;#27;[31mAnd &amp;#27;[0m&amp;#27;[31mI Verify Hours Worked for Day one &quot;&amp;#27;[0m&amp;#27;[31m&amp;#27;[1m17:00&amp;#27;[0m&amp;#27;[31m&quot;&amp;#27;[0m                                                                                                                                                                 &amp;#27;[90m# Steps.iVerifyHoursWorkedForDayOne(String)&amp;#27;[0m
      &amp;#27;[31mjava.lang.AssertionError: Hours Work is NOT good
      	at org.testng.Assert.fail(Assert.java:94)
      	at stepdefinition.Steps.iVerifyHoursWorkedForDayOne(Steps.java:487)
      	at ?.And I Verify Hours Worked for Day one &quot;17:00&quot;(features/Login.feature:84)
      &amp;#27;[0m
    &amp;#27;[36mAnd &amp;#27;[0m&amp;#27;[36mI Click on Process Button&amp;#27;[0m                                                                                                                                                                                 &amp;#27;[90m# Steps.iClickOnProcessButton()&amp;#27;[0m
    &amp;#27;[36mAnd &amp;#27;[0m&amp;#27;[36mI Verify Success Message for Process Attendance&amp;#27;[0m                                                                                                                                                           &amp;#27;[90m# Steps.iVerifySuccessMessageForProcessAttendance()&amp;#27;[0m
    &amp;#27;[36mAnd &amp;#27;[0m&amp;#27;[36mI Click on Attendance&amp;#27;[0m                                                                                                                                                                                     &amp;#27;[90m# Steps.iClickOnAttendance()&amp;#27;[0m
    &amp;#27;[36mAnd &amp;#27;[0m&amp;#27;[36mI Click on Manage Overtime Hours&amp;#27;[0m                                                                                                                                                                          &amp;#27;[90m# Steps.iClickOnManageOvertimeHours()&amp;#27;[0m
    &amp;#27;[36mAnd &amp;#27;[0m&amp;#27;[36mI Verify Manage Overtime Hours Page&amp;#27;[0m                                                                                                                                                                       &amp;#27;[90m# Steps.iVerifyManageOvertimeHoursPage()&amp;#27;[0m
    &amp;#27;[36mAnd &amp;#27;[0m&amp;#27;[36mI Select Company Name&amp;#27;[0m                                                                                                                                                                                     &amp;#27;[90m# Steps.iSelectCompanyName()&amp;#27;[0m
    &amp;#27;[36mAnd &amp;#27;[0m&amp;#27;[36mI Select Location &quot;&amp;#27;[0m&amp;#27;[36m&amp;#27;[1mAux&amp;#27;[0m&amp;#27;[36m&quot;&amp;#27;[0m                                                                                                                                                                                   &amp;#27;[90m# Steps.iSelectLocation(String)&amp;#27;[0m
    &amp;#27;[36mAnd &amp;#27;[0m&amp;#27;[36mI Select Employee Code &quot;&amp;#27;[0m&amp;#27;[36m&amp;#27;[1m039&amp;#27;[0m&amp;#27;[36m&quot;&amp;#27;[0m                                                                                                                                                                              &amp;#27;[90m# Steps.iSelectEmployeeCode(String)&amp;#27;[0m
    &amp;#27;[36mAnd &amp;#27;[0m&amp;#27;[36mI Input Date From and Date To &quot;&amp;#27;[0m&amp;#27;[36m&amp;#27;[1m16-Mar-2025&amp;#27;[0m&amp;#27;[36m&quot; &quot;&amp;#27;[0m&amp;#27;[36m&amp;#27;[1m17-Mar-2025&amp;#27;[0m&amp;#27;[36m&quot;&amp;#27;[0m                                                                                                                                                 &amp;#27;[90m# Steps.iInputDateFromAndDateTo(String,String)&amp;#27;[0m
    &amp;#27;[36mAnd &amp;#27;[0m&amp;#27;[36mI Click on Query Overtime Hours&amp;#27;[0m                                                                                                                                                                           &amp;#27;[90m# Steps.iClickOnQueryOvertimeHours()&amp;#27;[0m
    &amp;#27;[36mAnd &amp;#27;[0m&amp;#27;[36mI Verify Hours Work in Manage OT &quot;&amp;#27;[0m&amp;#27;[36m&amp;#27;[1m17:00&amp;#27;[0m&amp;#27;[36m&quot; &quot;&amp;#27;[0m&amp;#27;[36m&amp;#27;[1m5:00&amp;#27;[0m&amp;#27;[36m&quot;&amp;#27;[0m                                                                                                                                                           &amp;#27;[90m# Steps.iVerifyHoursWorkInManageOT(String,String)&amp;#27;[0m
    &amp;#27;[36mAnd &amp;#27;[0m&amp;#27;[36mI Verify Overtime Hours Rate One Point Five &quot;&amp;#27;[0m&amp;#27;[36m&amp;#27;[1mnull&amp;#27;[0m&amp;#27;[36m&quot; &quot;&amp;#27;[0m&amp;#27;[36m&amp;#27;[1m5.0&amp;#27;[0m&amp;#27;[36m&quot;&amp;#27;[0m                                                                                                                                                  &amp;#27;[90m# Steps.iVerifyOvertimeHoursRateOnePointFive(String,String)&amp;#27;[0m
    &amp;#27;[36mAnd &amp;#27;[0m&amp;#27;[36mI Verify Overtime Hours Rate Two Point Zero &quot;&amp;#27;[0m&amp;#27;[36m&amp;#27;[1m8.0&amp;#27;[0m&amp;#27;[36m&quot; &quot;&amp;#27;[0m&amp;#27;[36m&amp;#27;[1mnull&amp;#27;[0m&amp;#27;[36m&quot;&amp;#27;[0m                                                                                                                                                  &amp;#27;[90m# Steps.iVerifyOvertimeHoursRateTwoPointZero(String,String)&amp;#27;[0m
    &amp;#27;[36mAnd &amp;#27;[0m&amp;#27;[36mI Verify Overtime Hours Rate Three Point Zero &quot;&amp;#27;[0m&amp;#27;[36m&amp;#27;[1mnull&amp;#27;[0m&amp;#27;[36m&quot; &quot;&amp;#27;[0m&amp;#27;[36m&amp;#27;[1mnull&amp;#27;[0m&amp;#27;[36m&quot;&amp;#27;[0m                                                                                                                                               &amp;#27;[90m# Steps.iVerifyOvertimeHoursRateThreePointZero(String,String)&amp;#27;[0m
    &amp;#27;[36mAnd &amp;#27;[0m&amp;#27;[36mI Verify Overtime Hours Rate Sunday &quot;&amp;#27;[0m&amp;#27;[36m&amp;#27;[1m8.0&amp;#27;[0m&amp;#27;[36m&quot; &quot;&amp;#27;[0m&amp;#27;[36m&amp;#27;[1mnull&amp;#27;[0m&amp;#27;[36m&quot;&amp;#27;[0m                                                                                                                                                          &amp;#27;[90m# Steps.iVerifyOvertimeHoursRateSunday(String,String)&amp;#27;[0m
    &amp;#27;[36mAnd &amp;#27;[0m&amp;#27;[36mI Verify Overtime Hours Rate Public Holiday &quot;&amp;#27;[0m&amp;#27;[36m&amp;#27;[1mnull&amp;#27;[0m&amp;#27;[36m&quot; &quot;&amp;#27;[0m&amp;#27;[36m&amp;#27;[1mnull&amp;#27;[0m&amp;#27;[36m&quot;&amp;#27;[0m                                                                                                                                                 &amp;#27;[90m# Steps.iVerifyOvertimeHoursRatePublicHoliday(String,String)&amp;#27;[0m
    &amp;#27;[36mAnd &amp;#27;[0m&amp;#27;[36mI Click on Save Button&amp;#27;[0m                                                                                                                                                                                    &amp;#27;[90m# Steps.iClickOnSaveButton()&amp;#27;[0m
    &amp;#27;[36mAnd &amp;#27;[0m&amp;#27;[36mI Verify Success Message for OT Saved&amp;#27;[0m                                                                                                                                                                     &amp;#27;[90m# Steps.iVerifySuccessMessageForOTSaved()&amp;#27;[0m
    &amp;#27;[36mAnd &amp;#27;[0m&amp;#27;[36mI Click on Attendance&amp;#27;[0m                                                                                                                                                                                     &amp;#27;[90m# Steps.iClickOnAttendance()&amp;#27;[0m
    &amp;#27;[36mAnd &amp;#27;[0m&amp;#27;[36mI Click on Manage Overtime Hours and Meals&amp;#27;[0m                                                                                                                                                                &amp;#27;[90m# Steps.iClickOnManageOvertimeHoursAndMeals()&amp;#27;[0m
    &amp;#27;[36mAnd &amp;#27;[0m&amp;#27;[36mI Verify Manage Overtime Hours and Meals Page&amp;#27;[0m                                                                                                                                                             &amp;#27;[90m# Steps.iVerifyManageOvertimeHoursAndMealsPage()&amp;#27;[0m
    &amp;#27;[36mAnd &amp;#27;[0m&amp;#27;[36mI Input Date From and Date To in Manage Overtime and Meals &quot;&amp;#27;[0m&amp;#27;[36m&amp;#27;[1m16-Mar-2025&amp;#27;[0m&amp;#27;[36m&quot; &quot;&amp;#27;[0m&amp;#27;[36m&amp;#27;[1m17-Mar-2025&amp;#27;[0m&amp;#27;[36m&quot;&amp;#27;[0m                                                                                                                    &amp;#27;[90m# Steps.iInputDateFromAndDateToInManageOvertimeAndMeals(String,String)&amp;#27;[0m
    &amp;#27;[36mAnd &amp;#27;[0m&amp;#27;[36mI Select Company Name&amp;#27;[0m                                                                                                                                                                                     &amp;#27;[90m# Steps.iSelectCompanyName()&amp;#27;[0m
    &amp;#27;[36mAnd &amp;#27;[0m&amp;#27;[36mI Select Location In Manage Overtime and Meals &quot;&amp;#27;[0m&amp;#27;[36m&amp;#27;[1mAux&amp;#27;[0m&amp;#27;[36m&quot;&amp;#27;[0m                                                                                                                                                      &amp;#27;[90m# Steps.iSelectLocationInManageOvertimeAndMeals(String)&amp;#27;[0m
    &amp;#27;[36mAnd &amp;#27;[0m&amp;#27;[36mI Select Employee Code In Manage Overtime and Meals &quot;&amp;#27;[0m&amp;#27;[36m&amp;#27;[1m039&amp;#27;[0m&amp;#27;[36m&quot;&amp;#27;[0m                                                                                                                                                 &amp;#27;[90m# Steps.iSelectEmployeeCodeInManageOvertimeAndMeals(String)&amp;#27;[0m
    &amp;#27;[36mAnd &amp;#27;[0m&amp;#27;[36mI Click on Query Button&amp;#27;[0m                                                                                                                                                                                   &amp;#27;[90m# Steps.iClickOnQueryButton()&amp;#27;[0m
    &amp;#27;[36mAnd &amp;#27;[0m&amp;#27;[36mI Verify Overtime Hours and Amount &quot;&amp;#27;[0m&amp;#27;[36m&amp;#27;[1mnull&amp;#27;[0m&amp;#27;[36m&quot; &quot;&amp;#27;[0m&amp;#27;[36m&amp;#27;[1m5.0&amp;#27;[0m&amp;#27;[36m&quot; &quot;&amp;#27;[0m&amp;#27;[36m&amp;#27;[1m8.0&amp;#27;[0m&amp;#27;[36m&quot; &quot;&amp;#27;[0m&amp;#27;[36m&amp;#27;[1mnull&amp;#27;[0m&amp;#27;[36m&quot; &quot;&amp;#27;[0m&amp;#27;[36m&amp;#27;[1mnull&amp;#27;[0m&amp;#27;[36m&quot; &quot;&amp;#27;[0m&amp;#27;[36m&amp;#27;[1mnull&amp;#27;[0m&amp;#27;[36m&quot; &quot;&amp;#27;[0m&amp;#27;[36m&amp;#27;[1m8.0&amp;#27;[0m&amp;#27;[36m&quot; &quot;&amp;#27;[0m&amp;#27;[36m&amp;#27;[1mnull&amp;#27;[0m&amp;#27;[36m&quot; &quot;&amp;#27;[0m&amp;#27;[36m&amp;#27;[1mnull&amp;#27;[0m&amp;#27;[36m&quot; &quot;&amp;#27;[0m&amp;#27;[36m&amp;#27;[1mnull&amp;#27;[0m&amp;#27;[36m&quot; &quot;&amp;#27;[0m&amp;#27;[36m&amp;#27;[1mnull&amp;#27;[0m&amp;#27;[36m&quot; &quot;&amp;#27;[0m&amp;#27;[36m&amp;#27;[1m813.46&amp;#27;[0m&amp;#27;[36m&quot; &quot;&amp;#27;[0m&amp;#27;[36m&amp;#27;[1m1,735.38&amp;#27;[0m&amp;#27;[36m&quot; &quot;&amp;#27;[0m&amp;#27;[36m&amp;#27;[1mnull&amp;#27;[0m&amp;#27;[36m&quot; &quot;&amp;#27;[0m&amp;#27;[36m&amp;#27;[1mnull&amp;#27;[0m&amp;#27;[36m&quot; &quot;&amp;#27;[0m&amp;#27;[36m&amp;#27;[1mnull&amp;#27;[0m&amp;#27;[36m&quot; &quot;&amp;#27;[0m&amp;#27;[36m&amp;#27;[1m1,735.38&amp;#27;[0m&amp;#27;[36m&quot; &quot;&amp;#27;[0m&amp;#27;[36m&amp;#27;[1mnull&amp;#27;[0m&amp;#27;[36m&quot; &quot;&amp;#27;[0m&amp;#27;[36m&amp;#27;[1m3,470.77&amp;#27;[0m&amp;#27;[36m&quot; &quot;&amp;#27;[0m&amp;#27;[36m&amp;#27;[1m813.46&amp;#27;[0m&amp;#27;[36m&quot; &quot;&amp;#27;[0m&amp;#27;[36m&amp;#27;[1mnull&amp;#27;[0m&amp;#27;[36m&quot; &quot;&amp;#27;[0m&amp;#27;[36m&amp;#27;[1mnull&amp;#27;[0m&amp;#27;[36m&quot;&amp;#27;[0m &amp;#27;[90m# Steps.iVerifyOvertimeHoursAndAmount(String,String,String,String,String,String,String,String,String,String,String,String,String,String,String,String,String,String,String,String,String,String)&amp;#27;[0m
    &amp;#27;[36mAnd &amp;#27;[0m&amp;#27;[36mI Sign Out&amp;#27;[0m                                                                                                                                                                                                &amp;#27;[90m# Steps.iSignOut()&amp;#27;[0m
    &amp;#27;[36mAnd &amp;#27;[0m&amp;#27;[36mI Verify Successful Sign Out&amp;#27;[0m                                                                                                                                                                              &amp;#27;[90m# Steps.iVerifySuccessfulSignOut()&amp;#27;[0m
Unable to take screenshot
java.lang.NullPointerException
Unable to take screenshot
java.lang.NullPointerException

  @Overtime_Amount_Scenarios @Main_feature @Overtime
  Scenario Outline: Overtime Calculations based on scenarios                                                                                                                                                          &amp;#27;[90m# features/Login.feature:138&amp;#27;[0m
    &amp;#27;[32mGiven &amp;#27;[0m&amp;#27;[32mI am on Eastern Test Env - Front &quot;&amp;#27;[0m&amp;#27;[32m&amp;#27;[1mChrome&amp;#27;[0m&amp;#27;[32m&quot;&amp;#27;[0m                                                                                                                                                                   &amp;#27;[90m# Steps.iAmOnEasternTestEnvFront(String)&amp;#27;[0m
    &amp;#27;[32mAnd &amp;#27;[0m&amp;#27;[32mI Verify Login Page&amp;#27;[0m                                                                                                                                                                                           &amp;#27;[90m# Steps.iVerifyLoginPage()&amp;#27;[0m
    &amp;#27;[32mAnd &amp;#27;[0m&amp;#27;[32mI Sign In as HR &quot;&amp;#27;[0m&amp;#27;[32m&amp;#27;[1mAAA&amp;#27;[0m&amp;#27;[32m&quot; &quot;&amp;#27;[0m&amp;#27;[32m&amp;#27;[1mAdmin@123&amp;#27;[0m&amp;#27;[32m&quot;&amp;#27;[0m                                                                                                                                                                             &amp;#27;[90m# Steps.iSignInAsHR(String,String)&amp;#27;[0m
    &amp;#27;[32mAnd &amp;#27;[0m&amp;#27;[32mI Verify Successful Login&amp;#27;[0m                                                                                                                                                                                     &amp;#27;[90m# Steps.iVerifySuccessfulLogin()&amp;#27;[0m
    &amp;#27;[32mAnd &amp;#27;[0m&amp;#27;[32mI Click on Human Resource&amp;#27;[0m                                                                                                                                                                                     &amp;#27;[90m# Steps.iClickOnHumanResource()&amp;#27;[0m
    &amp;#27;[32mAnd &amp;#27;[0m&amp;#27;[32mI Click on Attendance&amp;#27;[0m                                                                                                                                                                                         &amp;#27;[90m# Steps.iClickOnAttendance()&amp;#27;[0m
    &amp;#27;[32mAnd &amp;#27;[0m&amp;#27;[32mI Click on Retrieve Attendance&amp;#27;[0m                                                                                                                                                                                &amp;#27;[90m# Steps.iClickOnRetrieveAttendance()&amp;#27;[0m
    &amp;#27;[32mAnd &amp;#27;[0m&amp;#27;[32mI Input Attendance Date &quot;&amp;#27;[0m&amp;#27;[32m&amp;#27;[1m16-Mar-2025&amp;#27;[0m&amp;#27;[32m&quot;&amp;#27;[0m                                                                                                                                                                         &amp;#27;[90m# Steps.iInputAttendanceDate(String)&amp;#27;[0m
    &amp;#27;[32mAnd &amp;#27;[0m&amp;#27;[32mI Select Employee Code &quot;&amp;#27;[0m&amp;#27;[32m&amp;#27;[1m75&amp;#27;[0m&amp;#27;[32m&quot;&amp;#27;[0m                                                                                                                                                                                   &amp;#27;[90m# Steps.iSelectEmployeeCode(String)&amp;#27;[0m
    &amp;#27;[32mAnd &amp;#27;[0m&amp;#27;[32mI Click on Query Button&amp;#27;[0m                                                                                                                                                                                       &amp;#27;[90m# Steps.iClickOnQueryButton()&amp;#27;[0m
    &amp;#27;[31mAnd &amp;#27;[0m&amp;#27;[31mI Verify Hours Worked for Day one &quot;&amp;#27;[0m&amp;#27;[31m&amp;#27;[1m17:00&amp;#27;[0m&amp;#27;[31m&quot;&amp;#27;[0m                                                                                                                                                                     &amp;#27;[90m# Steps.iVerifyHoursWorkedForDayOne(String)&amp;#27;[0m
      &amp;#27;[31morg.openqa.selenium.NoSuchElementException: no such element: Unable to locate element: {&quot;method&quot;:&quot;xpath&quot;,&quot;selector&quot;:&quot;(//td[contains(@role,&apos;gridcell&apos;)])[13]&quot;}
        (Session info: chrome=138.0.7204.97)
      For documentation on this error, please visit: http://seleniumhq.org/exceptions/no_such_element.html
      Build info: version: &apos;3.4.0&apos;, revision: &apos;unknown&apos;, time: &apos;unknown&apos;
      System info: host: &apos;SIL-LTDELLI7-G6&apos;, ip: &apos;130.1.21.163&apos;, os.name: &apos;Windows 11&apos;, os.arch: &apos;amd64&apos;, os.version: &apos;10.0&apos;, java.version: &apos;1.8.0_371&apos;
      Driver info: org.openqa.selenium.chrome.ChromeDriver
      Capabilities [{networkConnectionEnabled=false, chrome={chromedriverVersion=138.0.7204.94 (5450257488848fa5bab09dea663ce77edfb17672-refs/branch-heads/7204_50@{#10}), userDataDir=C:\Users\SURAJ~1.JOG\AppData\Local\Temp\scoped_dir15432_1352669708}, timeouts={implicit=0.0, pageLoad=300000.0, script=30000.0}, pageLoadStrategy=normal, unhandledPromptBehavior=dismiss and notify, strictFileInteractability=false, platform=ANY, proxy=Proxy(), webauthn:extension:minPinLength=true, goog:chromeOptions={debuggerAddress=localhost:64873}, webauthn:extension:credBlob=true, webauthn:extension:prf=true, acceptInsecureCerts=false, browserVersion=138.0.7204.97, fedcm:accounts=true, browserName=chrome, javascriptEnabled=true, platformName=windows, setWindowRect=true, webauthn:extension:largeBlob=true, webauthn:virtualAuthenticators=true}]
      Session ID: 55244ac4e3ca09364abd1df47b0cfac8
      *** Element info: {Using=xpath, value=(//td[contains(@role,&apos;gridcell&apos;)])[13]}
      	at sun.reflect.NativeConstructorAccessorImpl.newInstance0(Native Method)
      	at sun.reflect.NativeConstructorAccessorImpl.newInstance(NativeConstructorAccessorImpl.java:62)
      	at sun.reflect.DelegatingConstructorAccessorImpl.newInstance(DelegatingConstructorAccessorImpl.java:45)
      	at java.lang.reflect.Constructor.newInstance(Constructor.java:423)
      	at org.openqa.selenium.remote.http.W3CHttpResponseCodec.createException(W3CHttpResponseCodec.java:150)
      	at org.openqa.selenium.remote.http.W3CHttpResponseCodec.decode(W3CHttpResponseCodec.java:115)
      	at org.openqa.selenium.remote.http.W3CHttpResponseCodec.decode(W3CHttpResponseCodec.java:45)
      	at org.openqa.selenium.remote.HttpCommandExecutor.execute(HttpCommandExecutor.java:164)
      	at org.openqa.selenium.remote.service.DriverCommandExecutor.execute(DriverCommandExecutor.java:82)
      	at org.openqa.selenium.remote.RemoteWebDriver.execute(RemoteWebDriver.java:637)
      	at org.openqa.selenium.remote.RemoteWebDriver.findElement(RemoteWebDriver.java:410)
      	at org.openqa.selenium.remote.RemoteWebDriver.findElementByXPath(RemoteWebDriver.java:509)
      	at org.openqa.selenium.By$ByXPath.findElement(By.java:361)
      	at org.openqa.selenium.remote.RemoteWebDriver.findElement(RemoteWebDriver.java:402)
      	at stepdefinition.Steps.iVerifyHoursWorkedForDayOne(Steps.java:481)
      	at ?.And I Verify Hours Worked for Day one &quot;17:00&quot;(features/Login.feature:84)
      &amp;#27;[0m
    &amp;#27;[36mAnd &amp;#27;[0m&amp;#27;[36mI Click on Process Button&amp;#27;[0m                                                                                                                                                                                     &amp;#27;[90m# Steps.iClickOnProcessButton()&amp;#27;[0m
    &amp;#27;[36mAnd &amp;#27;[0m&amp;#27;[36mI Verify Success Message for Process Attendance&amp;#27;[0m                                                                                                                                                               &amp;#27;[90m# Steps.iVerifySuccessMessageForProcessAttendance()&amp;#27;[0m
    &amp;#27;[36mAnd &amp;#27;[0m&amp;#27;[36mI Click on Attendance&amp;#27;[0m                                                                                                                                                                                         &amp;#27;[90m# Steps.iClickOnAttendance()&amp;#27;[0m
    &amp;#27;[36mAnd &amp;#27;[0m&amp;#27;[36mI Click on Manage Overtime Hours&amp;#27;[0m                                                                                                                                                                              &amp;#27;[90m# Steps.iClickOnManageOvertimeHours()&amp;#27;[0m
    &amp;#27;[36mAnd &amp;#27;[0m&amp;#27;[36mI Verify Manage Overtime Hours Page&amp;#27;[0m                                                                                                                                                                           &amp;#27;[90m# Steps.iVerifyManageOvertimeHoursPage()&amp;#27;[0m
    &amp;#27;[36mAnd &amp;#27;[0m&amp;#27;[36mI Select Company Name&amp;#27;[0m                                                                                                                                                                                         &amp;#27;[90m# Steps.iSelectCompanyName()&amp;#27;[0m
    &amp;#27;[36mAnd &amp;#27;[0m&amp;#27;[36mI Select Location &quot;&amp;#27;[0m&amp;#27;[36m&amp;#27;[1mAdm&amp;#27;[0m&amp;#27;[36m&quot;&amp;#27;[0m                                                                                                                                                                                       &amp;#27;[90m# Steps.iSelectLocation(String)&amp;#27;[0m
    &amp;#27;[36mAnd &amp;#27;[0m&amp;#27;[36mI Select Employee Code &quot;&amp;#27;[0m&amp;#27;[36m&amp;#27;[1m75&amp;#27;[0m&amp;#27;[36m&quot;&amp;#27;[0m                                                                                                                                                                                   &amp;#27;[90m# Steps.iSelectEmployeeCode(String)&amp;#27;[0m
    &amp;#27;[36mAnd &amp;#27;[0m&amp;#27;[36mI Input Date From and Date To &quot;&amp;#27;[0m&amp;#27;[36m&amp;#27;[1m16-Mar-2025&amp;#27;[0m&amp;#27;[36m&quot; &quot;&amp;#27;[0m&amp;#27;[36m&amp;#27;[1m17-Mar-2025&amp;#27;[0m&amp;#27;[36m&quot;&amp;#27;[0m                                                                                                                                                     &amp;#27;[90m# Steps.iInputDateFromAndDateTo(String,String)&amp;#27;[0m
    &amp;#27;[36mAnd &amp;#27;[0m&amp;#27;[36mI Click on Query Overtime Hours&amp;#27;[0m                                                                                                                                                                               &amp;#27;[90m# Steps.iClickOnQueryOvertimeHours()&amp;#27;[0m
    &amp;#27;[36mAnd &amp;#27;[0m&amp;#27;[36mI Verify Hours Work in Manage OT &quot;&amp;#27;[0m&amp;#27;[36m&amp;#27;[1m17:00&amp;#27;[0m&amp;#27;[36m&quot; &quot;&amp;#27;[0m&amp;#27;[36m&amp;#27;[1m5:00&amp;#27;[0m&amp;#27;[36m&quot;&amp;#27;[0m                                                                                                                                                               &amp;#27;[90m# Steps.iVerifyHoursWorkInManageOT(String,String)&amp;#27;[0m
    &amp;#27;[36mAnd &amp;#27;[0m&amp;#27;[36mI Verify Overtime Hours Rate One Point Five &quot;&amp;#27;[0m&amp;#27;[36m&amp;#27;[1mnull&amp;#27;[0m&amp;#27;[36m&quot; &quot;&amp;#27;[0m&amp;#27;[36m&amp;#27;[1m5.0&amp;#27;[0m&amp;#27;[36m&quot;&amp;#27;[0m                                                                                                                                                      &amp;#27;[90m# Steps.iVerifyOvertimeHoursRateOnePointFive(String,String)&amp;#27;[0m
    &amp;#27;[36mAnd &amp;#27;[0m&amp;#27;[36mI Verify Overtime Hours Rate Two Point Zero &quot;&amp;#27;[0m&amp;#27;[36m&amp;#27;[1mnull&amp;#27;[0m&amp;#27;[36m&quot; &quot;&amp;#27;[0m&amp;#27;[36m&amp;#27;[1mnull&amp;#27;[0m&amp;#27;[36m&quot;&amp;#27;[0m                                                                                                                                                     &amp;#27;[90m# Steps.iVerifyOvertimeHoursRateTwoPointZero(String,String)&amp;#27;[0m
    &amp;#27;[36mAnd &amp;#27;[0m&amp;#27;[36mI Verify Overtime Hours Rate Three Point Zero &quot;&amp;#27;[0m&amp;#27;[36m&amp;#27;[1m8.0&amp;#27;[0m&amp;#27;[36m&quot; &quot;&amp;#27;[0m&amp;#27;[36m&amp;#27;[1mnull&amp;#27;[0m&amp;#27;[36m&quot;&amp;#27;[0m                                                                                                                                                    &amp;#27;[90m# Steps.iVerifyOvertimeHoursRateThreePointZero(String,String)&amp;#27;[0m
    &amp;#27;[36mAnd &amp;#27;[0m&amp;#27;[36mI Verify Overtime Hours Rate Sunday &quot;&amp;#27;[0m&amp;#27;[36m&amp;#27;[1m8.0&amp;#27;[0m&amp;#27;[36m&quot; &quot;&amp;#27;[0m&amp;#27;[36m&amp;#27;[1mnull&amp;#27;[0m&amp;#27;[36m&quot;&amp;#27;[0m                                                                                                                                                              &amp;#27;[90m# Steps.iVerifyOvertimeHoursRateSunday(String,String)&amp;#27;[0m
    &amp;#27;[36mAnd &amp;#27;[0m&amp;#27;[36mI Verify Overtime Hours Rate Public Holiday &quot;&amp;#27;[0m&amp;#27;[36m&amp;#27;[1mnull&amp;#27;[0m&amp;#27;[36m&quot; &quot;&amp;#27;[0m&amp;#27;[36m&amp;#27;[1mnull&amp;#27;[0m&amp;#27;[36m&quot;&amp;#27;[0m                                                                                                                                                     &amp;#27;[90m# Steps.iVerifyOvertimeHoursRatePublicHoliday(String,String)&amp;#27;[0m
    &amp;#27;[36mAnd &amp;#27;[0m&amp;#27;[36mI Click on Save Button&amp;#27;[0m                                                                                                                                                                                        &amp;#27;[90m# Steps.iClickOnSaveButton()&amp;#27;[0m
    &amp;#27;[36mAnd &amp;#27;[0m&amp;#27;[36mI Verify Success Message for OT Saved&amp;#27;[0m                                                                                                                                                                         &amp;#27;[90m# Steps.iVerifySuccessMessageForOTSaved()&amp;#27;[0m
    &amp;#27;[36mAnd &amp;#27;[0m&amp;#27;[36mI Click on Attendance&amp;#27;[0m                                                                                                                                                                                         &amp;#27;[90m# Steps.iClickOnAttendance()&amp;#27;[0m
    &amp;#27;[36mAnd &amp;#27;[0m&amp;#27;[36mI Click on Manage Overtime Hours and Meals&amp;#27;[0m                                                                                                                                                                    &amp;#27;[90m# Steps.iClickOnManageOvertimeHoursAndMeals()&amp;#27;[0m
    &amp;#27;[36mAnd &amp;#27;[0m&amp;#27;[36mI Verify Manage Overtime Hours and Meals Page&amp;#27;[0m                                                                                                                                                                 &amp;#27;[90m# Steps.iVerifyManageOvertimeHoursAndMealsPage()&amp;#27;[0m
    &amp;#27;[36mAnd &amp;#27;[0m&amp;#27;[36mI Input Date From and Date To in Manage Overtime and Meals &quot;&amp;#27;[0m&amp;#27;[36m&amp;#27;[1m16-Mar-2025&amp;#27;[0m&amp;#27;[36m&quot; &quot;&amp;#27;[0m&amp;#27;[36m&amp;#27;[1m17-Mar-2025&amp;#27;[0m&amp;#27;[36m&quot;&amp;#27;[0m                                                                                                                        &amp;#27;[90m# Steps.iInputDateFromAndDateToInManageOvertimeAndMeals(String,String)&amp;#27;[0m
    &amp;#27;[36mAnd &amp;#27;[0m&amp;#27;[36mI Select Company Name&amp;#27;[0m                                                                                                                                                                                         &amp;#27;[90m# Steps.iSelectCompanyName()&amp;#27;[0m
    &amp;#27;[36mAnd &amp;#27;[0m&amp;#27;[36mI Select Location In Manage Overtime and Meals &quot;&amp;#27;[0m&amp;#27;[36m&amp;#27;[1mAdm&amp;#27;[0m&amp;#27;[36m&quot;&amp;#27;[0m                                                                                                                                                          &amp;#27;[90m# Steps.iSelectLocationInManageOvertimeAndMeals(String)&amp;#27;[0m
    &amp;#27;[36mAnd &amp;#27;[0m&amp;#27;[36mI Select Employee Code In Manage Overtime and Meals &quot;&amp;#27;[0m&amp;#27;[36m&amp;#27;[1m75&amp;#27;[0m&amp;#27;[36m&quot;&amp;#27;[0m                                                                                                                                                      &amp;#27;[90m# Steps.iSelectEmployeeCodeInManageOvertimeAndMeals(String)&amp;#27;[0m
    &amp;#27;[36mAnd &amp;#27;[0m&amp;#27;[36mI Click on Query Button&amp;#27;[0m                                                                                                                                                                                       &amp;#27;[90m# Steps.iClickOnQueryButton()&amp;#27;[0m
    &amp;#27;[36mAnd &amp;#27;[0m&amp;#27;[36mI Verify Overtime Hours and Amount &quot;&amp;#27;[0m&amp;#27;[36m&amp;#27;[1mnull&amp;#27;[0m&amp;#27;[36m&quot; &quot;&amp;#27;[0m&amp;#27;[36m&amp;#27;[1m5.0&amp;#27;[0m&amp;#27;[36m&quot; &quot;&amp;#27;[0m&amp;#27;[36m&amp;#27;[1mnull&amp;#27;[0m&amp;#27;[36m&quot; &quot;&amp;#27;[0m&amp;#27;[36m&amp;#27;[1mnull&amp;#27;[0m&amp;#27;[36m&quot; &quot;&amp;#27;[0m&amp;#27;[36m&amp;#27;[1m8.0&amp;#27;[0m&amp;#27;[36m&quot; &quot;&amp;#27;[0m&amp;#27;[36m&amp;#27;[1mnull&amp;#27;[0m&amp;#27;[36m&quot; &quot;&amp;#27;[0m&amp;#27;[36m&amp;#27;[1m8.0&amp;#27;[0m&amp;#27;[36m&quot; &quot;&amp;#27;[0m&amp;#27;[36m&amp;#27;[1mnull&amp;#27;[0m&amp;#27;[36m&quot; &quot;&amp;#27;[0m&amp;#27;[36m&amp;#27;[1mnull&amp;#27;[0m&amp;#27;[36m&quot; &quot;&amp;#27;[0m&amp;#27;[36m&amp;#27;[1mnull&amp;#27;[0m&amp;#27;[36m&quot; &quot;&amp;#27;[0m&amp;#27;[36m&amp;#27;[1mnull&amp;#27;[0m&amp;#27;[36m&quot; &quot;&amp;#27;[0m&amp;#27;[36m&amp;#27;[1m1,085.58&amp;#27;[0m&amp;#27;[36m&quot; &quot;&amp;#27;[0m&amp;#27;[36m&amp;#27;[1mnull&amp;#27;[0m&amp;#27;[36m&quot; &quot;&amp;#27;[0m&amp;#27;[36m&amp;#27;[1mnull&amp;#27;[0m&amp;#27;[36m&quot; &quot;&amp;#27;[0m&amp;#27;[36m&amp;#27;[1m3,473.85&amp;#27;[0m&amp;#27;[36m&quot; &quot;&amp;#27;[0m&amp;#27;[36m&amp;#27;[1mnull&amp;#27;[0m&amp;#27;[36m&quot; &quot;&amp;#27;[0m&amp;#27;[36m&amp;#27;[1m2,315.90&amp;#27;[0m&amp;#27;[36m&quot; &quot;&amp;#27;[0m&amp;#27;[36m&amp;#27;[1mnull&amp;#27;[0m&amp;#27;[36m&quot; &quot;&amp;#27;[0m&amp;#27;[36m&amp;#27;[1m5,789.74&amp;#27;[0m&amp;#27;[36m&quot; &quot;&amp;#27;[0m&amp;#27;[36m&amp;#27;[1m1,085.58&amp;#27;[0m&amp;#27;[36m&quot; &quot;&amp;#27;[0m&amp;#27;[36m&amp;#27;[1mnull&amp;#27;[0m&amp;#27;[36m&quot; &quot;&amp;#27;[0m&amp;#27;[36m&amp;#27;[1mnull&amp;#27;[0m&amp;#27;[36m&quot;&amp;#27;[0m &amp;#27;[90m# Steps.iVerifyOvertimeHoursAndAmount(String,String,String,String,String,String,String,String,String,String,String,String,String,String,String,String,String,String,String,String,String,String)&amp;#27;[0m
    &amp;#27;[36mAnd &amp;#27;[0m&amp;#27;[36mI Sign Out&amp;#27;[0m                                                                                                                                                                                                    &amp;#27;[90m# Steps.iSignOut()&amp;#27;[0m
    &amp;#27;[36mAnd &amp;#27;[0m&amp;#27;[36mI Verify Successful Sign Out&amp;#27;[0m                                                                                                                                                                                  &amp;#27;[90m# Steps.iVerifySuccessfulSignOut()&amp;#27;[0m

&amp;#27;[31mFailed scenarios:&amp;#27;[0m
&amp;#27;[31mfeatures/Login.feature:129 &amp;#27;[0m# Scenario Outline: Overtime Calculations based on scenarios
&amp;#27;[31mfeatures/Login.feature:130 &amp;#27;[0m# Scenario Outline: Overtime Calculations based on scenarios
&amp;#27;[31mfeatures/Login.feature:131 &amp;#27;[0m# Scenario Outline: Overtime Calculations based on scenarios
&amp;#27;[31mfeatures/Login.feature:132 &amp;#27;[0m# Scenario Outline: Overtime Calculations based on scenarios
&amp;#27;[31mfeatures/Login.feature:135 &amp;#27;[0m# Scenario Outline: Overtime Calculations based on scenarios
&amp;#27;[31mfeatures/Login.feature:136 &amp;#27;[0m# Scenario Outline: Overtime Calculations based on scenarios
&amp;#27;[31mfeatures/Login.feature:137 &amp;#27;[0m# Scenario Outline: Overtime Calculations based on scenarios
&amp;#27;[31mfeatures/Login.feature:138 &amp;#27;[0m# Scenario Outline: Overtime Calculations based on scenarios

22 Scenarios (&amp;#27;[31m8 failed&amp;#27;[0m, &amp;#27;[32m14 passed&amp;#27;[0m)
880 Steps (&amp;#27;[31m8 failed&amp;#27;[0m, &amp;#27;[36m188 skipped&amp;#27;[0m, &amp;#27;[32m684 passed&amp;#27;[0m)
15m35.053s

java.lang.AssertionError: 7.25 expected [7.00] but found [Hours Work 2 is NOT good]
	at org.testng.Assert.fail(Assert.java:94)
	at org.testng.Assert.failNotEquals(Assert.java:513)
	at org.testng.Assert.assertEqualsImpl(Assert.java:135)
	at org.testng.Assert.assertEquals(Assert.java:116)
	at org.testng.Assert.assertEquals(Assert.java:190)
	at stepdefinition.Steps.iVerifyHoursWorkInManageOT(Steps.java:634)
	at ?.And I Verify Hours Work in Manage OT &quot;16.75&quot; &quot;7.00&quot;(features/Login.feature:95)

java.lang.AssertionError: 7.25 expected [7.00] but found [Hours Work 2 is NOT good]
	at org.testng.Assert.fail(Assert.java:94)
	at org.testng.Assert.failNotEquals(Assert.java:513)
	at org.testng.Assert.assertEqualsImpl(Assert.java:135)
	at org.testng.Assert.assertEquals(Assert.java:116)
	at org.testng.Assert.assertEquals(Assert.java:190)
	at stepdefinition.Steps.iVerifyHoursWorkInManageOT(Steps.java:634)
	at ?.And I Verify Hours Work in Manage OT &quot;16.75&quot; &quot;7.00&quot;(features/Login.feature:95)

org.openqa.selenium.NoSuchElementException: no such element: Unable to locate element: {&quot;method&quot;:&quot;xpath&quot;,&quot;selector&quot;:&quot;(//td[@role=&apos;gridcell&apos;])[9]&quot;}
  (Session info: chrome=138.0.7204.97)
For documentation on this error, please visit: http://seleniumhq.org/exceptions/no_such_element.html
Build info: version: &apos;3.4.0&apos;, revision: &apos;unknown&apos;, time: &apos;unknown&apos;
System info: host: &apos;SIL-LTDELLI7-G6&apos;, ip: &apos;130.1.21.163&apos;, os.name: &apos;Windows 11&apos;, os.arch: &apos;amd64&apos;, os.version: &apos;10.0&apos;, java.version: &apos;1.8.0_371&apos;
Driver info: org.openqa.selenium.chrome.ChromeDriver
Capabilities [{networkConnectionEnabled=false, chrome={chromedriverVersion=138.0.7204.94 (5450257488848fa5bab09dea663ce77edfb17672-refs/branch-heads/7204_50@{#10}), userDataDir=C:\Users\SURAJ~1.JOG\AppData\Local\Temp\scoped_dir28660_1957162805}, timeouts={implicit=0.0, pageLoad=300000.0, script=30000.0}, pageLoadStrategy=normal, unhandledPromptBehavior=dismiss and notify, strictFileInteractability=false, platform=ANY, proxy=Proxy(), webauthn:extension:minPinLength=true, goog:chromeOptions={debuggerAddress=localhost:64621}, webauthn:extension:credBlob=true, webauthn:extension:prf=true, acceptInsecureCerts=false, browserVersion=138.0.7204.97, fedcm:accounts=true, browserName=chrome, javascriptEnabled=true, platformName=windows, setWindowRect=true, webauthn:extension:largeBlob=true, webauthn:virtualAuthenticators=true}]
Session ID: b83dea2fbb599e6373ceeccec4535c0d
*** Element info: {Using=xpath, value=(//td[@role=&apos;gridcell&apos;])[9]}
	at sun.reflect.NativeConstructorAccessorImpl.newInstance0(Native Method)
	at sun.reflect.NativeConstructorAccessorImpl.newInstance(NativeConstructorAccessorImpl.java:62)
	at sun.reflect.DelegatingConstructorAccessorImpl.newInstance(DelegatingConstructorAccessorImpl.java:45)
	at java.lang.reflect.Constructor.newInstance(Constructor.java:423)
	at org.openqa.selenium.remote.http.W3CHttpResponseCodec.createException(W3CHttpResponseCodec.java:150)
	at org.openqa.selenium.remote.http.W3CHttpResponseCodec.decode(W3CHttpResponseCodec.java:115)
	at org.openqa.selenium.remote.http.W3CHttpResponseCodec.decode(W3CHttpResponseCodec.java:45)
	at org.openqa.selenium.remote.HttpCommandExecutor.execute(HttpCommandExecutor.java:164)
	at org.openqa.selenium.remote.service.DriverCommandExecutor.execute(DriverCommandExecutor.java:82)
	at org.openqa.selenium.remote.RemoteWebDriver.execute(RemoteWebDriver.java:637)
	at org.openqa.selenium.remote.RemoteWebDriver.findElement(RemoteWebDriver.java:410)
	at org.openqa.selenium.remote.RemoteWebDriver.findElementByXPath(RemoteWebDriver.java:509)
	at org.openqa.selenium.By$ByXPath.findElement(By.java:361)
	at org.openqa.selenium.remote.RemoteWebDriver.findElement(RemoteWebDriver.java:402)
	at stepdefinition.Steps.iVerifyHoursWorkInManageOT(Steps.java:620)
	at ?.And I Verify Hours Work in Manage OT &quot;16.75&quot; &quot;2.00&quot;(features/Login.feature:95)

org.openqa.selenium.NoSuchElementException: no such element: Unable to locate element: {&quot;method&quot;:&quot;xpath&quot;,&quot;selector&quot;:&quot;(//td[@role=&apos;gridcell&apos;])[9]&quot;}
  (Session info: chrome=138.0.7204.97)
For documentation on this error, please visit: http://seleniumhq.org/exceptions/no_such_element.html
Build info: version: &apos;3.4.0&apos;, revision: &apos;unknown&apos;, time: &apos;unknown&apos;
System info: host: &apos;SIL-LTDELLI7-G6&apos;, ip: &apos;130.1.21.163&apos;, os.name: &apos;Windows 11&apos;, os.arch: &apos;amd64&apos;, os.version: &apos;10.0&apos;, java.version: &apos;1.8.0_371&apos;
Driver info: org.openqa.selenium.chrome.ChromeDriver
Capabilities [{networkConnectionEnabled=false, chrome={chromedriverVersion=138.0.7204.94 (5450257488848fa5bab09dea663ce77edfb17672-refs/branch-heads/7204_50@{#10}), userDataDir=C:\Users\SURAJ~1.JOG\AppData\Local\Temp\scoped_dir35932_1481206529}, timeouts={implicit=0.0, pageLoad=300000.0, script=30000.0}, pageLoadStrategy=normal, unhandledPromptBehavior=dismiss and notify, strictFileInteractability=false, platform=ANY, proxy=Proxy(), webauthn:extension:minPinLength=true, goog:chromeOptions={debuggerAddress=localhost:64656}, webauthn:extension:credBlob=true, webauthn:extension:prf=true, acceptInsecureCerts=false, browserVersion=138.0.7204.97, fedcm:accounts=true, browserName=chrome, javascriptEnabled=true, platformName=windows, setWindowRect=true, webauthn:extension:largeBlob=true, webauthn:virtualAuthenticators=true}]
Session ID: c94f3a9dbd9a4797551dc8230a01e4ee
*** Element info: {Using=xpath, value=(//td[@role=&apos;gridcell&apos;])[9]}
	at sun.reflect.NativeConstructorAccessorImpl.newInstance0(Native Method)
	at sun.reflect.NativeConstructorAccessorImpl.newInstance(NativeConstructorAccessorImpl.java:62)
	at sun.reflect.DelegatingConstructorAccessorImpl.newInstance(DelegatingConstructorAccessorImpl.java:45)
	at java.lang.reflect.Constructor.newInstance(Constructor.java:423)
	at org.openqa.selenium.remote.http.W3CHttpResponseCodec.createException(W3CHttpResponseCodec.java:150)
	at org.openqa.selenium.remote.http.W3CHttpResponseCodec.decode(W3CHttpResponseCodec.java:115)
	at org.openqa.selenium.remote.http.W3CHttpResponseCodec.decode(W3CHttpResponseCodec.java:45)
	at org.openqa.selenium.remote.HttpCommandExecutor.execute(HttpCommandExecutor.java:164)
	at org.openqa.selenium.remote.service.DriverCommandExecutor.execute(DriverCommandExecutor.java:82)
	at org.openqa.selenium.remote.RemoteWebDriver.execute(RemoteWebDriver.java:637)
	at org.openqa.selenium.remote.RemoteWebDriver.findElement(RemoteWebDriver.java:410)
	at org.openqa.selenium.remote.RemoteWebDriver.findElementByXPath(RemoteWebDriver.java:509)
	at org.openqa.selenium.By$ByXPath.findElement(By.java:361)
	at org.openqa.selenium.remote.RemoteWebDriver.findElement(RemoteWebDriver.java:402)
	at stepdefinition.Steps.iVerifyHoursWorkInManageOT(Steps.java:620)
	at ?.And I Verify Hours Work in Manage OT &quot;16.75&quot; &quot;2.00&quot;(features/Login.feature:95)

java.lang.AssertionError: Hours Work is NOT good
	at org.testng.Assert.fail(Assert.java:94)
	at stepdefinition.Steps.iVerifyHoursWorkedForDayOne(Steps.java:487)
	at ?.And I Verify Hours Worked for Day one &quot;10:00&quot;(features/Login.feature:84)

java.lang.AssertionError: Hours Work is NOT good
	at org.testng.Assert.fail(Assert.java:94)
	at stepdefinition.Steps.iVerifyHoursWorkedForDayOne(Steps.java:487)
	at ?.And I Verify Hours Worked for Day one &quot;10:00&quot;(features/Login.feature:84)

java.lang.AssertionError: Hours Work is NOT good
	at org.testng.Assert.fail(Assert.java:94)
	at stepdefinition.Steps.iVerifyHoursWorkedForDayOne(Steps.java:487)
	at ?.And I Verify Hours Worked for Day one &quot;17:00&quot;(features/Login.feature:84)

org.openqa.selenium.NoSuchElementException: no such element: Unable to locate element: {&quot;method&quot;:&quot;xpath&quot;,&quot;selector&quot;:&quot;(//td[contains(@role,&apos;gridcell&apos;)])[13]&quot;}
  (Session info: chrome=138.0.7204.97)
For documentation on this error, please visit: http://seleniumhq.org/exceptions/no_such_element.html
Build info: version: &apos;3.4.0&apos;, revision: &apos;unknown&apos;, time: &apos;unknown&apos;
System info: host: &apos;SIL-LTDELLI7-G6&apos;, ip: &apos;130.1.21.163&apos;, os.name: &apos;Windows 11&apos;, os.arch: &apos;amd64&apos;, os.version: &apos;10.0&apos;, java.version: &apos;1.8.0_371&apos;
Driver info: org.openqa.selenium.chrome.ChromeDriver
Capabilities [{networkConnectionEnabled=false, chrome={chromedriverVersion=138.0.7204.94 (5450257488848fa5bab09dea663ce77edfb17672-refs/branch-heads/7204_50@{#10}), userDataDir=C:\Users\SURAJ~1.JOG\AppData\Local\Temp\scoped_dir15432_1352669708}, timeouts={implicit=0.0, pageLoad=300000.0, script=30000.0}, pageLoadStrategy=normal, unhandledPromptBehavior=dismiss and notify, strictFileInteractability=false, platform=ANY, proxy=Proxy(), webauthn:extension:minPinLength=true, goog:chromeOptions={debuggerAddress=localhost:64873}, webauthn:extension:credBlob=true, webauthn:extension:prf=true, acceptInsecureCerts=false, browserVersion=138.0.7204.97, fedcm:accounts=true, browserName=chrome, javascriptEnabled=true, platformName=windows, setWindowRect=true, webauthn:extension:largeBlob=true, webauthn:virtualAuthenticators=true}]
Session ID: 55244ac4e3ca09364abd1df47b0cfac8
*** Element info: {Using=xpath, value=(//td[contains(@role,&apos;gridcell&apos;)])[13]}
	at sun.reflect.NativeConstructorAccessorImpl.newInstance0(Native Method)
	at sun.reflect.NativeConstructorAccessorImpl.newInstance(NativeConstructorAccessorImpl.java:62)
	at sun.reflect.DelegatingConstructorAccessorImpl.newInstance(DelegatingConstructorAccessorImpl.java:45)
	at java.lang.reflect.Constructor.newInstance(Constructor.java:423)
	at org.openqa.selenium.remote.http.W3CHttpResponseCodec.createException(W3CHttpResponseCodec.java:150)
	at org.openqa.selenium.remote.http.W3CHttpResponseCodec.decode(W3CHttpResponseCodec.java:115)
	at org.openqa.selenium.remote.http.W3CHttpResponseCodec.decode(W3CHttpResponseCodec.java:45)
	at org.openqa.selenium.remote.HttpCommandExecutor.execute(HttpCommandExecutor.java:164)
	at org.openqa.selenium.remote.service.DriverCommandExecutor.execute(DriverCommandExecutor.java:82)
	at org.openqa.selenium.remote.RemoteWebDriver.execute(RemoteWebDriver.java:637)
	at org.openqa.selenium.remote.RemoteWebDriver.findElement(RemoteWebDriver.java:410)
	at org.openqa.selenium.remote.RemoteWebDriver.findElementByXPath(RemoteWebDriver.java:509)
	at org.openqa.selenium.By$ByXPath.findElement(By.java:361)
	at org.openqa.selenium.remote.RemoteWebDriver.findElement(RemoteWebDriver.java:402)
	at stepdefinition.Steps.iVerifyHoursWorkedForDayOne(Steps.java:481)
	at ?.And I Verify Hours Worked for Day one &quot;17:00&quot;(features/Login.feature:84)

</system-out>
    <system-err>SLF4J: No SLF4J providers were found.
SLF4J: Defaulting to no-operation (NOP) logger implementation
SLF4J: See https://www.slf4j.org/codes.html#noProviders for further details.
Starting ChromeDriver 138.0.7204.94 (5450257488848fa5bab09dea663ce77edfb17672-refs/branch-heads/7204_50@{#10}) on port 62429
Only local connections are allowed.
Please see https://chromedriver.chromium.org/security-considerations for suggestions on keeping ChromeDriver safe.
ChromeDriver was started successfully on port 62429.
Jul 16, 2025 11:08:57 AM org.openqa.selenium.remote.ProtocolHandshake createSession
INFO: Detected dialect: W3C
Starting ChromeDriver 138.0.7204.94 (5450257488848fa5bab09dea663ce77edfb17672-refs/branch-heads/7204_50@{#10}) on port 5394
Only local connections are allowed.
Please see https://chromedriver.chromium.org/security-considerations for suggestions on keeping ChromeDriver safe.
ChromeDriver was started successfully on port 5394.
Jul 16, 2025 11:09:50 AM org.openqa.selenium.remote.ProtocolHandshake createSession
INFO: Detected dialect: W3C
Starting ChromeDriver 138.0.7204.94 (5450257488848fa5bab09dea663ce77edfb17672-refs/branch-heads/7204_50@{#10}) on port 64193
Only local connections are allowed.
Please see https://chromedriver.chromium.org/security-considerations for suggestions on keeping ChromeDriver safe.
ChromeDriver was started successfully on port 64193.
Jul 16, 2025 11:10:42 AM org.openqa.selenium.remote.ProtocolHandshake createSession
INFO: Detected dialect: W3C
Starting ChromeDriver 138.0.7204.94 (5450257488848fa5bab09dea663ce77edfb17672-refs/branch-heads/7204_50@{#10}) on port 40289
Only local connections are allowed.
Please see https://chromedriver.chromium.org/security-considerations for suggestions on keeping ChromeDriver safe.
ChromeDriver was started successfully on port 40289.
Jul 16, 2025 11:11:36 AM org.openqa.selenium.remote.ProtocolHandshake createSession
INFO: Detected dialect: W3C
Starting ChromeDriver 138.0.7204.94 (5450257488848fa5bab09dea663ce77edfb17672-refs/branch-heads/7204_50@{#10}) on port 31860
Only local connections are allowed.
Please see https://chromedriver.chromium.org/security-considerations for suggestions on keeping ChromeDriver safe.
ChromeDriver was started successfully on port 31860.
Jul 16, 2025 11:12:28 AM org.openqa.selenium.remote.ProtocolHandshake createSession
INFO: Detected dialect: W3C
Starting ChromeDriver 138.0.7204.94 (5450257488848fa5bab09dea663ce77edfb17672-refs/branch-heads/7204_50@{#10}) on port 48157
Only local connections are allowed.
Please see https://chromedriver.chromium.org/security-considerations for suggestions on keeping ChromeDriver safe.
ChromeDriver was started successfully on port 48157.
Jul 16, 2025 11:13:22 AM org.openqa.selenium.remote.ProtocolHandshake createSession
INFO: Detected dialect: W3C
Starting ChromeDriver 138.0.7204.94 (5450257488848fa5bab09dea663ce77edfb17672-refs/branch-heads/7204_50@{#10}) on port 6089
Only local connections are allowed.
Please see https://chromedriver.chromium.org/security-considerations for suggestions on keeping ChromeDriver safe.
ChromeDriver was started successfully on port 6089.
Jul 16, 2025 11:14:15 AM org.openqa.selenium.remote.ProtocolHandshake createSession
INFO: Detected dialect: W3C
Starting ChromeDriver 138.0.7204.94 (5450257488848fa5bab09dea663ce77edfb17672-refs/branch-heads/7204_50@{#10}) on port 54764
Only local connections are allowed.
Please see https://chromedriver.chromium.org/security-considerations for suggestions on keeping ChromeDriver safe.
ChromeDriver was started successfully on port 54764.
Jul 16, 2025 11:15:08 AM org.openqa.selenium.remote.ProtocolHandshake createSession
INFO: Detected dialect: W3C
Starting ChromeDriver 138.0.7204.94 (5450257488848fa5bab09dea663ce77edfb17672-refs/branch-heads/7204_50@{#10}) on port 59788
Only local connections are allowed.
Please see https://chromedriver.chromium.org/security-considerations for suggestions on keeping ChromeDriver safe.
ChromeDriver was started successfully on port 59788.
Jul 16, 2025 11:16:02 AM org.openqa.selenium.remote.ProtocolHandshake createSession
INFO: Detected dialect: W3C
Starting ChromeDriver 138.0.7204.94 (5450257488848fa5bab09dea663ce77edfb17672-refs/branch-heads/7204_50@{#10}) on port 52601
Only local connections are allowed.
Please see https://chromedriver.chromium.org/security-considerations for suggestions on keeping ChromeDriver safe.
ChromeDriver was started successfully on port 52601.
Jul 16, 2025 11:16:54 AM org.openqa.selenium.remote.ProtocolHandshake createSession
INFO: Detected dialect: W3C
Starting ChromeDriver 138.0.7204.94 (5450257488848fa5bab09dea663ce77edfb17672-refs/branch-heads/7204_50@{#10}) on port 55616
Only local connections are allowed.
Please see https://chromedriver.chromium.org/security-considerations for suggestions on keeping ChromeDriver safe.
ChromeDriver was started successfully on port 55616.
Jul 16, 2025 11:17:49 AM org.openqa.selenium.remote.ProtocolHandshake createSession
INFO: Detected dialect: W3C
Starting ChromeDriver 138.0.7204.94 (5450257488848fa5bab09dea663ce77edfb17672-refs/branch-heads/7204_50@{#10}) on port 13263
Only local connections are allowed.
Please see https://chromedriver.chromium.org/security-considerations for suggestions on keeping ChromeDriver safe.
ChromeDriver was started successfully on port 13263.
Jul 16, 2025 11:18:41 AM org.openqa.selenium.remote.ProtocolHandshake createSession
INFO: Detected dialect: W3C
Starting ChromeDriver 138.0.7204.94 (5450257488848fa5bab09dea663ce77edfb17672-refs/branch-heads/7204_50@{#10}) on port 16356
Only local connections are allowed.
Please see https://chromedriver.chromium.org/security-considerations for suggestions on keeping ChromeDriver safe.
ChromeDriver was started successfully on port 16356.
Jul 16, 2025 11:19:34 AM org.openqa.selenium.remote.ProtocolHandshake createSession
INFO: Detected dialect: W3C
Starting ChromeDriver 138.0.7204.94 (5450257488848fa5bab09dea663ce77edfb17672-refs/branch-heads/7204_50@{#10}) on port 53334
Only local connections are allowed.
Please see https://chromedriver.chromium.org/security-considerations for suggestions on keeping ChromeDriver safe.
ChromeDriver was started successfully on port 53334.
Jul 16, 2025 11:20:08 AM org.openqa.selenium.remote.ProtocolHandshake createSession
INFO: Detected dialect: W3C
Starting ChromeDriver 138.0.7204.94 (5450257488848fa5bab09dea663ce77edfb17672-refs/branch-heads/7204_50@{#10}) on port 55053
Only local connections are allowed.
Please see https://chromedriver.chromium.org/security-considerations for suggestions on keeping ChromeDriver safe.
ChromeDriver was started successfully on port 55053.
Jul 16, 2025 11:20:41 AM org.openqa.selenium.remote.ProtocolHandshake createSession
INFO: Detected dialect: W3C
Starting ChromeDriver 138.0.7204.94 (5450257488848fa5bab09dea663ce77edfb17672-refs/branch-heads/7204_50@{#10}) on port 33798
Only local connections are allowed.
Please see https://chromedriver.chromium.org/security-considerations for suggestions on keeping ChromeDriver safe.
ChromeDriver was started successfully on port 33798.
Jul 16, 2025 11:21:13 AM org.openqa.selenium.remote.ProtocolHandshake createSession
INFO: Detected dialect: W3C
Starting ChromeDriver 138.0.7204.94 (5450257488848fa5bab09dea663ce77edfb17672-refs/branch-heads/7204_50@{#10}) on port 43960
Only local connections are allowed.
Please see https://chromedriver.chromium.org/security-considerations for suggestions on keeping ChromeDriver safe.
ChromeDriver was started successfully on port 43960.
Jul 16, 2025 11:21:45 AM org.openqa.selenium.remote.ProtocolHandshake createSession
INFO: Detected dialect: W3C
Starting ChromeDriver 138.0.7204.94 (5450257488848fa5bab09dea663ce77edfb17672-refs/branch-heads/7204_50@{#10}) on port 28717
Only local connections are allowed.
Please see https://chromedriver.chromium.org/security-considerations for suggestions on keeping ChromeDriver safe.
ChromeDriver was started successfully on port 28717.
Jul 16, 2025 11:22:38 AM org.openqa.selenium.remote.ProtocolHandshake createSession
INFO: Detected dialect: W3C
Starting ChromeDriver 138.0.7204.94 (5450257488848fa5bab09dea663ce77edfb17672-refs/branch-heads/7204_50@{#10}) on port 63615
Only local connections are allowed.
Please see https://chromedriver.chromium.org/security-considerations for suggestions on keeping ChromeDriver safe.
ChromeDriver was started successfully on port 63615.
Jul 16, 2025 11:23:31 AM org.openqa.selenium.remote.ProtocolHandshake createSession
INFO: Detected dialect: W3C
Starting ChromeDriver 138.0.7204.94 (5450257488848fa5bab09dea663ce77edfb17672-refs/branch-heads/7204_50@{#10}) on port 42292
Only local connections are allowed.
Please see https://chromedriver.chromium.org/security-considerations for suggestions on keeping ChromeDriver safe.
ChromeDriver was started successfully on port 42292.
Jul 16, 2025 11:23:46 AM org.openqa.selenium.remote.ProtocolHandshake createSession
INFO: Detected dialect: W3C
Starting ChromeDriver 138.0.7204.94 (5450257488848fa5bab09dea663ce77edfb17672-refs/branch-heads/7204_50@{#10}) on port 26970
Only local connections are allowed.
Please see https://chromedriver.chromium.org/security-considerations for suggestions on keeping ChromeDriver safe.
ChromeDriver was started successfully on port 26970.
Jul 16, 2025 11:24:01 AM org.openqa.selenium.remote.ProtocolHandshake createSession
INFO: Detected dialect: W3C
Starting ChromeDriver 138.0.7204.94 (5450257488848fa5bab09dea663ce77edfb17672-refs/branch-heads/7204_50@{#10}) on port 23751
Only local connections are allowed.
Please see https://chromedriver.chromium.org/security-considerations for suggestions on keeping ChromeDriver safe.
ChromeDriver was started successfully on port 23751.
Jul 16, 2025 11:24:16 AM org.openqa.selenium.remote.ProtocolHandshake createSession
INFO: Detected dialect: W3C
log4j:WARN No appenders could be found for logger (freemarker.cache).
log4j:WARN Please initialize the log4j system properly.
</system-err>
  </testcase>
</testsuite>